[0.213s] DEBUG:colcon:Command line arguments: ['/usr/bin/colcon', 'build']
[0.213s] DEBUG:colcon:Parsed command line arguments: Namespace(log_base=None, log_level=None, verb_name='build', build_base='build', install_base='install', merge_install=False, symlink_install=False, test_result_base=None, continue_on_error=False, executor='sequential', event_handlers=None, base_paths=['.'], paths=None, cmake_args=None, cmake_target=None, cmake_target_skip_unavailable=False, cmake_clean_cache=False, cmake_clean_first=False, cmake_force_configure=False, ament_cmake_args=None, catkin_cmake_args=None, catkin_skip_building_tests=False, verb_parser=CustomArgumentParser(prog='colcon build', usage=None, description='Build a set of packages.', formatter_class=<class 'colcon_core.command.CustomFormatter'>, conflict_handler='error', add_help=True), verb_extension=<colcon_core.verb.build.BuildVerb object at 0x7fca12527c10>, main=<bound method BuildVerb.main of <colcon_core.verb.build.BuildVerb object at 0x7fca12527c10>>)
[0.425s] Level 1:colcon.colcon_core.package_discovery:discover_packages(recursive) check parameters
[0.426s] Level 1:colcon.colcon_core.package_discovery:discover_packages(path) check parameters
[0.426s] Level 1:colcon.colcon_core.package_discovery:discover_packages(recursive) discover
[0.426s] INFO:colcon.colcon_core.package_discovery:Crawling recursively for packages in '/home/lenck/RM/moudles/Interface_Service_Topic'
[0.426s] Level 1:colcon.colcon_core.package_identification:_identify(.) by extensions ['ignore', 'ignore_ament_install']
[0.426s] Level 1:colcon.colcon_core.package_identification:_identify(.) by extension 'ignore'
[0.426s] Level 1:colcon.colcon_core.package_identification:_identify(.) by extension 'ignore_ament_install'
[0.426s] Level 1:colcon.colcon_core.package_identification:_identify(.) by extensions ['ros']
[0.426s] Level 1:colcon.colcon_core.package_identification:_identify(.) by extension 'ros'
[0.439s] Level 1:colcon.colcon_core.package_identification:_identify(.) by extensions ['cmake', 'python']
[0.439s] Level 1:colcon.colcon_core.package_identification:_identify(.) by extension 'cmake'
[0.439s] Level 1:colcon.colcon_core.package_identification:_identify(.) by extension 'python'
[0.439s] Level 1:colcon.colcon_core.package_identification:_identify(.) by extensions ['python_setup_py']
[0.439s] Level 1:colcon.colcon_core.package_identification:_identify(.) by extension 'python_setup_py'
[0.439s] Level 1:colcon.colcon_core.package_identification:_identify(build) by extensions ['ignore', 'ignore_ament_install']
[0.439s] Level 1:colcon.colcon_core.package_identification:_identify(build) by extension 'ignore'
[0.439s] Level 1:colcon.colcon_core.package_identification:_identify(build) ignored
[0.439s] Level 1:colcon.colcon_core.package_identification:_identify(install) by extensions ['ignore', 'ignore_ament_install']
[0.439s] Level 1:colcon.colcon_core.package_identification:_identify(install) by extension 'ignore'
[0.439s] Level 1:colcon.colcon_core.package_identification:_identify(install) ignored
[0.439s] Level 1:colcon.colcon_core.package_identification:_identify(log) by extensions ['ignore', 'ignore_ament_install']
[0.439s] Level 1:colcon.colcon_core.package_identification:_identify(log) by extension 'ignore'
[0.440s] Level 1:colcon.colcon_core.package_identification:_identify(log) ignored
[0.440s] Level 1:colcon.colcon_core.package_identification:_identify(src) by extensions ['ignore', 'ignore_ament_install']
[0.440s] Level 1:colcon.colcon_core.package_identification:_identify(src) by extension 'ignore'
[0.440s] Level 1:colcon.colcon_core.package_identification:_identify(src) by extension 'ignore_ament_install'
[0.440s] Level 1:colcon.colcon_core.package_identification:_identify(src) by extensions ['ros']
[0.440s] Level 1:colcon.colcon_core.package_identification:_identify(src) by extension 'ros'
[0.440s] Level 1:colcon.colcon_core.package_identification:_identify(src) by extensions ['cmake', 'python']
[0.440s] Level 1:colcon.colcon_core.package_identification:_identify(src) by extension 'cmake'
[0.440s] Level 1:colcon.colcon_core.package_identification:_identify(src) by extension 'python'
[0.440s] Level 1:colcon.colcon_core.package_identification:_identify(src) by extensions ['python_setup_py']
[0.440s] Level 1:colcon.colcon_core.package_identification:_identify(src) by extension 'python_setup_py'
[0.440s] Level 1:colcon.colcon_core.package_identification:_identify(src/example_interfaces_rclcpp) by extensions ['ignore', 'ignore_ament_install']
[0.440s] Level 1:colcon.colcon_core.package_identification:_identify(src/example_interfaces_rclcpp) by extension 'ignore'
[0.440s] Level 1:colcon.colcon_core.package_identification:_identify(src/example_interfaces_rclcpp) by extension 'ignore_ament_install'
[0.440s] Level 1:colcon.colcon_core.package_identification:_identify(src/example_interfaces_rclcpp) by extensions ['ros']
[0.440s] Level 1:colcon.colcon_core.package_identification:_identify(src/example_interfaces_rclcpp) by extension 'ros'
[0.443s] DEBUG:colcon.colcon_core.package_identification:Package 'src/example_interfaces_rclcpp' with type 'ros.ament_cmake' and name 'example_interfaces_rclcpp'
[0.444s] Level 1:colcon.colcon_core.package_identification:_identify(src/example_ros2_interfaces) by extensions ['ignore', 'ignore_ament_install']
[0.444s] Level 1:colcon.colcon_core.package_identification:_identify(src/example_ros2_interfaces) by extension 'ignore'
[0.444s] Level 1:colcon.colcon_core.package_identification:_identify(src/example_ros2_interfaces) by extension 'ignore_ament_install'
[0.444s] Level 1:colcon.colcon_core.package_identification:_identify(src/example_ros2_interfaces) by extensions ['ros']
[0.444s] Level 1:colcon.colcon_core.package_identification:_identify(src/example_ros2_interfaces) by extension 'ros'
[0.444s] DEBUG:colcon.colcon_core.package_identification:Package 'src/example_ros2_interfaces' with type 'ros.ament_cmake' and name 'example_ros2_interfaces'
[0.444s] Level 1:colcon.colcon_core.package_discovery:discover_packages(recursive) using defaults
[0.444s] Level 1:colcon.colcon_core.package_discovery:discover_packages(path) discover
[0.444s] Level 1:colcon.colcon_core.package_discovery:discover_packages(path) using defaults
[0.522s] Level 5:colcon.colcon_core.verb:set package 'example_ros2_interfaces' build argument 'cmake_args' from command line to 'None'
[0.523s] Level 5:colcon.colcon_core.verb:set package 'example_ros2_interfaces' build argument 'cmake_target' from command line to 'None'
[0.523s] Level 5:colcon.colcon_core.verb:set package 'example_ros2_interfaces' build argument 'cmake_target_skip_unavailable' from command line to 'False'
[0.523s] Level 5:colcon.colcon_core.verb:set package 'example_ros2_interfaces' build argument 'cmake_clean_cache' from command line to 'False'
[0.523s] Level 5:colcon.colcon_core.verb:set package 'example_ros2_interfaces' build argument 'cmake_clean_first' from command line to 'False'
[0.523s] Level 5:colcon.colcon_core.verb:set package 'example_ros2_interfaces' build argument 'cmake_force_configure' from command line to 'False'
[0.523s] Level 5:colcon.colcon_core.verb:set package 'example_ros2_interfaces' build argument 'ament_cmake_args' from command line to 'None'
[0.523s] Level 5:colcon.colcon_core.verb:set package 'example_ros2_interfaces' build argument 'catkin_cmake_args' from command line to 'None'
[0.523s] Level 5:colcon.colcon_core.verb:set package 'example_ros2_interfaces' build argument 'catkin_skip_building_tests' from command line to 'False'
[0.523s] DEBUG:colcon.colcon_core.verb:Building package 'example_ros2_interfaces' with the following arguments: {'ament_cmake_args': None, 'build_base': '/home/lenck/RM/moudles/Interface_Service_Topic/build/example_ros2_interfaces', 'catkin_cmake_args': None, 'catkin_skip_building_tests': False, 'cmake_args': None, 'cmake_clean_cache': False, 'cmake_clean_first': False, 'cmake_force_configure': False, 'cmake_target': None, 'cmake_target_skip_unavailable': False, 'install_base': '/home/lenck/RM/moudles/Interface_Service_Topic/install/example_ros2_interfaces', 'merge_install': False, 'path': '/home/lenck/RM/moudles/Interface_Service_Topic/src/example_ros2_interfaces', 'symlink_install': False, 'test_result_base': None}
[0.531s] Level 5:colcon.colcon_core.verb:set package 'example_interfaces_rclcpp' build argument 'cmake_args' from command line to 'None'
[0.531s] Level 5:colcon.colcon_core.verb:set package 'example_interfaces_rclcpp' build argument 'cmake_target' from command line to 'None'
[0.531s] Level 5:colcon.colcon_core.verb:set package 'example_interfaces_rclcpp' build argument 'cmake_target_skip_unavailable' from command line to 'False'
[0.531s] Level 5:colcon.colcon_core.verb:set package 'example_interfaces_rclcpp' build argument 'cmake_clean_cache' from command line to 'False'
[0.531s] Level 5:colcon.colcon_core.verb:set package 'example_interfaces_rclcpp' build argument 'cmake_clean_first' from command line to 'False'
[0.531s] Level 5:colcon.colcon_core.verb:set package 'example_interfaces_rclcpp' build argument 'cmake_force_configure' from command line to 'False'
[0.531s] Level 5:colcon.colcon_core.verb:set package 'example_interfaces_rclcpp' build argument 'ament_cmake_args' from command line to 'None'
[0.531s] Level 5:colcon.colcon_core.verb:set package 'example_interfaces_rclcpp' build argument 'catkin_cmake_args' from command line to 'None'
[0.531s] Level 5:colcon.colcon_core.verb:set package 'example_interfaces_rclcpp' build argument 'catkin_skip_building_tests' from command line to 'False'
[0.531s] DEBUG:colcon.colcon_core.verb:Building package 'example_interfaces_rclcpp' with the following arguments: {'ament_cmake_args': None, 'build_base': '/home/lenck/RM/moudles/Interface_Service_Topic/build/example_interfaces_rclcpp', 'catkin_cmake_args': None, 'catkin_skip_building_tests': False, 'cmake_args': None, 'cmake_clean_cache': False, 'cmake_clean_first': False, 'cmake_force_configure': False, 'cmake_target': None, 'cmake_target_skip_unavailable': False, 'install_base': '/home/lenck/RM/moudles/Interface_Service_Topic/install/example_interfaces_rclcpp', 'merge_install': False, 'path': '/home/lenck/RM/moudles/Interface_Service_Topic/src/example_interfaces_rclcpp', 'symlink_install': False, 'test_result_base': None}
[0.539s] INFO:colcon.colcon_core.executor:Executing jobs using 'sequential' executor
[0.550s] DEBUG:colcon.colcon_core.executor.sequential:run_until_complete 'example_ros2_interfaces'
[0.550s] INFO:colcon.colcon_ros.task.ament_cmake.build:Building ROS package in '/home/lenck/RM/moudles/Interface_Service_Topic/src/example_ros2_interfaces' with build type 'ament_cmake'
[0.550s] INFO:colcon.colcon_cmake.task.cmake.build:Building CMake package in '/home/lenck/RM/moudles/Interface_Service_Topic/src/example_ros2_interfaces'
[0.560s] INFO:colcon.colcon_core.plugin_system:Skipping extension 'colcon_core.shell.bat': Not used on non-Windows systems
[0.560s] DEBUG:colcon.colcon_core.shell:Skip shell extension 'dsv' for command environment
[0.591s] DEBUG:colcon.colcon_core.event_handler.log_command:Invoking command in '/home/lenck/RM/moudles/Interface_Service_Topic/build/example_ros2_interfaces': CMAKE_PREFIX_PATH=/opt/ros/humble /usr/bin/cmake --build /home/lenck/RM/moudles/Interface_Service_Topic/build/example_ros2_interfaces -- -j4 -l4
[1.169s] DEBUG:colcon.colcon_core.event_handler.log_command:Invoked command in '/home/lenck/RM/moudles/Interface_Service_Topic/build/example_ros2_interfaces' returned '0': CMAKE_PREFIX_PATH=/opt/ros/humble /usr/bin/cmake --build /home/lenck/RM/moudles/Interface_Service_Topic/build/example_ros2_interfaces -- -j4 -l4
[1.306s] DEBUG:colcon.colcon_core.event_handler.log_command:Invoking command in '/home/lenck/RM/moudles/Interface_Service_Topic/build/example_ros2_interfaces': CMAKE_PREFIX_PATH=/opt/ros/humble /usr/bin/cmake --install /home/lenck/RM/moudles/Interface_Service_Topic/build/example_ros2_interfaces
[1.381s] Level 1:colcon.colcon_core.environment:create_environment_scripts_only(example_ros2_interfaces)
[1.381s] DEBUG:colcon.colcon_core.event_handler.log_command:Invoked command in '/home/lenck/RM/moudles/Interface_Service_Topic/build/example_ros2_interfaces' returned '0': CMAKE_PREFIX_PATH=/opt/ros/humble /usr/bin/cmake --install /home/lenck/RM/moudles/Interface_Service_Topic/build/example_ros2_interfaces
[1.404s] Level 1:colcon.colcon_core.environment:checking '/home/lenck/RM/moudles/Interface_Service_Topic/install/example_ros2_interfaces' for CMake module files
[1.406s] Level 1:colcon.colcon_core.environment:checking '/home/lenck/RM/moudles/Interface_Service_Topic/install/example_ros2_interfaces' for CMake config files
[1.406s] Level 1:colcon.colcon_core.shell:create_environment_hook('example_ros2_interfaces', 'cmake_prefix_path')
[1.417s] INFO:colcon.colcon_core.shell:Creating environment descriptor '/home/lenck/RM/moudles/Interface_Service_Topic/install/example_ros2_interfaces/share/example_ros2_interfaces/hook/cmake_prefix_path.dsv'
[1.418s] INFO:colcon.colcon_core.shell:Creating environment hook '/home/lenck/RM/moudles/Interface_Service_Topic/install/example_ros2_interfaces/share/example_ros2_interfaces/hook/cmake_prefix_path.sh'
[1.419s] Level 1:colcon.colcon_core.environment:checking '/home/lenck/RM/moudles/Interface_Service_Topic/install/example_ros2_interfaces/lib'
[1.419s] Level 1:colcon.colcon_core.shell:create_environment_hook('example_ros2_interfaces', 'ld_library_path_lib')
[1.428s] INFO:colcon.colcon_core.shell:Creating environment descriptor '/home/lenck/RM/moudles/Interface_Service_Topic/install/example_ros2_interfaces/share/example_ros2_interfaces/hook/ld_library_path_lib.dsv'
[1.429s] INFO:colcon.colcon_core.shell:Creating environment hook '/home/lenck/RM/moudles/Interface_Service_Topic/install/example_ros2_interfaces/share/example_ros2_interfaces/hook/ld_library_path_lib.sh'
[1.429s] Level 1:colcon.colcon_core.environment:checking '/home/lenck/RM/moudles/Interface_Service_Topic/install/example_ros2_interfaces/bin'
[1.430s] Level 1:colcon.colcon_core.environment:checking '/home/lenck/RM/moudles/Interface_Service_Topic/install/example_ros2_interfaces/lib/pkgconfig/example_ros2_interfaces.pc'
[1.431s] Level 1:colcon.colcon_core.environment:checking '/home/lenck/RM/moudles/Interface_Service_Topic/install/example_ros2_interfaces/lib/python3.10/site-packages'
[1.431s] Level 1:colcon.colcon_core.environment:checking '/home/lenck/RM/moudles/Interface_Service_Topic/install/example_ros2_interfaces/bin'
[1.441s] INFO:colcon.colcon_core.shell:Creating package descriptor '/home/lenck/RM/moudles/Interface_Service_Topic/install/example_ros2_interfaces/share/example_ros2_interfaces/package.dsv'
[1.443s] INFO:colcon.colcon_core.shell:Creating package script '/home/lenck/RM/moudles/Interface_Service_Topic/install/example_ros2_interfaces/share/example_ros2_interfaces/package.sh'
[1.444s] Level 1:colcon.colcon_core.environment:create_file_with_runtime_dependencies(/home/lenck/RM/moudles/Interface_Service_Topic/install/example_ros2_interfaces/share/colcon-core/packages/example_ros2_interfaces)
[1.571s] Level 1:colcon.colcon_core.environment:create_environment_scripts_only(example_ros2_interfaces)
[1.580s] Level 1:colcon.colcon_core.environment:checking '/home/lenck/RM/moudles/Interface_Service_Topic/install/example_ros2_interfaces' for CMake module files
[1.580s] Level 1:colcon.colcon_core.environment:checking '/home/lenck/RM/moudles/Interface_Service_Topic/install/example_ros2_interfaces' for CMake config files
[1.580s] Level 1:colcon.colcon_core.shell:create_environment_hook('example_ros2_interfaces', 'cmake_prefix_path')
[1.588s] INFO:colcon.colcon_core.shell:Creating environment descriptor '/home/lenck/RM/moudles/Interface_Service_Topic/install/example_ros2_interfaces/share/example_ros2_interfaces/hook/cmake_prefix_path.dsv'
[1.589s] INFO:colcon.colcon_core.shell:Creating environment hook '/home/lenck/RM/moudles/Interface_Service_Topic/install/example_ros2_interfaces/share/example_ros2_interfaces/hook/cmake_prefix_path.sh'
[1.589s] Level 1:colcon.colcon_core.environment:checking '/home/lenck/RM/moudles/Interface_Service_Topic/install/example_ros2_interfaces/lib'
[1.590s] Level 1:colcon.colcon_core.shell:create_environment_hook('example_ros2_interfaces', 'ld_library_path_lib')
[1.601s] INFO:colcon.colcon_core.shell:Creating environment descriptor '/home/lenck/RM/moudles/Interface_Service_Topic/install/example_ros2_interfaces/share/example_ros2_interfaces/hook/ld_library_path_lib.dsv'
[1.601s] INFO:colcon.colcon_core.shell:Creating environment hook '/home/lenck/RM/moudles/Interface_Service_Topic/install/example_ros2_interfaces/share/example_ros2_interfaces/hook/ld_library_path_lib.sh'
[1.602s] Level 1:colcon.colcon_core.environment:checking '/home/lenck/RM/moudles/Interface_Service_Topic/install/example_ros2_interfaces/bin'
[1.602s] Level 1:colcon.colcon_core.environment:checking '/home/lenck/RM/moudles/Interface_Service_Topic/install/example_ros2_interfaces/lib/pkgconfig/example_ros2_interfaces.pc'
[1.602s] Level 1:colcon.colcon_core.environment:checking '/home/lenck/RM/moudles/Interface_Service_Topic/install/example_ros2_interfaces/lib/python3.10/site-packages'
[1.602s] Level 1:colcon.colcon_core.environment:checking '/home/lenck/RM/moudles/Interface_Service_Topic/install/example_ros2_interfaces/bin'
[1.611s] INFO:colcon.colcon_core.shell:Creating package descriptor '/home/lenck/RM/moudles/Interface_Service_Topic/install/example_ros2_interfaces/share/example_ros2_interfaces/package.dsv'
[1.612s] INFO:colcon.colcon_core.shell:Creating package script '/home/lenck/RM/moudles/Interface_Service_Topic/install/example_ros2_interfaces/share/example_ros2_interfaces/package.sh'
[1.612s] Level 1:colcon.colcon_core.environment:create_file_with_runtime_dependencies(/home/lenck/RM/moudles/Interface_Service_Topic/install/example_ros2_interfaces/share/colcon-core/packages/example_ros2_interfaces)
[1.613s] DEBUG:colcon.colcon_core.executor.sequential:run_until_complete 'example_ros2_interfaces' finished with '0'
[1.613s] DEBUG:colcon.colcon_core.executor.sequential:run_until_complete 'example_interfaces_rclcpp'
[1.613s] INFO:colcon.colcon_ros.task.ament_cmake.build:Building ROS package in '/home/lenck/RM/moudles/Interface_Service_Topic/src/example_interfaces_rclcpp' with build type 'ament_cmake'
[1.613s] INFO:colcon.colcon_cmake.task.cmake.build:Building CMake package in '/home/lenck/RM/moudles/Interface_Service_Topic/src/example_interfaces_rclcpp'
[1.622s] DEBUG:colcon.colcon_core.shell:Skip shell extension 'dsv' for command environment
[1.652s] DEBUG:colcon.colcon_core.event_handler.log_command:Invoking command in '/home/lenck/RM/moudles/Interface_Service_Topic/build/example_interfaces_rclcpp': AMENT_PREFIX_PATH=/home/lenck/RM/moudles/Interface_Service_Topic/install/example_ros2_interfaces:${AMENT_PREFIX_PATH} CMAKE_PREFIX_PATH=/home/lenck/RM/moudles/Interface_Service_Topic/install/example_ros2_interfaces:/opt/ros/humble LD_LIBRARY_PATH=/home/lenck/RM/moudles/Interface_Service_Topic/install/example_ros2_interfaces/lib:${LD_LIBRARY_PATH} PYTHONPATH=/home/lenck/RM/moudles/Interface_Service_Topic/install/example_ros2_interfaces/local/lib/python3.10/dist-packages:${PYTHONPATH} /usr/bin/cmake /home/lenck/RM/moudles/Interface_Service_Topic/src/example_interfaces_rclcpp -DCMAKE_INSTALL_PREFIX=/home/lenck/RM/moudles/Interface_Service_Topic/install/example_interfaces_rclcpp
[3.501s] DEBUG:colcon.colcon_core.event_handler.log_command:Invoked command in '/home/lenck/RM/moudles/Interface_Service_Topic/build/example_interfaces_rclcpp' returned '0': AMENT_PREFIX_PATH=/home/lenck/RM/moudles/Interface_Service_Topic/install/example_ros2_interfaces:${AMENT_PREFIX_PATH} CMAKE_PREFIX_PATH=/home/lenck/RM/moudles/Interface_Service_Topic/install/example_ros2_interfaces:/opt/ros/humble LD_LIBRARY_PATH=/home/lenck/RM/moudles/Interface_Service_Topic/install/example_ros2_interfaces/lib:${LD_LIBRARY_PATH} PYTHONPATH=/home/lenck/RM/moudles/Interface_Service_Topic/install/example_ros2_interfaces/local/lib/python3.10/dist-packages:${PYTHONPATH} /usr/bin/cmake /home/lenck/RM/moudles/Interface_Service_Topic/src/example_interfaces_rclcpp -DCMAKE_INSTALL_PREFIX=/home/lenck/RM/moudles/Interface_Service_Topic/install/example_interfaces_rclcpp
[3.504s] DEBUG:colcon.colcon_core.event_handler.log_command:Invoking command in '/home/lenck/RM/moudles/Interface_Service_Topic/build/example_interfaces_rclcpp': AMENT_PREFIX_PATH=/home/lenck/RM/moudles/Interface_Service_Topic/install/example_ros2_interfaces:${AMENT_PREFIX_PATH} CMAKE_PREFIX_PATH=/home/lenck/RM/moudles/Interface_Service_Topic/install/example_ros2_interfaces:/opt/ros/humble LD_LIBRARY_PATH=/home/lenck/RM/moudles/Interface_Service_Topic/install/example_ros2_interfaces/lib:${LD_LIBRARY_PATH} PYTHONPATH=/home/lenck/RM/moudles/Interface_Service_Topic/install/example_ros2_interfaces/local/lib/python3.10/dist-packages:${PYTHONPATH} /usr/bin/cmake --build /home/lenck/RM/moudles/Interface_Service_Topic/build/example_interfaces_rclcpp -- -j4 -l4
[7.166s] DEBUG:colcon.colcon_core.event_handler.log_command:Invoked command in '/home/lenck/RM/moudles/Interface_Service_Topic/build/example_interfaces_rclcpp' returned '0': AMENT_PREFIX_PATH=/home/lenck/RM/moudles/Interface_Service_Topic/install/example_ros2_interfaces:${AMENT_PREFIX_PATH} CMAKE_PREFIX_PATH=/home/lenck/RM/moudles/Interface_Service_Topic/install/example_ros2_interfaces:/opt/ros/humble LD_LIBRARY_PATH=/home/lenck/RM/moudles/Interface_Service_Topic/install/example_ros2_interfaces/lib:${LD_LIBRARY_PATH} PYTHONPATH=/home/lenck/RM/moudles/Interface_Service_Topic/install/example_ros2_interfaces/local/lib/python3.10/dist-packages:${PYTHONPATH} /usr/bin/cmake --build /home/lenck/RM/moudles/Interface_Service_Topic/build/example_interfaces_rclcpp -- -j4 -l4
[7.214s] DEBUG:colcon.colcon_core.event_handler.log_command:Invoking command in '/home/lenck/RM/moudles/Interface_Service_Topic/build/example_interfaces_rclcpp': AMENT_PREFIX_PATH=/home/lenck/RM/moudles/Interface_Service_Topic/install/example_ros2_interfaces:${AMENT_PREFIX_PATH} CMAKE_PREFIX_PATH=/home/lenck/RM/moudles/Interface_Service_Topic/install/example_ros2_interfaces:/opt/ros/humble LD_LIBRARY_PATH=/home/lenck/RM/moudles/Interface_Service_Topic/install/example_ros2_interfaces/lib:${LD_LIBRARY_PATH} PYTHONPATH=/home/lenck/RM/moudles/Interface_Service_Topic/install/example_ros2_interfaces/local/lib/python3.10/dist-packages:${PYTHONPATH} /usr/bin/cmake --install /home/lenck/RM/moudles/Interface_Service_Topic/build/example_interfaces_rclcpp
[7.233s] Level 1:colcon.colcon_core.environment:create_environment_scripts_only(example_interfaces_rclcpp)
[7.234s] DEBUG:colcon.colcon_core.event_handler.log_command:Invoked command in '/home/lenck/RM/moudles/Interface_Service_Topic/build/example_interfaces_rclcpp' returned '0': AMENT_PREFIX_PATH=/home/lenck/RM/moudles/Interface_Service_Topic/install/example_ros2_interfaces:${AMENT_PREFIX_PATH} CMAKE_PREFIX_PATH=/home/lenck/RM/moudles/Interface_Service_Topic/install/example_ros2_interfaces:/opt/ros/humble LD_LIBRARY_PATH=/home/lenck/RM/moudles/Interface_Service_Topic/install/example_ros2_interfaces/lib:${LD_LIBRARY_PATH} PYTHONPATH=/home/lenck/RM/moudles/Interface_Service_Topic/install/example_ros2_interfaces/local/lib/python3.10/dist-packages:${PYTHONPATH} /usr/bin/cmake --install /home/lenck/RM/moudles/Interface_Service_Topic/build/example_interfaces_rclcpp
[7.244s] Level 1:colcon.colcon_core.environment:checking '/home/lenck/RM/moudles/Interface_Service_Topic/install/example_interfaces_rclcpp' for CMake module files
[7.244s] Level 1:colcon.colcon_core.environment:checking '/home/lenck/RM/moudles/Interface_Service_Topic/install/example_interfaces_rclcpp' for CMake config files
[7.245s] Level 1:colcon.colcon_core.shell:create_environment_hook('example_interfaces_rclcpp', 'cmake_prefix_path')
[7.254s] INFO:colcon.colcon_core.shell:Creating environment descriptor '/home/lenck/RM/moudles/Interface_Service_Topic/install/example_interfaces_rclcpp/share/example_interfaces_rclcpp/hook/cmake_prefix_path.dsv'
[7.254s] INFO:colcon.colcon_core.shell:Creating environment hook '/home/lenck/RM/moudles/Interface_Service_Topic/install/example_interfaces_rclcpp/share/example_interfaces_rclcpp/hook/cmake_prefix_path.sh'
[7.255s] Level 1:colcon.colcon_core.environment:checking '/home/lenck/RM/moudles/Interface_Service_Topic/install/example_interfaces_rclcpp/lib'
[7.255s] Level 1:colcon.colcon_core.environment:checking '/home/lenck/RM/moudles/Interface_Service_Topic/install/example_interfaces_rclcpp/bin'
[7.255s] Level 1:colcon.colcon_core.environment:checking '/home/lenck/RM/moudles/Interface_Service_Topic/install/example_interfaces_rclcpp/lib/pkgconfig/example_interfaces_rclcpp.pc'
[7.255s] Level 1:colcon.colcon_core.environment:checking '/home/lenck/RM/moudles/Interface_Service_Topic/install/example_interfaces_rclcpp/lib/python3.10/site-packages'
[7.255s] Level 1:colcon.colcon_core.environment:checking '/home/lenck/RM/moudles/Interface_Service_Topic/install/example_interfaces_rclcpp/bin'
[7.283s] INFO:colcon.colcon_core.shell:Creating package descriptor '/home/lenck/RM/moudles/Interface_Service_Topic/install/example_interfaces_rclcpp/share/example_interfaces_rclcpp/package.dsv'
[7.284s] INFO:colcon.colcon_core.shell:Creating package script '/home/lenck/RM/moudles/Interface_Service_Topic/install/example_interfaces_rclcpp/share/example_interfaces_rclcpp/package.sh'
[7.284s] Level 1:colcon.colcon_core.environment:create_file_with_runtime_dependencies(/home/lenck/RM/moudles/Interface_Service_Topic/install/example_interfaces_rclcpp/share/colcon-core/packages/example_interfaces_rclcpp)
[7.352s] Level 1:colcon.colcon_core.environment:create_environment_scripts_only(example_interfaces_rclcpp)
[7.373s] Level 1:colcon.colcon_core.environment:checking '/home/lenck/RM/moudles/Interface_Service_Topic/install/example_interfaces_rclcpp' for CMake module files
[7.374s] Level 1:colcon.colcon_core.environment:checking '/home/lenck/RM/moudles/Interface_Service_Topic/install/example_interfaces_rclcpp' for CMake config files
[7.375s] Level 1:colcon.colcon_core.shell:create_environment_hook('example_interfaces_rclcpp', 'cmake_prefix_path')
[7.395s] INFO:colcon.colcon_core.shell:Creating environment descriptor '/home/lenck/RM/moudles/Interface_Service_Topic/install/example_interfaces_rclcpp/share/example_interfaces_rclcpp/hook/cmake_prefix_path.dsv'
[7.396s] INFO:colcon.colcon_core.shell:Creating environment hook '/home/lenck/RM/moudles/Interface_Service_Topic/install/example_interfaces_rclcpp/share/example_interfaces_rclcpp/hook/cmake_prefix_path.sh'
[7.397s] Level 1:colcon.colcon_core.environment:checking '/home/lenck/RM/moudles/Interface_Service_Topic/install/example_interfaces_rclcpp/lib'
[7.398s] Level 1:colcon.colcon_core.environment:checking '/home/lenck/RM/moudles/Interface_Service_Topic/install/example_interfaces_rclcpp/bin'
[7.398s] Level 1:colcon.colcon_core.environment:checking '/home/lenck/RM/moudles/Interface_Service_Topic/install/example_interfaces_rclcpp/lib/pkgconfig/example_interfaces_rclcpp.pc'
[7.398s] Level 1:colcon.colcon_core.environment:checking '/home/lenck/RM/moudles/Interface_Service_Topic/install/example_interfaces_rclcpp/lib/python3.10/site-packages'
[7.398s] Level 1:colcon.colcon_core.environment:checking '/home/lenck/RM/moudles/Interface_Service_Topic/install/example_interfaces_rclcpp/bin'
[7.423s] INFO:colcon.colcon_core.shell:Creating package descriptor '/home/lenck/RM/moudles/Interface_Service_Topic/install/example_interfaces_rclcpp/share/example_interfaces_rclcpp/package.dsv'
[7.424s] INFO:colcon.colcon_core.shell:Creating package script '/home/lenck/RM/moudles/Interface_Service_Topic/install/example_interfaces_rclcpp/share/example_interfaces_rclcpp/package.sh'
[7.424s] Level 1:colcon.colcon_core.environment:create_file_with_runtime_dependencies(/home/lenck/RM/moudles/Interface_Service_Topic/install/example_interfaces_rclcpp/share/colcon-core/packages/example_interfaces_rclcpp)
[7.425s] DEBUG:colcon.colcon_core.executor.sequential:run_until_complete 'example_interfaces_rclcpp' finished with '0'
[7.425s] DEBUG:colcon.colcon_core.executor.sequential:closing loop
[7.429s] DEBUG:colcon.colcon_core.executor.sequential:loop closed
[7.429s] DEBUG:colcon.colcon_core.event_reactor:joining thread
[7.429s] DEBUG:colcon.colcon_core.event_reactor:joined thread
[7.443s] INFO:colcon.colcon_core.shell:Creating prefix script '/home/lenck/RM/moudles/Interface_Service_Topic/install/local_setup.sh'
[7.445s] INFO:colcon.colcon_core.shell:Creating prefix util module '/home/lenck/RM/moudles/Interface_Service_Topic/install/_local_setup_util_sh.py'
[7.451s] INFO:colcon.colcon_core.shell:Creating prefix chain script '/home/lenck/RM/moudles/Interface_Service_Topic/install/setup.sh'
