[0.106s] DEBUG:colcon:Command line arguments: ['/usr/bin/colcon', 'build']
[0.106s] DEBUG:colcon:Parsed command line arguments: Namespace(log_base=None, log_level=None, verb_name='build', build_base='build', install_base='install', merge_install=False, symlink_install=False, test_result_base=None, continue_on_error=False, executor='sequential', event_handlers=None, base_paths=['.'], paths=None, cmake_args=None, cmake_target=None, cmake_target_skip_unavailable=False, cmake_clean_cache=False, cmake_clean_first=False, cmake_force_configure=False, ament_cmake_args=None, catkin_cmake_args=None, catkin_skip_building_tests=False, verb_parser=CustomArgumentParser(prog='colcon build', usage=None, description='Build a set of packages.', formatter_class=<class 'colcon_core.command.CustomFormatter'>, conflict_handler='error', add_help=True), verb_extension=<colcon_core.verb.build.BuildVerb object at 0x7fb11e9f3cd0>, main=<bound method BuildVerb.main of <colcon_core.verb.build.BuildVerb object at 0x7fb11e9f3cd0>>)
[0.229s] Level 1:colcon.colcon_core.package_discovery:discover_packages(recursive) check parameters
[0.230s] Level 1:colcon.colcon_core.package_discovery:discover_packages(path) check parameters
[0.230s] Level 1:colcon.colcon_core.package_discovery:discover_packages(recursive) discover
[0.230s] INFO:colcon.colcon_core.package_discovery:Crawling recursively for packages in '/home/lenck/RM/moudle'
[0.230s] Level 1:colcon.colcon_core.package_identification:_identify(.) by extensions ['ignore', 'ignore_ament_install']
[0.230s] Level 1:colcon.colcon_core.package_identification:_identify(.) by extension 'ignore'
[0.230s] Level 1:colcon.colcon_core.package_identification:_identify(.) by extension 'ignore_ament_install'
[0.230s] Level 1:colcon.colcon_core.package_identification:_identify(.) by extensions ['ros']
[0.230s] Level 1:colcon.colcon_core.package_identification:_identify(.) by extension 'ros'
[0.240s] Level 1:colcon.colcon_core.package_identification:_identify(.) by extensions ['cmake', 'python']
[0.240s] Level 1:colcon.colcon_core.package_identification:_identify(.) by extension 'cmake'
[0.240s] Level 1:colcon.colcon_core.package_identification:_identify(.) by extension 'python'
[0.240s] Level 1:colcon.colcon_core.package_identification:_identify(.) by extensions ['python_setup_py']
[0.240s] Level 1:colcon.colcon_core.package_identification:_identify(.) by extension 'python_setup_py'
[0.240s] Level 1:colcon.colcon_core.package_identification:_identify(build) by extensions ['ignore', 'ignore_ament_install']
[0.240s] Level 1:colcon.colcon_core.package_identification:_identify(build) by extension 'ignore'
[0.240s] Level 1:colcon.colcon_core.package_identification:_identify(build) ignored
[0.241s] Level 1:colcon.colcon_core.package_identification:_identify(install) by extensions ['ignore', 'ignore_ament_install']
[0.241s] Level 1:colcon.colcon_core.package_identification:_identify(install) by extension 'ignore'
[0.241s] Level 1:colcon.colcon_core.package_identification:_identify(install) ignored
[0.241s] Level 1:colcon.colcon_core.package_identification:_identify(log) by extensions ['ignore', 'ignore_ament_install']
[0.241s] Level 1:colcon.colcon_core.package_identification:_identify(log) by extension 'ignore'
[0.241s] Level 1:colcon.colcon_core.package_identification:_identify(log) ignored
[0.241s] Level 1:colcon.colcon_core.package_identification:_identify(src) by extensions ['ignore', 'ignore_ament_install']
[0.241s] Level 1:colcon.colcon_core.package_identification:_identify(src) by extension 'ignore'
[0.241s] Level 1:colcon.colcon_core.package_identification:_identify(src) by extension 'ignore_ament_install'
[0.241s] Level 1:colcon.colcon_core.package_identification:_identify(src) by extensions ['ros']
[0.241s] Level 1:colcon.colcon_core.package_identification:_identify(src) by extension 'ros'
[0.241s] Level 1:colcon.colcon_core.package_identification:_identify(src) by extensions ['cmake', 'python']
[0.241s] Level 1:colcon.colcon_core.package_identification:_identify(src) by extension 'cmake'
[0.241s] Level 1:colcon.colcon_core.package_identification:_identify(src) by extension 'python'
[0.241s] Level 1:colcon.colcon_core.package_identification:_identify(src) by extensions ['python_setup_py']
[0.241s] Level 1:colcon.colcon_core.package_identification:_identify(src) by extension 'python_setup_py'
[0.241s] Level 1:colcon.colcon_core.package_identification:_identify(src/example_cpp) by extensions ['ignore', 'ignore_ament_install']
[0.241s] Level 1:colcon.colcon_core.package_identification:_identify(src/example_cpp) by extension 'ignore'
[0.241s] Level 1:colcon.colcon_core.package_identification:_identify(src/example_cpp) by extension 'ignore_ament_install'
[0.241s] Level 1:colcon.colcon_core.package_identification:_identify(src/example_cpp) by extensions ['ros']
[0.241s] Level 1:colcon.colcon_core.package_identification:_identify(src/example_cpp) by extension 'ros'
[0.243s] DEBUG:colcon.colcon_core.package_identification:Package 'src/example_cpp' with type 'ros.ament_cmake' and name 'example_cpp'
[0.243s] Level 1:colcon.colcon_core.package_discovery:discover_packages(recursive) using defaults
[0.243s] Level 1:colcon.colcon_core.package_discovery:discover_packages(path) discover
[0.243s] Level 1:colcon.colcon_core.package_discovery:discover_packages(path) using defaults
[0.303s] Level 5:colcon.colcon_core.verb:set package 'example_cpp' build argument 'cmake_args' from command line to 'None'
[0.303s] Level 5:colcon.colcon_core.verb:set package 'example_cpp' build argument 'cmake_target' from command line to 'None'
[0.303s] Level 5:colcon.colcon_core.verb:set package 'example_cpp' build argument 'cmake_target_skip_unavailable' from command line to 'False'
[0.303s] Level 5:colcon.colcon_core.verb:set package 'example_cpp' build argument 'cmake_clean_cache' from command line to 'False'
[0.304s] Level 5:colcon.colcon_core.verb:set package 'example_cpp' build argument 'cmake_clean_first' from command line to 'False'
[0.304s] Level 5:colcon.colcon_core.verb:set package 'example_cpp' build argument 'cmake_force_configure' from command line to 'False'
[0.304s] Level 5:colcon.colcon_core.verb:set package 'example_cpp' build argument 'ament_cmake_args' from command line to 'None'
[0.304s] Level 5:colcon.colcon_core.verb:set package 'example_cpp' build argument 'catkin_cmake_args' from command line to 'None'
[0.304s] Level 5:colcon.colcon_core.verb:set package 'example_cpp' build argument 'catkin_skip_building_tests' from command line to 'False'
[0.304s] DEBUG:colcon.colcon_core.verb:Building package 'example_cpp' with the following arguments: {'ament_cmake_args': None, 'build_base': '/home/lenck/RM/moudle/build/example_cpp', 'catkin_cmake_args': None, 'catkin_skip_building_tests': False, 'cmake_args': None, 'cmake_clean_cache': False, 'cmake_clean_first': False, 'cmake_force_configure': False, 'cmake_target': None, 'cmake_target_skip_unavailable': False, 'install_base': '/home/lenck/RM/moudle/install/example_cpp', 'merge_install': False, 'path': '/home/lenck/RM/moudle/src/example_cpp', 'symlink_install': False, 'test_result_base': None}
[0.312s] INFO:colcon.colcon_core.executor:Executing jobs using 'sequential' executor
[0.321s] DEBUG:colcon.colcon_core.executor.sequential:run_until_complete 'example_cpp'
[0.321s] INFO:colcon.colcon_ros.task.ament_cmake.build:Building ROS package in '/home/lenck/RM/moudle/src/example_cpp' with build type 'ament_cmake'
[0.321s] INFO:colcon.colcon_cmake.task.cmake.build:Building CMake package in '/home/lenck/RM/moudle/src/example_cpp'
[0.330s] INFO:colcon.colcon_core.plugin_system:Skipping extension 'colcon_core.shell.bat': Not used on non-Windows systems
[0.330s] DEBUG:colcon.colcon_core.shell:Skip shell extension 'dsv' for command environment
[0.357s] DEBUG:colcon.colcon_core.event_handler.log_command:Invoking command in '/home/lenck/RM/moudle/build/example_cpp': CMAKE_PREFIX_PATH=/opt/ros/humble /usr/bin/cmake --build /home/lenck/RM/moudle/build/example_cpp -- -j4 -l4
[4.181s] DEBUG:colcon.colcon_core.event_handler.log_command:Invoked command in '/home/lenck/RM/moudle/build/example_cpp' returned '0': CMAKE_PREFIX_PATH=/opt/ros/humble /usr/bin/cmake --build /home/lenck/RM/moudle/build/example_cpp -- -j4 -l4
[4.233s] DEBUG:colcon.colcon_core.event_handler.log_command:Invoking command in '/home/lenck/RM/moudle/build/example_cpp': CMAKE_PREFIX_PATH=/opt/ros/humble /usr/bin/cmake --install /home/lenck/RM/moudle/build/example_cpp
[4.244s] Level 1:colcon.colcon_core.environment:create_environment_scripts_only(example_cpp)
[4.244s] DEBUG:colcon.colcon_core.event_handler.log_command:Invoked command in '/home/lenck/RM/moudle/build/example_cpp' returned '0': CMAKE_PREFIX_PATH=/opt/ros/humble /usr/bin/cmake --install /home/lenck/RM/moudle/build/example_cpp
[4.258s] Level 1:colcon.colcon_core.environment:checking '/home/lenck/RM/moudle/install/example_cpp' for CMake module files
[4.258s] Level 1:colcon.colcon_core.environment:checking '/home/lenck/RM/moudle/install/example_cpp' for CMake config files
[4.258s] Level 1:colcon.colcon_core.shell:create_environment_hook('example_cpp', 'cmake_prefix_path')
[4.269s] INFO:colcon.colcon_core.shell:Creating environment descriptor '/home/lenck/RM/moudle/install/example_cpp/share/example_cpp/hook/cmake_prefix_path.dsv'
[4.271s] INFO:colcon.colcon_core.shell:Creating environment hook '/home/lenck/RM/moudle/install/example_cpp/share/example_cpp/hook/cmake_prefix_path.sh'
[4.273s] Level 1:colcon.colcon_core.environment:checking '/home/lenck/RM/moudle/install/example_cpp/lib'
[4.273s] Level 1:colcon.colcon_core.environment:checking '/home/lenck/RM/moudle/install/example_cpp/bin'
[4.273s] Level 1:colcon.colcon_core.environment:checking '/home/lenck/RM/moudle/install/example_cpp/lib/pkgconfig/example_cpp.pc'
[4.275s] Level 1:colcon.colcon_core.environment:checking '/home/lenck/RM/moudle/install/example_cpp/lib/python3.10/site-packages'
[4.275s] Level 1:colcon.colcon_core.environment:checking '/home/lenck/RM/moudle/install/example_cpp/bin'
[4.286s] INFO:colcon.colcon_core.shell:Creating package descriptor '/home/lenck/RM/moudle/install/example_cpp/share/example_cpp/package.dsv'
[4.288s] INFO:colcon.colcon_core.shell:Creating package script '/home/lenck/RM/moudle/install/example_cpp/share/example_cpp/package.sh'
[4.289s] Level 1:colcon.colcon_core.environment:create_file_with_runtime_dependencies(/home/lenck/RM/moudle/install/example_cpp/share/colcon-core/packages/example_cpp)
[4.347s] Level 1:colcon.colcon_core.environment:create_environment_scripts_only(example_cpp)
[4.359s] Level 1:colcon.colcon_core.environment:checking '/home/lenck/RM/moudle/install/example_cpp' for CMake module files
[4.360s] Level 1:colcon.colcon_core.environment:checking '/home/lenck/RM/moudle/install/example_cpp' for CMake config files
[4.360s] Level 1:colcon.colcon_core.shell:create_environment_hook('example_cpp', 'cmake_prefix_path')
[4.369s] INFO:colcon.colcon_core.shell:Creating environment descriptor '/home/lenck/RM/moudle/install/example_cpp/share/example_cpp/hook/cmake_prefix_path.dsv'
[4.370s] INFO:colcon.colcon_core.shell:Creating environment hook '/home/lenck/RM/moudle/install/example_cpp/share/example_cpp/hook/cmake_prefix_path.sh'
[4.371s] Level 1:colcon.colcon_core.environment:checking '/home/lenck/RM/moudle/install/example_cpp/lib'
[4.371s] Level 1:colcon.colcon_core.environment:checking '/home/lenck/RM/moudle/install/example_cpp/bin'
[4.371s] Level 1:colcon.colcon_core.environment:checking '/home/lenck/RM/moudle/install/example_cpp/lib/pkgconfig/example_cpp.pc'
[4.371s] Level 1:colcon.colcon_core.environment:checking '/home/lenck/RM/moudle/install/example_cpp/lib/python3.10/site-packages'
[4.371s] Level 1:colcon.colcon_core.environment:checking '/home/lenck/RM/moudle/install/example_cpp/bin'
[4.381s] INFO:colcon.colcon_core.shell:Creating package descriptor '/home/lenck/RM/moudle/install/example_cpp/share/example_cpp/package.dsv'
[4.382s] INFO:colcon.colcon_core.shell:Creating package script '/home/lenck/RM/moudle/install/example_cpp/share/example_cpp/package.sh'
[4.382s] Level 1:colcon.colcon_core.environment:create_file_with_runtime_dependencies(/home/lenck/RM/moudle/install/example_cpp/share/colcon-core/packages/example_cpp)
[4.383s] DEBUG:colcon.colcon_core.executor.sequential:run_until_complete 'example_cpp' finished with '0'
[4.383s] DEBUG:colcon.colcon_core.executor.sequential:closing loop
[4.384s] DEBUG:colcon.colcon_core.executor.sequential:loop closed
[4.384s] DEBUG:colcon.colcon_core.event_reactor:joining thread
[4.384s] DEBUG:colcon.colcon_core.event_reactor:joined thread
[4.394s] INFO:colcon.colcon_core.shell:Creating prefix script '/home/lenck/RM/moudle/install/local_setup.sh'
[4.395s] INFO:colcon.colcon_core.shell:Creating prefix util module '/home/lenck/RM/moudle/install/_local_setup_util_sh.py'
[4.396s] INFO:colcon.colcon_core.shell:Creating prefix chain script '/home/lenck/RM/moudle/install/setup.sh'
