[0.145s] DEBUG:colcon:Command line arguments: ['/usr/bin/colcon', 'build']
[0.145s] DEBUG:colcon:Parsed command line arguments: Namespace(log_base=None, log_level=None, verb_name='build', build_base='build', install_base='install', merge_install=False, symlink_install=False, test_result_base=None, continue_on_error=False, executor='sequential', event_handlers=None, base_paths=['.'], paths=None, cmake_args=None, cmake_target=None, cmake_target_skip_unavailable=False, cmake_clean_cache=False, cmake_clean_first=False, cmake_force_configure=False, ament_cmake_args=None, catkin_cmake_args=None, catkin_skip_building_tests=False, verb_parser=CustomArgumentParser(prog='colcon build', usage=None, description='Build a set of packages.', formatter_class=<class 'colcon_core.command.CustomFormatter'>, conflict_handler='error', add_help=True), verb_extension=<colcon_core.verb.build.BuildVerb object at 0x7f055e3dbcd0>, main=<bound method BuildVerb.main of <colcon_core.verb.build.BuildVerb object at 0x7f055e3dbcd0>>)
[0.360s] Level 1:colcon.colcon_core.package_discovery:discover_packages(recursive) check parameters
[0.360s] Level 1:colcon.colcon_core.package_discovery:discover_packages(path) check parameters
[0.360s] Level 1:colcon.colcon_core.package_discovery:discover_packages(recursive) discover
[0.360s] INFO:colcon.colcon_core.package_discovery:Crawling recursively for packages in '/home/lenck/RM/moudles/Interface_Service_Topic'
[0.360s] Level 1:colcon.colcon_core.package_identification:_identify(.) by extensions ['ignore', 'ignore_ament_install']
[0.360s] Level 1:colcon.colcon_core.package_identification:_identify(.) by extension 'ignore'
[0.360s] Level 1:colcon.colcon_core.package_identification:_identify(.) by extension 'ignore_ament_install'
[0.360s] Level 1:colcon.colcon_core.package_identification:_identify(.) by extensions ['ros']
[0.361s] Level 1:colcon.colcon_core.package_identification:_identify(.) by extension 'ros'
[0.372s] Level 1:colcon.colcon_core.package_identification:_identify(.) by extensions ['cmake', 'python']
[0.372s] Level 1:colcon.colcon_core.package_identification:_identify(.) by extension 'cmake'
[0.372s] Level 1:colcon.colcon_core.package_identification:_identify(.) by extension 'python'
[0.373s] Level 1:colcon.colcon_core.package_identification:_identify(.) by extensions ['python_setup_py']
[0.373s] Level 1:colcon.colcon_core.package_identification:_identify(.) by extension 'python_setup_py'
[0.373s] Level 1:colcon.colcon_core.package_identification:_identify(build) by extensions ['ignore', 'ignore_ament_install']
[0.373s] Level 1:colcon.colcon_core.package_identification:_identify(build) by extension 'ignore'
[0.373s] Level 1:colcon.colcon_core.package_identification:_identify(build) ignored
[0.373s] Level 1:colcon.colcon_core.package_identification:_identify(install) by extensions ['ignore', 'ignore_ament_install']
[0.373s] Level 1:colcon.colcon_core.package_identification:_identify(install) by extension 'ignore'
[0.373s] Level 1:colcon.colcon_core.package_identification:_identify(install) ignored
[0.373s] Level 1:colcon.colcon_core.package_identification:_identify(log) by extensions ['ignore', 'ignore_ament_install']
[0.373s] Level 1:colcon.colcon_core.package_identification:_identify(log) by extension 'ignore'
[0.373s] Level 1:colcon.colcon_core.package_identification:_identify(log) ignored
[0.373s] Level 1:colcon.colcon_core.package_identification:_identify(src) by extensions ['ignore', 'ignore_ament_install']
[0.373s] Level 1:colcon.colcon_core.package_identification:_identify(src) by extension 'ignore'
[0.373s] Level 1:colcon.colcon_core.package_identification:_identify(src) by extension 'ignore_ament_install'
[0.373s] Level 1:colcon.colcon_core.package_identification:_identify(src) by extensions ['ros']
[0.373s] Level 1:colcon.colcon_core.package_identification:_identify(src) by extension 'ros'
[0.373s] Level 1:colcon.colcon_core.package_identification:_identify(src) by extensions ['cmake', 'python']
[0.373s] Level 1:colcon.colcon_core.package_identification:_identify(src) by extension 'cmake'
[0.373s] Level 1:colcon.colcon_core.package_identification:_identify(src) by extension 'python'
[0.373s] Level 1:colcon.colcon_core.package_identification:_identify(src) by extensions ['python_setup_py']
[0.374s] Level 1:colcon.colcon_core.package_identification:_identify(src) by extension 'python_setup_py'
[0.374s] Level 1:colcon.colcon_core.package_identification:_identify(src/example_interfaces_rclcpp) by extensions ['ignore', 'ignore_ament_install']
[0.374s] Level 1:colcon.colcon_core.package_identification:_identify(src/example_interfaces_rclcpp) by extension 'ignore'
[0.374s] Level 1:colcon.colcon_core.package_identification:_identify(src/example_interfaces_rclcpp) by extension 'ignore_ament_install'
[0.374s] Level 1:colcon.colcon_core.package_identification:_identify(src/example_interfaces_rclcpp) by extensions ['ros']
[0.374s] Level 1:colcon.colcon_core.package_identification:_identify(src/example_interfaces_rclcpp) by extension 'ros'
[0.377s] DEBUG:colcon.colcon_core.package_identification:Package 'src/example_interfaces_rclcpp' with type 'ros.ament_cmake' and name 'example_interfaces_rclcpp'
[0.377s] Level 1:colcon.colcon_core.package_identification:_identify(src/example_ros2_interfaces) by extensions ['ignore', 'ignore_ament_install']
[0.377s] Level 1:colcon.colcon_core.package_identification:_identify(src/example_ros2_interfaces) by extension 'ignore'
[0.378s] Level 1:colcon.colcon_core.package_identification:_identify(src/example_ros2_interfaces) by extension 'ignore_ament_install'
[0.378s] Level 1:colcon.colcon_core.package_identification:_identify(src/example_ros2_interfaces) by extensions ['ros']
[0.378s] Level 1:colcon.colcon_core.package_identification:_identify(src/example_ros2_interfaces) by extension 'ros'
[0.378s] DEBUG:colcon.colcon_core.package_identification:Package 'src/example_ros2_interfaces' with type 'ros.ament_cmake' and name 'example_ros2_interfaces'
[0.378s] Level 1:colcon.colcon_core.package_discovery:discover_packages(recursive) using defaults
[0.378s] Level 1:colcon.colcon_core.package_discovery:discover_packages(path) discover
[0.378s] Level 1:colcon.colcon_core.package_discovery:discover_packages(path) using defaults
[0.449s] Level 5:colcon.colcon_core.verb:set package 'example_ros2_interfaces' build argument 'cmake_args' from command line to 'None'
[0.450s] Level 5:colcon.colcon_core.verb:set package 'example_ros2_interfaces' build argument 'cmake_target' from command line to 'None'
[0.450s] Level 5:colcon.colcon_core.verb:set package 'example_ros2_interfaces' build argument 'cmake_target_skip_unavailable' from command line to 'False'
[0.450s] Level 5:colcon.colcon_core.verb:set package 'example_ros2_interfaces' build argument 'cmake_clean_cache' from command line to 'False'
[0.450s] Level 5:colcon.colcon_core.verb:set package 'example_ros2_interfaces' build argument 'cmake_clean_first' from command line to 'False'
[0.450s] Level 5:colcon.colcon_core.verb:set package 'example_ros2_interfaces' build argument 'cmake_force_configure' from command line to 'False'
[0.450s] Level 5:colcon.colcon_core.verb:set package 'example_ros2_interfaces' build argument 'ament_cmake_args' from command line to 'None'
[0.450s] Level 5:colcon.colcon_core.verb:set package 'example_ros2_interfaces' build argument 'catkin_cmake_args' from command line to 'None'
[0.450s] Level 5:colcon.colcon_core.verb:set package 'example_ros2_interfaces' build argument 'catkin_skip_building_tests' from command line to 'False'
[0.450s] DEBUG:colcon.colcon_core.verb:Building package 'example_ros2_interfaces' with the following arguments: {'ament_cmake_args': None, 'build_base': '/home/lenck/RM/moudles/Interface_Service_Topic/build/example_ros2_interfaces', 'catkin_cmake_args': None, 'catkin_skip_building_tests': False, 'cmake_args': None, 'cmake_clean_cache': False, 'cmake_clean_first': False, 'cmake_force_configure': False, 'cmake_target': None, 'cmake_target_skip_unavailable': False, 'install_base': '/home/lenck/RM/moudles/Interface_Service_Topic/install/example_ros2_interfaces', 'merge_install': False, 'path': '/home/lenck/RM/moudles/Interface_Service_Topic/src/example_ros2_interfaces', 'symlink_install': False, 'test_result_base': None}
[0.459s] Level 5:colcon.colcon_core.verb:set package 'example_interfaces_rclcpp' build argument 'cmake_args' from command line to 'None'
[0.459s] Level 5:colcon.colcon_core.verb:set package 'example_interfaces_rclcpp' build argument 'cmake_target' from command line to 'None'
[0.459s] Level 5:colcon.colcon_core.verb:set package 'example_interfaces_rclcpp' build argument 'cmake_target_skip_unavailable' from command line to 'False'
[0.459s] Level 5:colcon.colcon_core.verb:set package 'example_interfaces_rclcpp' build argument 'cmake_clean_cache' from command line to 'False'
[0.459s] Level 5:colcon.colcon_core.verb:set package 'example_interfaces_rclcpp' build argument 'cmake_clean_first' from command line to 'False'
[0.459s] Level 5:colcon.colcon_core.verb:set package 'example_interfaces_rclcpp' build argument 'cmake_force_configure' from command line to 'False'
[0.459s] Level 5:colcon.colcon_core.verb:set package 'example_interfaces_rclcpp' build argument 'ament_cmake_args' from command line to 'None'
[0.459s] Level 5:colcon.colcon_core.verb:set package 'example_interfaces_rclcpp' build argument 'catkin_cmake_args' from command line to 'None'
[0.459s] Level 5:colcon.colcon_core.verb:set package 'example_interfaces_rclcpp' build argument 'catkin_skip_building_tests' from command line to 'False'
[0.459s] DEBUG:colcon.colcon_core.verb:Building package 'example_interfaces_rclcpp' with the following arguments: {'ament_cmake_args': None, 'build_base': '/home/lenck/RM/moudles/Interface_Service_Topic/build/example_interfaces_rclcpp', 'catkin_cmake_args': None, 'catkin_skip_building_tests': False, 'cmake_args': None, 'cmake_clean_cache': False, 'cmake_clean_first': False, 'cmake_force_configure': False, 'cmake_target': None, 'cmake_target_skip_unavailable': False, 'install_base': '/home/lenck/RM/moudles/Interface_Service_Topic/install/example_interfaces_rclcpp', 'merge_install': False, 'path': '/home/lenck/RM/moudles/Interface_Service_Topic/src/example_interfaces_rclcpp', 'symlink_install': False, 'test_result_base': None}
[0.467s] INFO:colcon.colcon_core.executor:Executing jobs using 'sequential' executor
[0.475s] DEBUG:colcon.colcon_core.executor.sequential:run_until_complete 'example_ros2_interfaces'
[0.475s] INFO:colcon.colcon_ros.task.ament_cmake.build:Building ROS package in '/home/lenck/RM/moudles/Interface_Service_Topic/src/example_ros2_interfaces' with build type 'ament_cmake'
[0.475s] INFO:colcon.colcon_cmake.task.cmake.build:Building CMake package in '/home/lenck/RM/moudles/Interface_Service_Topic/src/example_ros2_interfaces'
[0.485s] INFO:colcon.colcon_core.plugin_system:Skipping extension 'colcon_core.shell.bat': Not used on non-Windows systems
[0.485s] DEBUG:colcon.colcon_core.shell:Skip shell extension 'dsv' for command environment
[0.515s] DEBUG:colcon.colcon_core.event_handler.log_command:Invoking command in '/home/lenck/RM/moudles/Interface_Service_Topic/build/example_ros2_interfaces': CMAKE_PREFIX_PATH=/opt/ros/humble /usr/bin/cmake --build /home/lenck/RM/moudles/Interface_Service_Topic/build/example_ros2_interfaces -- -j4 -l4
[0.956s] DEBUG:colcon.colcon_core.event_handler.log_command:Invoked command in '/home/lenck/RM/moudles/Interface_Service_Topic/build/example_ros2_interfaces' returned '0': CMAKE_PREFIX_PATH=/opt/ros/humble /usr/bin/cmake --build /home/lenck/RM/moudles/Interface_Service_Topic/build/example_ros2_interfaces -- -j4 -l4
[1.109s] DEBUG:colcon.colcon_core.event_handler.log_command:Invoking command in '/home/lenck/RM/moudles/Interface_Service_Topic/build/example_ros2_interfaces': CMAKE_PREFIX_PATH=/opt/ros/humble /usr/bin/cmake --install /home/lenck/RM/moudles/Interface_Service_Topic/build/example_ros2_interfaces
[1.203s] Level 1:colcon.colcon_core.environment:create_environment_scripts_only(example_ros2_interfaces)
[1.207s] DEBUG:colcon.colcon_core.event_handler.log_command:Invoked command in '/home/lenck/RM/moudles/Interface_Service_Topic/build/example_ros2_interfaces' returned '0': CMAKE_PREFIX_PATH=/opt/ros/humble /usr/bin/cmake --install /home/lenck/RM/moudles/Interface_Service_Topic/build/example_ros2_interfaces
[1.224s] Level 1:colcon.colcon_core.environment:checking '/home/lenck/RM/moudles/Interface_Service_Topic/install/example_ros2_interfaces' for CMake module files
[1.225s] Level 1:colcon.colcon_core.environment:checking '/home/lenck/RM/moudles/Interface_Service_Topic/install/example_ros2_interfaces' for CMake config files
[1.225s] Level 1:colcon.colcon_core.shell:create_environment_hook('example_ros2_interfaces', 'cmake_prefix_path')
[1.237s] INFO:colcon.colcon_core.shell:Creating environment descriptor '/home/lenck/RM/moudles/Interface_Service_Topic/install/example_ros2_interfaces/share/example_ros2_interfaces/hook/cmake_prefix_path.dsv'
[1.237s] INFO:colcon.colcon_core.shell:Creating environment hook '/home/lenck/RM/moudles/Interface_Service_Topic/install/example_ros2_interfaces/share/example_ros2_interfaces/hook/cmake_prefix_path.sh'
[1.238s] Level 1:colcon.colcon_core.environment:checking '/home/lenck/RM/moudles/Interface_Service_Topic/install/example_ros2_interfaces/lib'
[1.239s] Level 1:colcon.colcon_core.shell:create_environment_hook('example_ros2_interfaces', 'ld_library_path_lib')
[1.249s] INFO:colcon.colcon_core.shell:Creating environment descriptor '/home/lenck/RM/moudles/Interface_Service_Topic/install/example_ros2_interfaces/share/example_ros2_interfaces/hook/ld_library_path_lib.dsv'
[1.250s] INFO:colcon.colcon_core.shell:Creating environment hook '/home/lenck/RM/moudles/Interface_Service_Topic/install/example_ros2_interfaces/share/example_ros2_interfaces/hook/ld_library_path_lib.sh'
[1.253s] Level 1:colcon.colcon_core.environment:checking '/home/lenck/RM/moudles/Interface_Service_Topic/install/example_ros2_interfaces/bin'
[1.253s] Level 1:colcon.colcon_core.environment:checking '/home/lenck/RM/moudles/Interface_Service_Topic/install/example_ros2_interfaces/lib/pkgconfig/example_ros2_interfaces.pc'
[1.254s] Level 1:colcon.colcon_core.environment:checking '/home/lenck/RM/moudles/Interface_Service_Topic/install/example_ros2_interfaces/lib/python3.10/site-packages'
[1.254s] Level 1:colcon.colcon_core.environment:checking '/home/lenck/RM/moudles/Interface_Service_Topic/install/example_ros2_interfaces/bin'
[1.264s] INFO:colcon.colcon_core.shell:Creating package descriptor '/home/lenck/RM/moudles/Interface_Service_Topic/install/example_ros2_interfaces/share/example_ros2_interfaces/package.dsv'
[1.266s] INFO:colcon.colcon_core.shell:Creating package script '/home/lenck/RM/moudles/Interface_Service_Topic/install/example_ros2_interfaces/share/example_ros2_interfaces/package.sh'
[1.268s] Level 1:colcon.colcon_core.environment:create_file_with_runtime_dependencies(/home/lenck/RM/moudles/Interface_Service_Topic/install/example_ros2_interfaces/share/colcon-core/packages/example_ros2_interfaces)
[1.402s] Level 1:colcon.colcon_core.environment:create_environment_scripts_only(example_ros2_interfaces)
[1.412s] Level 1:colcon.colcon_core.environment:checking '/home/lenck/RM/moudles/Interface_Service_Topic/install/example_ros2_interfaces' for CMake module files
[1.413s] Level 1:colcon.colcon_core.environment:checking '/home/lenck/RM/moudles/Interface_Service_Topic/install/example_ros2_interfaces' for CMake config files
[1.413s] Level 1:colcon.colcon_core.shell:create_environment_hook('example_ros2_interfaces', 'cmake_prefix_path')
[1.423s] INFO:colcon.colcon_core.shell:Creating environment descriptor '/home/lenck/RM/moudles/Interface_Service_Topic/install/example_ros2_interfaces/share/example_ros2_interfaces/hook/cmake_prefix_path.dsv'
[1.423s] INFO:colcon.colcon_core.shell:Creating environment hook '/home/lenck/RM/moudles/Interface_Service_Topic/install/example_ros2_interfaces/share/example_ros2_interfaces/hook/cmake_prefix_path.sh'
[1.424s] Level 1:colcon.colcon_core.environment:checking '/home/lenck/RM/moudles/Interface_Service_Topic/install/example_ros2_interfaces/lib'
[1.424s] Level 1:colcon.colcon_core.shell:create_environment_hook('example_ros2_interfaces', 'ld_library_path_lib')
[1.434s] INFO:colcon.colcon_core.shell:Creating environment descriptor '/home/lenck/RM/moudles/Interface_Service_Topic/install/example_ros2_interfaces/share/example_ros2_interfaces/hook/ld_library_path_lib.dsv'
[1.435s] INFO:colcon.colcon_core.shell:Creating environment hook '/home/lenck/RM/moudles/Interface_Service_Topic/install/example_ros2_interfaces/share/example_ros2_interfaces/hook/ld_library_path_lib.sh'
[1.435s] Level 1:colcon.colcon_core.environment:checking '/home/lenck/RM/moudles/Interface_Service_Topic/install/example_ros2_interfaces/bin'
[1.435s] Level 1:colcon.colcon_core.environment:checking '/home/lenck/RM/moudles/Interface_Service_Topic/install/example_ros2_interfaces/lib/pkgconfig/example_ros2_interfaces.pc'
[1.436s] Level 1:colcon.colcon_core.environment:checking '/home/lenck/RM/moudles/Interface_Service_Topic/install/example_ros2_interfaces/lib/python3.10/site-packages'
[1.436s] Level 1:colcon.colcon_core.environment:checking '/home/lenck/RM/moudles/Interface_Service_Topic/install/example_ros2_interfaces/bin'
[1.445s] INFO:colcon.colcon_core.shell:Creating package descriptor '/home/lenck/RM/moudles/Interface_Service_Topic/install/example_ros2_interfaces/share/example_ros2_interfaces/package.dsv'
[1.446s] INFO:colcon.colcon_core.shell:Creating package script '/home/lenck/RM/moudles/Interface_Service_Topic/install/example_ros2_interfaces/share/example_ros2_interfaces/package.sh'
[1.447s] Level 1:colcon.colcon_core.environment:create_file_with_runtime_dependencies(/home/lenck/RM/moudles/Interface_Service_Topic/install/example_ros2_interfaces/share/colcon-core/packages/example_ros2_interfaces)
[1.447s] DEBUG:colcon.colcon_core.executor.sequential:run_until_complete 'example_ros2_interfaces' finished with '0'
[1.447s] DEBUG:colcon.colcon_core.executor.sequential:run_until_complete 'example_interfaces_rclcpp'
[1.447s] INFO:colcon.colcon_ros.task.ament_cmake.build:Building ROS package in '/home/lenck/RM/moudles/Interface_Service_Topic/src/example_interfaces_rclcpp' with build type 'ament_cmake'
[1.448s] INFO:colcon.colcon_cmake.task.cmake.build:Building CMake package in '/home/lenck/RM/moudles/Interface_Service_Topic/src/example_interfaces_rclcpp'
[1.459s] DEBUG:colcon.colcon_core.shell:Skip shell extension 'dsv' for command environment
[1.490s] DEBUG:colcon.colcon_core.event_handler.log_command:Invoking command in '/home/lenck/RM/moudles/Interface_Service_Topic/build/example_interfaces_rclcpp': AMENT_PREFIX_PATH=/home/lenck/RM/moudles/Interface_Service_Topic/install/example_ros2_interfaces:${AMENT_PREFIX_PATH} CMAKE_PREFIX_PATH=/home/lenck/RM/moudles/Interface_Service_Topic/install/example_ros2_interfaces:/opt/ros/humble LD_LIBRARY_PATH=/home/lenck/RM/moudles/Interface_Service_Topic/install/example_ros2_interfaces/lib:${LD_LIBRARY_PATH} PYTHONPATH=/home/lenck/RM/moudles/Interface_Service_Topic/install/example_ros2_interfaces/local/lib/python3.10/dist-packages:${PYTHONPATH} /usr/bin/cmake --build /home/lenck/RM/moudles/Interface_Service_Topic/build/example_interfaces_rclcpp -- -j4 -l4
[1.603s] DEBUG:colcon.colcon_core.event_handler.log_command:Invoked command in '/home/lenck/RM/moudles/Interface_Service_Topic/build/example_interfaces_rclcpp' returned '0': AMENT_PREFIX_PATH=/home/lenck/RM/moudles/Interface_Service_Topic/install/example_ros2_interfaces:${AMENT_PREFIX_PATH} CMAKE_PREFIX_PATH=/home/lenck/RM/moudles/Interface_Service_Topic/install/example_ros2_interfaces:/opt/ros/humble LD_LIBRARY_PATH=/home/lenck/RM/moudles/Interface_Service_Topic/install/example_ros2_interfaces/lib:${LD_LIBRARY_PATH} PYTHONPATH=/home/lenck/RM/moudles/Interface_Service_Topic/install/example_ros2_interfaces/local/lib/python3.10/dist-packages:${PYTHONPATH} /usr/bin/cmake --build /home/lenck/RM/moudles/Interface_Service_Topic/build/example_interfaces_rclcpp -- -j4 -l4
[1.645s] DEBUG:colcon.colcon_core.event_handler.log_command:Invoking command in '/home/lenck/RM/moudles/Interface_Service_Topic/build/example_interfaces_rclcpp': AMENT_PREFIX_PATH=/home/lenck/RM/moudles/Interface_Service_Topic/install/example_ros2_interfaces:${AMENT_PREFIX_PATH} CMAKE_PREFIX_PATH=/home/lenck/RM/moudles/Interface_Service_Topic/install/example_ros2_interfaces:/opt/ros/humble LD_LIBRARY_PATH=/home/lenck/RM/moudles/Interface_Service_Topic/install/example_ros2_interfaces/lib:${LD_LIBRARY_PATH} PYTHONPATH=/home/lenck/RM/moudles/Interface_Service_Topic/install/example_ros2_interfaces/local/lib/python3.10/dist-packages:${PYTHONPATH} /usr/bin/cmake --install /home/lenck/RM/moudles/Interface_Service_Topic/build/example_interfaces_rclcpp
[1.661s] Level 1:colcon.colcon_core.environment:create_environment_scripts_only(example_interfaces_rclcpp)
[1.667s] DEBUG:colcon.colcon_core.event_handler.log_command:Invoked command in '/home/lenck/RM/moudles/Interface_Service_Topic/build/example_interfaces_rclcpp' returned '0': AMENT_PREFIX_PATH=/home/lenck/RM/moudles/Interface_Service_Topic/install/example_ros2_interfaces:${AMENT_PREFIX_PATH} CMAKE_PREFIX_PATH=/home/lenck/RM/moudles/Interface_Service_Topic/install/example_ros2_interfaces:/opt/ros/humble LD_LIBRARY_PATH=/home/lenck/RM/moudles/Interface_Service_Topic/install/example_ros2_interfaces/lib:${LD_LIBRARY_PATH} PYTHONPATH=/home/lenck/RM/moudles/Interface_Service_Topic/install/example_ros2_interfaces/local/lib/python3.10/dist-packages:${PYTHONPATH} /usr/bin/cmake --install /home/lenck/RM/moudles/Interface_Service_Topic/build/example_interfaces_rclcpp
[1.673s] Level 1:colcon.colcon_core.environment:checking '/home/lenck/RM/moudles/Interface_Service_Topic/install/example_interfaces_rclcpp' for CMake module files
[1.674s] Level 1:colcon.colcon_core.environment:checking '/home/lenck/RM/moudles/Interface_Service_Topic/install/example_interfaces_rclcpp' for CMake config files
[1.674s] Level 1:colcon.colcon_core.shell:create_environment_hook('example_interfaces_rclcpp', 'cmake_prefix_path')
[1.685s] INFO:colcon.colcon_core.shell:Creating environment descriptor '/home/lenck/RM/moudles/Interface_Service_Topic/install/example_interfaces_rclcpp/share/example_interfaces_rclcpp/hook/cmake_prefix_path.dsv'
[1.687s] INFO:colcon.colcon_core.shell:Creating environment hook '/home/lenck/RM/moudles/Interface_Service_Topic/install/example_interfaces_rclcpp/share/example_interfaces_rclcpp/hook/cmake_prefix_path.sh'
[1.688s] Level 1:colcon.colcon_core.environment:checking '/home/lenck/RM/moudles/Interface_Service_Topic/install/example_interfaces_rclcpp/lib'
[1.688s] Level 1:colcon.colcon_core.environment:checking '/home/lenck/RM/moudles/Interface_Service_Topic/install/example_interfaces_rclcpp/bin'
[1.688s] Level 1:colcon.colcon_core.environment:checking '/home/lenck/RM/moudles/Interface_Service_Topic/install/example_interfaces_rclcpp/lib/pkgconfig/example_interfaces_rclcpp.pc'
[1.688s] Level 1:colcon.colcon_core.environment:checking '/home/lenck/RM/moudles/Interface_Service_Topic/install/example_interfaces_rclcpp/lib/python3.10/site-packages'
[1.688s] Level 1:colcon.colcon_core.environment:checking '/home/lenck/RM/moudles/Interface_Service_Topic/install/example_interfaces_rclcpp/bin'
[1.703s] INFO:colcon.colcon_core.shell:Creating package descriptor '/home/lenck/RM/moudles/Interface_Service_Topic/install/example_interfaces_rclcpp/share/example_interfaces_rclcpp/package.dsv'
[1.705s] INFO:colcon.colcon_core.shell:Creating package script '/home/lenck/RM/moudles/Interface_Service_Topic/install/example_interfaces_rclcpp/share/example_interfaces_rclcpp/package.sh'
[1.706s] Level 1:colcon.colcon_core.environment:create_file_with_runtime_dependencies(/home/lenck/RM/moudles/Interface_Service_Topic/install/example_interfaces_rclcpp/share/colcon-core/packages/example_interfaces_rclcpp)
[1.758s] Level 1:colcon.colcon_core.environment:create_environment_scripts_only(example_interfaces_rclcpp)
[1.768s] Level 1:colcon.colcon_core.environment:checking '/home/lenck/RM/moudles/Interface_Service_Topic/install/example_interfaces_rclcpp' for CMake module files
[1.768s] Level 1:colcon.colcon_core.environment:checking '/home/lenck/RM/moudles/Interface_Service_Topic/install/example_interfaces_rclcpp' for CMake config files
[1.768s] Level 1:colcon.colcon_core.shell:create_environment_hook('example_interfaces_rclcpp', 'cmake_prefix_path')
[1.778s] INFO:colcon.colcon_core.shell:Creating environment descriptor '/home/lenck/RM/moudles/Interface_Service_Topic/install/example_interfaces_rclcpp/share/example_interfaces_rclcpp/hook/cmake_prefix_path.dsv'
[1.778s] INFO:colcon.colcon_core.shell:Creating environment hook '/home/lenck/RM/moudles/Interface_Service_Topic/install/example_interfaces_rclcpp/share/example_interfaces_rclcpp/hook/cmake_prefix_path.sh'
[1.779s] Level 1:colcon.colcon_core.environment:checking '/home/lenck/RM/moudles/Interface_Service_Topic/install/example_interfaces_rclcpp/lib'
[1.779s] Level 1:colcon.colcon_core.environment:checking '/home/lenck/RM/moudles/Interface_Service_Topic/install/example_interfaces_rclcpp/bin'
[1.779s] Level 1:colcon.colcon_core.environment:checking '/home/lenck/RM/moudles/Interface_Service_Topic/install/example_interfaces_rclcpp/lib/pkgconfig/example_interfaces_rclcpp.pc'
[1.779s] Level 1:colcon.colcon_core.environment:checking '/home/lenck/RM/moudles/Interface_Service_Topic/install/example_interfaces_rclcpp/lib/python3.10/site-packages'
[1.779s] Level 1:colcon.colcon_core.environment:checking '/home/lenck/RM/moudles/Interface_Service_Topic/install/example_interfaces_rclcpp/bin'
[1.789s] INFO:colcon.colcon_core.shell:Creating package descriptor '/home/lenck/RM/moudles/Interface_Service_Topic/install/example_interfaces_rclcpp/share/example_interfaces_rclcpp/package.dsv'
[1.789s] INFO:colcon.colcon_core.shell:Creating package script '/home/lenck/RM/moudles/Interface_Service_Topic/install/example_interfaces_rclcpp/share/example_interfaces_rclcpp/package.sh'
[1.790s] Level 1:colcon.colcon_core.environment:create_file_with_runtime_dependencies(/home/lenck/RM/moudles/Interface_Service_Topic/install/example_interfaces_rclcpp/share/colcon-core/packages/example_interfaces_rclcpp)
[1.790s] DEBUG:colcon.colcon_core.executor.sequential:run_until_complete 'example_interfaces_rclcpp' finished with '0'
[1.791s] DEBUG:colcon.colcon_core.executor.sequential:closing loop
[1.791s] DEBUG:colcon.colcon_core.executor.sequential:loop closed
[1.791s] DEBUG:colcon.colcon_core.event_reactor:joining thread
[1.791s] DEBUG:colcon.colcon_core.event_reactor:joined thread
[1.802s] INFO:colcon.colcon_core.shell:Creating prefix script '/home/lenck/RM/moudles/Interface_Service_Topic/install/local_setup.sh'
[1.805s] INFO:colcon.colcon_core.shell:Creating prefix util module '/home/lenck/RM/moudles/Interface_Service_Topic/install/_local_setup_util_sh.py'
[1.807s] INFO:colcon.colcon_core.shell:Creating prefix chain script '/home/lenck/RM/moudles/Interface_Service_Topic/install/setup.sh'
