[0.149s] DEBUG:colcon:Command line arguments: ['/usr/bin/colcon', 'build']
[0.149s] DEBUG:colcon:Parsed command line arguments: Namespace(log_base=None, log_level=None, verb_name='build', build_base='build', install_base='install', merge_install=False, symlink_install=False, test_result_base=None, continue_on_error=False, executor='sequential', event_handlers=None, base_paths=['.'], paths=None, cmake_args=None, cmake_target=None, cmake_target_skip_unavailable=False, cmake_clean_cache=False, cmake_clean_first=False, cmake_force_configure=False, ament_cmake_args=None, catkin_cmake_args=None, catkin_skip_building_tests=False, verb_parser=CustomArgumentParser(prog='colcon build', usage=None, description='Build a set of packages.', formatter_class=<class 'colcon_core.command.CustomFormatter'>, conflict_handler='error', add_help=True), verb_extension=<colcon_core.verb.build.BuildVerb object at 0x7fd1979efbe0>, main=<bound method BuildVerb.main of <colcon_core.verb.build.BuildVerb object at 0x7fd1979efbe0>>)
[0.376s] Level 1:colcon.colcon_core.package_discovery:discover_packages(recursive) check parameters
[0.376s] Level 1:colcon.colcon_core.package_discovery:discover_packages(path) check parameters
[0.376s] Level 1:colcon.colcon_core.package_discovery:discover_packages(recursive) discover
[0.376s] INFO:colcon.colcon_core.package_discovery:Crawling recursively for packages in '/home/lenck/RM/moudles/Action'
[0.376s] Level 1:colcon.colcon_core.package_identification:_identify(.) by extensions ['ignore', 'ignore_ament_install']
[0.377s] Level 1:colcon.colcon_core.package_identification:_identify(.) by extension 'ignore'
[0.377s] Level 1:colcon.colcon_core.package_identification:_identify(.) by extension 'ignore_ament_install'
[0.377s] Level 1:colcon.colcon_core.package_identification:_identify(.) by extensions ['ros']
[0.377s] Level 1:colcon.colcon_core.package_identification:_identify(.) by extension 'ros'
[0.395s] Level 1:colcon.colcon_core.package_identification:_identify(.) by extensions ['cmake', 'python']
[0.395s] Level 1:colcon.colcon_core.package_identification:_identify(.) by extension 'cmake'
[0.395s] Level 1:colcon.colcon_core.package_identification:_identify(.) by extension 'python'
[0.395s] Level 1:colcon.colcon_core.package_identification:_identify(.) by extensions ['python_setup_py']
[0.395s] Level 1:colcon.colcon_core.package_identification:_identify(.) by extension 'python_setup_py'
[0.395s] Level 1:colcon.colcon_core.package_identification:_identify(build) by extensions ['ignore', 'ignore_ament_install']
[0.395s] Level 1:colcon.colcon_core.package_identification:_identify(build) by extension 'ignore'
[0.395s] Level 1:colcon.colcon_core.package_identification:_identify(build) ignored
[0.395s] Level 1:colcon.colcon_core.package_identification:_identify(install) by extensions ['ignore', 'ignore_ament_install']
[0.395s] Level 1:colcon.colcon_core.package_identification:_identify(install) by extension 'ignore'
[0.395s] Level 1:colcon.colcon_core.package_identification:_identify(install) ignored
[0.395s] Level 1:colcon.colcon_core.package_identification:_identify(log) by extensions ['ignore', 'ignore_ament_install']
[0.395s] Level 1:colcon.colcon_core.package_identification:_identify(log) by extension 'ignore'
[0.395s] Level 1:colcon.colcon_core.package_identification:_identify(log) ignored
[0.395s] Level 1:colcon.colcon_core.package_identification:_identify(src) by extensions ['ignore', 'ignore_ament_install']
[0.395s] Level 1:colcon.colcon_core.package_identification:_identify(src) by extension 'ignore'
[0.395s] Level 1:colcon.colcon_core.package_identification:_identify(src) by extension 'ignore_ament_install'
[0.395s] Level 1:colcon.colcon_core.package_identification:_identify(src) by extensions ['ros']
[0.395s] Level 1:colcon.colcon_core.package_identification:_identify(src) by extension 'ros'
[0.396s] Level 1:colcon.colcon_core.package_identification:_identify(src) by extensions ['cmake', 'python']
[0.396s] Level 1:colcon.colcon_core.package_identification:_identify(src) by extension 'cmake'
[0.396s] Level 1:colcon.colcon_core.package_identification:_identify(src) by extension 'python'
[0.396s] Level 1:colcon.colcon_core.package_identification:_identify(src) by extensions ['python_setup_py']
[0.396s] Level 1:colcon.colcon_core.package_identification:_identify(src) by extension 'python_setup_py'
[0.396s] Level 1:colcon.colcon_core.package_identification:_identify(src/example_action_rclcpp) by extensions ['ignore', 'ignore_ament_install']
[0.396s] Level 1:colcon.colcon_core.package_identification:_identify(src/example_action_rclcpp) by extension 'ignore'
[0.396s] Level 1:colcon.colcon_core.package_identification:_identify(src/example_action_rclcpp) by extension 'ignore_ament_install'
[0.396s] Level 1:colcon.colcon_core.package_identification:_identify(src/example_action_rclcpp) by extensions ['ros']
[0.396s] Level 1:colcon.colcon_core.package_identification:_identify(src/example_action_rclcpp) by extension 'ros'
[0.399s] DEBUG:colcon.colcon_core.package_identification:Package 'src/example_action_rclcpp' with type 'ros.ament_cmake' and name 'example_action_rclcpp'
[0.399s] Level 1:colcon.colcon_core.package_identification:_identify(src/robot_control_interfaces) by extensions ['ignore', 'ignore_ament_install']
[0.399s] Level 1:colcon.colcon_core.package_identification:_identify(src/robot_control_interfaces) by extension 'ignore'
[0.399s] Level 1:colcon.colcon_core.package_identification:_identify(src/robot_control_interfaces) by extension 'ignore_ament_install'
[0.399s] Level 1:colcon.colcon_core.package_identification:_identify(src/robot_control_interfaces) by extensions ['ros']
[0.399s] Level 1:colcon.colcon_core.package_identification:_identify(src/robot_control_interfaces) by extension 'ros'
[0.400s] DEBUG:colcon.colcon_core.package_identification:Package 'src/robot_control_interfaces' with type 'ros.ament_cmake' and name 'robot_control_interfaces'
[0.400s] Level 1:colcon.colcon_core.package_discovery:discover_packages(recursive) using defaults
[0.400s] Level 1:colcon.colcon_core.package_discovery:discover_packages(path) discover
[0.400s] Level 1:colcon.colcon_core.package_discovery:discover_packages(path) using defaults
[0.472s] Level 5:colcon.colcon_core.verb:set package 'robot_control_interfaces' build argument 'cmake_args' from command line to 'None'
[0.472s] Level 5:colcon.colcon_core.verb:set package 'robot_control_interfaces' build argument 'cmake_target' from command line to 'None'
[0.472s] Level 5:colcon.colcon_core.verb:set package 'robot_control_interfaces' build argument 'cmake_target_skip_unavailable' from command line to 'False'
[0.472s] Level 5:colcon.colcon_core.verb:set package 'robot_control_interfaces' build argument 'cmake_clean_cache' from command line to 'False'
[0.472s] Level 5:colcon.colcon_core.verb:set package 'robot_control_interfaces' build argument 'cmake_clean_first' from command line to 'False'
[0.472s] Level 5:colcon.colcon_core.verb:set package 'robot_control_interfaces' build argument 'cmake_force_configure' from command line to 'False'
[0.472s] Level 5:colcon.colcon_core.verb:set package 'robot_control_interfaces' build argument 'ament_cmake_args' from command line to 'None'
[0.472s] Level 5:colcon.colcon_core.verb:set package 'robot_control_interfaces' build argument 'catkin_cmake_args' from command line to 'None'
[0.472s] Level 5:colcon.colcon_core.verb:set package 'robot_control_interfaces' build argument 'catkin_skip_building_tests' from command line to 'False'
[0.472s] DEBUG:colcon.colcon_core.verb:Building package 'robot_control_interfaces' with the following arguments: {'ament_cmake_args': None, 'build_base': '/home/lenck/RM/moudles/Action/build/robot_control_interfaces', 'catkin_cmake_args': None, 'catkin_skip_building_tests': False, 'cmake_args': None, 'cmake_clean_cache': False, 'cmake_clean_first': False, 'cmake_force_configure': False, 'cmake_target': None, 'cmake_target_skip_unavailable': False, 'install_base': '/home/lenck/RM/moudles/Action/install/robot_control_interfaces', 'merge_install': False, 'path': '/home/lenck/RM/moudles/Action/src/robot_control_interfaces', 'symlink_install': False, 'test_result_base': None}
[0.482s] Level 5:colcon.colcon_core.verb:set package 'example_action_rclcpp' build argument 'cmake_args' from command line to 'None'
[0.482s] Level 5:colcon.colcon_core.verb:set package 'example_action_rclcpp' build argument 'cmake_target' from command line to 'None'
[0.482s] Level 5:colcon.colcon_core.verb:set package 'example_action_rclcpp' build argument 'cmake_target_skip_unavailable' from command line to 'False'
[0.482s] Level 5:colcon.colcon_core.verb:set package 'example_action_rclcpp' build argument 'cmake_clean_cache' from command line to 'False'
[0.482s] Level 5:colcon.colcon_core.verb:set package 'example_action_rclcpp' build argument 'cmake_clean_first' from command line to 'False'
[0.482s] Level 5:colcon.colcon_core.verb:set package 'example_action_rclcpp' build argument 'cmake_force_configure' from command line to 'False'
[0.482s] Level 5:colcon.colcon_core.verb:set package 'example_action_rclcpp' build argument 'ament_cmake_args' from command line to 'None'
[0.482s] Level 5:colcon.colcon_core.verb:set package 'example_action_rclcpp' build argument 'catkin_cmake_args' from command line to 'None'
[0.482s] Level 5:colcon.colcon_core.verb:set package 'example_action_rclcpp' build argument 'catkin_skip_building_tests' from command line to 'False'
[0.482s] DEBUG:colcon.colcon_core.verb:Building package 'example_action_rclcpp' with the following arguments: {'ament_cmake_args': None, 'build_base': '/home/lenck/RM/moudles/Action/build/example_action_rclcpp', 'catkin_cmake_args': None, 'catkin_skip_building_tests': False, 'cmake_args': None, 'cmake_clean_cache': False, 'cmake_clean_first': False, 'cmake_force_configure': False, 'cmake_target': None, 'cmake_target_skip_unavailable': False, 'install_base': '/home/lenck/RM/moudles/Action/install/example_action_rclcpp', 'merge_install': False, 'path': '/home/lenck/RM/moudles/Action/src/example_action_rclcpp', 'symlink_install': False, 'test_result_base': None}
[0.492s] INFO:colcon.colcon_core.executor:Executing jobs using 'sequential' executor
[0.501s] DEBUG:colcon.colcon_core.executor.sequential:run_until_complete 'robot_control_interfaces'
[0.501s] INFO:colcon.colcon_ros.task.ament_cmake.build:Building ROS package in '/home/lenck/RM/moudles/Action/src/robot_control_interfaces' with build type 'ament_cmake'
[0.501s] INFO:colcon.colcon_cmake.task.cmake.build:Building CMake package in '/home/lenck/RM/moudles/Action/src/robot_control_interfaces'
[0.512s] INFO:colcon.colcon_core.plugin_system:Skipping extension 'colcon_core.shell.bat': Not used on non-Windows systems
[0.512s] DEBUG:colcon.colcon_core.shell:Skip shell extension 'dsv' for command environment
[0.555s] DEBUG:colcon.colcon_core.event_handler.log_command:Invoking command in '/home/lenck/RM/moudles/Action/build/robot_control_interfaces': CMAKE_PREFIX_PATH=${CMAKE_PREFIX_PATH}:/opt/ros/humble /usr/bin/cmake --build /home/lenck/RM/moudles/Action/build/robot_control_interfaces -- -j4 -l4
[1.003s] DEBUG:colcon.colcon_core.event_handler.log_command:Invoked command in '/home/lenck/RM/moudles/Action/build/robot_control_interfaces' returned '0': CMAKE_PREFIX_PATH=${CMAKE_PREFIX_PATH}:/opt/ros/humble /usr/bin/cmake --build /home/lenck/RM/moudles/Action/build/robot_control_interfaces -- -j4 -l4
[1.074s] DEBUG:colcon.colcon_core.event_handler.log_command:Invoking command in '/home/lenck/RM/moudles/Action/build/robot_control_interfaces': CMAKE_PREFIX_PATH=${CMAKE_PREFIX_PATH}:/opt/ros/humble /usr/bin/cmake --install /home/lenck/RM/moudles/Action/build/robot_control_interfaces
[1.134s] Level 1:colcon.colcon_core.environment:create_environment_scripts_only(robot_control_interfaces)
[1.135s] DEBUG:colcon.colcon_core.event_handler.log_command:Invoked command in '/home/lenck/RM/moudles/Action/build/robot_control_interfaces' returned '0': CMAKE_PREFIX_PATH=${CMAKE_PREFIX_PATH}:/opt/ros/humble /usr/bin/cmake --install /home/lenck/RM/moudles/Action/build/robot_control_interfaces
[1.158s] Level 1:colcon.colcon_core.environment:checking '/home/lenck/RM/moudles/Action/install/robot_control_interfaces' for CMake module files
[1.158s] Level 1:colcon.colcon_core.environment:checking '/home/lenck/RM/moudles/Action/install/robot_control_interfaces' for CMake config files
[1.159s] Level 1:colcon.colcon_core.shell:create_environment_hook('robot_control_interfaces', 'cmake_prefix_path')
[1.169s] INFO:colcon.colcon_core.shell:Creating environment descriptor '/home/lenck/RM/moudles/Action/install/robot_control_interfaces/share/robot_control_interfaces/hook/cmake_prefix_path.dsv'
[1.170s] INFO:colcon.colcon_core.shell:Creating environment hook '/home/lenck/RM/moudles/Action/install/robot_control_interfaces/share/robot_control_interfaces/hook/cmake_prefix_path.sh'
[1.171s] Level 1:colcon.colcon_core.environment:checking '/home/lenck/RM/moudles/Action/install/robot_control_interfaces/lib'
[1.171s] Level 1:colcon.colcon_core.shell:create_environment_hook('robot_control_interfaces', 'ld_library_path_lib')
[1.183s] INFO:colcon.colcon_core.shell:Creating environment descriptor '/home/lenck/RM/moudles/Action/install/robot_control_interfaces/share/robot_control_interfaces/hook/ld_library_path_lib.dsv'
[1.184s] INFO:colcon.colcon_core.shell:Creating environment hook '/home/lenck/RM/moudles/Action/install/robot_control_interfaces/share/robot_control_interfaces/hook/ld_library_path_lib.sh'
[1.184s] Level 1:colcon.colcon_core.environment:checking '/home/lenck/RM/moudles/Action/install/robot_control_interfaces/bin'
[1.184s] Level 1:colcon.colcon_core.environment:checking '/home/lenck/RM/moudles/Action/install/robot_control_interfaces/lib/pkgconfig/robot_control_interfaces.pc'
[1.185s] Level 1:colcon.colcon_core.environment:checking '/home/lenck/RM/moudles/Action/install/robot_control_interfaces/lib/python3.10/site-packages'
[1.185s] Level 1:colcon.colcon_core.environment:checking '/home/lenck/RM/moudles/Action/install/robot_control_interfaces/bin'
[1.194s] INFO:colcon.colcon_core.shell:Creating package descriptor '/home/lenck/RM/moudles/Action/install/robot_control_interfaces/share/robot_control_interfaces/package.dsv'
[1.194s] INFO:colcon.colcon_core.shell:Creating package script '/home/lenck/RM/moudles/Action/install/robot_control_interfaces/share/robot_control_interfaces/package.sh'
[1.195s] Level 1:colcon.colcon_core.environment:create_file_with_runtime_dependencies(/home/lenck/RM/moudles/Action/install/robot_control_interfaces/share/colcon-core/packages/robot_control_interfaces)
[1.270s] Level 1:colcon.colcon_core.environment:create_environment_scripts_only(robot_control_interfaces)
[1.279s] Level 1:colcon.colcon_core.environment:checking '/home/lenck/RM/moudles/Action/install/robot_control_interfaces' for CMake module files
[1.279s] Level 1:colcon.colcon_core.environment:checking '/home/lenck/RM/moudles/Action/install/robot_control_interfaces' for CMake config files
[1.279s] Level 1:colcon.colcon_core.shell:create_environment_hook('robot_control_interfaces', 'cmake_prefix_path')
[1.288s] INFO:colcon.colcon_core.shell:Creating environment descriptor '/home/lenck/RM/moudles/Action/install/robot_control_interfaces/share/robot_control_interfaces/hook/cmake_prefix_path.dsv'
[1.288s] INFO:colcon.colcon_core.shell:Creating environment hook '/home/lenck/RM/moudles/Action/install/robot_control_interfaces/share/robot_control_interfaces/hook/cmake_prefix_path.sh'
[1.289s] Level 1:colcon.colcon_core.environment:checking '/home/lenck/RM/moudles/Action/install/robot_control_interfaces/lib'
[1.289s] Level 1:colcon.colcon_core.shell:create_environment_hook('robot_control_interfaces', 'ld_library_path_lib')
[1.298s] INFO:colcon.colcon_core.shell:Creating environment descriptor '/home/lenck/RM/moudles/Action/install/robot_control_interfaces/share/robot_control_interfaces/hook/ld_library_path_lib.dsv'
[1.298s] INFO:colcon.colcon_core.shell:Creating environment hook '/home/lenck/RM/moudles/Action/install/robot_control_interfaces/share/robot_control_interfaces/hook/ld_library_path_lib.sh'
[1.299s] Level 1:colcon.colcon_core.environment:checking '/home/lenck/RM/moudles/Action/install/robot_control_interfaces/bin'
[1.299s] Level 1:colcon.colcon_core.environment:checking '/home/lenck/RM/moudles/Action/install/robot_control_interfaces/lib/pkgconfig/robot_control_interfaces.pc'
[1.299s] Level 1:colcon.colcon_core.environment:checking '/home/lenck/RM/moudles/Action/install/robot_control_interfaces/lib/python3.10/site-packages'
[1.299s] Level 1:colcon.colcon_core.environment:checking '/home/lenck/RM/moudles/Action/install/robot_control_interfaces/bin'
[1.308s] INFO:colcon.colcon_core.shell:Creating package descriptor '/home/lenck/RM/moudles/Action/install/robot_control_interfaces/share/robot_control_interfaces/package.dsv'
[1.309s] INFO:colcon.colcon_core.shell:Creating package script '/home/lenck/RM/moudles/Action/install/robot_control_interfaces/share/robot_control_interfaces/package.sh'
[1.310s] Level 1:colcon.colcon_core.environment:create_file_with_runtime_dependencies(/home/lenck/RM/moudles/Action/install/robot_control_interfaces/share/colcon-core/packages/robot_control_interfaces)
[1.310s] DEBUG:colcon.colcon_core.executor.sequential:run_until_complete 'robot_control_interfaces' finished with '0'
[1.310s] DEBUG:colcon.colcon_core.executor.sequential:run_until_complete 'example_action_rclcpp'
[1.310s] INFO:colcon.colcon_ros.task.ament_cmake.build:Building ROS package in '/home/lenck/RM/moudles/Action/src/example_action_rclcpp' with build type 'ament_cmake'
[1.310s] INFO:colcon.colcon_cmake.task.cmake.build:Building CMake package in '/home/lenck/RM/moudles/Action/src/example_action_rclcpp'
[1.322s] DEBUG:colcon.colcon_core.shell:Skip shell extension 'dsv' for command environment
[1.366s] DEBUG:colcon.colcon_core.event_handler.log_command:Invoking command in '/home/lenck/RM/moudles/Action/build/example_action_rclcpp': CMAKE_PREFIX_PATH=/home/lenck/RM/moudles/Action/install/robot_control_interfaces:/home/lenck/RM/moudles/Action/install/example_action_rclcpp:/opt/ros/humble /usr/bin/cmake --build /home/lenck/RM/moudles/Action/build/example_action_rclcpp -- -j4 -l4
[5.341s] DEBUG:colcon.colcon_core.event_handler.log_command:Invoked command in '/home/lenck/RM/moudles/Action/build/example_action_rclcpp' returned '0': CMAKE_PREFIX_PATH=/home/lenck/RM/moudles/Action/install/robot_control_interfaces:/home/lenck/RM/moudles/Action/install/example_action_rclcpp:/opt/ros/humble /usr/bin/cmake --build /home/lenck/RM/moudles/Action/build/example_action_rclcpp -- -j4 -l4
[5.380s] DEBUG:colcon.colcon_core.event_handler.log_command:Invoking command in '/home/lenck/RM/moudles/Action/build/example_action_rclcpp': CMAKE_PREFIX_PATH=/home/lenck/RM/moudles/Action/install/robot_control_interfaces:/home/lenck/RM/moudles/Action/install/example_action_rclcpp:/opt/ros/humble /usr/bin/cmake --install /home/lenck/RM/moudles/Action/build/example_action_rclcpp
[5.395s] Level 1:colcon.colcon_core.environment:create_environment_scripts_only(example_action_rclcpp)
[5.395s] DEBUG:colcon.colcon_core.event_handler.log_command:Invoked command in '/home/lenck/RM/moudles/Action/build/example_action_rclcpp' returned '0': CMAKE_PREFIX_PATH=/home/lenck/RM/moudles/Action/install/robot_control_interfaces:/home/lenck/RM/moudles/Action/install/example_action_rclcpp:/opt/ros/humble /usr/bin/cmake --install /home/lenck/RM/moudles/Action/build/example_action_rclcpp
[5.407s] Level 1:colcon.colcon_core.environment:checking '/home/lenck/RM/moudles/Action/install/example_action_rclcpp' for CMake module files
[5.407s] Level 1:colcon.colcon_core.environment:checking '/home/lenck/RM/moudles/Action/install/example_action_rclcpp' for CMake config files
[5.407s] Level 1:colcon.colcon_core.shell:create_environment_hook('example_action_rclcpp', 'cmake_prefix_path')
[5.415s] INFO:colcon.colcon_core.shell:Creating environment descriptor '/home/lenck/RM/moudles/Action/install/example_action_rclcpp/share/example_action_rclcpp/hook/cmake_prefix_path.dsv'
[5.416s] INFO:colcon.colcon_core.shell:Creating environment hook '/home/lenck/RM/moudles/Action/install/example_action_rclcpp/share/example_action_rclcpp/hook/cmake_prefix_path.sh'
[5.417s] Level 1:colcon.colcon_core.environment:checking '/home/lenck/RM/moudles/Action/install/example_action_rclcpp/lib'
[5.417s] Level 1:colcon.colcon_core.environment:checking '/home/lenck/RM/moudles/Action/install/example_action_rclcpp/bin'
[5.417s] Level 1:colcon.colcon_core.environment:checking '/home/lenck/RM/moudles/Action/install/example_action_rclcpp/lib/pkgconfig/example_action_rclcpp.pc'
[5.417s] Level 1:colcon.colcon_core.environment:checking '/home/lenck/RM/moudles/Action/install/example_action_rclcpp/lib/python3.10/site-packages'
[5.417s] Level 1:colcon.colcon_core.environment:checking '/home/lenck/RM/moudles/Action/install/example_action_rclcpp/bin'
[5.426s] INFO:colcon.colcon_core.shell:Creating package descriptor '/home/lenck/RM/moudles/Action/install/example_action_rclcpp/share/example_action_rclcpp/package.dsv'
[5.426s] INFO:colcon.colcon_core.shell:Creating package script '/home/lenck/RM/moudles/Action/install/example_action_rclcpp/share/example_action_rclcpp/package.sh'
[5.427s] Level 1:colcon.colcon_core.environment:create_file_with_runtime_dependencies(/home/lenck/RM/moudles/Action/install/example_action_rclcpp/share/colcon-core/packages/example_action_rclcpp)
[5.468s] Level 1:colcon.colcon_core.environment:create_environment_scripts_only(example_action_rclcpp)
[5.477s] Level 1:colcon.colcon_core.environment:checking '/home/lenck/RM/moudles/Action/install/example_action_rclcpp' for CMake module files
[5.477s] Level 1:colcon.colcon_core.environment:checking '/home/lenck/RM/moudles/Action/install/example_action_rclcpp' for CMake config files
[5.478s] Level 1:colcon.colcon_core.shell:create_environment_hook('example_action_rclcpp', 'cmake_prefix_path')
[5.488s] INFO:colcon.colcon_core.shell:Creating environment descriptor '/home/lenck/RM/moudles/Action/install/example_action_rclcpp/share/example_action_rclcpp/hook/cmake_prefix_path.dsv'
[5.489s] INFO:colcon.colcon_core.shell:Creating environment hook '/home/lenck/RM/moudles/Action/install/example_action_rclcpp/share/example_action_rclcpp/hook/cmake_prefix_path.sh'
[5.490s] Level 1:colcon.colcon_core.environment:checking '/home/lenck/RM/moudles/Action/install/example_action_rclcpp/lib'
[5.490s] Level 1:colcon.colcon_core.environment:checking '/home/lenck/RM/moudles/Action/install/example_action_rclcpp/bin'
[5.490s] Level 1:colcon.colcon_core.environment:checking '/home/lenck/RM/moudles/Action/install/example_action_rclcpp/lib/pkgconfig/example_action_rclcpp.pc'
[5.490s] Level 1:colcon.colcon_core.environment:checking '/home/lenck/RM/moudles/Action/install/example_action_rclcpp/lib/python3.10/site-packages'
[5.490s] Level 1:colcon.colcon_core.environment:checking '/home/lenck/RM/moudles/Action/install/example_action_rclcpp/bin'
[5.498s] INFO:colcon.colcon_core.shell:Creating package descriptor '/home/lenck/RM/moudles/Action/install/example_action_rclcpp/share/example_action_rclcpp/package.dsv'
[5.499s] INFO:colcon.colcon_core.shell:Creating package script '/home/lenck/RM/moudles/Action/install/example_action_rclcpp/share/example_action_rclcpp/package.sh'
[5.500s] Level 1:colcon.colcon_core.environment:create_file_with_runtime_dependencies(/home/lenck/RM/moudles/Action/install/example_action_rclcpp/share/colcon-core/packages/example_action_rclcpp)
[5.500s] DEBUG:colcon.colcon_core.executor.sequential:run_until_complete 'example_action_rclcpp' finished with '0'
[5.500s] DEBUG:colcon.colcon_core.executor.sequential:closing loop
[5.500s] DEBUG:colcon.colcon_core.executor.sequential:loop closed
[5.500s] DEBUG:colcon.colcon_core.event_reactor:joining thread
[5.501s] DEBUG:colcon.colcon_core.event_reactor:joined thread
[5.509s] INFO:colcon.colcon_core.shell:Creating prefix script '/home/lenck/RM/moudles/Action/install/local_setup.sh'
[5.510s] INFO:colcon.colcon_core.shell:Creating prefix util module '/home/lenck/RM/moudles/Action/install/_local_setup_util_sh.py'
[5.511s] INFO:colcon.colcon_core.shell:Creating prefix chain script '/home/lenck/RM/moudles/Action/install/setup.sh'
