[0.127s] DEBUG:colcon:Command line arguments: ['/usr/bin/colcon', 'build']
[0.127s] DEBUG:colcon:Parsed command line arguments: Namespace(log_base=None, log_level=None, verb_name='build', build_base='build', install_base='install', merge_install=False, symlink_install=False, test_result_base=None, continue_on_error=False, executor='sequential', event_handlers=None, base_paths=['.'], paths=None, cmake_args=None, cmake_target=None, cmake_target_skip_unavailable=False, cmake_clean_cache=False, cmake_clean_first=False, cmake_force_configure=False, ament_cmake_args=None, catkin_cmake_args=None, catkin_skip_building_tests=False, verb_parser=CustomArgumentParser(prog='colcon build', usage=None, description='Build a set of packages.', formatter_class=<class 'colcon_core.command.CustomFormatter'>, conflict_handler='error', add_help=True), verb_extension=<colcon_core.verb.build.BuildVerb object at 0x7fe9c1f63f40>, main=<bound method BuildVerb.main of <colcon_core.verb.build.BuildVerb object at 0x7fe9c1f63f40>>)
[0.284s] Level 1:colcon.colcon_core.package_discovery:discover_packages(recursive) check parameters
[0.284s] Level 1:colcon.colcon_core.package_discovery:discover_packages(path) check parameters
[0.284s] Level 1:colcon.colcon_core.package_discovery:discover_packages(recursive) discover
[0.284s] INFO:colcon.colcon_core.package_discovery:Crawling recursively for packages in '/home/lenck/RM/base_tasks/work5'
[0.285s] Level 1:colcon.colcon_core.package_identification:_identify(.) by extensions ['ignore', 'ignore_ament_install']
[0.285s] Level 1:colcon.colcon_core.package_identification:_identify(.) by extension 'ignore'
[0.285s] Level 1:colcon.colcon_core.package_identification:_identify(.) by extension 'ignore_ament_install'
[0.285s] Level 1:colcon.colcon_core.package_identification:_identify(.) by extensions ['ros']
[0.285s] Level 1:colcon.colcon_core.package_identification:_identify(.) by extension 'ros'
[0.293s] Level 1:colcon.colcon_core.package_identification:_identify(.) by extensions ['cmake', 'python']
[0.293s] Level 1:colcon.colcon_core.package_identification:_identify(.) by extension 'cmake'
[0.293s] Level 1:colcon.colcon_core.package_identification:_identify(.) by extension 'python'
[0.293s] Level 1:colcon.colcon_core.package_identification:_identify(.) by extensions ['python_setup_py']
[0.293s] Level 1:colcon.colcon_core.package_identification:_identify(.) by extension 'python_setup_py'
[0.293s] Level 1:colcon.colcon_core.package_identification:_identify(build) by extensions ['ignore', 'ignore_ament_install']
[0.293s] Level 1:colcon.colcon_core.package_identification:_identify(build) by extension 'ignore'
[0.293s] Level 1:colcon.colcon_core.package_identification:_identify(build) ignored
[0.293s] Level 1:colcon.colcon_core.package_identification:_identify(install) by extensions ['ignore', 'ignore_ament_install']
[0.293s] Level 1:colcon.colcon_core.package_identification:_identify(install) by extension 'ignore'
[0.293s] Level 1:colcon.colcon_core.package_identification:_identify(install) ignored
[0.294s] Level 1:colcon.colcon_core.package_identification:_identify(log) by extensions ['ignore', 'ignore_ament_install']
[0.294s] Level 1:colcon.colcon_core.package_identification:_identify(log) by extension 'ignore'
[0.294s] Level 1:colcon.colcon_core.package_identification:_identify(log) ignored
[0.294s] Level 1:colcon.colcon_core.package_identification:_identify(src) by extensions ['ignore', 'ignore_ament_install']
[0.294s] Level 1:colcon.colcon_core.package_identification:_identify(src) by extension 'ignore'
[0.294s] Level 1:colcon.colcon_core.package_identification:_identify(src) by extension 'ignore_ament_install'
[0.294s] Level 1:colcon.colcon_core.package_identification:_identify(src) by extensions ['ros']
[0.294s] Level 1:colcon.colcon_core.package_identification:_identify(src) by extension 'ros'
[0.294s] Level 1:colcon.colcon_core.package_identification:_identify(src) by extensions ['cmake', 'python']
[0.294s] Level 1:colcon.colcon_core.package_identification:_identify(src) by extension 'cmake'
[0.294s] Level 1:colcon.colcon_core.package_identification:_identify(src) by extension 'python'
[0.294s] Level 1:colcon.colcon_core.package_identification:_identify(src) by extensions ['python_setup_py']
[0.294s] Level 1:colcon.colcon_core.package_identification:_identify(src) by extension 'python_setup_py'
[0.294s] Level 1:colcon.colcon_core.package_identification:_identify(src/scan_find) by extensions ['ignore', 'ignore_ament_install']
[0.294s] Level 1:colcon.colcon_core.package_identification:_identify(src/scan_find) by extension 'ignore'
[0.294s] Level 1:colcon.colcon_core.package_identification:_identify(src/scan_find) by extension 'ignore_ament_install'
[0.294s] Level 1:colcon.colcon_core.package_identification:_identify(src/scan_find) by extensions ['ros']
[0.294s] Level 1:colcon.colcon_core.package_identification:_identify(src/scan_find) by extension 'ros'
[0.296s] DEBUG:colcon.colcon_core.package_identification:Package 'src/scan_find' with type 'ros.ament_cmake' and name 'scan_find'
[0.296s] Level 1:colcon.colcon_core.package_identification:_identify(src/scan_find_py) by extensions ['ignore', 'ignore_ament_install']
[0.296s] Level 1:colcon.colcon_core.package_identification:_identify(src/scan_find_py) by extension 'ignore'
[0.296s] Level 1:colcon.colcon_core.package_identification:_identify(src/scan_find_py) by extension 'ignore_ament_install'
[0.296s] Level 1:colcon.colcon_core.package_identification:_identify(src/scan_find_py) by extensions ['ros']
[0.296s] Level 1:colcon.colcon_core.package_identification:_identify(src/scan_find_py) by extension 'ros'
[0.297s] DEBUG:colcon.colcon_core.package_identification:Package 'src/scan_find_py' with type 'ros.ament_python' and name 'scan_find_py'
[0.297s] Level 1:colcon.colcon_core.package_discovery:discover_packages(recursive) using defaults
[0.297s] Level 1:colcon.colcon_core.package_discovery:discover_packages(path) discover
[0.297s] Level 1:colcon.colcon_core.package_discovery:discover_packages(path) using defaults
[0.362s] Level 5:colcon.colcon_core.verb:set package 'scan_find' build argument 'cmake_args' from command line to 'None'
[0.362s] Level 5:colcon.colcon_core.verb:set package 'scan_find' build argument 'cmake_target' from command line to 'None'
[0.362s] Level 5:colcon.colcon_core.verb:set package 'scan_find' build argument 'cmake_target_skip_unavailable' from command line to 'False'
[0.362s] Level 5:colcon.colcon_core.verb:set package 'scan_find' build argument 'cmake_clean_cache' from command line to 'False'
[0.362s] Level 5:colcon.colcon_core.verb:set package 'scan_find' build argument 'cmake_clean_first' from command line to 'False'
[0.362s] Level 5:colcon.colcon_core.verb:set package 'scan_find' build argument 'cmake_force_configure' from command line to 'False'
[0.362s] Level 5:colcon.colcon_core.verb:set package 'scan_find' build argument 'ament_cmake_args' from command line to 'None'
[0.362s] Level 5:colcon.colcon_core.verb:set package 'scan_find' build argument 'catkin_cmake_args' from command line to 'None'
[0.362s] Level 5:colcon.colcon_core.verb:set package 'scan_find' build argument 'catkin_skip_building_tests' from command line to 'False'
[0.362s] DEBUG:colcon.colcon_core.verb:Building package 'scan_find' with the following arguments: {'ament_cmake_args': None, 'build_base': '/home/lenck/RM/base_tasks/work5/build/scan_find', 'catkin_cmake_args': None, 'catkin_skip_building_tests': False, 'cmake_args': None, 'cmake_clean_cache': False, 'cmake_clean_first': False, 'cmake_force_configure': False, 'cmake_target': None, 'cmake_target_skip_unavailable': False, 'install_base': '/home/lenck/RM/base_tasks/work5/install/scan_find', 'merge_install': False, 'path': '/home/lenck/RM/base_tasks/work5/src/scan_find', 'symlink_install': False, 'test_result_base': None}
[0.372s] Level 5:colcon.colcon_core.verb:set package 'scan_find_py' build argument 'cmake_args' from command line to 'None'
[0.373s] Level 5:colcon.colcon_core.verb:set package 'scan_find_py' build argument 'cmake_target' from command line to 'None'
[0.373s] Level 5:colcon.colcon_core.verb:set package 'scan_find_py' build argument 'cmake_target_skip_unavailable' from command line to 'False'
[0.373s] Level 5:colcon.colcon_core.verb:set package 'scan_find_py' build argument 'cmake_clean_cache' from command line to 'False'
[0.373s] Level 5:colcon.colcon_core.verb:set package 'scan_find_py' build argument 'cmake_clean_first' from command line to 'False'
[0.373s] Level 5:colcon.colcon_core.verb:set package 'scan_find_py' build argument 'cmake_force_configure' from command line to 'False'
[0.373s] Level 5:colcon.colcon_core.verb:set package 'scan_find_py' build argument 'ament_cmake_args' from command line to 'None'
[0.373s] Level 5:colcon.colcon_core.verb:set package 'scan_find_py' build argument 'catkin_cmake_args' from command line to 'None'
[0.373s] Level 5:colcon.colcon_core.verb:set package 'scan_find_py' build argument 'catkin_skip_building_tests' from command line to 'False'
[0.373s] DEBUG:colcon.colcon_core.verb:Building package 'scan_find_py' with the following arguments: {'ament_cmake_args': None, 'build_base': '/home/lenck/RM/base_tasks/work5/build/scan_find_py', 'catkin_cmake_args': None, 'catkin_skip_building_tests': False, 'cmake_args': None, 'cmake_clean_cache': False, 'cmake_clean_first': False, 'cmake_force_configure': False, 'cmake_target': None, 'cmake_target_skip_unavailable': False, 'install_base': '/home/lenck/RM/base_tasks/work5/install/scan_find_py', 'merge_install': False, 'path': '/home/lenck/RM/base_tasks/work5/src/scan_find_py', 'symlink_install': False, 'test_result_base': None}
[0.381s] INFO:colcon.colcon_core.executor:Executing jobs using 'sequential' executor
[0.390s] DEBUG:colcon.colcon_core.executor.sequential:run_until_complete 'scan_find'
[0.390s] INFO:colcon.colcon_ros.task.ament_cmake.build:Building ROS package in '/home/lenck/RM/base_tasks/work5/src/scan_find' with build type 'ament_cmake'
[0.390s] INFO:colcon.colcon_cmake.task.cmake.build:Building CMake package in '/home/lenck/RM/base_tasks/work5/src/scan_find'
[0.399s] INFO:colcon.colcon_core.plugin_system:Skipping extension 'colcon_core.shell.bat': Not used on non-Windows systems
[0.400s] DEBUG:colcon.colcon_core.shell:Skip shell extension 'dsv' for command environment
[0.436s] DEBUG:colcon.colcon_core.event_handler.log_command:Invoking command in '/home/lenck/RM/base_tasks/work5/build/scan_find': CMAKE_PREFIX_PATH=${CMAKE_PREFIX_PATH}:/home/lenck/RM/base_tasks/work5/install/scan_find_py:/opt/ros/humble /usr/bin/cmake --build /home/lenck/RM/base_tasks/work5/build/scan_find -- -j4 -l4
[9.489s] DEBUG:colcon.colcon_core.event_handler.log_command:Invoked command in '/home/lenck/RM/base_tasks/work5/build/scan_find' returned '0': CMAKE_PREFIX_PATH=${CMAKE_PREFIX_PATH}:/home/lenck/RM/base_tasks/work5/install/scan_find_py:/opt/ros/humble /usr/bin/cmake --build /home/lenck/RM/base_tasks/work5/build/scan_find -- -j4 -l4
[9.549s] DEBUG:colcon.colcon_core.event_handler.log_command:Invoking command in '/home/lenck/RM/base_tasks/work5/build/scan_find': CMAKE_PREFIX_PATH=${CMAKE_PREFIX_PATH}:/home/lenck/RM/base_tasks/work5/install/scan_find_py:/opt/ros/humble /usr/bin/cmake --install /home/lenck/RM/base_tasks/work5/build/scan_find
[9.571s] Level 1:colcon.colcon_core.environment:create_environment_scripts_only(scan_find)
[9.571s] DEBUG:colcon.colcon_core.event_handler.log_command:Invoked command in '/home/lenck/RM/base_tasks/work5/build/scan_find' returned '0': CMAKE_PREFIX_PATH=${CMAKE_PREFIX_PATH}:/home/lenck/RM/base_tasks/work5/install/scan_find_py:/opt/ros/humble /usr/bin/cmake --install /home/lenck/RM/base_tasks/work5/build/scan_find
[9.657s] Level 1:colcon.colcon_core.environment:checking '/home/lenck/RM/base_tasks/work5/install/scan_find' for CMake module files
[9.658s] Level 1:colcon.colcon_core.environment:checking '/home/lenck/RM/base_tasks/work5/install/scan_find' for CMake config files
[9.658s] Level 1:colcon.colcon_core.shell:create_environment_hook('scan_find', 'cmake_prefix_path')
[9.669s] INFO:colcon.colcon_core.shell:Creating environment descriptor '/home/lenck/RM/base_tasks/work5/install/scan_find/share/scan_find/hook/cmake_prefix_path.dsv'
[9.670s] INFO:colcon.colcon_core.shell:Creating environment hook '/home/lenck/RM/base_tasks/work5/install/scan_find/share/scan_find/hook/cmake_prefix_path.sh'
[9.672s] Level 1:colcon.colcon_core.environment:checking '/home/lenck/RM/base_tasks/work5/install/scan_find/lib'
[9.672s] Level 1:colcon.colcon_core.environment:checking '/home/lenck/RM/base_tasks/work5/install/scan_find/bin'
[9.672s] Level 1:colcon.colcon_core.environment:checking '/home/lenck/RM/base_tasks/work5/install/scan_find/lib/pkgconfig/scan_find.pc'
[9.675s] Level 1:colcon.colcon_core.environment:checking '/home/lenck/RM/base_tasks/work5/install/scan_find/lib/python3.10/site-packages'
[9.675s] Level 1:colcon.colcon_core.environment:checking '/home/lenck/RM/base_tasks/work5/install/scan_find/bin'
[9.686s] INFO:colcon.colcon_core.shell:Creating package descriptor '/home/lenck/RM/base_tasks/work5/install/scan_find/share/scan_find/package.dsv'
[9.687s] INFO:colcon.colcon_core.shell:Creating package script '/home/lenck/RM/base_tasks/work5/install/scan_find/share/scan_find/package.sh'
[9.688s] Level 1:colcon.colcon_core.environment:create_file_with_runtime_dependencies(/home/lenck/RM/base_tasks/work5/install/scan_find/share/colcon-core/packages/scan_find)
[9.724s] Level 1:colcon.colcon_core.environment:create_environment_scripts_only(scan_find)
[9.733s] Level 1:colcon.colcon_core.environment:checking '/home/lenck/RM/base_tasks/work5/install/scan_find' for CMake module files
[9.733s] Level 1:colcon.colcon_core.environment:checking '/home/lenck/RM/base_tasks/work5/install/scan_find' for CMake config files
[9.734s] Level 1:colcon.colcon_core.shell:create_environment_hook('scan_find', 'cmake_prefix_path')
[9.743s] INFO:colcon.colcon_core.shell:Creating environment descriptor '/home/lenck/RM/base_tasks/work5/install/scan_find/share/scan_find/hook/cmake_prefix_path.dsv'
[9.743s] INFO:colcon.colcon_core.shell:Creating environment hook '/home/lenck/RM/base_tasks/work5/install/scan_find/share/scan_find/hook/cmake_prefix_path.sh'
[9.744s] Level 1:colcon.colcon_core.environment:checking '/home/lenck/RM/base_tasks/work5/install/scan_find/lib'
[9.744s] Level 1:colcon.colcon_core.environment:checking '/home/lenck/RM/base_tasks/work5/install/scan_find/bin'
[9.744s] Level 1:colcon.colcon_core.environment:checking '/home/lenck/RM/base_tasks/work5/install/scan_find/lib/pkgconfig/scan_find.pc'
[9.744s] Level 1:colcon.colcon_core.environment:checking '/home/lenck/RM/base_tasks/work5/install/scan_find/lib/python3.10/site-packages'
[9.745s] Level 1:colcon.colcon_core.environment:checking '/home/lenck/RM/base_tasks/work5/install/scan_find/bin'
[9.753s] INFO:colcon.colcon_core.shell:Creating package descriptor '/home/lenck/RM/base_tasks/work5/install/scan_find/share/scan_find/package.dsv'
[9.753s] INFO:colcon.colcon_core.shell:Creating package script '/home/lenck/RM/base_tasks/work5/install/scan_find/share/scan_find/package.sh'
[9.754s] Level 1:colcon.colcon_core.environment:create_file_with_runtime_dependencies(/home/lenck/RM/base_tasks/work5/install/scan_find/share/colcon-core/packages/scan_find)
[9.754s] DEBUG:colcon.colcon_core.executor.sequential:run_until_complete 'scan_find' finished with '0'
[9.754s] DEBUG:colcon.colcon_core.executor.sequential:run_until_complete 'scan_find_py'
[9.754s] INFO:colcon.colcon_ros.task.ament_python.build:Building ROS package in '/home/lenck/RM/base_tasks/work5/src/scan_find_py' with build type 'ament_python'
[9.755s] Level 1:colcon.colcon_core.shell:create_environment_hook('scan_find_py', 'ament_prefix_path')
[9.763s] INFO:colcon.colcon_core.shell:Creating environment descriptor '/home/lenck/RM/base_tasks/work5/install/scan_find_py/share/scan_find_py/hook/ament_prefix_path.dsv'
[9.764s] INFO:colcon.colcon_core.shell:Creating environment hook '/home/lenck/RM/base_tasks/work5/install/scan_find_py/share/scan_find_py/hook/ament_prefix_path.sh'
[9.773s] DEBUG:colcon.colcon_core.shell:Skip shell extension 'dsv' for command environment
[10.149s] INFO:colcon.colcon_core.task.python.build:Building Python package in '/home/lenck/RM/base_tasks/work5/src/scan_find_py'
[10.160s] DEBUG:colcon.colcon_core.shell:Skip shell extension 'dsv' for command environment
[10.508s] DEBUG:colcon.colcon_core.event_handler.log_command:Invoking command in '/home/lenck/RM/base_tasks/work5/src/scan_find_py': PYTHONPATH=/home/lenck/RM/base_tasks/work5/build/scan_find_py/prefix_override:/home/lenck/RM/base_tasks/work5/install/scan_find_py/lib/python3.10/site-packages:${PYTHONPATH} /usr/bin/python3 setup.py egg_info --egg-base ../../build/scan_find_py build --build-base /home/lenck/RM/base_tasks/work5/build/scan_find_py/build install --record /home/lenck/RM/base_tasks/work5/build/scan_find_py/install.log --single-version-externally-managed
[10.764s] DEBUG:colcon.colcon_core.event_handler.log_command:Invoked command in '/home/lenck/RM/base_tasks/work5/src/scan_find_py' returned '0': PYTHONPATH=/home/lenck/RM/base_tasks/work5/build/scan_find_py/prefix_override:/home/lenck/RM/base_tasks/work5/install/scan_find_py/lib/python3.10/site-packages:${PYTHONPATH} /usr/bin/python3 setup.py egg_info --egg-base ../../build/scan_find_py build --build-base /home/lenck/RM/base_tasks/work5/build/scan_find_py/build install --record /home/lenck/RM/base_tasks/work5/build/scan_find_py/install.log --single-version-externally-managed
[10.777s] Level 1:colcon.colcon_core.environment:checking '/home/lenck/RM/base_tasks/work5/install/scan_find_py' for CMake module files
[10.778s] Level 1:colcon.colcon_core.environment:checking '/home/lenck/RM/base_tasks/work5/install/scan_find_py' for CMake config files
[10.778s] Level 1:colcon.colcon_core.environment:checking '/home/lenck/RM/base_tasks/work5/install/scan_find_py/lib'
[10.778s] Level 1:colcon.colcon_core.environment:checking '/home/lenck/RM/base_tasks/work5/install/scan_find_py/bin'
[10.778s] Level 1:colcon.colcon_core.environment:checking '/home/lenck/RM/base_tasks/work5/install/scan_find_py/lib/pkgconfig/scan_find_py.pc'
[10.779s] Level 1:colcon.colcon_core.environment:checking '/home/lenck/RM/base_tasks/work5/install/scan_find_py/lib/python3.10/site-packages'
[10.779s] Level 1:colcon.colcon_core.shell:create_environment_hook('scan_find_py', 'pythonpath')
[10.790s] INFO:colcon.colcon_core.shell:Creating environment descriptor '/home/lenck/RM/base_tasks/work5/install/scan_find_py/share/scan_find_py/hook/pythonpath.dsv'
[10.791s] INFO:colcon.colcon_core.shell:Creating environment hook '/home/lenck/RM/base_tasks/work5/install/scan_find_py/share/scan_find_py/hook/pythonpath.sh'
[10.793s] Level 1:colcon.colcon_core.environment:checking '/home/lenck/RM/base_tasks/work5/install/scan_find_py/bin'
[10.793s] Level 1:colcon.colcon_core.environment:create_environment_scripts_only(scan_find_py)
[10.809s] INFO:colcon.colcon_core.shell:Creating package descriptor '/home/lenck/RM/base_tasks/work5/install/scan_find_py/share/scan_find_py/package.dsv'
[10.810s] INFO:colcon.colcon_core.shell:Creating package script '/home/lenck/RM/base_tasks/work5/install/scan_find_py/share/scan_find_py/package.sh'
[10.811s] Level 1:colcon.colcon_core.environment:create_file_with_runtime_dependencies(/home/lenck/RM/base_tasks/work5/install/scan_find_py/share/colcon-core/packages/scan_find_py)
[10.812s] DEBUG:colcon.colcon_core.executor.sequential:run_until_complete 'scan_find_py' finished with '0'
[10.812s] DEBUG:colcon.colcon_core.executor.sequential:closing loop
[10.812s] DEBUG:colcon.colcon_core.executor.sequential:loop closed
[10.812s] DEBUG:colcon.colcon_core.event_reactor:joining thread
[10.813s] DEBUG:colcon.colcon_core.event_reactor:joined thread
[10.827s] INFO:colcon.colcon_core.shell:Creating prefix script '/home/lenck/RM/base_tasks/work5/install/local_setup.sh'
[10.833s] INFO:colcon.colcon_core.shell:Creating prefix util module '/home/lenck/RM/base_tasks/work5/install/_local_setup_util_sh.py'
[10.837s] INFO:colcon.colcon_core.shell:Creating prefix chain script '/home/lenck/RM/base_tasks/work5/install/setup.sh'
