[0.122s] DEBUG:colcon:Command line arguments: ['/usr/bin/colcon', 'build']
[0.122s] DEBUG:colcon:Parsed command line arguments: Namespace(log_base=None, log_level=None, verb_name='build', build_base='build', install_base='install', merge_install=False, symlink_install=False, test_result_base=None, continue_on_error=False, executor='sequential', event_handlers=None, base_paths=['.'], paths=None, cmake_args=None, cmake_target=None, cmake_target_skip_unavailable=False, cmake_clean_cache=False, cmake_clean_first=False, cmake_force_configure=False, ament_cmake_args=None, catkin_cmake_args=None, catkin_skip_building_tests=False, verb_parser=CustomArgumentParser(prog='colcon build', usage=None, description='Build a set of packages.', formatter_class=<class 'colcon_core.command.CustomFormatter'>, conflict_handler='error', add_help=True), verb_extension=<colcon_core.verb.build.BuildVerb object at 0x7f92267f7e80>, main=<bound method BuildVerb.main of <colcon_core.verb.build.BuildVerb object at 0x7f92267f7e80>>)
[0.255s] Level 1:colcon.colcon_core.package_discovery:discover_packages(recursive) check parameters
[0.255s] Level 1:colcon.colcon_core.package_discovery:discover_packages(path) check parameters
[0.255s] Level 1:colcon.colcon_core.package_discovery:discover_packages(recursive) discover
[0.255s] INFO:colcon.colcon_core.package_discovery:Crawling recursively for packages in '/home/lenck/RM/exam_tasks/work1'
[0.255s] Level 1:colcon.colcon_core.package_identification:_identify(.) by extensions ['ignore', 'ignore_ament_install']
[0.256s] Level 1:colcon.colcon_core.package_identification:_identify(.) by extension 'ignore'
[0.256s] Level 1:colcon.colcon_core.package_identification:_identify(.) by extension 'ignore_ament_install'
[0.256s] Level 1:colcon.colcon_core.package_identification:_identify(.) by extensions ['ros']
[0.256s] Level 1:colcon.colcon_core.package_identification:_identify(.) by extension 'ros'
[0.264s] Level 1:colcon.colcon_core.package_identification:_identify(.) by extensions ['cmake', 'python']
[0.265s] Level 1:colcon.colcon_core.package_identification:_identify(.) by extension 'cmake'
[0.265s] Level 1:colcon.colcon_core.package_identification:_identify(.) by extension 'python'
[0.265s] Level 1:colcon.colcon_core.package_identification:_identify(.) by extensions ['python_setup_py']
[0.265s] Level 1:colcon.colcon_core.package_identification:_identify(.) by extension 'python_setup_py'
[0.265s] Level 1:colcon.colcon_core.package_identification:_identify(build) by extensions ['ignore', 'ignore_ament_install']
[0.265s] Level 1:colcon.colcon_core.package_identification:_identify(build) by extension 'ignore'
[0.265s] Level 1:colcon.colcon_core.package_identification:_identify(build) ignored
[0.265s] Level 1:colcon.colcon_core.package_identification:_identify(install) by extensions ['ignore', 'ignore_ament_install']
[0.266s] Level 1:colcon.colcon_core.package_identification:_identify(install) by extension 'ignore'
[0.266s] Level 1:colcon.colcon_core.package_identification:_identify(install) ignored
[0.266s] Level 1:colcon.colcon_core.package_identification:_identify(log) by extensions ['ignore', 'ignore_ament_install']
[0.266s] Level 1:colcon.colcon_core.package_identification:_identify(log) by extension 'ignore'
[0.266s] Level 1:colcon.colcon_core.package_identification:_identify(log) ignored
[0.266s] Level 1:colcon.colcon_core.package_identification:_identify(src) by extensions ['ignore', 'ignore_ament_install']
[0.267s] Level 1:colcon.colcon_core.package_identification:_identify(src) by extension 'ignore'
[0.267s] Level 1:colcon.colcon_core.package_identification:_identify(src) by extension 'ignore_ament_install'
[0.267s] Level 1:colcon.colcon_core.package_identification:_identify(src) by extensions ['ros']
[0.267s] Level 1:colcon.colcon_core.package_identification:_identify(src) by extension 'ros'
[0.267s] Level 1:colcon.colcon_core.package_identification:_identify(src) by extensions ['cmake', 'python']
[0.267s] Level 1:colcon.colcon_core.package_identification:_identify(src) by extension 'cmake'
[0.267s] Level 1:colcon.colcon_core.package_identification:_identify(src) by extension 'python'
[0.267s] Level 1:colcon.colcon_core.package_identification:_identify(src) by extensions ['python_setup_py']
[0.267s] Level 1:colcon.colcon_core.package_identification:_identify(src) by extension 'python_setup_py'
[0.267s] Level 1:colcon.colcon_core.package_identification:_identify(src/show_images) by extensions ['ignore', 'ignore_ament_install']
[0.267s] Level 1:colcon.colcon_core.package_identification:_identify(src/show_images) by extension 'ignore'
[0.267s] Level 1:colcon.colcon_core.package_identification:_identify(src/show_images) by extension 'ignore_ament_install'
[0.267s] Level 1:colcon.colcon_core.package_identification:_identify(src/show_images) by extensions ['ros']
[0.268s] Level 1:colcon.colcon_core.package_identification:_identify(src/show_images) by extension 'ros'
[0.270s] DEBUG:colcon.colcon_core.package_identification:Package 'src/show_images' with type 'ros.ament_cmake' and name 'show_images'
[0.270s] Level 1:colcon.colcon_core.package_discovery:discover_packages(recursive) using defaults
[0.271s] Level 1:colcon.colcon_core.package_discovery:discover_packages(path) discover
[0.271s] Level 1:colcon.colcon_core.package_discovery:discover_packages(path) using defaults
[0.341s] Level 5:colcon.colcon_core.verb:set package 'show_images' build argument 'cmake_args' from command line to 'None'
[0.341s] Level 5:colcon.colcon_core.verb:set package 'show_images' build argument 'cmake_target' from command line to 'None'
[0.341s] Level 5:colcon.colcon_core.verb:set package 'show_images' build argument 'cmake_target_skip_unavailable' from command line to 'False'
[0.341s] Level 5:colcon.colcon_core.verb:set package 'show_images' build argument 'cmake_clean_cache' from command line to 'False'
[0.341s] Level 5:colcon.colcon_core.verb:set package 'show_images' build argument 'cmake_clean_first' from command line to 'False'
[0.341s] Level 5:colcon.colcon_core.verb:set package 'show_images' build argument 'cmake_force_configure' from command line to 'False'
[0.341s] Level 5:colcon.colcon_core.verb:set package 'show_images' build argument 'ament_cmake_args' from command line to 'None'
[0.341s] Level 5:colcon.colcon_core.verb:set package 'show_images' build argument 'catkin_cmake_args' from command line to 'None'
[0.341s] Level 5:colcon.colcon_core.verb:set package 'show_images' build argument 'catkin_skip_building_tests' from command line to 'False'
[0.341s] DEBUG:colcon.colcon_core.verb:Building package 'show_images' with the following arguments: {'ament_cmake_args': None, 'build_base': '/home/lenck/RM/exam_tasks/work1/build/show_images', 'catkin_cmake_args': None, 'catkin_skip_building_tests': False, 'cmake_args': None, 'cmake_clean_cache': False, 'cmake_clean_first': False, 'cmake_force_configure': False, 'cmake_target': None, 'cmake_target_skip_unavailable': False, 'install_base': '/home/lenck/RM/exam_tasks/work1/install/show_images', 'merge_install': False, 'path': '/home/lenck/RM/exam_tasks/work1/src/show_images', 'symlink_install': False, 'test_result_base': None}
[0.350s] INFO:colcon.colcon_core.executor:Executing jobs using 'sequential' executor
[0.360s] DEBUG:colcon.colcon_core.executor.sequential:run_until_complete 'show_images'
[0.361s] INFO:colcon.colcon_ros.task.ament_cmake.build:Building ROS package in '/home/lenck/RM/exam_tasks/work1/src/show_images' with build type 'ament_cmake'
[0.361s] INFO:colcon.colcon_cmake.task.cmake.build:Building CMake package in '/home/lenck/RM/exam_tasks/work1/src/show_images'
[0.371s] INFO:colcon.colcon_core.plugin_system:Skipping extension 'colcon_core.shell.bat': Not used on non-Windows systems
[0.371s] DEBUG:colcon.colcon_core.shell:Skip shell extension 'dsv' for command environment
[0.406s] DEBUG:colcon.colcon_core.event_handler.log_command:Invoking command in '/home/lenck/RM/exam_tasks/work1/build/show_images': CMAKE_PREFIX_PATH=${CMAKE_PREFIX_PATH}:/opt/ros/humble /usr/bin/cmake --build /home/lenck/RM/exam_tasks/work1/build/show_images -- -j4 -l4
[8.751s] DEBUG:colcon.colcon_core.event_handler.log_command:Invoked command in '/home/lenck/RM/exam_tasks/work1/build/show_images' returned '0': CMAKE_PREFIX_PATH=${CMAKE_PREFIX_PATH}:/opt/ros/humble /usr/bin/cmake --build /home/lenck/RM/exam_tasks/work1/build/show_images -- -j4 -l4
[8.792s] DEBUG:colcon.colcon_core.event_handler.log_command:Invoking command in '/home/lenck/RM/exam_tasks/work1/build/show_images': CMAKE_PREFIX_PATH=${CMAKE_PREFIX_PATH}:/opt/ros/humble /usr/bin/cmake --install /home/lenck/RM/exam_tasks/work1/build/show_images
[8.809s] Level 1:colcon.colcon_core.environment:create_environment_scripts_only(show_images)
[8.809s] DEBUG:colcon.colcon_core.event_handler.log_command:Invoked command in '/home/lenck/RM/exam_tasks/work1/build/show_images' returned '0': CMAKE_PREFIX_PATH=${CMAKE_PREFIX_PATH}:/opt/ros/humble /usr/bin/cmake --install /home/lenck/RM/exam_tasks/work1/build/show_images
[8.820s] Level 1:colcon.colcon_core.environment:checking '/home/lenck/RM/exam_tasks/work1/install/show_images' for CMake module files
[8.820s] Level 1:colcon.colcon_core.environment:checking '/home/lenck/RM/exam_tasks/work1/install/show_images' for CMake config files
[8.820s] Level 1:colcon.colcon_core.shell:create_environment_hook('show_images', 'cmake_prefix_path')
[8.831s] INFO:colcon.colcon_core.shell:Creating environment descriptor '/home/lenck/RM/exam_tasks/work1/install/show_images/share/show_images/hook/cmake_prefix_path.dsv'
[8.832s] INFO:colcon.colcon_core.shell:Creating environment hook '/home/lenck/RM/exam_tasks/work1/install/show_images/share/show_images/hook/cmake_prefix_path.sh'
[8.833s] Level 1:colcon.colcon_core.environment:checking '/home/lenck/RM/exam_tasks/work1/install/show_images/lib'
[8.833s] Level 1:colcon.colcon_core.environment:checking '/home/lenck/RM/exam_tasks/work1/install/show_images/bin'
[8.833s] Level 1:colcon.colcon_core.environment:checking '/home/lenck/RM/exam_tasks/work1/install/show_images/lib/pkgconfig/show_images.pc'
[8.834s] Level 1:colcon.colcon_core.environment:checking '/home/lenck/RM/exam_tasks/work1/install/show_images/lib/python3.10/site-packages'
[8.835s] Level 1:colcon.colcon_core.environment:checking '/home/lenck/RM/exam_tasks/work1/install/show_images/bin'
[8.845s] INFO:colcon.colcon_core.shell:Creating package descriptor '/home/lenck/RM/exam_tasks/work1/install/show_images/share/show_images/package.dsv'
[8.846s] INFO:colcon.colcon_core.shell:Creating package script '/home/lenck/RM/exam_tasks/work1/install/show_images/share/show_images/package.sh'
[8.847s] Level 1:colcon.colcon_core.environment:create_file_with_runtime_dependencies(/home/lenck/RM/exam_tasks/work1/install/show_images/share/colcon-core/packages/show_images)
[8.884s] Level 1:colcon.colcon_core.environment:create_environment_scripts_only(show_images)
[8.893s] Level 1:colcon.colcon_core.environment:checking '/home/lenck/RM/exam_tasks/work1/install/show_images' for CMake module files
[8.893s] Level 1:colcon.colcon_core.environment:checking '/home/lenck/RM/exam_tasks/work1/install/show_images' for CMake config files
[8.894s] Level 1:colcon.colcon_core.shell:create_environment_hook('show_images', 'cmake_prefix_path')
[8.901s] INFO:colcon.colcon_core.shell:Creating environment descriptor '/home/lenck/RM/exam_tasks/work1/install/show_images/share/show_images/hook/cmake_prefix_path.dsv'
[8.902s] INFO:colcon.colcon_core.shell:Creating environment hook '/home/lenck/RM/exam_tasks/work1/install/show_images/share/show_images/hook/cmake_prefix_path.sh'
[8.903s] Level 1:colcon.colcon_core.environment:checking '/home/lenck/RM/exam_tasks/work1/install/show_images/lib'
[8.903s] Level 1:colcon.colcon_core.environment:checking '/home/lenck/RM/exam_tasks/work1/install/show_images/bin'
[8.903s] Level 1:colcon.colcon_core.environment:checking '/home/lenck/RM/exam_tasks/work1/install/show_images/lib/pkgconfig/show_images.pc'
[8.904s] Level 1:colcon.colcon_core.environment:checking '/home/lenck/RM/exam_tasks/work1/install/show_images/lib/python3.10/site-packages'
[8.904s] Level 1:colcon.colcon_core.environment:checking '/home/lenck/RM/exam_tasks/work1/install/show_images/bin'
[8.913s] INFO:colcon.colcon_core.shell:Creating package descriptor '/home/lenck/RM/exam_tasks/work1/install/show_images/share/show_images/package.dsv'
[8.914s] INFO:colcon.colcon_core.shell:Creating package script '/home/lenck/RM/exam_tasks/work1/install/show_images/share/show_images/package.sh'
[8.915s] Level 1:colcon.colcon_core.environment:create_file_with_runtime_dependencies(/home/lenck/RM/exam_tasks/work1/install/show_images/share/colcon-core/packages/show_images)
[8.916s] DEBUG:colcon.colcon_core.executor.sequential:run_until_complete 'show_images' finished with '0'
[8.916s] DEBUG:colcon.colcon_core.executor.sequential:closing loop
[8.916s] DEBUG:colcon.colcon_core.executor.sequential:loop closed
[8.916s] DEBUG:colcon.colcon_core.event_reactor:joining thread
[8.916s] DEBUG:colcon.colcon_core.event_reactor:joined thread
[8.927s] INFO:colcon.colcon_core.shell:Creating prefix script '/home/lenck/RM/exam_tasks/work1/install/local_setup.sh'
[8.928s] INFO:colcon.colcon_core.shell:Creating prefix util module '/home/lenck/RM/exam_tasks/work1/install/_local_setup_util_sh.py'
[8.929s] INFO:colcon.colcon_core.shell:Creating prefix chain script '/home/lenck/RM/exam_tasks/work1/install/setup.sh'
