[0.096s] DEBUG:colcon:Command line arguments: ['/usr/bin/colcon', 'build']
[0.096s] DEBUG:colcon:Parsed command line arguments: Namespace(log_base=None, log_level=None, verb_name='build', build_base='build', install_base='install', merge_install=False, symlink_install=False, test_result_base=None, continue_on_error=False, executor='sequential', event_handlers=None, base_paths=['.'], paths=None, cmake_args=None, cmake_target=None, cmake_target_skip_unavailable=False, cmake_clean_cache=False, cmake_clean_first=False, cmake_force_configure=False, ament_cmake_args=None, catkin_cmake_args=None, catkin_skip_building_tests=False, verb_parser=CustomArgumentParser(prog='colcon build', usage=None, description='Build a set of packages.', formatter_class=<class 'colcon_core.command.CustomFormatter'>, conflict_handler='error', add_help=True), verb_extension=<colcon_core.verb.build.BuildVerb object at 0x7fbbeb5f3be0>, main=<bound method BuildVerb.main of <colcon_core.verb.build.BuildVerb object at 0x7fbbeb5f3be0>>)
[0.219s] Level 1:colcon.colcon_core.package_discovery:discover_packages(recursive) check parameters
[0.219s] Level 1:colcon.colcon_core.package_discovery:discover_packages(path) check parameters
[0.219s] Level 1:colcon.colcon_core.package_discovery:discover_packages(recursive) discover
[0.219s] INFO:colcon.colcon_core.package_discovery:Crawling recursively for packages in '/home/lenck/RM/moudles/param_communicate'
[0.219s] Level 1:colcon.colcon_core.package_identification:_identify(.) by extensions ['ignore', 'ignore_ament_install']
[0.219s] Level 1:colcon.colcon_core.package_identification:_identify(.) by extension 'ignore'
[0.219s] Level 1:colcon.colcon_core.package_identification:_identify(.) by extension 'ignore_ament_install'
[0.219s] Level 1:colcon.colcon_core.package_identification:_identify(.) by extensions ['ros']
[0.219s] Level 1:colcon.colcon_core.package_identification:_identify(.) by extension 'ros'
[0.227s] Level 1:colcon.colcon_core.package_identification:_identify(.) by extensions ['cmake', 'python']
[0.228s] Level 1:colcon.colcon_core.package_identification:_identify(.) by extension 'cmake'
[0.228s] Level 1:colcon.colcon_core.package_identification:_identify(.) by extension 'python'
[0.228s] Level 1:colcon.colcon_core.package_identification:_identify(.) by extensions ['python_setup_py']
[0.228s] Level 1:colcon.colcon_core.package_identification:_identify(.) by extension 'python_setup_py'
[0.228s] Level 1:colcon.colcon_core.package_identification:_identify(build) by extensions ['ignore', 'ignore_ament_install']
[0.228s] Level 1:colcon.colcon_core.package_identification:_identify(build) by extension 'ignore'
[0.228s] Level 1:colcon.colcon_core.package_identification:_identify(build) ignored
[0.228s] Level 1:colcon.colcon_core.package_identification:_identify(install) by extensions ['ignore', 'ignore_ament_install']
[0.228s] Level 1:colcon.colcon_core.package_identification:_identify(install) by extension 'ignore'
[0.228s] Level 1:colcon.colcon_core.package_identification:_identify(install) ignored
[0.228s] Level 1:colcon.colcon_core.package_identification:_identify(log) by extensions ['ignore', 'ignore_ament_install']
[0.228s] Level 1:colcon.colcon_core.package_identification:_identify(log) by extension 'ignore'
[0.228s] Level 1:colcon.colcon_core.package_identification:_identify(log) ignored
[0.228s] Level 1:colcon.colcon_core.package_identification:_identify(src) by extensions ['ignore', 'ignore_ament_install']
[0.228s] Level 1:colcon.colcon_core.package_identification:_identify(src) by extension 'ignore'
[0.228s] Level 1:colcon.colcon_core.package_identification:_identify(src) by extension 'ignore_ament_install'
[0.228s] Level 1:colcon.colcon_core.package_identification:_identify(src) by extensions ['ros']
[0.229s] Level 1:colcon.colcon_core.package_identification:_identify(src) by extension 'ros'
[0.229s] Level 1:colcon.colcon_core.package_identification:_identify(src) by extensions ['cmake', 'python']
[0.229s] Level 1:colcon.colcon_core.package_identification:_identify(src) by extension 'cmake'
[0.229s] Level 1:colcon.colcon_core.package_identification:_identify(src) by extension 'python'
[0.229s] Level 1:colcon.colcon_core.package_identification:_identify(src) by extensions ['python_setup_py']
[0.229s] Level 1:colcon.colcon_core.package_identification:_identify(src) by extension 'python_setup_py'
[0.229s] Level 1:colcon.colcon_core.package_identification:_identify(src/example_parameters_rclcpp) by extensions ['ignore', 'ignore_ament_install']
[0.229s] Level 1:colcon.colcon_core.package_identification:_identify(src/example_parameters_rclcpp) by extension 'ignore'
[0.229s] Level 1:colcon.colcon_core.package_identification:_identify(src/example_parameters_rclcpp) by extension 'ignore_ament_install'
[0.229s] Level 1:colcon.colcon_core.package_identification:_identify(src/example_parameters_rclcpp) by extensions ['ros']
[0.229s] Level 1:colcon.colcon_core.package_identification:_identify(src/example_parameters_rclcpp) by extension 'ros'
[0.231s] DEBUG:colcon.colcon_core.package_identification:Package 'src/example_parameters_rclcpp' with type 'ros.ament_cmake' and name 'example_parameters_rclcpp'
[0.231s] Level 1:colcon.colcon_core.package_discovery:discover_packages(recursive) using defaults
[0.231s] Level 1:colcon.colcon_core.package_discovery:discover_packages(path) discover
[0.231s] Level 1:colcon.colcon_core.package_discovery:discover_packages(path) using defaults
[0.288s] Level 5:colcon.colcon_core.verb:set package 'example_parameters_rclcpp' build argument 'cmake_args' from command line to 'None'
[0.289s] Level 5:colcon.colcon_core.verb:set package 'example_parameters_rclcpp' build argument 'cmake_target' from command line to 'None'
[0.289s] Level 5:colcon.colcon_core.verb:set package 'example_parameters_rclcpp' build argument 'cmake_target_skip_unavailable' from command line to 'False'
[0.289s] Level 5:colcon.colcon_core.verb:set package 'example_parameters_rclcpp' build argument 'cmake_clean_cache' from command line to 'False'
[0.289s] Level 5:colcon.colcon_core.verb:set package 'example_parameters_rclcpp' build argument 'cmake_clean_first' from command line to 'False'
[0.289s] Level 5:colcon.colcon_core.verb:set package 'example_parameters_rclcpp' build argument 'cmake_force_configure' from command line to 'False'
[0.289s] Level 5:colcon.colcon_core.verb:set package 'example_parameters_rclcpp' build argument 'ament_cmake_args' from command line to 'None'
[0.289s] Level 5:colcon.colcon_core.verb:set package 'example_parameters_rclcpp' build argument 'catkin_cmake_args' from command line to 'None'
[0.289s] Level 5:colcon.colcon_core.verb:set package 'example_parameters_rclcpp' build argument 'catkin_skip_building_tests' from command line to 'False'
[0.289s] DEBUG:colcon.colcon_core.verb:Building package 'example_parameters_rclcpp' with the following arguments: {'ament_cmake_args': None, 'build_base': '/home/lenck/RM/moudles/param_communicate/build/example_parameters_rclcpp', 'catkin_cmake_args': None, 'catkin_skip_building_tests': False, 'cmake_args': None, 'cmake_clean_cache': False, 'cmake_clean_first': False, 'cmake_force_configure': False, 'cmake_target': None, 'cmake_target_skip_unavailable': False, 'install_base': '/home/lenck/RM/moudles/param_communicate/install/example_parameters_rclcpp', 'merge_install': False, 'path': '/home/lenck/RM/moudles/param_communicate/src/example_parameters_rclcpp', 'symlink_install': False, 'test_result_base': None}
[0.297s] INFO:colcon.colcon_core.executor:Executing jobs using 'sequential' executor
[0.305s] DEBUG:colcon.colcon_core.executor.sequential:run_until_complete 'example_parameters_rclcpp'
[0.306s] INFO:colcon.colcon_ros.task.ament_cmake.build:Building ROS package in '/home/lenck/RM/moudles/param_communicate/src/example_parameters_rclcpp' with build type 'ament_cmake'
[0.306s] INFO:colcon.colcon_cmake.task.cmake.build:Building CMake package in '/home/lenck/RM/moudles/param_communicate/src/example_parameters_rclcpp'
[0.315s] INFO:colcon.colcon_core.plugin_system:Skipping extension 'colcon_core.shell.bat': Not used on non-Windows systems
[0.315s] DEBUG:colcon.colcon_core.shell:Skip shell extension 'dsv' for command environment
[0.339s] DEBUG:colcon.colcon_core.event_handler.log_command:Invoking command in '/home/lenck/RM/moudles/param_communicate/build/example_parameters_rclcpp': CMAKE_PREFIX_PATH=/opt/ros/humble /usr/bin/cmake --build /home/lenck/RM/moudles/param_communicate/build/example_parameters_rclcpp -- -j4 -l4
[3.239s] DEBUG:colcon.colcon_core.event_handler.log_command:Invoked command in '/home/lenck/RM/moudles/param_communicate/build/example_parameters_rclcpp' returned '0': CMAKE_PREFIX_PATH=/opt/ros/humble /usr/bin/cmake --build /home/lenck/RM/moudles/param_communicate/build/example_parameters_rclcpp -- -j4 -l4
[3.274s] DEBUG:colcon.colcon_core.event_handler.log_command:Invoking command in '/home/lenck/RM/moudles/param_communicate/build/example_parameters_rclcpp': CMAKE_PREFIX_PATH=/opt/ros/humble /usr/bin/cmake --install /home/lenck/RM/moudles/param_communicate/build/example_parameters_rclcpp
[3.285s] Level 1:colcon.colcon_core.environment:create_environment_scripts_only(example_parameters_rclcpp)
[3.286s] DEBUG:colcon.colcon_core.event_handler.log_command:Invoked command in '/home/lenck/RM/moudles/param_communicate/build/example_parameters_rclcpp' returned '0': CMAKE_PREFIX_PATH=/opt/ros/humble /usr/bin/cmake --install /home/lenck/RM/moudles/param_communicate/build/example_parameters_rclcpp
[3.315s] Level 1:colcon.colcon_core.environment:checking '/home/lenck/RM/moudles/param_communicate/install/example_parameters_rclcpp' for CMake module files
[3.316s] Level 1:colcon.colcon_core.environment:checking '/home/lenck/RM/moudles/param_communicate/install/example_parameters_rclcpp' for CMake config files
[3.316s] Level 1:colcon.colcon_core.shell:create_environment_hook('example_parameters_rclcpp', 'cmake_prefix_path')
[3.332s] INFO:colcon.colcon_core.shell:Creating environment descriptor '/home/lenck/RM/moudles/param_communicate/install/example_parameters_rclcpp/share/example_parameters_rclcpp/hook/cmake_prefix_path.dsv'
[3.333s] INFO:colcon.colcon_core.shell:Creating environment hook '/home/lenck/RM/moudles/param_communicate/install/example_parameters_rclcpp/share/example_parameters_rclcpp/hook/cmake_prefix_path.sh'
[3.334s] Level 1:colcon.colcon_core.environment:checking '/home/lenck/RM/moudles/param_communicate/install/example_parameters_rclcpp/lib'
[3.334s] Level 1:colcon.colcon_core.environment:checking '/home/lenck/RM/moudles/param_communicate/install/example_parameters_rclcpp/bin'
[3.334s] Level 1:colcon.colcon_core.environment:checking '/home/lenck/RM/moudles/param_communicate/install/example_parameters_rclcpp/lib/pkgconfig/example_parameters_rclcpp.pc'
[3.335s] Level 1:colcon.colcon_core.environment:checking '/home/lenck/RM/moudles/param_communicate/install/example_parameters_rclcpp/lib/python3.10/site-packages'
[3.336s] Level 1:colcon.colcon_core.environment:checking '/home/lenck/RM/moudles/param_communicate/install/example_parameters_rclcpp/bin'
[3.349s] INFO:colcon.colcon_core.shell:Creating package descriptor '/home/lenck/RM/moudles/param_communicate/install/example_parameters_rclcpp/share/example_parameters_rclcpp/package.dsv'
[3.350s] INFO:colcon.colcon_core.shell:Creating package script '/home/lenck/RM/moudles/param_communicate/install/example_parameters_rclcpp/share/example_parameters_rclcpp/package.sh'
[3.351s] Level 1:colcon.colcon_core.environment:create_file_with_runtime_dependencies(/home/lenck/RM/moudles/param_communicate/install/example_parameters_rclcpp/share/colcon-core/packages/example_parameters_rclcpp)
[3.384s] Level 1:colcon.colcon_core.environment:create_environment_scripts_only(example_parameters_rclcpp)
[3.393s] Level 1:colcon.colcon_core.environment:checking '/home/lenck/RM/moudles/param_communicate/install/example_parameters_rclcpp' for CMake module files
[3.394s] Level 1:colcon.colcon_core.environment:checking '/home/lenck/RM/moudles/param_communicate/install/example_parameters_rclcpp' for CMake config files
[3.394s] Level 1:colcon.colcon_core.shell:create_environment_hook('example_parameters_rclcpp', 'cmake_prefix_path')
[3.402s] INFO:colcon.colcon_core.shell:Creating environment descriptor '/home/lenck/RM/moudles/param_communicate/install/example_parameters_rclcpp/share/example_parameters_rclcpp/hook/cmake_prefix_path.dsv'
[3.403s] INFO:colcon.colcon_core.shell:Creating environment hook '/home/lenck/RM/moudles/param_communicate/install/example_parameters_rclcpp/share/example_parameters_rclcpp/hook/cmake_prefix_path.sh'
[3.404s] Level 1:colcon.colcon_core.environment:checking '/home/lenck/RM/moudles/param_communicate/install/example_parameters_rclcpp/lib'
[3.404s] Level 1:colcon.colcon_core.environment:checking '/home/lenck/RM/moudles/param_communicate/install/example_parameters_rclcpp/bin'
[3.404s] Level 1:colcon.colcon_core.environment:checking '/home/lenck/RM/moudles/param_communicate/install/example_parameters_rclcpp/lib/pkgconfig/example_parameters_rclcpp.pc'
[3.404s] Level 1:colcon.colcon_core.environment:checking '/home/lenck/RM/moudles/param_communicate/install/example_parameters_rclcpp/lib/python3.10/site-packages'
[3.404s] Level 1:colcon.colcon_core.environment:checking '/home/lenck/RM/moudles/param_communicate/install/example_parameters_rclcpp/bin'
[3.413s] INFO:colcon.colcon_core.shell:Creating package descriptor '/home/lenck/RM/moudles/param_communicate/install/example_parameters_rclcpp/share/example_parameters_rclcpp/package.dsv'
[3.414s] INFO:colcon.colcon_core.shell:Creating package script '/home/lenck/RM/moudles/param_communicate/install/example_parameters_rclcpp/share/example_parameters_rclcpp/package.sh'
[3.415s] Level 1:colcon.colcon_core.environment:create_file_with_runtime_dependencies(/home/lenck/RM/moudles/param_communicate/install/example_parameters_rclcpp/share/colcon-core/packages/example_parameters_rclcpp)
[3.415s] DEBUG:colcon.colcon_core.executor.sequential:run_until_complete 'example_parameters_rclcpp' finished with '0'
[3.415s] DEBUG:colcon.colcon_core.executor.sequential:closing loop
[3.415s] DEBUG:colcon.colcon_core.executor.sequential:loop closed
[3.416s] DEBUG:colcon.colcon_core.event_reactor:joining thread
[3.416s] DEBUG:colcon.colcon_core.event_reactor:joined thread
[3.425s] INFO:colcon.colcon_core.shell:Creating prefix script '/home/lenck/RM/moudles/param_communicate/install/local_setup.sh'
[3.426s] INFO:colcon.colcon_core.shell:Creating prefix util module '/home/lenck/RM/moudles/param_communicate/install/_local_setup_util_sh.py'
[3.427s] INFO:colcon.colcon_core.shell:Creating prefix chain script '/home/lenck/RM/moudles/param_communicate/install/setup.sh'
