[0.102s] DEBUG:colcon:Command line arguments: ['/usr/bin/colcon', 'build']
[0.102s] DEBUG:colcon:Parsed command line arguments: Namespace(log_base=None, log_level=None, verb_name='build', build_base='build', install_base='install', merge_install=False, symlink_install=False, test_result_base=None, continue_on_error=False, executor='sequential', event_handlers=None, base_paths=['.'], paths=None, cmake_args=None, cmake_target=None, cmake_target_skip_unavailable=False, cmake_clean_cache=False, cmake_clean_first=False, cmake_force_configure=False, ament_cmake_args=None, catkin_cmake_args=None, catkin_skip_building_tests=False, verb_parser=CustomArgumentParser(prog='colcon build', usage=None, description='Build a set of packages.', formatter_class=<class 'colcon_core.command.CustomFormatter'>, conflict_handler='error', add_help=True), verb_extension=<colcon_core.verb.build.BuildVerb object at 0x7fa3cbb63c10>, main=<bound method BuildVerb.main of <colcon_core.verb.build.BuildVerb object at 0x7fa3cbb63c10>>)
[0.257s] Level 1:colcon.colcon_core.package_discovery:discover_packages(recursive) check parameters
[0.257s] Level 1:colcon.colcon_core.package_discovery:discover_packages(path) check parameters
[0.257s] Level 1:colcon.colcon_core.package_discovery:discover_packages(recursive) discover
[0.257s] INFO:colcon.colcon_core.package_discovery:Crawling recursively for packages in '/home/lenck/RM/moudles/Service'
[0.257s] Level 1:colcon.colcon_core.package_identification:_identify(.) by extensions ['ignore', 'ignore_ament_install']
[0.257s] Level 1:colcon.colcon_core.package_identification:_identify(.) by extension 'ignore'
[0.257s] Level 1:colcon.colcon_core.package_identification:_identify(.) by extension 'ignore_ament_install'
[0.257s] Level 1:colcon.colcon_core.package_identification:_identify(.) by extensions ['ros']
[0.257s] Level 1:colcon.colcon_core.package_identification:_identify(.) by extension 'ros'
[0.270s] Level 1:colcon.colcon_core.package_identification:_identify(.) by extensions ['cmake', 'python']
[0.270s] Level 1:colcon.colcon_core.package_identification:_identify(.) by extension 'cmake'
[0.270s] Level 1:colcon.colcon_core.package_identification:_identify(.) by extension 'python'
[0.270s] Level 1:colcon.colcon_core.package_identification:_identify(.) by extensions ['python_setup_py']
[0.270s] Level 1:colcon.colcon_core.package_identification:_identify(.) by extension 'python_setup_py'
[0.270s] Level 1:colcon.colcon_core.package_identification:_identify(build) by extensions ['ignore', 'ignore_ament_install']
[0.271s] Level 1:colcon.colcon_core.package_identification:_identify(build) by extension 'ignore'
[0.271s] Level 1:colcon.colcon_core.package_identification:_identify(build) ignored
[0.271s] Level 1:colcon.colcon_core.package_identification:_identify(install) by extensions ['ignore', 'ignore_ament_install']
[0.271s] Level 1:colcon.colcon_core.package_identification:_identify(install) by extension 'ignore'
[0.271s] Level 1:colcon.colcon_core.package_identification:_identify(install) ignored
[0.271s] Level 1:colcon.colcon_core.package_identification:_identify(log) by extensions ['ignore', 'ignore_ament_install']
[0.271s] Level 1:colcon.colcon_core.package_identification:_identify(log) by extension 'ignore'
[0.271s] Level 1:colcon.colcon_core.package_identification:_identify(log) ignored
[0.271s] Level 1:colcon.colcon_core.package_identification:_identify(src) by extensions ['ignore', 'ignore_ament_install']
[0.271s] Level 1:colcon.colcon_core.package_identification:_identify(src) by extension 'ignore'
[0.271s] Level 1:colcon.colcon_core.package_identification:_identify(src) by extension 'ignore_ament_install'
[0.271s] Level 1:colcon.colcon_core.package_identification:_identify(src) by extensions ['ros']
[0.271s] Level 1:colcon.colcon_core.package_identification:_identify(src) by extension 'ros'
[0.271s] Level 1:colcon.colcon_core.package_identification:_identify(src) by extensions ['cmake', 'python']
[0.271s] Level 1:colcon.colcon_core.package_identification:_identify(src) by extension 'cmake'
[0.271s] Level 1:colcon.colcon_core.package_identification:_identify(src) by extension 'python'
[0.271s] Level 1:colcon.colcon_core.package_identification:_identify(src) by extensions ['python_setup_py']
[0.271s] Level 1:colcon.colcon_core.package_identification:_identify(src) by extension 'python_setup_py'
[0.271s] Level 1:colcon.colcon_core.package_identification:_identify(src/example_service_rclcpp) by extensions ['ignore', 'ignore_ament_install']
[0.271s] Level 1:colcon.colcon_core.package_identification:_identify(src/example_service_rclcpp) by extension 'ignore'
[0.271s] Level 1:colcon.colcon_core.package_identification:_identify(src/example_service_rclcpp) by extension 'ignore_ament_install'
[0.271s] Level 1:colcon.colcon_core.package_identification:_identify(src/example_service_rclcpp) by extensions ['ros']
[0.272s] Level 1:colcon.colcon_core.package_identification:_identify(src/example_service_rclcpp) by extension 'ros'
[0.275s] DEBUG:colcon.colcon_core.package_identification:Package 'src/example_service_rclcpp' with type 'ros.ament_cmake' and name 'example_service_rclcpp'
[0.275s] Level 1:colcon.colcon_core.package_discovery:discover_packages(recursive) using defaults
[0.275s] Level 1:colcon.colcon_core.package_discovery:discover_packages(path) discover
[0.275s] Level 1:colcon.colcon_core.package_discovery:discover_packages(path) using defaults
[0.343s] Level 5:colcon.colcon_core.verb:set package 'example_service_rclcpp' build argument 'cmake_args' from command line to 'None'
[0.343s] Level 5:colcon.colcon_core.verb:set package 'example_service_rclcpp' build argument 'cmake_target' from command line to 'None'
[0.343s] Level 5:colcon.colcon_core.verb:set package 'example_service_rclcpp' build argument 'cmake_target_skip_unavailable' from command line to 'False'
[0.343s] Level 5:colcon.colcon_core.verb:set package 'example_service_rclcpp' build argument 'cmake_clean_cache' from command line to 'False'
[0.343s] Level 5:colcon.colcon_core.verb:set package 'example_service_rclcpp' build argument 'cmake_clean_first' from command line to 'False'
[0.343s] Level 5:colcon.colcon_core.verb:set package 'example_service_rclcpp' build argument 'cmake_force_configure' from command line to 'False'
[0.343s] Level 5:colcon.colcon_core.verb:set package 'example_service_rclcpp' build argument 'ament_cmake_args' from command line to 'None'
[0.343s] Level 5:colcon.colcon_core.verb:set package 'example_service_rclcpp' build argument 'catkin_cmake_args' from command line to 'None'
[0.343s] Level 5:colcon.colcon_core.verb:set package 'example_service_rclcpp' build argument 'catkin_skip_building_tests' from command line to 'False'
[0.343s] DEBUG:colcon.colcon_core.verb:Building package 'example_service_rclcpp' with the following arguments: {'ament_cmake_args': None, 'build_base': '/home/lenck/RM/moudles/Service/build/example_service_rclcpp', 'catkin_cmake_args': None, 'catkin_skip_building_tests': False, 'cmake_args': None, 'cmake_clean_cache': False, 'cmake_clean_first': False, 'cmake_force_configure': False, 'cmake_target': None, 'cmake_target_skip_unavailable': False, 'install_base': '/home/lenck/RM/moudles/Service/install/example_service_rclcpp', 'merge_install': False, 'path': '/home/lenck/RM/moudles/Service/src/example_service_rclcpp', 'symlink_install': False, 'test_result_base': None}
[0.351s] INFO:colcon.colcon_core.executor:Executing jobs using 'sequential' executor
[0.359s] DEBUG:colcon.colcon_core.executor.sequential:run_until_complete 'example_service_rclcpp'
[0.360s] INFO:colcon.colcon_ros.task.ament_cmake.build:Building ROS package in '/home/lenck/RM/moudles/Service/src/example_service_rclcpp' with build type 'ament_cmake'
[0.360s] INFO:colcon.colcon_cmake.task.cmake.build:Building CMake package in '/home/lenck/RM/moudles/Service/src/example_service_rclcpp'
[0.370s] INFO:colcon.colcon_core.plugin_system:Skipping extension 'colcon_core.shell.bat': Not used on non-Windows systems
[0.370s] DEBUG:colcon.colcon_core.shell:Skip shell extension 'dsv' for command environment
[0.405s] DEBUG:colcon.colcon_core.event_handler.log_command:Invoking command in '/home/lenck/RM/moudles/Service/build/example_service_rclcpp': CMAKE_PREFIX_PATH=/opt/ros/humble /usr/bin/cmake /home/lenck/RM/moudles/Service/src/example_service_rclcpp -DCMAKE_INSTALL_PREFIX=/home/lenck/RM/moudles/Service/install/example_service_rclcpp
[2.581s] DEBUG:colcon.colcon_core.event_handler.log_command:Invoked command in '/home/lenck/RM/moudles/Service/build/example_service_rclcpp' returned '0': CMAKE_PREFIX_PATH=/opt/ros/humble /usr/bin/cmake /home/lenck/RM/moudles/Service/src/example_service_rclcpp -DCMAKE_INSTALL_PREFIX=/home/lenck/RM/moudles/Service/install/example_service_rclcpp
[2.583s] DEBUG:colcon.colcon_core.event_handler.log_command:Invoking command in '/home/lenck/RM/moudles/Service/build/example_service_rclcpp': CMAKE_PREFIX_PATH=/opt/ros/humble /usr/bin/cmake --build /home/lenck/RM/moudles/Service/build/example_service_rclcpp -- -j4 -l4
[6.124s] DEBUG:colcon.colcon_core.event_handler.log_command:Invoked command in '/home/lenck/RM/moudles/Service/build/example_service_rclcpp' returned '0': CMAKE_PREFIX_PATH=/opt/ros/humble /usr/bin/cmake --build /home/lenck/RM/moudles/Service/build/example_service_rclcpp -- -j4 -l4
[6.190s] DEBUG:colcon.colcon_core.event_handler.log_command:Invoking command in '/home/lenck/RM/moudles/Service/build/example_service_rclcpp': CMAKE_PREFIX_PATH=/opt/ros/humble /usr/bin/cmake --install /home/lenck/RM/moudles/Service/build/example_service_rclcpp
[6.217s] Level 1:colcon.colcon_core.environment:create_environment_scripts_only(example_service_rclcpp)
[6.217s] DEBUG:colcon.colcon_core.event_handler.log_command:Invoked command in '/home/lenck/RM/moudles/Service/build/example_service_rclcpp' returned '0': CMAKE_PREFIX_PATH=/opt/ros/humble /usr/bin/cmake --install /home/lenck/RM/moudles/Service/build/example_service_rclcpp
[6.246s] Level 1:colcon.colcon_core.environment:checking '/home/lenck/RM/moudles/Service/install/example_service_rclcpp' for CMake module files
[6.246s] Level 1:colcon.colcon_core.environment:checking '/home/lenck/RM/moudles/Service/install/example_service_rclcpp' for CMake config files
[6.246s] Level 1:colcon.colcon_core.shell:create_environment_hook('example_service_rclcpp', 'cmake_prefix_path')
[6.259s] INFO:colcon.colcon_core.shell:Creating environment descriptor '/home/lenck/RM/moudles/Service/install/example_service_rclcpp/share/example_service_rclcpp/hook/cmake_prefix_path.dsv'
[6.262s] INFO:colcon.colcon_core.shell:Creating environment hook '/home/lenck/RM/moudles/Service/install/example_service_rclcpp/share/example_service_rclcpp/hook/cmake_prefix_path.sh'
[6.267s] Level 1:colcon.colcon_core.environment:checking '/home/lenck/RM/moudles/Service/install/example_service_rclcpp/lib'
[6.267s] Level 1:colcon.colcon_core.environment:checking '/home/lenck/RM/moudles/Service/install/example_service_rclcpp/bin'
[6.267s] Level 1:colcon.colcon_core.environment:checking '/home/lenck/RM/moudles/Service/install/example_service_rclcpp/lib/pkgconfig/example_service_rclcpp.pc'
[6.268s] Level 1:colcon.colcon_core.environment:checking '/home/lenck/RM/moudles/Service/install/example_service_rclcpp/lib/python3.10/site-packages'
[6.268s] Level 1:colcon.colcon_core.environment:checking '/home/lenck/RM/moudles/Service/install/example_service_rclcpp/bin'
[6.281s] INFO:colcon.colcon_core.shell:Creating package descriptor '/home/lenck/RM/moudles/Service/install/example_service_rclcpp/share/example_service_rclcpp/package.dsv'
[6.282s] INFO:colcon.colcon_core.shell:Creating package script '/home/lenck/RM/moudles/Service/install/example_service_rclcpp/share/example_service_rclcpp/package.sh'
[6.283s] Level 1:colcon.colcon_core.environment:create_file_with_runtime_dependencies(/home/lenck/RM/moudles/Service/install/example_service_rclcpp/share/colcon-core/packages/example_service_rclcpp)
[6.345s] Level 1:colcon.colcon_core.environment:create_environment_scripts_only(example_service_rclcpp)
[6.362s] Level 1:colcon.colcon_core.environment:checking '/home/lenck/RM/moudles/Service/install/example_service_rclcpp' for CMake module files
[6.363s] Level 1:colcon.colcon_core.environment:checking '/home/lenck/RM/moudles/Service/install/example_service_rclcpp' for CMake config files
[6.363s] Level 1:colcon.colcon_core.shell:create_environment_hook('example_service_rclcpp', 'cmake_prefix_path')
[6.380s] INFO:colcon.colcon_core.shell:Creating environment descriptor '/home/lenck/RM/moudles/Service/install/example_service_rclcpp/share/example_service_rclcpp/hook/cmake_prefix_path.dsv'
[6.381s] INFO:colcon.colcon_core.shell:Creating environment hook '/home/lenck/RM/moudles/Service/install/example_service_rclcpp/share/example_service_rclcpp/hook/cmake_prefix_path.sh'
[6.382s] Level 1:colcon.colcon_core.environment:checking '/home/lenck/RM/moudles/Service/install/example_service_rclcpp/lib'
[6.382s] Level 1:colcon.colcon_core.environment:checking '/home/lenck/RM/moudles/Service/install/example_service_rclcpp/bin'
[6.382s] Level 1:colcon.colcon_core.environment:checking '/home/lenck/RM/moudles/Service/install/example_service_rclcpp/lib/pkgconfig/example_service_rclcpp.pc'
[6.383s] Level 1:colcon.colcon_core.environment:checking '/home/lenck/RM/moudles/Service/install/example_service_rclcpp/lib/python3.10/site-packages'
[6.383s] Level 1:colcon.colcon_core.environment:checking '/home/lenck/RM/moudles/Service/install/example_service_rclcpp/bin'
[6.397s] INFO:colcon.colcon_core.shell:Creating package descriptor '/home/lenck/RM/moudles/Service/install/example_service_rclcpp/share/example_service_rclcpp/package.dsv'
[6.398s] INFO:colcon.colcon_core.shell:Creating package script '/home/lenck/RM/moudles/Service/install/example_service_rclcpp/share/example_service_rclcpp/package.sh'
[6.398s] Level 1:colcon.colcon_core.environment:create_file_with_runtime_dependencies(/home/lenck/RM/moudles/Service/install/example_service_rclcpp/share/colcon-core/packages/example_service_rclcpp)
[6.399s] DEBUG:colcon.colcon_core.executor.sequential:run_until_complete 'example_service_rclcpp' finished with '0'
[6.399s] DEBUG:colcon.colcon_core.executor.sequential:closing loop
[6.399s] DEBUG:colcon.colcon_core.executor.sequential:loop closed
[6.399s] DEBUG:colcon.colcon_core.event_reactor:joining thread
[6.399s] DEBUG:colcon.colcon_core.event_reactor:joined thread
[6.408s] INFO:colcon.colcon_core.shell:Creating prefix script '/home/lenck/RM/moudles/Service/install/local_setup.sh'
[6.409s] INFO:colcon.colcon_core.shell:Creating prefix util module '/home/lenck/RM/moudles/Service/install/_local_setup_util_sh.py'
[6.410s] INFO:colcon.colcon_core.shell:Creating prefix chain script '/home/lenck/RM/moudles/Service/install/setup.sh'
