[0.216s] DEBUG:colcon:Command line arguments: ['/usr/bin/colcon', 'build']
[0.216s] DEBUG:colcon:Parsed command line arguments: Namespace(log_base=None, log_level=None, verb_name='build', build_base='build', install_base='install', merge_install=False, symlink_install=False, test_result_base=None, continue_on_error=False, executor='sequential', event_handlers=None, base_paths=['.'], paths=None, cmake_args=None, cmake_target=None, cmake_target_skip_unavailable=False, cmake_clean_cache=False, cmake_clean_first=False, cmake_force_configure=False, ament_cmake_args=None, catkin_cmake_args=None, catkin_skip_building_tests=False, verb_parser=CustomArgumentParser(prog='colcon build', usage=None, description='Build a set of packages.', formatter_class=<class 'colcon_core.command.CustomFormatter'>, conflict_handler='error', add_help=True), verb_extension=<colcon_core.verb.build.BuildVerb object at 0x7f427bbe3970>, main=<bound method BuildVerb.main of <colcon_core.verb.build.BuildVerb object at 0x7f427bbe3970>>)
[0.449s] Level 1:colcon.colcon_core.package_discovery:discover_packages(recursive) check parameters
[0.450s] Level 1:colcon.colcon_core.package_discovery:discover_packages(path) check parameters
[0.450s] Level 1:colcon.colcon_core.package_discovery:discover_packages(recursive) discover
[0.450s] INFO:colcon.colcon_core.package_discovery:Crawling recursively for packages in '/home/lenck/RM/moudles/Action'
[0.450s] Level 1:colcon.colcon_core.package_identification:_identify(.) by extensions ['ignore', 'ignore_ament_install']
[0.450s] Level 1:colcon.colcon_core.package_identification:_identify(.) by extension 'ignore'
[0.450s] Level 1:colcon.colcon_core.package_identification:_identify(.) by extension 'ignore_ament_install'
[0.450s] Level 1:colcon.colcon_core.package_identification:_identify(.) by extensions ['ros']
[0.450s] Level 1:colcon.colcon_core.package_identification:_identify(.) by extension 'ros'
[0.464s] Level 1:colcon.colcon_core.package_identification:_identify(.) by extensions ['cmake', 'python']
[0.464s] Level 1:colcon.colcon_core.package_identification:_identify(.) by extension 'cmake'
[0.464s] Level 1:colcon.colcon_core.package_identification:_identify(.) by extension 'python'
[0.464s] Level 1:colcon.colcon_core.package_identification:_identify(.) by extensions ['python_setup_py']
[0.464s] Level 1:colcon.colcon_core.package_identification:_identify(.) by extension 'python_setup_py'
[0.464s] Level 1:colcon.colcon_core.package_identification:_identify(build) by extensions ['ignore', 'ignore_ament_install']
[0.464s] Level 1:colcon.colcon_core.package_identification:_identify(build) by extension 'ignore'
[0.464s] Level 1:colcon.colcon_core.package_identification:_identify(build) ignored
[0.465s] Level 1:colcon.colcon_core.package_identification:_identify(install) by extensions ['ignore', 'ignore_ament_install']
[0.465s] Level 1:colcon.colcon_core.package_identification:_identify(install) by extension 'ignore'
[0.465s] Level 1:colcon.colcon_core.package_identification:_identify(install) ignored
[0.465s] Level 1:colcon.colcon_core.package_identification:_identify(log) by extensions ['ignore', 'ignore_ament_install']
[0.465s] Level 1:colcon.colcon_core.package_identification:_identify(log) by extension 'ignore'
[0.465s] Level 1:colcon.colcon_core.package_identification:_identify(log) ignored
[0.465s] Level 1:colcon.colcon_core.package_identification:_identify(src) by extensions ['ignore', 'ignore_ament_install']
[0.465s] Level 1:colcon.colcon_core.package_identification:_identify(src) by extension 'ignore'
[0.465s] Level 1:colcon.colcon_core.package_identification:_identify(src) by extension 'ignore_ament_install'
[0.465s] Level 1:colcon.colcon_core.package_identification:_identify(src) by extensions ['ros']
[0.465s] Level 1:colcon.colcon_core.package_identification:_identify(src) by extension 'ros'
[0.465s] Level 1:colcon.colcon_core.package_identification:_identify(src) by extensions ['cmake', 'python']
[0.465s] Level 1:colcon.colcon_core.package_identification:_identify(src) by extension 'cmake'
[0.465s] Level 1:colcon.colcon_core.package_identification:_identify(src) by extension 'python'
[0.465s] Level 1:colcon.colcon_core.package_identification:_identify(src) by extensions ['python_setup_py']
[0.465s] Level 1:colcon.colcon_core.package_identification:_identify(src) by extension 'python_setup_py'
[0.465s] Level 1:colcon.colcon_core.package_identification:_identify(src/example_action_rclcpp) by extensions ['ignore', 'ignore_ament_install']
[0.465s] Level 1:colcon.colcon_core.package_identification:_identify(src/example_action_rclcpp) by extension 'ignore'
[0.465s] Level 1:colcon.colcon_core.package_identification:_identify(src/example_action_rclcpp) by extension 'ignore_ament_install'
[0.465s] Level 1:colcon.colcon_core.package_identification:_identify(src/example_action_rclcpp) by extensions ['ros']
[0.465s] Level 1:colcon.colcon_core.package_identification:_identify(src/example_action_rclcpp) by extension 'ros'
[0.471s] DEBUG:colcon.colcon_core.package_identification:Package 'src/example_action_rclcpp' with type 'ros.ament_cmake' and name 'example_action_rclcpp'
[0.471s] Level 1:colcon.colcon_core.package_identification:_identify(src/robot_control_interfaces) by extensions ['ignore', 'ignore_ament_install']
[0.471s] Level 1:colcon.colcon_core.package_identification:_identify(src/robot_control_interfaces) by extension 'ignore'
[0.471s] Level 1:colcon.colcon_core.package_identification:_identify(src/robot_control_interfaces) by extension 'ignore_ament_install'
[0.471s] Level 1:colcon.colcon_core.package_identification:_identify(src/robot_control_interfaces) by extensions ['ros']
[0.471s] Level 1:colcon.colcon_core.package_identification:_identify(src/robot_control_interfaces) by extension 'ros'
[0.472s] DEBUG:colcon.colcon_core.package_identification:Package 'src/robot_control_interfaces' with type 'ros.ament_cmake' and name 'robot_control_interfaces'
[0.472s] Level 1:colcon.colcon_core.package_discovery:discover_packages(recursive) using defaults
[0.472s] Level 1:colcon.colcon_core.package_discovery:discover_packages(path) discover
[0.472s] Level 1:colcon.colcon_core.package_discovery:discover_packages(path) using defaults
[0.561s] Level 5:colcon.colcon_core.verb:set package 'robot_control_interfaces' build argument 'cmake_args' from command line to 'None'
[0.561s] Level 5:colcon.colcon_core.verb:set package 'robot_control_interfaces' build argument 'cmake_target' from command line to 'None'
[0.561s] Level 5:colcon.colcon_core.verb:set package 'robot_control_interfaces' build argument 'cmake_target_skip_unavailable' from command line to 'False'
[0.561s] Level 5:colcon.colcon_core.verb:set package 'robot_control_interfaces' build argument 'cmake_clean_cache' from command line to 'False'
[0.561s] Level 5:colcon.colcon_core.verb:set package 'robot_control_interfaces' build argument 'cmake_clean_first' from command line to 'False'
[0.561s] Level 5:colcon.colcon_core.verb:set package 'robot_control_interfaces' build argument 'cmake_force_configure' from command line to 'False'
[0.561s] Level 5:colcon.colcon_core.verb:set package 'robot_control_interfaces' build argument 'ament_cmake_args' from command line to 'None'
[0.561s] Level 5:colcon.colcon_core.verb:set package 'robot_control_interfaces' build argument 'catkin_cmake_args' from command line to 'None'
[0.561s] Level 5:colcon.colcon_core.verb:set package 'robot_control_interfaces' build argument 'catkin_skip_building_tests' from command line to 'False'
[0.561s] DEBUG:colcon.colcon_core.verb:Building package 'robot_control_interfaces' with the following arguments: {'ament_cmake_args': None, 'build_base': '/home/lenck/RM/moudles/Action/build/robot_control_interfaces', 'catkin_cmake_args': None, 'catkin_skip_building_tests': False, 'cmake_args': None, 'cmake_clean_cache': False, 'cmake_clean_first': False, 'cmake_force_configure': False, 'cmake_target': None, 'cmake_target_skip_unavailable': False, 'install_base': '/home/lenck/RM/moudles/Action/install/robot_control_interfaces', 'merge_install': False, 'path': '/home/lenck/RM/moudles/Action/src/robot_control_interfaces', 'symlink_install': False, 'test_result_base': None}
[0.569s] Level 5:colcon.colcon_core.verb:set package 'example_action_rclcpp' build argument 'cmake_args' from command line to 'None'
[0.569s] Level 5:colcon.colcon_core.verb:set package 'example_action_rclcpp' build argument 'cmake_target' from command line to 'None'
[0.569s] Level 5:colcon.colcon_core.verb:set package 'example_action_rclcpp' build argument 'cmake_target_skip_unavailable' from command line to 'False'
[0.569s] Level 5:colcon.colcon_core.verb:set package 'example_action_rclcpp' build argument 'cmake_clean_cache' from command line to 'False'
[0.569s] Level 5:colcon.colcon_core.verb:set package 'example_action_rclcpp' build argument 'cmake_clean_first' from command line to 'False'
[0.569s] Level 5:colcon.colcon_core.verb:set package 'example_action_rclcpp' build argument 'cmake_force_configure' from command line to 'False'
[0.569s] Level 5:colcon.colcon_core.verb:set package 'example_action_rclcpp' build argument 'ament_cmake_args' from command line to 'None'
[0.569s] Level 5:colcon.colcon_core.verb:set package 'example_action_rclcpp' build argument 'catkin_cmake_args' from command line to 'None'
[0.569s] Level 5:colcon.colcon_core.verb:set package 'example_action_rclcpp' build argument 'catkin_skip_building_tests' from command line to 'False'
[0.569s] DEBUG:colcon.colcon_core.verb:Building package 'example_action_rclcpp' with the following arguments: {'ament_cmake_args': None, 'build_base': '/home/lenck/RM/moudles/Action/build/example_action_rclcpp', 'catkin_cmake_args': None, 'catkin_skip_building_tests': False, 'cmake_args': None, 'cmake_clean_cache': False, 'cmake_clean_first': False, 'cmake_force_configure': False, 'cmake_target': None, 'cmake_target_skip_unavailable': False, 'install_base': '/home/lenck/RM/moudles/Action/install/example_action_rclcpp', 'merge_install': False, 'path': '/home/lenck/RM/moudles/Action/src/example_action_rclcpp', 'symlink_install': False, 'test_result_base': None}
[0.577s] INFO:colcon.colcon_core.executor:Executing jobs using 'sequential' executor
[0.585s] DEBUG:colcon.colcon_core.executor.sequential:run_until_complete 'robot_control_interfaces'
[0.585s] INFO:colcon.colcon_ros.task.ament_cmake.build:Building ROS package in '/home/lenck/RM/moudles/Action/src/robot_control_interfaces' with build type 'ament_cmake'
[0.585s] INFO:colcon.colcon_cmake.task.cmake.build:Building CMake package in '/home/lenck/RM/moudles/Action/src/robot_control_interfaces'
[0.595s] INFO:colcon.colcon_core.plugin_system:Skipping extension 'colcon_core.shell.bat': Not used on non-Windows systems
[0.595s] DEBUG:colcon.colcon_core.shell:Skip shell extension 'dsv' for command environment
[0.633s] DEBUG:colcon.colcon_core.event_handler.log_command:Invoking command in '/home/lenck/RM/moudles/Action/build/robot_control_interfaces': CMAKE_PREFIX_PATH=/opt/ros/humble /usr/bin/cmake --build /home/lenck/RM/moudles/Action/build/robot_control_interfaces -- -j4 -l4
[2.058s] DEBUG:colcon.colcon_core.event_handler.log_command:Invoked command in '/home/lenck/RM/moudles/Action/build/robot_control_interfaces' returned '0': CMAKE_PREFIX_PATH=/opt/ros/humble /usr/bin/cmake --build /home/lenck/RM/moudles/Action/build/robot_control_interfaces -- -j4 -l4
[2.134s] DEBUG:colcon.colcon_core.event_handler.log_command:Invoking command in '/home/lenck/RM/moudles/Action/build/robot_control_interfaces': CMAKE_PREFIX_PATH=/opt/ros/humble /usr/bin/cmake --install /home/lenck/RM/moudles/Action/build/robot_control_interfaces
[2.220s] Level 1:colcon.colcon_core.environment:create_environment_scripts_only(robot_control_interfaces)
[2.221s] DEBUG:colcon.colcon_core.event_handler.log_command:Invoked command in '/home/lenck/RM/moudles/Action/build/robot_control_interfaces' returned '0': CMAKE_PREFIX_PATH=/opt/ros/humble /usr/bin/cmake --install /home/lenck/RM/moudles/Action/build/robot_control_interfaces
[2.235s] Level 1:colcon.colcon_core.environment:checking '/home/lenck/RM/moudles/Action/install/robot_control_interfaces' for CMake module files
[2.235s] Level 1:colcon.colcon_core.environment:checking '/home/lenck/RM/moudles/Action/install/robot_control_interfaces' for CMake config files
[2.235s] Level 1:colcon.colcon_core.shell:create_environment_hook('robot_control_interfaces', 'cmake_prefix_path')
[2.245s] INFO:colcon.colcon_core.shell:Creating environment descriptor '/home/lenck/RM/moudles/Action/install/robot_control_interfaces/share/robot_control_interfaces/hook/cmake_prefix_path.dsv'
[2.246s] INFO:colcon.colcon_core.shell:Creating environment hook '/home/lenck/RM/moudles/Action/install/robot_control_interfaces/share/robot_control_interfaces/hook/cmake_prefix_path.sh'
[2.248s] Level 1:colcon.colcon_core.environment:checking '/home/lenck/RM/moudles/Action/install/robot_control_interfaces/lib'
[2.249s] Level 1:colcon.colcon_core.shell:create_environment_hook('robot_control_interfaces', 'ld_library_path_lib')
[2.259s] INFO:colcon.colcon_core.shell:Creating environment descriptor '/home/lenck/RM/moudles/Action/install/robot_control_interfaces/share/robot_control_interfaces/hook/ld_library_path_lib.dsv'
[2.259s] INFO:colcon.colcon_core.shell:Creating environment hook '/home/lenck/RM/moudles/Action/install/robot_control_interfaces/share/robot_control_interfaces/hook/ld_library_path_lib.sh'
[2.260s] Level 1:colcon.colcon_core.environment:checking '/home/lenck/RM/moudles/Action/install/robot_control_interfaces/bin'
[2.260s] Level 1:colcon.colcon_core.environment:checking '/home/lenck/RM/moudles/Action/install/robot_control_interfaces/lib/pkgconfig/robot_control_interfaces.pc'
[2.261s] Level 1:colcon.colcon_core.environment:checking '/home/lenck/RM/moudles/Action/install/robot_control_interfaces/lib/python3.10/site-packages'
[2.261s] Level 1:colcon.colcon_core.environment:checking '/home/lenck/RM/moudles/Action/install/robot_control_interfaces/bin'
[2.269s] INFO:colcon.colcon_core.shell:Creating package descriptor '/home/lenck/RM/moudles/Action/install/robot_control_interfaces/share/robot_control_interfaces/package.dsv'
[2.270s] INFO:colcon.colcon_core.shell:Creating package script '/home/lenck/RM/moudles/Action/install/robot_control_interfaces/share/robot_control_interfaces/package.sh'
[2.270s] Level 1:colcon.colcon_core.environment:create_file_with_runtime_dependencies(/home/lenck/RM/moudles/Action/install/robot_control_interfaces/share/colcon-core/packages/robot_control_interfaces)
[2.344s] Level 1:colcon.colcon_core.environment:create_environment_scripts_only(robot_control_interfaces)
[2.354s] Level 1:colcon.colcon_core.environment:checking '/home/lenck/RM/moudles/Action/install/robot_control_interfaces' for CMake module files
[2.354s] Level 1:colcon.colcon_core.environment:checking '/home/lenck/RM/moudles/Action/install/robot_control_interfaces' for CMake config files
[2.355s] Level 1:colcon.colcon_core.shell:create_environment_hook('robot_control_interfaces', 'cmake_prefix_path')
[2.362s] INFO:colcon.colcon_core.shell:Creating environment descriptor '/home/lenck/RM/moudles/Action/install/robot_control_interfaces/share/robot_control_interfaces/hook/cmake_prefix_path.dsv'
[2.363s] INFO:colcon.colcon_core.shell:Creating environment hook '/home/lenck/RM/moudles/Action/install/robot_control_interfaces/share/robot_control_interfaces/hook/cmake_prefix_path.sh'
[2.363s] Level 1:colcon.colcon_core.environment:checking '/home/lenck/RM/moudles/Action/install/robot_control_interfaces/lib'
[2.363s] Level 1:colcon.colcon_core.shell:create_environment_hook('robot_control_interfaces', 'ld_library_path_lib')
[2.371s] INFO:colcon.colcon_core.shell:Creating environment descriptor '/home/lenck/RM/moudles/Action/install/robot_control_interfaces/share/robot_control_interfaces/hook/ld_library_path_lib.dsv'
[2.372s] INFO:colcon.colcon_core.shell:Creating environment hook '/home/lenck/RM/moudles/Action/install/robot_control_interfaces/share/robot_control_interfaces/hook/ld_library_path_lib.sh'
[2.372s] Level 1:colcon.colcon_core.environment:checking '/home/lenck/RM/moudles/Action/install/robot_control_interfaces/bin'
[2.372s] Level 1:colcon.colcon_core.environment:checking '/home/lenck/RM/moudles/Action/install/robot_control_interfaces/lib/pkgconfig/robot_control_interfaces.pc'
[2.372s] Level 1:colcon.colcon_core.environment:checking '/home/lenck/RM/moudles/Action/install/robot_control_interfaces/lib/python3.10/site-packages'
[2.372s] Level 1:colcon.colcon_core.environment:checking '/home/lenck/RM/moudles/Action/install/robot_control_interfaces/bin'
[2.380s] INFO:colcon.colcon_core.shell:Creating package descriptor '/home/lenck/RM/moudles/Action/install/robot_control_interfaces/share/robot_control_interfaces/package.dsv'
[2.380s] INFO:colcon.colcon_core.shell:Creating package script '/home/lenck/RM/moudles/Action/install/robot_control_interfaces/share/robot_control_interfaces/package.sh'
[2.381s] Level 1:colcon.colcon_core.environment:create_file_with_runtime_dependencies(/home/lenck/RM/moudles/Action/install/robot_control_interfaces/share/colcon-core/packages/robot_control_interfaces)
[2.381s] DEBUG:colcon.colcon_core.executor.sequential:run_until_complete 'robot_control_interfaces' finished with '0'
[2.381s] DEBUG:colcon.colcon_core.executor.sequential:run_until_complete 'example_action_rclcpp'
[2.381s] INFO:colcon.colcon_ros.task.ament_cmake.build:Building ROS package in '/home/lenck/RM/moudles/Action/src/example_action_rclcpp' with build type 'ament_cmake'
[2.381s] INFO:colcon.colcon_cmake.task.cmake.build:Building CMake package in '/home/lenck/RM/moudles/Action/src/example_action_rclcpp'
[2.391s] DEBUG:colcon.colcon_core.shell:Skip shell extension 'dsv' for command environment
[2.422s] DEBUG:colcon.colcon_core.event_handler.log_command:Invoking command in '/home/lenck/RM/moudles/Action/build/example_action_rclcpp': AMENT_PREFIX_PATH=/home/lenck/RM/moudles/Action/install/robot_control_interfaces:${AMENT_PREFIX_PATH} CMAKE_PREFIX_PATH=/home/lenck/RM/moudles/Action/install/robot_control_interfaces:/opt/ros/humble LD_LIBRARY_PATH=/home/lenck/RM/moudles/Action/install/robot_control_interfaces/lib:${LD_LIBRARY_PATH} PYTHONPATH=/home/lenck/RM/moudles/Action/install/robot_control_interfaces/local/lib/python3.10/dist-packages:${PYTHONPATH} /usr/bin/cmake /home/lenck/RM/moudles/Action/src/example_action_rclcpp -DCMAKE_INSTALL_PREFIX=/home/lenck/RM/moudles/Action/install/example_action_rclcpp
[4.121s] DEBUG:colcon.colcon_core.event_handler.log_command:Invoked command in '/home/lenck/RM/moudles/Action/build/example_action_rclcpp' returned '0': AMENT_PREFIX_PATH=/home/lenck/RM/moudles/Action/install/robot_control_interfaces:${AMENT_PREFIX_PATH} CMAKE_PREFIX_PATH=/home/lenck/RM/moudles/Action/install/robot_control_interfaces:/opt/ros/humble LD_LIBRARY_PATH=/home/lenck/RM/moudles/Action/install/robot_control_interfaces/lib:${LD_LIBRARY_PATH} PYTHONPATH=/home/lenck/RM/moudles/Action/install/robot_control_interfaces/local/lib/python3.10/dist-packages:${PYTHONPATH} /usr/bin/cmake /home/lenck/RM/moudles/Action/src/example_action_rclcpp -DCMAKE_INSTALL_PREFIX=/home/lenck/RM/moudles/Action/install/example_action_rclcpp
[4.121s] DEBUG:colcon.colcon_core.event_handler.log_command:Invoking command in '/home/lenck/RM/moudles/Action/build/example_action_rclcpp': AMENT_PREFIX_PATH=/home/lenck/RM/moudles/Action/install/robot_control_interfaces:${AMENT_PREFIX_PATH} CMAKE_PREFIX_PATH=/home/lenck/RM/moudles/Action/install/robot_control_interfaces:/opt/ros/humble LD_LIBRARY_PATH=/home/lenck/RM/moudles/Action/install/robot_control_interfaces/lib:${LD_LIBRARY_PATH} PYTHONPATH=/home/lenck/RM/moudles/Action/install/robot_control_interfaces/local/lib/python3.10/dist-packages:${PYTHONPATH} /usr/bin/cmake --build /home/lenck/RM/moudles/Action/build/example_action_rclcpp -- -j4 -l4
[9.638s] DEBUG:colcon.colcon_core.event_handler.log_command:Invoked command in '/home/lenck/RM/moudles/Action/build/example_action_rclcpp' returned '0': AMENT_PREFIX_PATH=/home/lenck/RM/moudles/Action/install/robot_control_interfaces:${AMENT_PREFIX_PATH} CMAKE_PREFIX_PATH=/home/lenck/RM/moudles/Action/install/robot_control_interfaces:/opt/ros/humble LD_LIBRARY_PATH=/home/lenck/RM/moudles/Action/install/robot_control_interfaces/lib:${LD_LIBRARY_PATH} PYTHONPATH=/home/lenck/RM/moudles/Action/install/robot_control_interfaces/local/lib/python3.10/dist-packages:${PYTHONPATH} /usr/bin/cmake --build /home/lenck/RM/moudles/Action/build/example_action_rclcpp -- -j4 -l4
[9.693s] DEBUG:colcon.colcon_core.event_handler.log_command:Invoking command in '/home/lenck/RM/moudles/Action/build/example_action_rclcpp': AMENT_PREFIX_PATH=/home/lenck/RM/moudles/Action/install/robot_control_interfaces:${AMENT_PREFIX_PATH} CMAKE_PREFIX_PATH=/home/lenck/RM/moudles/Action/install/robot_control_interfaces:/opt/ros/humble LD_LIBRARY_PATH=/home/lenck/RM/moudles/Action/install/robot_control_interfaces/lib:${LD_LIBRARY_PATH} PYTHONPATH=/home/lenck/RM/moudles/Action/install/robot_control_interfaces/local/lib/python3.10/dist-packages:${PYTHONPATH} /usr/bin/cmake --install /home/lenck/RM/moudles/Action/build/example_action_rclcpp
[9.712s] Level 1:colcon.colcon_core.environment:create_environment_scripts_only(example_action_rclcpp)
[9.712s] DEBUG:colcon.colcon_core.event_handler.log_command:Invoked command in '/home/lenck/RM/moudles/Action/build/example_action_rclcpp' returned '0': AMENT_PREFIX_PATH=/home/lenck/RM/moudles/Action/install/robot_control_interfaces:${AMENT_PREFIX_PATH} CMAKE_PREFIX_PATH=/home/lenck/RM/moudles/Action/install/robot_control_interfaces:/opt/ros/humble LD_LIBRARY_PATH=/home/lenck/RM/moudles/Action/install/robot_control_interfaces/lib:${LD_LIBRARY_PATH} PYTHONPATH=/home/lenck/RM/moudles/Action/install/robot_control_interfaces/local/lib/python3.10/dist-packages:${PYTHONPATH} /usr/bin/cmake --install /home/lenck/RM/moudles/Action/build/example_action_rclcpp
[9.789s] Level 1:colcon.colcon_core.environment:checking '/home/lenck/RM/moudles/Action/install/example_action_rclcpp' for CMake module files
[9.791s] Level 1:colcon.colcon_core.environment:checking '/home/lenck/RM/moudles/Action/install/example_action_rclcpp' for CMake config files
[9.792s] Level 1:colcon.colcon_core.shell:create_environment_hook('example_action_rclcpp', 'cmake_prefix_path')
[9.803s] INFO:colcon.colcon_core.shell:Creating environment descriptor '/home/lenck/RM/moudles/Action/install/example_action_rclcpp/share/example_action_rclcpp/hook/cmake_prefix_path.dsv'
[9.810s] INFO:colcon.colcon_core.shell:Creating environment hook '/home/lenck/RM/moudles/Action/install/example_action_rclcpp/share/example_action_rclcpp/hook/cmake_prefix_path.sh'
[9.815s] Level 1:colcon.colcon_core.environment:checking '/home/lenck/RM/moudles/Action/install/example_action_rclcpp/lib'
[9.815s] Level 1:colcon.colcon_core.environment:checking '/home/lenck/RM/moudles/Action/install/example_action_rclcpp/bin'
[9.815s] Level 1:colcon.colcon_core.environment:checking '/home/lenck/RM/moudles/Action/install/example_action_rclcpp/lib/pkgconfig/example_action_rclcpp.pc'
[9.818s] Level 1:colcon.colcon_core.environment:checking '/home/lenck/RM/moudles/Action/install/example_action_rclcpp/lib/python3.10/site-packages'
[9.819s] Level 1:colcon.colcon_core.environment:checking '/home/lenck/RM/moudles/Action/install/example_action_rclcpp/bin'
[9.831s] INFO:colcon.colcon_core.shell:Creating package descriptor '/home/lenck/RM/moudles/Action/install/example_action_rclcpp/share/example_action_rclcpp/package.dsv'
[9.832s] INFO:colcon.colcon_core.shell:Creating package script '/home/lenck/RM/moudles/Action/install/example_action_rclcpp/share/example_action_rclcpp/package.sh'
[9.833s] Level 1:colcon.colcon_core.environment:create_file_with_runtime_dependencies(/home/lenck/RM/moudles/Action/install/example_action_rclcpp/share/colcon-core/packages/example_action_rclcpp)
[9.873s] Level 1:colcon.colcon_core.environment:create_environment_scripts_only(example_action_rclcpp)
[9.886s] Level 1:colcon.colcon_core.environment:checking '/home/lenck/RM/moudles/Action/install/example_action_rclcpp' for CMake module files
[9.887s] Level 1:colcon.colcon_core.environment:checking '/home/lenck/RM/moudles/Action/install/example_action_rclcpp' for CMake config files
[9.887s] Level 1:colcon.colcon_core.shell:create_environment_hook('example_action_rclcpp', 'cmake_prefix_path')
[9.896s] INFO:colcon.colcon_core.shell:Creating environment descriptor '/home/lenck/RM/moudles/Action/install/example_action_rclcpp/share/example_action_rclcpp/hook/cmake_prefix_path.dsv'
[9.896s] INFO:colcon.colcon_core.shell:Creating environment hook '/home/lenck/RM/moudles/Action/install/example_action_rclcpp/share/example_action_rclcpp/hook/cmake_prefix_path.sh'
[9.897s] Level 1:colcon.colcon_core.environment:checking '/home/lenck/RM/moudles/Action/install/example_action_rclcpp/lib'
[9.897s] Level 1:colcon.colcon_core.environment:checking '/home/lenck/RM/moudles/Action/install/example_action_rclcpp/bin'
[9.898s] Level 1:colcon.colcon_core.environment:checking '/home/lenck/RM/moudles/Action/install/example_action_rclcpp/lib/pkgconfig/example_action_rclcpp.pc'
[9.898s] Level 1:colcon.colcon_core.environment:checking '/home/lenck/RM/moudles/Action/install/example_action_rclcpp/lib/python3.10/site-packages'
[9.898s] Level 1:colcon.colcon_core.environment:checking '/home/lenck/RM/moudles/Action/install/example_action_rclcpp/bin'
[9.908s] INFO:colcon.colcon_core.shell:Creating package descriptor '/home/lenck/RM/moudles/Action/install/example_action_rclcpp/share/example_action_rclcpp/package.dsv'
[9.909s] INFO:colcon.colcon_core.shell:Creating package script '/home/lenck/RM/moudles/Action/install/example_action_rclcpp/share/example_action_rclcpp/package.sh'
[9.909s] Level 1:colcon.colcon_core.environment:create_file_with_runtime_dependencies(/home/lenck/RM/moudles/Action/install/example_action_rclcpp/share/colcon-core/packages/example_action_rclcpp)
[9.912s] DEBUG:colcon.colcon_core.executor.sequential:run_until_complete 'example_action_rclcpp' finished with '0'
[9.913s] DEBUG:colcon.colcon_core.executor.sequential:closing loop
[9.914s] DEBUG:colcon.colcon_core.executor.sequential:loop closed
[9.915s] DEBUG:colcon.colcon_core.event_reactor:joining thread
[9.917s] DEBUG:colcon.colcon_core.event_reactor:joined thread
[9.928s] INFO:colcon.colcon_core.shell:Creating prefix script '/home/lenck/RM/moudles/Action/install/local_setup.sh'
[9.929s] INFO:colcon.colcon_core.shell:Creating prefix util module '/home/lenck/RM/moudles/Action/install/_local_setup_util_sh.py'
[9.932s] INFO:colcon.colcon_core.shell:Creating prefix chain script '/home/lenck/RM/moudles/Action/install/setup.sh'
