[0.095s] DEBUG:colcon:Command line arguments: ['/usr/bin/colcon', 'build']
[0.095s] DEBUG:colcon:Parsed command line arguments: Namespace(log_base=None, log_level=None, verb_name='build', build_base='build', install_base='install', merge_install=False, symlink_install=False, test_result_base=None, continue_on_error=False, executor='sequential', event_handlers=None, base_paths=['.'], paths=None, cmake_args=None, cmake_target=None, cmake_target_skip_unavailable=False, cmake_clean_cache=False, cmake_clean_first=False, cmake_force_configure=False, ament_cmake_args=None, catkin_cmake_args=None, catkin_skip_building_tests=False, verb_parser=CustomArgumentParser(prog='colcon build', usage=None, description='Build a set of packages.', formatter_class=<class 'colcon_core.command.CustomFormatter'>, conflict_handler='error', add_help=True), verb_extension=<colcon_core.verb.build.BuildVerb object at 0x7f96d8b37df0>, main=<bound method BuildVerb.main of <colcon_core.verb.build.BuildVerb object at 0x7f96d8b37df0>>)
[0.215s] Level 1:colcon.colcon_core.package_discovery:discover_packages(recursive) check parameters
[0.215s] Level 1:colcon.colcon_core.package_discovery:discover_packages(path) check parameters
[0.215s] Level 1:colcon.colcon_core.package_discovery:discover_packages(recursive) discover
[0.215s] INFO:colcon.colcon_core.package_discovery:Crawling recursively for packages in '/home/lenck/RM/base_tasks/src'
[0.215s] Level 1:colcon.colcon_core.package_identification:_identify(.) by extensions ['ignore', 'ignore_ament_install']
[0.216s] Level 1:colcon.colcon_core.package_identification:_identify(.) by extension 'ignore'
[0.216s] Level 1:colcon.colcon_core.package_identification:_identify(.) by extension 'ignore_ament_install'
[0.216s] Level 1:colcon.colcon_core.package_identification:_identify(.) by extensions ['ros']
[0.216s] Level 1:colcon.colcon_core.package_identification:_identify(.) by extension 'ros'
[0.224s] Level 1:colcon.colcon_core.package_identification:_identify(.) by extensions ['cmake', 'python']
[0.224s] Level 1:colcon.colcon_core.package_identification:_identify(.) by extension 'cmake'
[0.224s] Level 1:colcon.colcon_core.package_identification:_identify(.) by extension 'python'
[0.224s] Level 1:colcon.colcon_core.package_identification:_identify(.) by extensions ['python_setup_py']
[0.224s] Level 1:colcon.colcon_core.package_identification:_identify(.) by extension 'python_setup_py'
[0.224s] Level 1:colcon.colcon_core.package_identification:_identify(build) by extensions ['ignore', 'ignore_ament_install']
[0.224s] Level 1:colcon.colcon_core.package_identification:_identify(build) by extension 'ignore'
[0.224s] Level 1:colcon.colcon_core.package_identification:_identify(build) ignored
[0.224s] Level 1:colcon.colcon_core.package_identification:_identify(install) by extensions ['ignore', 'ignore_ament_install']
[0.224s] Level 1:colcon.colcon_core.package_identification:_identify(install) by extension 'ignore'
[0.224s] Level 1:colcon.colcon_core.package_identification:_identify(install) ignored
[0.224s] Level 1:colcon.colcon_core.package_identification:_identify(learning_interfence) by extensions ['ignore', 'ignore_ament_install']
[0.224s] Level 1:colcon.colcon_core.package_identification:_identify(learning_interfence) by extension 'ignore'
[0.224s] Level 1:colcon.colcon_core.package_identification:_identify(learning_interfence) by extension 'ignore_ament_install'
[0.224s] Level 1:colcon.colcon_core.package_identification:_identify(learning_interfence) by extensions ['ros']
[0.224s] Level 1:colcon.colcon_core.package_identification:_identify(learning_interfence) by extension 'ros'
[0.226s] DEBUG:colcon.colcon_core.package_identification:Package 'learning_interfence' with type 'ros.ament_cmake' and name 'learning_interfence'
[0.226s] Level 1:colcon.colcon_core.package_identification:_identify(learning_py) by extensions ['ignore', 'ignore_ament_install']
[0.226s] Level 1:colcon.colcon_core.package_identification:_identify(learning_py) by extension 'ignore'
[0.226s] Level 1:colcon.colcon_core.package_identification:_identify(learning_py) by extension 'ignore_ament_install'
[0.226s] Level 1:colcon.colcon_core.package_identification:_identify(learning_py) by extensions ['ros']
[0.226s] Level 1:colcon.colcon_core.package_identification:_identify(learning_py) by extension 'ros'
[0.227s] DEBUG:colcon.colcon_core.package_identification:Package 'learning_py' with type 'ros.ament_python' and name 'learning_py'
[0.227s] Level 1:colcon.colcon_core.package_identification:_identify(learning_topic) by extensions ['ignore', 'ignore_ament_install']
[0.227s] Level 1:colcon.colcon_core.package_identification:_identify(learning_topic) by extension 'ignore'
[0.227s] Level 1:colcon.colcon_core.package_identification:_identify(learning_topic) by extension 'ignore_ament_install'
[0.227s] Level 1:colcon.colcon_core.package_identification:_identify(learning_topic) by extensions ['ros']
[0.227s] Level 1:colcon.colcon_core.package_identification:_identify(learning_topic) by extension 'ros'
[0.227s] DEBUG:colcon.colcon_core.package_identification:Package 'learning_topic' with type 'ros.ament_python' and name 'learning_topic'
[0.227s] Level 1:colcon.colcon_core.package_identification:_identify(log) by extensions ['ignore', 'ignore_ament_install']
[0.227s] Level 1:colcon.colcon_core.package_identification:_identify(log) by extension 'ignore'
[0.227s] Level 1:colcon.colcon_core.package_identification:_identify(log) ignored
[0.227s] Level 1:colcon.colcon_core.package_discovery:discover_packages(recursive) using defaults
[0.227s] Level 1:colcon.colcon_core.package_discovery:discover_packages(path) discover
[0.227s] Level 1:colcon.colcon_core.package_discovery:discover_packages(path) using defaults
[0.282s] Level 5:colcon.colcon_core.verb:set package 'learning_interfence' build argument 'cmake_args' from command line to 'None'
[0.282s] Level 5:colcon.colcon_core.verb:set package 'learning_interfence' build argument 'cmake_target' from command line to 'None'
[0.282s] Level 5:colcon.colcon_core.verb:set package 'learning_interfence' build argument 'cmake_target_skip_unavailable' from command line to 'False'
[0.282s] Level 5:colcon.colcon_core.verb:set package 'learning_interfence' build argument 'cmake_clean_cache' from command line to 'False'
[0.282s] Level 5:colcon.colcon_core.verb:set package 'learning_interfence' build argument 'cmake_clean_first' from command line to 'False'
[0.282s] Level 5:colcon.colcon_core.verb:set package 'learning_interfence' build argument 'cmake_force_configure' from command line to 'False'
[0.282s] Level 5:colcon.colcon_core.verb:set package 'learning_interfence' build argument 'ament_cmake_args' from command line to 'None'
[0.282s] Level 5:colcon.colcon_core.verb:set package 'learning_interfence' build argument 'catkin_cmake_args' from command line to 'None'
[0.282s] Level 5:colcon.colcon_core.verb:set package 'learning_interfence' build argument 'catkin_skip_building_tests' from command line to 'False'
[0.282s] DEBUG:colcon.colcon_core.verb:Building package 'learning_interfence' with the following arguments: {'ament_cmake_args': None, 'build_base': '/home/lenck/RM/base_tasks/src/build/learning_interfence', 'catkin_cmake_args': None, 'catkin_skip_building_tests': False, 'cmake_args': None, 'cmake_clean_cache': False, 'cmake_clean_first': False, 'cmake_force_configure': False, 'cmake_target': None, 'cmake_target_skip_unavailable': False, 'install_base': '/home/lenck/RM/base_tasks/src/install/learning_interfence', 'merge_install': False, 'path': '/home/lenck/RM/base_tasks/src/learning_interfence', 'symlink_install': False, 'test_result_base': None}
[0.290s] Level 5:colcon.colcon_core.verb:set package 'learning_py' build argument 'cmake_args' from command line to 'None'
[0.290s] Level 5:colcon.colcon_core.verb:set package 'learning_py' build argument 'cmake_target' from command line to 'None'
[0.290s] Level 5:colcon.colcon_core.verb:set package 'learning_py' build argument 'cmake_target_skip_unavailable' from command line to 'False'
[0.290s] Level 5:colcon.colcon_core.verb:set package 'learning_py' build argument 'cmake_clean_cache' from command line to 'False'
[0.290s] Level 5:colcon.colcon_core.verb:set package 'learning_py' build argument 'cmake_clean_first' from command line to 'False'
[0.290s] Level 5:colcon.colcon_core.verb:set package 'learning_py' build argument 'cmake_force_configure' from command line to 'False'
[0.290s] Level 5:colcon.colcon_core.verb:set package 'learning_py' build argument 'ament_cmake_args' from command line to 'None'
[0.290s] Level 5:colcon.colcon_core.verb:set package 'learning_py' build argument 'catkin_cmake_args' from command line to 'None'
[0.290s] Level 5:colcon.colcon_core.verb:set package 'learning_py' build argument 'catkin_skip_building_tests' from command line to 'False'
[0.290s] DEBUG:colcon.colcon_core.verb:Building package 'learning_py' with the following arguments: {'ament_cmake_args': None, 'build_base': '/home/lenck/RM/base_tasks/src/build/learning_py', 'catkin_cmake_args': None, 'catkin_skip_building_tests': False, 'cmake_args': None, 'cmake_clean_cache': False, 'cmake_clean_first': False, 'cmake_force_configure': False, 'cmake_target': None, 'cmake_target_skip_unavailable': False, 'install_base': '/home/lenck/RM/base_tasks/src/install/learning_py', 'merge_install': False, 'path': '/home/lenck/RM/base_tasks/src/learning_py', 'symlink_install': False, 'test_result_base': None}
[0.299s] Level 5:colcon.colcon_core.verb:set package 'learning_topic' build argument 'cmake_args' from command line to 'None'
[0.299s] Level 5:colcon.colcon_core.verb:set package 'learning_topic' build argument 'cmake_target' from command line to 'None'
[0.299s] Level 5:colcon.colcon_core.verb:set package 'learning_topic' build argument 'cmake_target_skip_unavailable' from command line to 'False'
[0.299s] Level 5:colcon.colcon_core.verb:set package 'learning_topic' build argument 'cmake_clean_cache' from command line to 'False'
[0.299s] Level 5:colcon.colcon_core.verb:set package 'learning_topic' build argument 'cmake_clean_first' from command line to 'False'
[0.299s] Level 5:colcon.colcon_core.verb:set package 'learning_topic' build argument 'cmake_force_configure' from command line to 'False'
[0.299s] Level 5:colcon.colcon_core.verb:set package 'learning_topic' build argument 'ament_cmake_args' from command line to 'None'
[0.299s] Level 5:colcon.colcon_core.verb:set package 'learning_topic' build argument 'catkin_cmake_args' from command line to 'None'
[0.299s] Level 5:colcon.colcon_core.verb:set package 'learning_topic' build argument 'catkin_skip_building_tests' from command line to 'False'
[0.299s] DEBUG:colcon.colcon_core.verb:Building package 'learning_topic' with the following arguments: {'ament_cmake_args': None, 'build_base': '/home/lenck/RM/base_tasks/src/build/learning_topic', 'catkin_cmake_args': None, 'catkin_skip_building_tests': False, 'cmake_args': None, 'cmake_clean_cache': False, 'cmake_clean_first': False, 'cmake_force_configure': False, 'cmake_target': None, 'cmake_target_skip_unavailable': False, 'install_base': '/home/lenck/RM/base_tasks/src/install/learning_topic', 'merge_install': False, 'path': '/home/lenck/RM/base_tasks/src/learning_topic', 'symlink_install': False, 'test_result_base': None}
[0.306s] INFO:colcon.colcon_core.executor:Executing jobs using 'sequential' executor
[0.314s] DEBUG:colcon.colcon_core.executor.sequential:run_until_complete 'learning_interfence'
[0.315s] INFO:colcon.colcon_ros.task.ament_cmake.build:Building ROS package in '/home/lenck/RM/base_tasks/src/learning_interfence' with build type 'ament_cmake'
[0.315s] INFO:colcon.colcon_cmake.task.cmake.build:Building CMake package in '/home/lenck/RM/base_tasks/src/learning_interfence'
[0.323s] INFO:colcon.colcon_core.plugin_system:Skipping extension 'colcon_core.shell.bat': Not used on non-Windows systems
[0.323s] DEBUG:colcon.colcon_core.shell:Skip shell extension 'dsv' for command environment
[0.355s] DEBUG:colcon.colcon_core.event_handler.log_command:Invoking command in '/home/lenck/RM/base_tasks/src/build/learning_interfence': CMAKE_PREFIX_PATH=/home/lenck/RM/base_tasks/install/learning_topic:/home/lenck/RM/base_tasks/install/learning_py:/opt/ros/humble /usr/bin/cmake /home/lenck/RM/base_tasks/src/learning_interfence -DCMAKE_INSTALL_PREFIX=/home/lenck/RM/base_tasks/src/install/learning_interfence
[1.079s] DEBUG:colcon.colcon_core.event_handler.log_command:Invoked command in '/home/lenck/RM/base_tasks/src/build/learning_interfence' returned '1': CMAKE_PREFIX_PATH=/home/lenck/RM/base_tasks/install/learning_topic:/home/lenck/RM/base_tasks/install/learning_py:/opt/ros/humble /usr/bin/cmake /home/lenck/RM/base_tasks/src/learning_interfence -DCMAKE_INSTALL_PREFIX=/home/lenck/RM/base_tasks/src/install/learning_interfence
[1.090s] Level 1:colcon.colcon_core.environment:create_environment_scripts_only(learning_interfence)
[1.100s] Level 1:colcon.colcon_core.environment:checking '/home/lenck/RM/base_tasks/src/install/learning_interfence' for CMake module files
[1.100s] Level 1:colcon.colcon_core.environment:checking '/home/lenck/RM/base_tasks/src/install/learning_interfence' for CMake config files
[1.100s] Level 1:colcon.colcon_core.environment:checking '/home/lenck/RM/base_tasks/src/install/learning_interfence/bin'
[1.100s] Level 1:colcon.colcon_core.environment:checking '/home/lenck/RM/base_tasks/src/install/learning_interfence/lib/pkgconfig/learning_interfence.pc'
[1.101s] Level 1:colcon.colcon_core.environment:checking '/home/lenck/RM/base_tasks/src/install/learning_interfence/lib/python3.10/site-packages'
[1.101s] Level 1:colcon.colcon_core.environment:checking '/home/lenck/RM/base_tasks/src/install/learning_interfence/bin'
[1.110s] INFO:colcon.colcon_core.shell:Creating package descriptor '/home/lenck/RM/base_tasks/src/install/learning_interfence/share/learning_interfence/package.dsv'
[1.111s] INFO:colcon.colcon_core.shell:Creating package script '/home/lenck/RM/base_tasks/src/install/learning_interfence/share/learning_interfence/package.sh'
[1.113s] Level 1:colcon.colcon_core.environment:create_file_with_runtime_dependencies(/home/lenck/RM/base_tasks/src/install/learning_interfence/share/colcon-core/packages/learning_interfence)
[1.114s] DEBUG:colcon.colcon_core.executor.sequential:run_until_complete 'learning_interfence' finished with '1'
[1.114s] DEBUG:colcon.colcon_core.executor.sequential:closing loop
[1.115s] DEBUG:colcon.colcon_core.executor.sequential:loop closed
[1.115s] DEBUG:colcon.colcon_core.event_reactor:joining thread
[1.115s] DEBUG:colcon.colcon_core.event_reactor:joined thread
[1.123s] INFO:colcon.colcon_core.shell:Creating prefix script '/home/lenck/RM/base_tasks/src/install/local_setup.sh'
[1.124s] INFO:colcon.colcon_core.shell:Creating prefix util module '/home/lenck/RM/base_tasks/src/install/_local_setup_util_sh.py'
[1.125s] INFO:colcon.colcon_core.shell:Creating prefix chain script '/home/lenck/RM/base_tasks/src/install/setup.sh'
