[0.110s] DEBUG:colcon:Command line arguments: ['/usr/bin/colcon', 'build']
[0.110s] DEBUG:colcon:Parsed command line arguments: Namespace(log_base=None, log_level=None, verb_name='build', build_base='build', install_base='install', merge_install=False, symlink_install=False, test_result_base=None, continue_on_error=False, executor='sequential', event_handlers=None, base_paths=['.'], paths=None, cmake_args=None, cmake_target=None, cmake_target_skip_unavailable=False, cmake_clean_cache=False, cmake_clean_first=False, cmake_force_configure=False, ament_cmake_args=None, catkin_cmake_args=None, catkin_skip_building_tests=False, verb_parser=CustomArgumentParser(prog='colcon build', usage=None, description='Build a set of packages.', formatter_class=<class 'colcon_core.command.CustomFormatter'>, conflict_handler='error', add_help=True), verb_extension=<colcon_core.verb.build.BuildVerb object at 0x7ff643d2fdf0>, main=<bound method BuildVerb.main of <colcon_core.verb.build.BuildVerb object at 0x7ff643d2fdf0>>)
[0.256s] Level 1:colcon.colcon_core.package_discovery:discover_packages(recursive) check parameters
[0.256s] Level 1:colcon.colcon_core.package_discovery:discover_packages(path) check parameters
[0.256s] Level 1:colcon.colcon_core.package_discovery:discover_packages(recursive) discover
[0.256s] INFO:colcon.colcon_core.package_discovery:Crawling recursively for packages in '/home/lenck/RM/base_tasks'
[0.256s] Level 1:colcon.colcon_core.package_identification:_identify(.) by extensions ['ignore', 'ignore_ament_install']
[0.256s] Level 1:colcon.colcon_core.package_identification:_identify(.) by extension 'ignore'
[0.257s] Level 1:colcon.colcon_core.package_identification:_identify(.) by extension 'ignore_ament_install'
[0.257s] Level 1:colcon.colcon_core.package_identification:_identify(.) by extensions ['ros']
[0.257s] Level 1:colcon.colcon_core.package_identification:_identify(.) by extension 'ros'
[0.269s] Level 1:colcon.colcon_core.package_identification:_identify(.) by extensions ['cmake', 'python']
[0.269s] Level 1:colcon.colcon_core.package_identification:_identify(.) by extension 'cmake'
[0.270s] Level 1:colcon.colcon_core.package_identification:_identify(.) by extension 'python'
[0.270s] Level 1:colcon.colcon_core.package_identification:_identify(.) by extensions ['python_setup_py']
[0.270s] Level 1:colcon.colcon_core.package_identification:_identify(.) by extension 'python_setup_py'
[0.270s] Level 1:colcon.colcon_core.package_identification:_identify(build) by extensions ['ignore', 'ignore_ament_install']
[0.270s] Level 1:colcon.colcon_core.package_identification:_identify(build) by extension 'ignore'
[0.270s] Level 1:colcon.colcon_core.package_identification:_identify(build) ignored
[0.270s] Level 1:colcon.colcon_core.package_identification:_identify(install) by extensions ['ignore', 'ignore_ament_install']
[0.271s] Level 1:colcon.colcon_core.package_identification:_identify(install) by extension 'ignore'
[0.271s] Level 1:colcon.colcon_core.package_identification:_identify(install) ignored
[0.271s] Level 1:colcon.colcon_core.package_identification:_identify(log) by extensions ['ignore', 'ignore_ament_install']
[0.271s] Level 1:colcon.colcon_core.package_identification:_identify(log) by extension 'ignore'
[0.271s] Level 1:colcon.colcon_core.package_identification:_identify(log) ignored
[0.271s] Level 1:colcon.colcon_core.package_identification:_identify(src) by extensions ['ignore', 'ignore_ament_install']
[0.271s] Level 1:colcon.colcon_core.package_identification:_identify(src) by extension 'ignore'
[0.271s] Level 1:colcon.colcon_core.package_identification:_identify(src) by extension 'ignore_ament_install'
[0.272s] Level 1:colcon.colcon_core.package_identification:_identify(src) by extensions ['ros']
[0.272s] Level 1:colcon.colcon_core.package_identification:_identify(src) by extension 'ros'
[0.272s] Level 1:colcon.colcon_core.package_identification:_identify(src) by extensions ['cmake', 'python']
[0.272s] Level 1:colcon.colcon_core.package_identification:_identify(src) by extension 'cmake'
[0.272s] Level 1:colcon.colcon_core.package_identification:_identify(src) by extension 'python'
[0.272s] Level 1:colcon.colcon_core.package_identification:_identify(src) by extensions ['python_setup_py']
[0.272s] Level 1:colcon.colcon_core.package_identification:_identify(src) by extension 'python_setup_py'
[0.273s] Level 1:colcon.colcon_core.package_identification:_identify(src/learning_interface) by extensions ['ignore', 'ignore_ament_install']
[0.273s] Level 1:colcon.colcon_core.package_identification:_identify(src/learning_interface) by extension 'ignore'
[0.273s] Level 1:colcon.colcon_core.package_identification:_identify(src/learning_interface) by extension 'ignore_ament_install'
[0.273s] Level 1:colcon.colcon_core.package_identification:_identify(src/learning_interface) by extensions ['ros']
[0.273s] Level 1:colcon.colcon_core.package_identification:_identify(src/learning_interface) by extension 'ros'
[0.275s] DEBUG:colcon.colcon_core.package_identification:Package 'src/learning_interface' with type 'ros.ament_cmake' and name 'learning_interface'
[0.275s] Level 1:colcon.colcon_core.package_identification:_identify(src/learning_py) by extensions ['ignore', 'ignore_ament_install']
[0.275s] Level 1:colcon.colcon_core.package_identification:_identify(src/learning_py) by extension 'ignore'
[0.275s] Level 1:colcon.colcon_core.package_identification:_identify(src/learning_py) by extension 'ignore_ament_install'
[0.276s] Level 1:colcon.colcon_core.package_identification:_identify(src/learning_py) by extensions ['ros']
[0.276s] Level 1:colcon.colcon_core.package_identification:_identify(src/learning_py) by extension 'ros'
[0.276s] DEBUG:colcon.colcon_core.package_identification:Package 'src/learning_py' with type 'ros.ament_python' and name 'learning_py'
[0.276s] Level 1:colcon.colcon_core.package_identification:_identify(src/learning_service) by extensions ['ignore', 'ignore_ament_install']
[0.277s] Level 1:colcon.colcon_core.package_identification:_identify(src/learning_service) by extension 'ignore'
[0.277s] Level 1:colcon.colcon_core.package_identification:_identify(src/learning_service) by extension 'ignore_ament_install'
[0.277s] Level 1:colcon.colcon_core.package_identification:_identify(src/learning_service) by extensions ['ros']
[0.277s] Level 1:colcon.colcon_core.package_identification:_identify(src/learning_service) by extension 'ros'
[0.278s] DEBUG:colcon.colcon_core.package_identification:Package 'src/learning_service' with type 'ros.ament_python' and name 'learning_service'
[0.278s] Level 1:colcon.colcon_core.package_identification:_identify(src/learning_topic) by extensions ['ignore', 'ignore_ament_install']
[0.278s] Level 1:colcon.colcon_core.package_identification:_identify(src/learning_topic) by extension 'ignore'
[0.278s] Level 1:colcon.colcon_core.package_identification:_identify(src/learning_topic) by extension 'ignore_ament_install'
[0.278s] Level 1:colcon.colcon_core.package_identification:_identify(src/learning_topic) by extensions ['ros']
[0.278s] Level 1:colcon.colcon_core.package_identification:_identify(src/learning_topic) by extension 'ros'
[0.279s] DEBUG:colcon.colcon_core.package_identification:Package 'src/learning_topic' with type 'ros.ament_python' and name 'learning_topic'
[0.279s] Level 1:colcon.colcon_core.package_discovery:discover_packages(recursive) using defaults
[0.279s] Level 1:colcon.colcon_core.package_discovery:discover_packages(path) discover
[0.279s] Level 1:colcon.colcon_core.package_discovery:discover_packages(path) using defaults
[0.340s] Level 5:colcon.colcon_core.verb:set package 'learning_interface' build argument 'cmake_args' from command line to 'None'
[0.340s] Level 5:colcon.colcon_core.verb:set package 'learning_interface' build argument 'cmake_target' from command line to 'None'
[0.340s] Level 5:colcon.colcon_core.verb:set package 'learning_interface' build argument 'cmake_target_skip_unavailable' from command line to 'False'
[0.340s] Level 5:colcon.colcon_core.verb:set package 'learning_interface' build argument 'cmake_clean_cache' from command line to 'False'
[0.340s] Level 5:colcon.colcon_core.verb:set package 'learning_interface' build argument 'cmake_clean_first' from command line to 'False'
[0.340s] Level 5:colcon.colcon_core.verb:set package 'learning_interface' build argument 'cmake_force_configure' from command line to 'False'
[0.340s] Level 5:colcon.colcon_core.verb:set package 'learning_interface' build argument 'ament_cmake_args' from command line to 'None'
[0.340s] Level 5:colcon.colcon_core.verb:set package 'learning_interface' build argument 'catkin_cmake_args' from command line to 'None'
[0.340s] Level 5:colcon.colcon_core.verb:set package 'learning_interface' build argument 'catkin_skip_building_tests' from command line to 'False'
[0.341s] DEBUG:colcon.colcon_core.verb:Building package 'learning_interface' with the following arguments: {'ament_cmake_args': None, 'build_base': '/home/lenck/RM/base_tasks/build/learning_interface', 'catkin_cmake_args': None, 'catkin_skip_building_tests': False, 'cmake_args': None, 'cmake_clean_cache': False, 'cmake_clean_first': False, 'cmake_force_configure': False, 'cmake_target': None, 'cmake_target_skip_unavailable': False, 'install_base': '/home/lenck/RM/base_tasks/install/learning_interface', 'merge_install': False, 'path': '/home/lenck/RM/base_tasks/src/learning_interface', 'symlink_install': False, 'test_result_base': None}
[0.348s] Level 5:colcon.colcon_core.verb:set package 'learning_py' build argument 'cmake_args' from command line to 'None'
[0.349s] Level 5:colcon.colcon_core.verb:set package 'learning_py' build argument 'cmake_target' from command line to 'None'
[0.349s] Level 5:colcon.colcon_core.verb:set package 'learning_py' build argument 'cmake_target_skip_unavailable' from command line to 'False'
[0.349s] Level 5:colcon.colcon_core.verb:set package 'learning_py' build argument 'cmake_clean_cache' from command line to 'False'
[0.349s] Level 5:colcon.colcon_core.verb:set package 'learning_py' build argument 'cmake_clean_first' from command line to 'False'
[0.349s] Level 5:colcon.colcon_core.verb:set package 'learning_py' build argument 'cmake_force_configure' from command line to 'False'
[0.349s] Level 5:colcon.colcon_core.verb:set package 'learning_py' build argument 'ament_cmake_args' from command line to 'None'
[0.349s] Level 5:colcon.colcon_core.verb:set package 'learning_py' build argument 'catkin_cmake_args' from command line to 'None'
[0.349s] Level 5:colcon.colcon_core.verb:set package 'learning_py' build argument 'catkin_skip_building_tests' from command line to 'False'
[0.349s] DEBUG:colcon.colcon_core.verb:Building package 'learning_py' with the following arguments: {'ament_cmake_args': None, 'build_base': '/home/lenck/RM/base_tasks/build/learning_py', 'catkin_cmake_args': None, 'catkin_skip_building_tests': False, 'cmake_args': None, 'cmake_clean_cache': False, 'cmake_clean_first': False, 'cmake_force_configure': False, 'cmake_target': None, 'cmake_target_skip_unavailable': False, 'install_base': '/home/lenck/RM/base_tasks/install/learning_py', 'merge_install': False, 'path': '/home/lenck/RM/base_tasks/src/learning_py', 'symlink_install': False, 'test_result_base': None}
[0.357s] Level 5:colcon.colcon_core.verb:set package 'learning_service' build argument 'cmake_args' from command line to 'None'
[0.357s] Level 5:colcon.colcon_core.verb:set package 'learning_service' build argument 'cmake_target' from command line to 'None'
[0.357s] Level 5:colcon.colcon_core.verb:set package 'learning_service' build argument 'cmake_target_skip_unavailable' from command line to 'False'
[0.357s] Level 5:colcon.colcon_core.verb:set package 'learning_service' build argument 'cmake_clean_cache' from command line to 'False'
[0.357s] Level 5:colcon.colcon_core.verb:set package 'learning_service' build argument 'cmake_clean_first' from command line to 'False'
[0.357s] Level 5:colcon.colcon_core.verb:set package 'learning_service' build argument 'cmake_force_configure' from command line to 'False'
[0.357s] Level 5:colcon.colcon_core.verb:set package 'learning_service' build argument 'ament_cmake_args' from command line to 'None'
[0.358s] Level 5:colcon.colcon_core.verb:set package 'learning_service' build argument 'catkin_cmake_args' from command line to 'None'
[0.358s] Level 5:colcon.colcon_core.verb:set package 'learning_service' build argument 'catkin_skip_building_tests' from command line to 'False'
[0.358s] DEBUG:colcon.colcon_core.verb:Building package 'learning_service' with the following arguments: {'ament_cmake_args': None, 'build_base': '/home/lenck/RM/base_tasks/build/learning_service', 'catkin_cmake_args': None, 'catkin_skip_building_tests': False, 'cmake_args': None, 'cmake_clean_cache': False, 'cmake_clean_first': False, 'cmake_force_configure': False, 'cmake_target': None, 'cmake_target_skip_unavailable': False, 'install_base': '/home/lenck/RM/base_tasks/install/learning_service', 'merge_install': False, 'path': '/home/lenck/RM/base_tasks/src/learning_service', 'symlink_install': False, 'test_result_base': None}
[0.365s] Level 5:colcon.colcon_core.verb:set package 'learning_topic' build argument 'cmake_args' from command line to 'None'
[0.365s] Level 5:colcon.colcon_core.verb:set package 'learning_topic' build argument 'cmake_target' from command line to 'None'
[0.365s] Level 5:colcon.colcon_core.verb:set package 'learning_topic' build argument 'cmake_target_skip_unavailable' from command line to 'False'
[0.365s] Level 5:colcon.colcon_core.verb:set package 'learning_topic' build argument 'cmake_clean_cache' from command line to 'False'
[0.366s] Level 5:colcon.colcon_core.verb:set package 'learning_topic' build argument 'cmake_clean_first' from command line to 'False'
[0.366s] Level 5:colcon.colcon_core.verb:set package 'learning_topic' build argument 'cmake_force_configure' from command line to 'False'
[0.366s] Level 5:colcon.colcon_core.verb:set package 'learning_topic' build argument 'ament_cmake_args' from command line to 'None'
[0.366s] Level 5:colcon.colcon_core.verb:set package 'learning_topic' build argument 'catkin_cmake_args' from command line to 'None'
[0.366s] Level 5:colcon.colcon_core.verb:set package 'learning_topic' build argument 'catkin_skip_building_tests' from command line to 'False'
[0.366s] DEBUG:colcon.colcon_core.verb:Building package 'learning_topic' with the following arguments: {'ament_cmake_args': None, 'build_base': '/home/lenck/RM/base_tasks/build/learning_topic', 'catkin_cmake_args': None, 'catkin_skip_building_tests': False, 'cmake_args': None, 'cmake_clean_cache': False, 'cmake_clean_first': False, 'cmake_force_configure': False, 'cmake_target': None, 'cmake_target_skip_unavailable': False, 'install_base': '/home/lenck/RM/base_tasks/install/learning_topic', 'merge_install': False, 'path': '/home/lenck/RM/base_tasks/src/learning_topic', 'symlink_install': False, 'test_result_base': None}
[0.374s] INFO:colcon.colcon_core.executor:Executing jobs using 'sequential' executor
[0.382s] DEBUG:colcon.colcon_core.executor.sequential:run_until_complete 'learning_interface'
[0.382s] INFO:colcon.colcon_ros.task.ament_cmake.build:Building ROS package in '/home/lenck/RM/base_tasks/src/learning_interface' with build type 'ament_cmake'
[0.382s] INFO:colcon.colcon_cmake.task.cmake.build:Building CMake package in '/home/lenck/RM/base_tasks/src/learning_interface'
[0.391s] INFO:colcon.colcon_core.plugin_system:Skipping extension 'colcon_core.shell.bat': Not used on non-Windows systems
[0.392s] DEBUG:colcon.colcon_core.shell:Skip shell extension 'dsv' for command environment
[0.434s] DEBUG:colcon.colcon_core.event_handler.log_command:Invoking command in '/home/lenck/RM/base_tasks/build/learning_interface': CMAKE_PREFIX_PATH=${CMAKE_PREFIX_PATH}:/home/lenck/RM/base_tasks/install/learning_topic:/home/lenck/RM/base_tasks/install/learning_service:/home/lenck/RM/base_tasks/install/learning_py:/opt/ros/humble /usr/bin/cmake --build /home/lenck/RM/base_tasks/build/learning_interface -- -j2 -l2
[0.981s] DEBUG:colcon.colcon_core.event_handler.log_command:Invoked command in '/home/lenck/RM/base_tasks/build/learning_interface' returned '0': CMAKE_PREFIX_PATH=${CMAKE_PREFIX_PATH}:/home/lenck/RM/base_tasks/install/learning_topic:/home/lenck/RM/base_tasks/install/learning_service:/home/lenck/RM/base_tasks/install/learning_py:/opt/ros/humble /usr/bin/cmake --build /home/lenck/RM/base_tasks/build/learning_interface -- -j2 -l2
[1.044s] DEBUG:colcon.colcon_core.event_handler.log_command:Invoking command in '/home/lenck/RM/base_tasks/build/learning_interface': CMAKE_PREFIX_PATH=${CMAKE_PREFIX_PATH}:/home/lenck/RM/base_tasks/install/learning_topic:/home/lenck/RM/base_tasks/install/learning_service:/home/lenck/RM/base_tasks/install/learning_py:/opt/ros/humble /usr/bin/cmake --install /home/lenck/RM/base_tasks/build/learning_interface
[1.161s] Level 1:colcon.colcon_core.environment:create_environment_scripts_only(learning_interface)
[1.167s] DEBUG:colcon.colcon_core.event_handler.log_command:Invoked command in '/home/lenck/RM/base_tasks/build/learning_interface' returned '0': CMAKE_PREFIX_PATH=${CMAKE_PREFIX_PATH}:/home/lenck/RM/base_tasks/install/learning_topic:/home/lenck/RM/base_tasks/install/learning_service:/home/lenck/RM/base_tasks/install/learning_py:/opt/ros/humble /usr/bin/cmake --install /home/lenck/RM/base_tasks/build/learning_interface
[1.174s] Level 1:colcon.colcon_core.environment:checking '/home/lenck/RM/base_tasks/install/learning_interface' for CMake module files
[1.174s] Level 1:colcon.colcon_core.environment:checking '/home/lenck/RM/base_tasks/install/learning_interface' for CMake config files
[1.174s] Level 1:colcon.colcon_core.shell:create_environment_hook('learning_interface', 'cmake_prefix_path')
[1.182s] INFO:colcon.colcon_core.shell:Creating environment descriptor '/home/lenck/RM/base_tasks/install/learning_interface/share/learning_interface/hook/cmake_prefix_path.dsv'
[1.183s] INFO:colcon.colcon_core.shell:Creating environment hook '/home/lenck/RM/base_tasks/install/learning_interface/share/learning_interface/hook/cmake_prefix_path.sh'
[1.185s] Level 1:colcon.colcon_core.environment:checking '/home/lenck/RM/base_tasks/install/learning_interface/lib'
[1.185s] Level 1:colcon.colcon_core.shell:create_environment_hook('learning_interface', 'ld_library_path_lib')
[1.193s] INFO:colcon.colcon_core.shell:Creating environment descriptor '/home/lenck/RM/base_tasks/install/learning_interface/share/learning_interface/hook/ld_library_path_lib.dsv'
[1.194s] INFO:colcon.colcon_core.shell:Creating environment hook '/home/lenck/RM/base_tasks/install/learning_interface/share/learning_interface/hook/ld_library_path_lib.sh'
[1.195s] Level 1:colcon.colcon_core.environment:checking '/home/lenck/RM/base_tasks/install/learning_interface/bin'
[1.195s] Level 1:colcon.colcon_core.environment:checking '/home/lenck/RM/base_tasks/install/learning_interface/lib/pkgconfig/learning_interface.pc'
[1.196s] Level 1:colcon.colcon_core.environment:checking '/home/lenck/RM/base_tasks/install/learning_interface/lib/python3.10/site-packages'
[1.196s] Level 1:colcon.colcon_core.environment:checking '/home/lenck/RM/base_tasks/install/learning_interface/bin'
[1.204s] INFO:colcon.colcon_core.shell:Creating package descriptor '/home/lenck/RM/base_tasks/install/learning_interface/share/learning_interface/package.dsv'
[1.206s] INFO:colcon.colcon_core.shell:Creating package script '/home/lenck/RM/base_tasks/install/learning_interface/share/learning_interface/package.sh'
[1.207s] Level 1:colcon.colcon_core.environment:create_file_with_runtime_dependencies(/home/lenck/RM/base_tasks/install/learning_interface/share/colcon-core/packages/learning_interface)
[1.278s] Level 1:colcon.colcon_core.environment:create_environment_scripts_only(learning_interface)
[1.286s] Level 1:colcon.colcon_core.environment:checking '/home/lenck/RM/base_tasks/install/learning_interface' for CMake module files
[1.287s] Level 1:colcon.colcon_core.environment:checking '/home/lenck/RM/base_tasks/install/learning_interface' for CMake config files
[1.287s] Level 1:colcon.colcon_core.shell:create_environment_hook('learning_interface', 'cmake_prefix_path')
[1.295s] INFO:colcon.colcon_core.shell:Creating environment descriptor '/home/lenck/RM/base_tasks/install/learning_interface/share/learning_interface/hook/cmake_prefix_path.dsv'
[1.296s] INFO:colcon.colcon_core.shell:Creating environment hook '/home/lenck/RM/base_tasks/install/learning_interface/share/learning_interface/hook/cmake_prefix_path.sh'
[1.297s] Level 1:colcon.colcon_core.environment:checking '/home/lenck/RM/base_tasks/install/learning_interface/lib'
[1.297s] Level 1:colcon.colcon_core.shell:create_environment_hook('learning_interface', 'ld_library_path_lib')
[1.305s] INFO:colcon.colcon_core.shell:Creating environment descriptor '/home/lenck/RM/base_tasks/install/learning_interface/share/learning_interface/hook/ld_library_path_lib.dsv'
[1.306s] INFO:colcon.colcon_core.shell:Creating environment hook '/home/lenck/RM/base_tasks/install/learning_interface/share/learning_interface/hook/ld_library_path_lib.sh'
[1.307s] Level 1:colcon.colcon_core.environment:checking '/home/lenck/RM/base_tasks/install/learning_interface/bin'
[1.307s] Level 1:colcon.colcon_core.environment:checking '/home/lenck/RM/base_tasks/install/learning_interface/lib/pkgconfig/learning_interface.pc'
[1.307s] Level 1:colcon.colcon_core.environment:checking '/home/lenck/RM/base_tasks/install/learning_interface/lib/python3.10/site-packages'
[1.307s] Level 1:colcon.colcon_core.environment:checking '/home/lenck/RM/base_tasks/install/learning_interface/bin'
[1.316s] INFO:colcon.colcon_core.shell:Creating package descriptor '/home/lenck/RM/base_tasks/install/learning_interface/share/learning_interface/package.dsv'
[1.317s] INFO:colcon.colcon_core.shell:Creating package script '/home/lenck/RM/base_tasks/install/learning_interface/share/learning_interface/package.sh'
[1.317s] Level 1:colcon.colcon_core.environment:create_file_with_runtime_dependencies(/home/lenck/RM/base_tasks/install/learning_interface/share/colcon-core/packages/learning_interface)
[1.318s] DEBUG:colcon.colcon_core.executor.sequential:run_until_complete 'learning_interface' finished with '0'
[1.318s] DEBUG:colcon.colcon_core.executor.sequential:run_until_complete 'learning_py'
[1.318s] INFO:colcon.colcon_ros.task.ament_python.build:Building ROS package in '/home/lenck/RM/base_tasks/src/learning_py' with build type 'ament_python'
[1.318s] Level 1:colcon.colcon_core.shell:create_environment_hook('learning_py', 'ament_prefix_path')
[1.326s] INFO:colcon.colcon_core.shell:Creating environment descriptor '/home/lenck/RM/base_tasks/install/learning_py/share/learning_py/hook/ament_prefix_path.dsv'
[1.327s] INFO:colcon.colcon_core.shell:Creating environment hook '/home/lenck/RM/base_tasks/install/learning_py/share/learning_py/hook/ament_prefix_path.sh'
[1.350s] DEBUG:colcon.colcon_core.shell:Skip shell extension 'dsv' for command environment
[1.573s] INFO:colcon.colcon_core.task.python.build:Building Python package in '/home/lenck/RM/base_tasks/src/learning_py'
[1.582s] DEBUG:colcon.colcon_core.shell:Skip shell extension 'dsv' for command environment
[1.866s] DEBUG:colcon.colcon_core.event_handler.log_command:Invoking command in '/home/lenck/RM/base_tasks/src/learning_py': PYTHONPATH=/home/lenck/RM/base_tasks/build/learning_py/prefix_override:/home/lenck/RM/base_tasks/install/learning_py/lib/python3.10/site-packages:${PYTHONPATH} /usr/bin/python3 setup.py egg_info --egg-base ../../build/learning_py build --build-base /home/lenck/RM/base_tasks/build/learning_py/build install --record /home/lenck/RM/base_tasks/build/learning_py/install.log --single-version-externally-managed
[2.124s] Level 1:colcon.colcon_core.environment:checking '/home/lenck/RM/base_tasks/install/learning_py' for CMake module files
[2.124s] DEBUG:colcon.colcon_core.event_handler.log_command:Invoked command in '/home/lenck/RM/base_tasks/src/learning_py' returned '0': PYTHONPATH=/home/lenck/RM/base_tasks/build/learning_py/prefix_override:/home/lenck/RM/base_tasks/install/learning_py/lib/python3.10/site-packages:${PYTHONPATH} /usr/bin/python3 setup.py egg_info --egg-base ../../build/learning_py build --build-base /home/lenck/RM/base_tasks/build/learning_py/build install --record /home/lenck/RM/base_tasks/build/learning_py/install.log --single-version-externally-managed
[2.124s] Level 1:colcon.colcon_core.environment:checking '/home/lenck/RM/base_tasks/install/learning_py' for CMake config files
[2.125s] Level 1:colcon.colcon_core.environment:checking '/home/lenck/RM/base_tasks/install/learning_py/lib'
[2.125s] Level 1:colcon.colcon_core.environment:checking '/home/lenck/RM/base_tasks/install/learning_py/bin'
[2.125s] Level 1:colcon.colcon_core.environment:checking '/home/lenck/RM/base_tasks/install/learning_py/lib/pkgconfig/learning_py.pc'
[2.125s] Level 1:colcon.colcon_core.environment:checking '/home/lenck/RM/base_tasks/install/learning_py/lib/python3.10/site-packages'
[2.125s] Level 1:colcon.colcon_core.shell:create_environment_hook('learning_py', 'pythonpath')
[2.134s] INFO:colcon.colcon_core.shell:Creating environment descriptor '/home/lenck/RM/base_tasks/install/learning_py/share/learning_py/hook/pythonpath.dsv'
[2.135s] INFO:colcon.colcon_core.shell:Creating environment hook '/home/lenck/RM/base_tasks/install/learning_py/share/learning_py/hook/pythonpath.sh'
[2.135s] Level 1:colcon.colcon_core.environment:checking '/home/lenck/RM/base_tasks/install/learning_py/bin'
[2.136s] Level 1:colcon.colcon_core.environment:create_environment_scripts_only(learning_py)
[2.144s] INFO:colcon.colcon_core.shell:Creating package descriptor '/home/lenck/RM/base_tasks/install/learning_py/share/learning_py/package.dsv'
[2.145s] INFO:colcon.colcon_core.shell:Creating package script '/home/lenck/RM/base_tasks/install/learning_py/share/learning_py/package.sh'
[2.146s] Level 1:colcon.colcon_core.environment:create_file_with_runtime_dependencies(/home/lenck/RM/base_tasks/install/learning_py/share/colcon-core/packages/learning_py)
[2.147s] DEBUG:colcon.colcon_core.executor.sequential:run_until_complete 'learning_py' finished with '0'
[2.147s] DEBUG:colcon.colcon_core.executor.sequential:run_until_complete 'learning_service'
[2.147s] INFO:colcon.colcon_ros.task.ament_python.build:Building ROS package in '/home/lenck/RM/base_tasks/src/learning_service' with build type 'ament_python'
[2.147s] Level 1:colcon.colcon_core.shell:create_environment_hook('learning_service', 'ament_prefix_path')
[2.155s] INFO:colcon.colcon_core.shell:Creating environment descriptor '/home/lenck/RM/base_tasks/install/learning_service/share/learning_service/hook/ament_prefix_path.dsv'
[2.156s] INFO:colcon.colcon_core.shell:Creating environment hook '/home/lenck/RM/base_tasks/install/learning_service/share/learning_service/hook/ament_prefix_path.sh'
[2.170s] DEBUG:colcon.colcon_core.shell:Skip shell extension 'dsv' for command environment
[2.394s] INFO:colcon.colcon_core.task.python.build:Building Python package in '/home/lenck/RM/base_tasks/src/learning_service'
[2.404s] DEBUG:colcon.colcon_core.shell:Skip shell extension 'dsv' for command environment
[2.689s] DEBUG:colcon.colcon_core.event_handler.log_command:Invoking command in '/home/lenck/RM/base_tasks/src/learning_service': PYTHONPATH=/home/lenck/RM/base_tasks/build/learning_service/prefix_override:/home/lenck/RM/base_tasks/install/learning_service/lib/python3.10/site-packages:${PYTHONPATH} /usr/bin/python3 setup.py egg_info --egg-base ../../build/learning_service build --build-base /home/lenck/RM/base_tasks/build/learning_service/build install --record /home/lenck/RM/base_tasks/build/learning_service/install.log --single-version-externally-managed
[2.961s] DEBUG:colcon.colcon_core.event_handler.log_command:Invoked command in '/home/lenck/RM/base_tasks/src/learning_service' returned '0': PYTHONPATH=/home/lenck/RM/base_tasks/build/learning_service/prefix_override:/home/lenck/RM/base_tasks/install/learning_service/lib/python3.10/site-packages:${PYTHONPATH} /usr/bin/python3 setup.py egg_info --egg-base ../../build/learning_service build --build-base /home/lenck/RM/base_tasks/build/learning_service/build install --record /home/lenck/RM/base_tasks/build/learning_service/install.log --single-version-externally-managed
[2.964s] Level 1:colcon.colcon_core.environment:checking '/home/lenck/RM/base_tasks/install/learning_service' for CMake module files
[2.965s] Level 1:colcon.colcon_core.environment:checking '/home/lenck/RM/base_tasks/install/learning_service' for CMake config files
[2.966s] Level 1:colcon.colcon_core.environment:checking '/home/lenck/RM/base_tasks/install/learning_service/lib'
[2.967s] Level 1:colcon.colcon_core.environment:checking '/home/lenck/RM/base_tasks/install/learning_service/bin'
[2.967s] Level 1:colcon.colcon_core.environment:checking '/home/lenck/RM/base_tasks/install/learning_service/lib/pkgconfig/learning_service.pc'
[2.967s] Level 1:colcon.colcon_core.environment:checking '/home/lenck/RM/base_tasks/install/learning_service/lib/python3.10/site-packages'
[2.967s] Level 1:colcon.colcon_core.shell:create_environment_hook('learning_service', 'pythonpath')
[2.975s] INFO:colcon.colcon_core.shell:Creating environment descriptor '/home/lenck/RM/base_tasks/install/learning_service/share/learning_service/hook/pythonpath.dsv'
[2.977s] INFO:colcon.colcon_core.shell:Creating environment hook '/home/lenck/RM/base_tasks/install/learning_service/share/learning_service/hook/pythonpath.sh'
[2.979s] Level 1:colcon.colcon_core.environment:checking '/home/lenck/RM/base_tasks/install/learning_service/bin'
[2.979s] Level 1:colcon.colcon_core.environment:create_environment_scripts_only(learning_service)
[2.990s] INFO:colcon.colcon_core.shell:Creating package descriptor '/home/lenck/RM/base_tasks/install/learning_service/share/learning_service/package.dsv'
[2.991s] INFO:colcon.colcon_core.shell:Creating package script '/home/lenck/RM/base_tasks/install/learning_service/share/learning_service/package.sh'
[2.993s] Level 1:colcon.colcon_core.environment:create_file_with_runtime_dependencies(/home/lenck/RM/base_tasks/install/learning_service/share/colcon-core/packages/learning_service)
[2.994s] DEBUG:colcon.colcon_core.executor.sequential:run_until_complete 'learning_service' finished with '0'
[2.994s] DEBUG:colcon.colcon_core.executor.sequential:run_until_complete 'learning_topic'
[2.994s] INFO:colcon.colcon_ros.task.ament_python.build:Building ROS package in '/home/lenck/RM/base_tasks/src/learning_topic' with build type 'ament_python'
[2.995s] Level 1:colcon.colcon_core.shell:create_environment_hook('learning_topic', 'ament_prefix_path')
[3.005s] INFO:colcon.colcon_core.shell:Creating environment descriptor '/home/lenck/RM/base_tasks/install/learning_topic/share/learning_topic/hook/ament_prefix_path.dsv'
[3.005s] INFO:colcon.colcon_core.shell:Creating environment hook '/home/lenck/RM/base_tasks/install/learning_topic/share/learning_topic/hook/ament_prefix_path.sh'
[3.016s] DEBUG:colcon.colcon_core.shell:Skip shell extension 'dsv' for command environment
[3.245s] INFO:colcon.colcon_core.task.python.build:Building Python package in '/home/lenck/RM/base_tasks/src/learning_topic'
[3.256s] DEBUG:colcon.colcon_core.shell:Skip shell extension 'dsv' for command environment
[3.517s] DEBUG:colcon.colcon_core.event_handler.log_command:Invoking command in '/home/lenck/RM/base_tasks/src/learning_topic': PYTHONPATH=/home/lenck/RM/base_tasks/build/learning_topic/prefix_override:/home/lenck/RM/base_tasks/install/learning_topic/lib/python3.10/site-packages:${PYTHONPATH} /usr/bin/python3 setup.py egg_info --egg-base ../../build/learning_topic build --build-base /home/lenck/RM/base_tasks/build/learning_topic/build install --record /home/lenck/RM/base_tasks/build/learning_topic/install.log --single-version-externally-managed
[3.735s] DEBUG:colcon.colcon_core.event_handler.log_command:Invoked command in '/home/lenck/RM/base_tasks/src/learning_topic' returned '0': PYTHONPATH=/home/lenck/RM/base_tasks/build/learning_topic/prefix_override:/home/lenck/RM/base_tasks/install/learning_topic/lib/python3.10/site-packages:${PYTHONPATH} /usr/bin/python3 setup.py egg_info --egg-base ../../build/learning_topic build --build-base /home/lenck/RM/base_tasks/build/learning_topic/build install --record /home/lenck/RM/base_tasks/build/learning_topic/install.log --single-version-externally-managed
[3.740s] Level 1:colcon.colcon_core.environment:checking '/home/lenck/RM/base_tasks/install/learning_topic' for CMake module files
[3.740s] Level 1:colcon.colcon_core.environment:checking '/home/lenck/RM/base_tasks/install/learning_topic' for CMake config files
[3.741s] Level 1:colcon.colcon_core.environment:checking '/home/lenck/RM/base_tasks/install/learning_topic/lib'
[3.741s] Level 1:colcon.colcon_core.environment:checking '/home/lenck/RM/base_tasks/install/learning_topic/bin'
[3.741s] Level 1:colcon.colcon_core.environment:checking '/home/lenck/RM/base_tasks/install/learning_topic/lib/pkgconfig/learning_topic.pc'
[3.741s] Level 1:colcon.colcon_core.environment:checking '/home/lenck/RM/base_tasks/install/learning_topic/lib/python3.10/site-packages'
[3.741s] Level 1:colcon.colcon_core.shell:create_environment_hook('learning_topic', 'pythonpath')
[3.752s] INFO:colcon.colcon_core.shell:Creating environment descriptor '/home/lenck/RM/base_tasks/install/learning_topic/share/learning_topic/hook/pythonpath.dsv'
[3.752s] INFO:colcon.colcon_core.shell:Creating environment hook '/home/lenck/RM/base_tasks/install/learning_topic/share/learning_topic/hook/pythonpath.sh'
[3.753s] Level 1:colcon.colcon_core.environment:checking '/home/lenck/RM/base_tasks/install/learning_topic/bin'
[3.753s] Level 1:colcon.colcon_core.environment:create_environment_scripts_only(learning_topic)
[3.763s] INFO:colcon.colcon_core.shell:Creating package descriptor '/home/lenck/RM/base_tasks/install/learning_topic/share/learning_topic/package.dsv'
[3.764s] INFO:colcon.colcon_core.shell:Creating package script '/home/lenck/RM/base_tasks/install/learning_topic/share/learning_topic/package.sh'
[3.765s] Level 1:colcon.colcon_core.environment:create_file_with_runtime_dependencies(/home/lenck/RM/base_tasks/install/learning_topic/share/colcon-core/packages/learning_topic)
[3.765s] DEBUG:colcon.colcon_core.executor.sequential:run_until_complete 'learning_topic' finished with '0'
[3.765s] DEBUG:colcon.colcon_core.executor.sequential:closing loop
[3.765s] DEBUG:colcon.colcon_core.executor.sequential:loop closed
[3.765s] DEBUG:colcon.colcon_core.event_reactor:joining thread
[3.766s] DEBUG:colcon.colcon_core.event_reactor:joined thread
[3.773s] INFO:colcon.colcon_core.shell:Creating prefix script '/home/lenck/RM/base_tasks/install/local_setup.sh'
[3.774s] INFO:colcon.colcon_core.shell:Creating prefix util module '/home/lenck/RM/base_tasks/install/_local_setup_util_sh.py'
[3.775s] INFO:colcon.colcon_core.shell:Creating prefix chain script '/home/lenck/RM/base_tasks/install/setup.sh'
