[0.102s] DEBUG:colcon:Command line arguments: ['/usr/bin/colcon', 'build']
[0.102s] DEBUG:colcon:Parsed command line arguments: Namespace(log_base=None, log_level=None, verb_name='build', build_base='build', install_base='install', merge_install=False, symlink_install=False, test_result_base=None, continue_on_error=False, executor='sequential', event_handlers=None, base_paths=['.'], paths=None, cmake_args=None, cmake_target=None, cmake_target_skip_unavailable=False, cmake_clean_cache=False, cmake_clean_first=False, cmake_force_configure=False, ament_cmake_args=None, catkin_cmake_args=None, catkin_skip_building_tests=False, verb_parser=CustomArgumentParser(prog='colcon build', usage=None, description='Build a set of packages.', formatter_class=<class 'colcon_core.command.CustomFormatter'>, conflict_handler='error', add_help=True), verb_extension=<colcon_core.verb.build.BuildVerb object at 0x7f6a0452bbe0>, main=<bound method BuildVerb.main of <colcon_core.verb.build.BuildVerb object at 0x7f6a0452bbe0>>)
[0.236s] Level 1:colcon.colcon_core.package_discovery:discover_packages(recursive) check parameters
[0.236s] Level 1:colcon.colcon_core.package_discovery:discover_packages(path) check parameters
[0.236s] Level 1:colcon.colcon_core.package_discovery:discover_packages(recursive) discover
[0.236s] INFO:colcon.colcon_core.package_discovery:Crawling recursively for packages in '/home/lenck/RM/moudles/Service'
[0.236s] Level 1:colcon.colcon_core.package_identification:_identify(.) by extensions ['ignore', 'ignore_ament_install']
[0.236s] Level 1:colcon.colcon_core.package_identification:_identify(.) by extension 'ignore'
[0.236s] Level 1:colcon.colcon_core.package_identification:_identify(.) by extension 'ignore_ament_install'
[0.236s] Level 1:colcon.colcon_core.package_identification:_identify(.) by extensions ['ros']
[0.236s] Level 1:colcon.colcon_core.package_identification:_identify(.) by extension 'ros'
[0.250s] Level 1:colcon.colcon_core.package_identification:_identify(.) by extensions ['cmake', 'python']
[0.250s] Level 1:colcon.colcon_core.package_identification:_identify(.) by extension 'cmake'
[0.250s] Level 1:colcon.colcon_core.package_identification:_identify(.) by extension 'python'
[0.250s] Level 1:colcon.colcon_core.package_identification:_identify(.) by extensions ['python_setup_py']
[0.250s] Level 1:colcon.colcon_core.package_identification:_identify(.) by extension 'python_setup_py'
[0.250s] Level 1:colcon.colcon_core.package_identification:_identify(build) by extensions ['ignore', 'ignore_ament_install']
[0.250s] Level 1:colcon.colcon_core.package_identification:_identify(build) by extension 'ignore'
[0.250s] Level 1:colcon.colcon_core.package_identification:_identify(build) ignored
[0.250s] Level 1:colcon.colcon_core.package_identification:_identify(install) by extensions ['ignore', 'ignore_ament_install']
[0.250s] Level 1:colcon.colcon_core.package_identification:_identify(install) by extension 'ignore'
[0.250s] Level 1:colcon.colcon_core.package_identification:_identify(install) ignored
[0.250s] Level 1:colcon.colcon_core.package_identification:_identify(log) by extensions ['ignore', 'ignore_ament_install']
[0.250s] Level 1:colcon.colcon_core.package_identification:_identify(log) by extension 'ignore'
[0.250s] Level 1:colcon.colcon_core.package_identification:_identify(log) ignored
[0.251s] Level 1:colcon.colcon_core.package_identification:_identify(src) by extensions ['ignore', 'ignore_ament_install']
[0.251s] Level 1:colcon.colcon_core.package_identification:_identify(src) by extension 'ignore'
[0.251s] Level 1:colcon.colcon_core.package_identification:_identify(src) by extension 'ignore_ament_install'
[0.251s] Level 1:colcon.colcon_core.package_identification:_identify(src) by extensions ['ros']
[0.251s] Level 1:colcon.colcon_core.package_identification:_identify(src) by extension 'ros'
[0.251s] Level 1:colcon.colcon_core.package_identification:_identify(src) by extensions ['cmake', 'python']
[0.251s] Level 1:colcon.colcon_core.package_identification:_identify(src) by extension 'cmake'
[0.251s] Level 1:colcon.colcon_core.package_identification:_identify(src) by extension 'python'
[0.251s] Level 1:colcon.colcon_core.package_identification:_identify(src) by extensions ['python_setup_py']
[0.251s] Level 1:colcon.colcon_core.package_identification:_identify(src) by extension 'python_setup_py'
[0.251s] Level 1:colcon.colcon_core.package_identification:_identify(src/example_service_rclcpp) by extensions ['ignore', 'ignore_ament_install']
[0.251s] Level 1:colcon.colcon_core.package_identification:_identify(src/example_service_rclcpp) by extension 'ignore'
[0.251s] Level 1:colcon.colcon_core.package_identification:_identify(src/example_service_rclcpp) by extension 'ignore_ament_install'
[0.251s] Level 1:colcon.colcon_core.package_identification:_identify(src/example_service_rclcpp) by extensions ['ros']
[0.251s] Level 1:colcon.colcon_core.package_identification:_identify(src/example_service_rclcpp) by extension 'ros'
[0.253s] DEBUG:colcon.colcon_core.package_identification:Package 'src/example_service_rclcpp' with type 'ros.ament_cmake' and name 'example_service_rclcpp'
[0.253s] Level 1:colcon.colcon_core.package_discovery:discover_packages(recursive) using defaults
[0.253s] Level 1:colcon.colcon_core.package_discovery:discover_packages(path) discover
[0.253s] Level 1:colcon.colcon_core.package_discovery:discover_packages(path) using defaults
[0.317s] Level 5:colcon.colcon_core.verb:set package 'example_service_rclcpp' build argument 'cmake_args' from command line to 'None'
[0.317s] Level 5:colcon.colcon_core.verb:set package 'example_service_rclcpp' build argument 'cmake_target' from command line to 'None'
[0.317s] Level 5:colcon.colcon_core.verb:set package 'example_service_rclcpp' build argument 'cmake_target_skip_unavailable' from command line to 'False'
[0.317s] Level 5:colcon.colcon_core.verb:set package 'example_service_rclcpp' build argument 'cmake_clean_cache' from command line to 'False'
[0.317s] Level 5:colcon.colcon_core.verb:set package 'example_service_rclcpp' build argument 'cmake_clean_first' from command line to 'False'
[0.317s] Level 5:colcon.colcon_core.verb:set package 'example_service_rclcpp' build argument 'cmake_force_configure' from command line to 'False'
[0.317s] Level 5:colcon.colcon_core.verb:set package 'example_service_rclcpp' build argument 'ament_cmake_args' from command line to 'None'
[0.317s] Level 5:colcon.colcon_core.verb:set package 'example_service_rclcpp' build argument 'catkin_cmake_args' from command line to 'None'
[0.317s] Level 5:colcon.colcon_core.verb:set package 'example_service_rclcpp' build argument 'catkin_skip_building_tests' from command line to 'False'
[0.317s] DEBUG:colcon.colcon_core.verb:Building package 'example_service_rclcpp' with the following arguments: {'ament_cmake_args': None, 'build_base': '/home/lenck/RM/moudles/Service/build/example_service_rclcpp', 'catkin_cmake_args': None, 'catkin_skip_building_tests': False, 'cmake_args': None, 'cmake_clean_cache': False, 'cmake_clean_first': False, 'cmake_force_configure': False, 'cmake_target': None, 'cmake_target_skip_unavailable': False, 'install_base': '/home/lenck/RM/moudles/Service/install/example_service_rclcpp', 'merge_install': False, 'path': '/home/lenck/RM/moudles/Service/src/example_service_rclcpp', 'symlink_install': False, 'test_result_base': None}
[0.325s] INFO:colcon.colcon_core.executor:Executing jobs using 'sequential' executor
[0.334s] DEBUG:colcon.colcon_core.executor.sequential:run_until_complete 'example_service_rclcpp'
[0.334s] INFO:colcon.colcon_ros.task.ament_cmake.build:Building ROS package in '/home/lenck/RM/moudles/Service/src/example_service_rclcpp' with build type 'ament_cmake'
[0.334s] INFO:colcon.colcon_cmake.task.cmake.build:Building CMake package in '/home/lenck/RM/moudles/Service/src/example_service_rclcpp'
[0.344s] INFO:colcon.colcon_core.plugin_system:Skipping extension 'colcon_core.shell.bat': Not used on non-Windows systems
[0.344s] DEBUG:colcon.colcon_core.shell:Skip shell extension 'dsv' for command environment
[0.390s] DEBUG:colcon.colcon_core.event_handler.log_command:Invoking command in '/home/lenck/RM/moudles/Service/build/example_service_rclcpp': CMAKE_PREFIX_PATH=${CMAKE_PREFIX_PATH}:/opt/ros/humble /usr/bin/cmake --build /home/lenck/RM/moudles/Service/build/example_service_rclcpp -- -j4 -l4
[4.642s] DEBUG:colcon.colcon_core.event_handler.log_command:Invoked command in '/home/lenck/RM/moudles/Service/build/example_service_rclcpp' returned '0': CMAKE_PREFIX_PATH=${CMAKE_PREFIX_PATH}:/opt/ros/humble /usr/bin/cmake --build /home/lenck/RM/moudles/Service/build/example_service_rclcpp -- -j4 -l4
[4.692s] DEBUG:colcon.colcon_core.event_handler.log_command:Invoking command in '/home/lenck/RM/moudles/Service/build/example_service_rclcpp': CMAKE_PREFIX_PATH=${CMAKE_PREFIX_PATH}:/opt/ros/humble /usr/bin/cmake --install /home/lenck/RM/moudles/Service/build/example_service_rclcpp
[4.710s] Level 1:colcon.colcon_core.environment:create_environment_scripts_only(example_service_rclcpp)
[4.711s] DEBUG:colcon.colcon_core.event_handler.log_command:Invoked command in '/home/lenck/RM/moudles/Service/build/example_service_rclcpp' returned '0': CMAKE_PREFIX_PATH=${CMAKE_PREFIX_PATH}:/opt/ros/humble /usr/bin/cmake --install /home/lenck/RM/moudles/Service/build/example_service_rclcpp
[4.726s] Level 1:colcon.colcon_core.environment:checking '/home/lenck/RM/moudles/Service/install/example_service_rclcpp' for CMake module files
[4.727s] Level 1:colcon.colcon_core.environment:checking '/home/lenck/RM/moudles/Service/install/example_service_rclcpp' for CMake config files
[4.727s] Level 1:colcon.colcon_core.shell:create_environment_hook('example_service_rclcpp', 'cmake_prefix_path')
[4.736s] INFO:colcon.colcon_core.shell:Creating environment descriptor '/home/lenck/RM/moudles/Service/install/example_service_rclcpp/share/example_service_rclcpp/hook/cmake_prefix_path.dsv'
[4.736s] INFO:colcon.colcon_core.shell:Creating environment hook '/home/lenck/RM/moudles/Service/install/example_service_rclcpp/share/example_service_rclcpp/hook/cmake_prefix_path.sh'
[4.738s] Level 1:colcon.colcon_core.environment:checking '/home/lenck/RM/moudles/Service/install/example_service_rclcpp/lib'
[4.738s] Level 1:colcon.colcon_core.environment:checking '/home/lenck/RM/moudles/Service/install/example_service_rclcpp/bin'
[4.738s] Level 1:colcon.colcon_core.environment:checking '/home/lenck/RM/moudles/Service/install/example_service_rclcpp/lib/pkgconfig/example_service_rclcpp.pc'
[4.739s] Level 1:colcon.colcon_core.environment:checking '/home/lenck/RM/moudles/Service/install/example_service_rclcpp/lib/python3.10/site-packages'
[4.740s] Level 1:colcon.colcon_core.environment:checking '/home/lenck/RM/moudles/Service/install/example_service_rclcpp/bin'
[4.751s] INFO:colcon.colcon_core.shell:Creating package descriptor '/home/lenck/RM/moudles/Service/install/example_service_rclcpp/share/example_service_rclcpp/package.dsv'
[4.754s] INFO:colcon.colcon_core.shell:Creating package script '/home/lenck/RM/moudles/Service/install/example_service_rclcpp/share/example_service_rclcpp/package.sh'
[4.755s] Level 1:colcon.colcon_core.environment:create_file_with_runtime_dependencies(/home/lenck/RM/moudles/Service/install/example_service_rclcpp/share/colcon-core/packages/example_service_rclcpp)
[4.812s] Level 1:colcon.colcon_core.environment:create_environment_scripts_only(example_service_rclcpp)
[4.827s] Level 1:colcon.colcon_core.environment:checking '/home/lenck/RM/moudles/Service/install/example_service_rclcpp' for CMake module files
[4.827s] Level 1:colcon.colcon_core.environment:checking '/home/lenck/RM/moudles/Service/install/example_service_rclcpp' for CMake config files
[4.828s] Level 1:colcon.colcon_core.shell:create_environment_hook('example_service_rclcpp', 'cmake_prefix_path')
[4.842s] INFO:colcon.colcon_core.shell:Creating environment descriptor '/home/lenck/RM/moudles/Service/install/example_service_rclcpp/share/example_service_rclcpp/hook/cmake_prefix_path.dsv'
[4.844s] INFO:colcon.colcon_core.shell:Creating environment hook '/home/lenck/RM/moudles/Service/install/example_service_rclcpp/share/example_service_rclcpp/hook/cmake_prefix_path.sh'
[4.846s] Level 1:colcon.colcon_core.environment:checking '/home/lenck/RM/moudles/Service/install/example_service_rclcpp/lib'
[4.846s] Level 1:colcon.colcon_core.environment:checking '/home/lenck/RM/moudles/Service/install/example_service_rclcpp/bin'
[4.846s] Level 1:colcon.colcon_core.environment:checking '/home/lenck/RM/moudles/Service/install/example_service_rclcpp/lib/pkgconfig/example_service_rclcpp.pc'
[4.846s] Level 1:colcon.colcon_core.environment:checking '/home/lenck/RM/moudles/Service/install/example_service_rclcpp/lib/python3.10/site-packages'
[4.846s] Level 1:colcon.colcon_core.environment:checking '/home/lenck/RM/moudles/Service/install/example_service_rclcpp/bin'
[4.855s] INFO:colcon.colcon_core.shell:Creating package descriptor '/home/lenck/RM/moudles/Service/install/example_service_rclcpp/share/example_service_rclcpp/package.dsv'
[4.856s] INFO:colcon.colcon_core.shell:Creating package script '/home/lenck/RM/moudles/Service/install/example_service_rclcpp/share/example_service_rclcpp/package.sh'
[4.859s] Level 1:colcon.colcon_core.environment:create_file_with_runtime_dependencies(/home/lenck/RM/moudles/Service/install/example_service_rclcpp/share/colcon-core/packages/example_service_rclcpp)
[4.861s] DEBUG:colcon.colcon_core.executor.sequential:run_until_complete 'example_service_rclcpp' finished with '0'
[4.862s] DEBUG:colcon.colcon_core.executor.sequential:closing loop
[4.862s] DEBUG:colcon.colcon_core.executor.sequential:loop closed
[4.862s] DEBUG:colcon.colcon_core.event_reactor:joining thread
[4.862s] DEBUG:colcon.colcon_core.event_reactor:joined thread
[4.879s] INFO:colcon.colcon_core.shell:Creating prefix script '/home/lenck/RM/moudles/Service/install/local_setup.sh'
[4.881s] INFO:colcon.colcon_core.shell:Creating prefix util module '/home/lenck/RM/moudles/Service/install/_local_setup_util_sh.py'
[4.882s] INFO:colcon.colcon_core.shell:Creating prefix chain script '/home/lenck/RM/moudles/Service/install/setup.sh'
