[0.168s] DEBUG:colcon:Command line arguments: ['/usr/bin/colcon', 'build']
[0.168s] DEBUG:colcon:Parsed command line arguments: Namespace(log_base=None, log_level=None, verb_name='build', build_base='build', install_base='install', merge_install=False, symlink_install=False, test_result_base=None, continue_on_error=False, executor='sequential', event_handlers=None, base_paths=['.'], paths=None, cmake_args=None, cmake_target=None, cmake_target_skip_unavailable=False, cmake_clean_cache=False, cmake_clean_first=False, cmake_force_configure=False, ament_cmake_args=None, catkin_cmake_args=None, catkin_skip_building_tests=False, verb_parser=CustomArgumentParser(prog='colcon build', usage=None, description='Build a set of packages.', formatter_class=<class 'colcon_core.command.CustomFormatter'>, conflict_handler='error', add_help=True), verb_extension=<colcon_core.verb.build.BuildVerb object at 0x7ff6e13f3cd0>, main=<bound method BuildVerb.main of <colcon_core.verb.build.BuildVerb object at 0x7ff6e13f3cd0>>)
[0.345s] Level 1:colcon.colcon_core.package_discovery:discover_packages(recursive) check parameters
[0.345s] Level 1:colcon.colcon_core.package_discovery:discover_packages(path) check parameters
[0.345s] Level 1:colcon.colcon_core.package_discovery:discover_packages(recursive) discover
[0.345s] INFO:colcon.colcon_core.package_discovery:Crawling recursively for packages in '/home/lenck/RM/base_tasks/work3'
[0.345s] Level 1:colcon.colcon_core.package_identification:_identify(.) by extensions ['ignore', 'ignore_ament_install']
[0.345s] Level 1:colcon.colcon_core.package_identification:_identify(.) by extension 'ignore'
[0.345s] Level 1:colcon.colcon_core.package_identification:_identify(.) by extension 'ignore_ament_install'
[0.345s] Level 1:colcon.colcon_core.package_identification:_identify(.) by extensions ['ros']
[0.345s] Level 1:colcon.colcon_core.package_identification:_identify(.) by extension 'ros'
[0.354s] Level 1:colcon.colcon_core.package_identification:_identify(.) by extensions ['cmake', 'python']
[0.354s] Level 1:colcon.colcon_core.package_identification:_identify(.) by extension 'cmake'
[0.354s] Level 1:colcon.colcon_core.package_identification:_identify(.) by extension 'python'
[0.354s] Level 1:colcon.colcon_core.package_identification:_identify(.) by extensions ['python_setup_py']
[0.354s] Level 1:colcon.colcon_core.package_identification:_identify(.) by extension 'python_setup_py'
[0.354s] Level 1:colcon.colcon_core.package_identification:_identify(build) by extensions ['ignore', 'ignore_ament_install']
[0.354s] Level 1:colcon.colcon_core.package_identification:_identify(build) by extension 'ignore'
[0.354s] Level 1:colcon.colcon_core.package_identification:_identify(build) ignored
[0.354s] Level 1:colcon.colcon_core.package_identification:_identify(install) by extensions ['ignore', 'ignore_ament_install']
[0.354s] Level 1:colcon.colcon_core.package_identification:_identify(install) by extension 'ignore'
[0.354s] Level 1:colcon.colcon_core.package_identification:_identify(install) ignored
[0.354s] Level 1:colcon.colcon_core.package_identification:_identify(log) by extensions ['ignore', 'ignore_ament_install']
[0.354s] Level 1:colcon.colcon_core.package_identification:_identify(log) by extension 'ignore'
[0.354s] Level 1:colcon.colcon_core.package_identification:_identify(log) ignored
[0.354s] Level 1:colcon.colcon_core.package_identification:_identify(src) by extensions ['ignore', 'ignore_ament_install']
[0.355s] Level 1:colcon.colcon_core.package_identification:_identify(src) by extension 'ignore'
[0.355s] Level 1:colcon.colcon_core.package_identification:_identify(src) by extension 'ignore_ament_install'
[0.355s] Level 1:colcon.colcon_core.package_identification:_identify(src) by extensions ['ros']
[0.355s] Level 1:colcon.colcon_core.package_identification:_identify(src) by extension 'ros'
[0.355s] Level 1:colcon.colcon_core.package_identification:_identify(src) by extensions ['cmake', 'python']
[0.355s] Level 1:colcon.colcon_core.package_identification:_identify(src) by extension 'cmake'
[0.355s] Level 1:colcon.colcon_core.package_identification:_identify(src) by extension 'python'
[0.355s] Level 1:colcon.colcon_core.package_identification:_identify(src) by extensions ['python_setup_py']
[0.355s] Level 1:colcon.colcon_core.package_identification:_identify(src) by extension 'python_setup_py'
[0.355s] Level 1:colcon.colcon_core.package_identification:_identify(src/example_cpp) by extensions ['ignore', 'ignore_ament_install']
[0.355s] Level 1:colcon.colcon_core.package_identification:_identify(src/example_cpp) by extension 'ignore'
[0.355s] Level 1:colcon.colcon_core.package_identification:_identify(src/example_cpp) by extension 'ignore_ament_install'
[0.355s] Level 1:colcon.colcon_core.package_identification:_identify(src/example_cpp) by extensions ['ros']
[0.355s] Level 1:colcon.colcon_core.package_identification:_identify(src/example_cpp) by extension 'ros'
[0.357s] DEBUG:colcon.colcon_core.package_identification:Package 'src/example_cpp' with type 'ros.ament_cmake' and name 'example_cpp'
[0.357s] Level 1:colcon.colcon_core.package_discovery:discover_packages(recursive) using defaults
[0.357s] Level 1:colcon.colcon_core.package_discovery:discover_packages(path) discover
[0.357s] Level 1:colcon.colcon_core.package_discovery:discover_packages(path) using defaults
[0.421s] Level 5:colcon.colcon_core.verb:set package 'example_cpp' build argument 'cmake_args' from command line to 'None'
[0.422s] Level 5:colcon.colcon_core.verb:set package 'example_cpp' build argument 'cmake_target' from command line to 'None'
[0.422s] Level 5:colcon.colcon_core.verb:set package 'example_cpp' build argument 'cmake_target_skip_unavailable' from command line to 'False'
[0.422s] Level 5:colcon.colcon_core.verb:set package 'example_cpp' build argument 'cmake_clean_cache' from command line to 'False'
[0.422s] Level 5:colcon.colcon_core.verb:set package 'example_cpp' build argument 'cmake_clean_first' from command line to 'False'
[0.422s] Level 5:colcon.colcon_core.verb:set package 'example_cpp' build argument 'cmake_force_configure' from command line to 'False'
[0.422s] Level 5:colcon.colcon_core.verb:set package 'example_cpp' build argument 'ament_cmake_args' from command line to 'None'
[0.422s] Level 5:colcon.colcon_core.verb:set package 'example_cpp' build argument 'catkin_cmake_args' from command line to 'None'
[0.422s] Level 5:colcon.colcon_core.verb:set package 'example_cpp' build argument 'catkin_skip_building_tests' from command line to 'False'
[0.422s] DEBUG:colcon.colcon_core.verb:Building package 'example_cpp' with the following arguments: {'ament_cmake_args': None, 'build_base': '/home/lenck/RM/base_tasks/work3/build/example_cpp', 'catkin_cmake_args': None, 'catkin_skip_building_tests': False, 'cmake_args': None, 'cmake_clean_cache': False, 'cmake_clean_first': False, 'cmake_force_configure': False, 'cmake_target': None, 'cmake_target_skip_unavailable': False, 'install_base': '/home/lenck/RM/base_tasks/work3/install/example_cpp', 'merge_install': False, 'path': '/home/lenck/RM/base_tasks/work3/src/example_cpp', 'symlink_install': False, 'test_result_base': None}
[0.431s] INFO:colcon.colcon_core.executor:Executing jobs using 'sequential' executor
[0.439s] DEBUG:colcon.colcon_core.executor.sequential:run_until_complete 'example_cpp'
[0.439s] INFO:colcon.colcon_ros.task.ament_cmake.build:Building ROS package in '/home/lenck/RM/base_tasks/work3/src/example_cpp' with build type 'ament_cmake'
[0.439s] INFO:colcon.colcon_cmake.task.cmake.build:Building CMake package in '/home/lenck/RM/base_tasks/work3/src/example_cpp'
[0.448s] INFO:colcon.colcon_core.plugin_system:Skipping extension 'colcon_core.shell.bat': Not used on non-Windows systems
[0.449s] DEBUG:colcon.colcon_core.shell:Skip shell extension 'dsv' for command environment
[0.476s] DEBUG:colcon.colcon_core.event_handler.log_command:Invoking command in '/home/lenck/RM/base_tasks/work3/build/example_cpp': CMAKE_PREFIX_PATH=/opt/ros/humble /usr/bin/cmake --build /home/lenck/RM/base_tasks/work3/build/example_cpp -- -j4 -l4
[8.925s] DEBUG:colcon.colcon_core.event_handler.log_command:Invoked command in '/home/lenck/RM/base_tasks/work3/build/example_cpp' returned '0': CMAKE_PREFIX_PATH=/opt/ros/humble /usr/bin/cmake --build /home/lenck/RM/base_tasks/work3/build/example_cpp -- -j4 -l4
[8.978s] DEBUG:colcon.colcon_core.event_handler.log_command:Invoking command in '/home/lenck/RM/base_tasks/work3/build/example_cpp': CMAKE_PREFIX_PATH=/opt/ros/humble /usr/bin/cmake --install /home/lenck/RM/base_tasks/work3/build/example_cpp
[8.997s] Level 1:colcon.colcon_core.environment:create_environment_scripts_only(example_cpp)
[8.998s] DEBUG:colcon.colcon_core.event_handler.log_command:Invoked command in '/home/lenck/RM/base_tasks/work3/build/example_cpp' returned '0': CMAKE_PREFIX_PATH=/opt/ros/humble /usr/bin/cmake --install /home/lenck/RM/base_tasks/work3/build/example_cpp
[9.057s] Level 1:colcon.colcon_core.environment:checking '/home/lenck/RM/base_tasks/work3/install/example_cpp' for CMake module files
[9.057s] Level 1:colcon.colcon_core.environment:checking '/home/lenck/RM/base_tasks/work3/install/example_cpp' for CMake config files
[9.057s] Level 1:colcon.colcon_core.shell:create_environment_hook('example_cpp', 'cmake_prefix_path')
[9.066s] INFO:colcon.colcon_core.shell:Creating environment descriptor '/home/lenck/RM/base_tasks/work3/install/example_cpp/share/example_cpp/hook/cmake_prefix_path.dsv'
[9.067s] INFO:colcon.colcon_core.shell:Creating environment hook '/home/lenck/RM/base_tasks/work3/install/example_cpp/share/example_cpp/hook/cmake_prefix_path.sh'
[9.070s] Level 1:colcon.colcon_core.environment:checking '/home/lenck/RM/base_tasks/work3/install/example_cpp/lib'
[9.071s] Level 1:colcon.colcon_core.environment:checking '/home/lenck/RM/base_tasks/work3/install/example_cpp/bin'
[9.071s] Level 1:colcon.colcon_core.environment:checking '/home/lenck/RM/base_tasks/work3/install/example_cpp/lib/pkgconfig/example_cpp.pc'
[9.074s] Level 1:colcon.colcon_core.environment:checking '/home/lenck/RM/base_tasks/work3/install/example_cpp/lib/python3.10/site-packages'
[9.074s] Level 1:colcon.colcon_core.environment:checking '/home/lenck/RM/base_tasks/work3/install/example_cpp/bin'
[9.083s] INFO:colcon.colcon_core.shell:Creating package descriptor '/home/lenck/RM/base_tasks/work3/install/example_cpp/share/example_cpp/package.dsv'
[9.084s] INFO:colcon.colcon_core.shell:Creating package script '/home/lenck/RM/base_tasks/work3/install/example_cpp/share/example_cpp/package.sh'
[9.085s] Level 1:colcon.colcon_core.environment:create_file_with_runtime_dependencies(/home/lenck/RM/base_tasks/work3/install/example_cpp/share/colcon-core/packages/example_cpp)
[9.125s] Level 1:colcon.colcon_core.environment:create_environment_scripts_only(example_cpp)
[9.133s] Level 1:colcon.colcon_core.environment:checking '/home/lenck/RM/base_tasks/work3/install/example_cpp' for CMake module files
[9.133s] Level 1:colcon.colcon_core.environment:checking '/home/lenck/RM/base_tasks/work3/install/example_cpp' for CMake config files
[9.133s] Level 1:colcon.colcon_core.shell:create_environment_hook('example_cpp', 'cmake_prefix_path')
[9.141s] INFO:colcon.colcon_core.shell:Creating environment descriptor '/home/lenck/RM/base_tasks/work3/install/example_cpp/share/example_cpp/hook/cmake_prefix_path.dsv'
[9.141s] INFO:colcon.colcon_core.shell:Creating environment hook '/home/lenck/RM/base_tasks/work3/install/example_cpp/share/example_cpp/hook/cmake_prefix_path.sh'
[9.142s] Level 1:colcon.colcon_core.environment:checking '/home/lenck/RM/base_tasks/work3/install/example_cpp/lib'
[9.142s] Level 1:colcon.colcon_core.environment:checking '/home/lenck/RM/base_tasks/work3/install/example_cpp/bin'
[9.142s] Level 1:colcon.colcon_core.environment:checking '/home/lenck/RM/base_tasks/work3/install/example_cpp/lib/pkgconfig/example_cpp.pc'
[9.142s] Level 1:colcon.colcon_core.environment:checking '/home/lenck/RM/base_tasks/work3/install/example_cpp/lib/python3.10/site-packages'
[9.142s] Level 1:colcon.colcon_core.environment:checking '/home/lenck/RM/base_tasks/work3/install/example_cpp/bin'
[9.152s] INFO:colcon.colcon_core.shell:Creating package descriptor '/home/lenck/RM/base_tasks/work3/install/example_cpp/share/example_cpp/package.dsv'
[9.152s] INFO:colcon.colcon_core.shell:Creating package script '/home/lenck/RM/base_tasks/work3/install/example_cpp/share/example_cpp/package.sh'
[9.153s] Level 1:colcon.colcon_core.environment:create_file_with_runtime_dependencies(/home/lenck/RM/base_tasks/work3/install/example_cpp/share/colcon-core/packages/example_cpp)
[9.153s] DEBUG:colcon.colcon_core.executor.sequential:run_until_complete 'example_cpp' finished with '0'
[9.153s] DEBUG:colcon.colcon_core.executor.sequential:closing loop
[9.154s] DEBUG:colcon.colcon_core.executor.sequential:loop closed
[9.154s] DEBUG:colcon.colcon_core.event_reactor:joining thread
[9.154s] DEBUG:colcon.colcon_core.event_reactor:joined thread
[9.163s] INFO:colcon.colcon_core.shell:Creating prefix script '/home/lenck/RM/base_tasks/work3/install/local_setup.sh'
[9.164s] INFO:colcon.colcon_core.shell:Creating prefix util module '/home/lenck/RM/base_tasks/work3/install/_local_setup_util_sh.py'
[9.166s] INFO:colcon.colcon_core.shell:Creating prefix chain script '/home/lenck/RM/base_tasks/work3/install/setup.sh'
