[0.123s] DEBUG:colcon:Command line arguments: ['/usr/bin/colcon', 'build']
[0.123s] DEBUG:colcon:Parsed command line arguments: Namespace(log_base=None, log_level=None, verb_name='build', build_base='build', install_base='install', merge_install=False, symlink_install=False, test_result_base=None, continue_on_error=False, executor='sequential', event_handlers=None, base_paths=['.'], paths=None, cmake_args=None, cmake_target=None, cmake_target_skip_unavailable=False, cmake_clean_cache=False, cmake_clean_first=False, cmake_force_configure=False, ament_cmake_args=None, catkin_cmake_args=None, catkin_skip_building_tests=False, verb_parser=CustomArgumentParser(prog='colcon build', usage=None, description='Build a set of packages.', formatter_class=<class 'colcon_core.command.CustomFormatter'>, conflict_handler='error', add_help=True), verb_extension=<colcon_core.verb.build.BuildVerb object at 0x7f138f53b970>, main=<bound method BuildVerb.main of <colcon_core.verb.build.BuildVerb object at 0x7f138f53b970>>)
[0.356s] Level 1:colcon.colcon_core.package_discovery:discover_packages(recursive) check parameters
[0.356s] Level 1:colcon.colcon_core.package_discovery:discover_packages(path) check parameters
[0.356s] Level 1:colcon.colcon_core.package_discovery:discover_packages(recursive) discover
[0.356s] INFO:colcon.colcon_core.package_discovery:Crawling recursively for packages in '/home/lenck/RM/base_tasks'
[0.356s] Level 1:colcon.colcon_core.package_identification:_identify(.) by extensions ['ignore', 'ignore_ament_install']
[0.356s] Level 1:colcon.colcon_core.package_identification:_identify(.) by extension 'ignore'
[0.356s] Level 1:colcon.colcon_core.package_identification:_identify(.) by extension 'ignore_ament_install'
[0.357s] Level 1:colcon.colcon_core.package_identification:_identify(.) by extensions ['ros']
[0.357s] Level 1:colcon.colcon_core.package_identification:_identify(.) by extension 'ros'
[0.370s] Level 1:colcon.colcon_core.package_identification:_identify(.) by extensions ['cmake', 'python']
[0.372s] Level 1:colcon.colcon_core.package_identification:_identify(.) by extension 'cmake'
[0.373s] Level 1:colcon.colcon_core.package_identification:_identify(.) by extension 'python'
[0.373s] Level 1:colcon.colcon_core.package_identification:_identify(.) by extensions ['python_setup_py']
[0.373s] Level 1:colcon.colcon_core.package_identification:_identify(.) by extension 'python_setup_py'
[0.373s] Level 1:colcon.colcon_core.package_identification:_identify(build) by extensions ['ignore', 'ignore_ament_install']
[0.373s] Level 1:colcon.colcon_core.package_identification:_identify(build) by extension 'ignore'
[0.373s] Level 1:colcon.colcon_core.package_identification:_identify(build) ignored
[0.373s] Level 1:colcon.colcon_core.package_identification:_identify(install) by extensions ['ignore', 'ignore_ament_install']
[0.374s] Level 1:colcon.colcon_core.package_identification:_identify(install) by extension 'ignore'
[0.374s] Level 1:colcon.colcon_core.package_identification:_identify(install) ignored
[0.374s] Level 1:colcon.colcon_core.package_identification:_identify(log) by extensions ['ignore', 'ignore_ament_install']
[0.374s] Level 1:colcon.colcon_core.package_identification:_identify(log) by extension 'ignore'
[0.374s] Level 1:colcon.colcon_core.package_identification:_identify(log) ignored
[0.374s] Level 1:colcon.colcon_core.package_identification:_identify(src) by extensions ['ignore', 'ignore_ament_install']
[0.374s] Level 1:colcon.colcon_core.package_identification:_identify(src) by extension 'ignore'
[0.374s] Level 1:colcon.colcon_core.package_identification:_identify(src) by extension 'ignore_ament_install'
[0.374s] Level 1:colcon.colcon_core.package_identification:_identify(src) by extensions ['ros']
[0.374s] Level 1:colcon.colcon_core.package_identification:_identify(src) by extension 'ros'
[0.375s] Level 1:colcon.colcon_core.package_identification:_identify(src) by extensions ['cmake', 'python']
[0.375s] Level 1:colcon.colcon_core.package_identification:_identify(src) by extension 'cmake'
[0.375s] Level 1:colcon.colcon_core.package_identification:_identify(src) by extension 'python'
[0.375s] Level 1:colcon.colcon_core.package_identification:_identify(src) by extensions ['python_setup_py']
[0.375s] Level 1:colcon.colcon_core.package_identification:_identify(src) by extension 'python_setup_py'
[0.375s] Level 1:colcon.colcon_core.package_identification:_identify(src/build) by extensions ['ignore', 'ignore_ament_install']
[0.375s] Level 1:colcon.colcon_core.package_identification:_identify(src/build) by extension 'ignore'
[0.375s] Level 1:colcon.colcon_core.package_identification:_identify(src/build) ignored
[0.375s] Level 1:colcon.colcon_core.package_identification:_identify(src/install) by extensions ['ignore', 'ignore_ament_install']
[0.375s] Level 1:colcon.colcon_core.package_identification:_identify(src/install) by extension 'ignore'
[0.376s] Level 1:colcon.colcon_core.package_identification:_identify(src/install) ignored
[0.376s] Level 1:colcon.colcon_core.package_identification:_identify(src/learning_interfence) by extensions ['ignore', 'ignore_ament_install']
[0.376s] Level 1:colcon.colcon_core.package_identification:_identify(src/learning_interfence) by extension 'ignore'
[0.376s] Level 1:colcon.colcon_core.package_identification:_identify(src/learning_interfence) by extension 'ignore_ament_install'
[0.376s] Level 1:colcon.colcon_core.package_identification:_identify(src/learning_interfence) by extensions ['ros']
[0.376s] Level 1:colcon.colcon_core.package_identification:_identify(src/learning_interfence) by extension 'ros'
[0.380s] DEBUG:colcon.colcon_core.package_identification:Package 'src/learning_interfence' with type 'ros.ament_cmake' and name 'learning_interfence'
[0.380s] Level 1:colcon.colcon_core.package_identification:_identify(src/learning_py) by extensions ['ignore', 'ignore_ament_install']
[0.380s] Level 1:colcon.colcon_core.package_identification:_identify(src/learning_py) by extension 'ignore'
[0.380s] Level 1:colcon.colcon_core.package_identification:_identify(src/learning_py) by extension 'ignore_ament_install'
[0.381s] Level 1:colcon.colcon_core.package_identification:_identify(src/learning_py) by extensions ['ros']
[0.381s] Level 1:colcon.colcon_core.package_identification:_identify(src/learning_py) by extension 'ros'
[0.381s] DEBUG:colcon.colcon_core.package_identification:Package 'src/learning_py' with type 'ros.ament_python' and name 'learning_py'
[0.382s] Level 1:colcon.colcon_core.package_identification:_identify(src/learning_topic) by extensions ['ignore', 'ignore_ament_install']
[0.382s] Level 1:colcon.colcon_core.package_identification:_identify(src/learning_topic) by extension 'ignore'
[0.382s] Level 1:colcon.colcon_core.package_identification:_identify(src/learning_topic) by extension 'ignore_ament_install'
[0.382s] Level 1:colcon.colcon_core.package_identification:_identify(src/learning_topic) by extensions ['ros']
[0.382s] Level 1:colcon.colcon_core.package_identification:_identify(src/learning_topic) by extension 'ros'
[0.383s] DEBUG:colcon.colcon_core.package_identification:Package 'src/learning_topic' with type 'ros.ament_python' and name 'learning_topic'
[0.384s] Level 1:colcon.colcon_core.package_identification:_identify(src/log) by extensions ['ignore', 'ignore_ament_install']
[0.384s] Level 1:colcon.colcon_core.package_identification:_identify(src/log) by extension 'ignore'
[0.384s] Level 1:colcon.colcon_core.package_identification:_identify(src/log) ignored
[0.384s] Level 1:colcon.colcon_core.package_discovery:discover_packages(recursive) using defaults
[0.384s] Level 1:colcon.colcon_core.package_discovery:discover_packages(path) discover
[0.384s] Level 1:colcon.colcon_core.package_discovery:discover_packages(path) using defaults
[0.460s] Level 5:colcon.colcon_core.verb:set package 'learning_interfence' build argument 'cmake_args' from command line to 'None'
[0.460s] Level 5:colcon.colcon_core.verb:set package 'learning_interfence' build argument 'cmake_target' from command line to 'None'
[0.460s] Level 5:colcon.colcon_core.verb:set package 'learning_interfence' build argument 'cmake_target_skip_unavailable' from command line to 'False'
[0.460s] Level 5:colcon.colcon_core.verb:set package 'learning_interfence' build argument 'cmake_clean_cache' from command line to 'False'
[0.461s] Level 5:colcon.colcon_core.verb:set package 'learning_interfence' build argument 'cmake_clean_first' from command line to 'False'
[0.461s] Level 5:colcon.colcon_core.verb:set package 'learning_interfence' build argument 'cmake_force_configure' from command line to 'False'
[0.461s] Level 5:colcon.colcon_core.verb:set package 'learning_interfence' build argument 'ament_cmake_args' from command line to 'None'
[0.461s] Level 5:colcon.colcon_core.verb:set package 'learning_interfence' build argument 'catkin_cmake_args' from command line to 'None'
[0.461s] Level 5:colcon.colcon_core.verb:set package 'learning_interfence' build argument 'catkin_skip_building_tests' from command line to 'False'
[0.461s] DEBUG:colcon.colcon_core.verb:Building package 'learning_interfence' with the following arguments: {'ament_cmake_args': None, 'build_base': '/home/lenck/RM/base_tasks/build/learning_interfence', 'catkin_cmake_args': None, 'catkin_skip_building_tests': False, 'cmake_args': None, 'cmake_clean_cache': False, 'cmake_clean_first': False, 'cmake_force_configure': False, 'cmake_target': None, 'cmake_target_skip_unavailable': False, 'install_base': '/home/lenck/RM/base_tasks/install/learning_interfence', 'merge_install': False, 'path': '/home/lenck/RM/base_tasks/src/learning_interfence', 'symlink_install': False, 'test_result_base': None}
[0.469s] Level 5:colcon.colcon_core.verb:set package 'learning_py' build argument 'cmake_args' from command line to 'None'
[0.470s] Level 5:colcon.colcon_core.verb:set package 'learning_py' build argument 'cmake_target' from command line to 'None'
[0.470s] Level 5:colcon.colcon_core.verb:set package 'learning_py' build argument 'cmake_target_skip_unavailable' from command line to 'False'
[0.470s] Level 5:colcon.colcon_core.verb:set package 'learning_py' build argument 'cmake_clean_cache' from command line to 'False'
[0.470s] Level 5:colcon.colcon_core.verb:set package 'learning_py' build argument 'cmake_clean_first' from command line to 'False'
[0.470s] Level 5:colcon.colcon_core.verb:set package 'learning_py' build argument 'cmake_force_configure' from command line to 'False'
[0.470s] Level 5:colcon.colcon_core.verb:set package 'learning_py' build argument 'ament_cmake_args' from command line to 'None'
[0.470s] Level 5:colcon.colcon_core.verb:set package 'learning_py' build argument 'catkin_cmake_args' from command line to 'None'
[0.470s] Level 5:colcon.colcon_core.verb:set package 'learning_py' build argument 'catkin_skip_building_tests' from command line to 'False'
[0.470s] DEBUG:colcon.colcon_core.verb:Building package 'learning_py' with the following arguments: {'ament_cmake_args': None, 'build_base': '/home/lenck/RM/base_tasks/build/learning_py', 'catkin_cmake_args': None, 'catkin_skip_building_tests': False, 'cmake_args': None, 'cmake_clean_cache': False, 'cmake_clean_first': False, 'cmake_force_configure': False, 'cmake_target': None, 'cmake_target_skip_unavailable': False, 'install_base': '/home/lenck/RM/base_tasks/install/learning_py', 'merge_install': False, 'path': '/home/lenck/RM/base_tasks/src/learning_py', 'symlink_install': False, 'test_result_base': None}
[0.478s] Level 5:colcon.colcon_core.verb:set package 'learning_topic' build argument 'cmake_args' from command line to 'None'
[0.479s] Level 5:colcon.colcon_core.verb:set package 'learning_topic' build argument 'cmake_target' from command line to 'None'
[0.479s] Level 5:colcon.colcon_core.verb:set package 'learning_topic' build argument 'cmake_target_skip_unavailable' from command line to 'False'
[0.479s] Level 5:colcon.colcon_core.verb:set package 'learning_topic' build argument 'cmake_clean_cache' from command line to 'False'
[0.479s] Level 5:colcon.colcon_core.verb:set package 'learning_topic' build argument 'cmake_clean_first' from command line to 'False'
[0.479s] Level 5:colcon.colcon_core.verb:set package 'learning_topic' build argument 'cmake_force_configure' from command line to 'False'
[0.479s] Level 5:colcon.colcon_core.verb:set package 'learning_topic' build argument 'ament_cmake_args' from command line to 'None'
[0.479s] Level 5:colcon.colcon_core.verb:set package 'learning_topic' build argument 'catkin_cmake_args' from command line to 'None'
[0.479s] Level 5:colcon.colcon_core.verb:set package 'learning_topic' build argument 'catkin_skip_building_tests' from command line to 'False'
[0.479s] DEBUG:colcon.colcon_core.verb:Building package 'learning_topic' with the following arguments: {'ament_cmake_args': None, 'build_base': '/home/lenck/RM/base_tasks/build/learning_topic', 'catkin_cmake_args': None, 'catkin_skip_building_tests': False, 'cmake_args': None, 'cmake_clean_cache': False, 'cmake_clean_first': False, 'cmake_force_configure': False, 'cmake_target': None, 'cmake_target_skip_unavailable': False, 'install_base': '/home/lenck/RM/base_tasks/install/learning_topic', 'merge_install': False, 'path': '/home/lenck/RM/base_tasks/src/learning_topic', 'symlink_install': False, 'test_result_base': None}
[0.488s] INFO:colcon.colcon_core.executor:Executing jobs using 'sequential' executor
[0.499s] DEBUG:colcon.colcon_core.executor.sequential:run_until_complete 'learning_interfence'
[0.499s] INFO:colcon.colcon_ros.task.ament_cmake.build:Building ROS package in '/home/lenck/RM/base_tasks/src/learning_interfence' with build type 'ament_cmake'
[0.500s] INFO:colcon.colcon_cmake.task.cmake.build:Building CMake package in '/home/lenck/RM/base_tasks/src/learning_interfence'
[0.512s] INFO:colcon.colcon_core.plugin_system:Skipping extension 'colcon_core.shell.bat': Not used on non-Windows systems
[0.512s] DEBUG:colcon.colcon_core.shell:Skip shell extension 'dsv' for command environment
[0.545s] DEBUG:colcon.colcon_core.event_handler.log_command:Invoking command in '/home/lenck/RM/base_tasks/build/learning_interfence': CMAKE_PREFIX_PATH=/opt/ros/humble /usr/bin/cmake /home/lenck/RM/base_tasks/src/learning_interfence -DCMAKE_INSTALL_PREFIX=/home/lenck/RM/base_tasks/install/learning_interfence
[2.107s] DEBUG:colcon.colcon_core.event_handler.log_command:Invoked command in '/home/lenck/RM/base_tasks/build/learning_interfence' returned '0': CMAKE_PREFIX_PATH=/opt/ros/humble /usr/bin/cmake /home/lenck/RM/base_tasks/src/learning_interfence -DCMAKE_INSTALL_PREFIX=/home/lenck/RM/base_tasks/install/learning_interfence
[2.107s] DEBUG:colcon.colcon_core.event_handler.log_command:Invoking command in '/home/lenck/RM/base_tasks/build/learning_interfence': CMAKE_PREFIX_PATH=/opt/ros/humble /usr/bin/cmake --build /home/lenck/RM/base_tasks/build/learning_interfence -- -j2 -l2
[5.943s] DEBUG:colcon.colcon_core.event_handler.log_command:Invoked command in '/home/lenck/RM/base_tasks/build/learning_interfence' returned '0': CMAKE_PREFIX_PATH=/opt/ros/humble /usr/bin/cmake --build /home/lenck/RM/base_tasks/build/learning_interfence -- -j2 -l2
[6.014s] DEBUG:colcon.colcon_core.event_handler.log_command:Invoking command in '/home/lenck/RM/base_tasks/build/learning_interfence': CMAKE_PREFIX_PATH=/opt/ros/humble /usr/bin/cmake --install /home/lenck/RM/base_tasks/build/learning_interfence
[6.097s] Level 1:colcon.colcon_core.environment:create_environment_scripts_only(learning_interfence)
[6.115s] DEBUG:colcon.colcon_core.event_handler.log_command:Invoked command in '/home/lenck/RM/base_tasks/build/learning_interfence' returned '0': CMAKE_PREFIX_PATH=/opt/ros/humble /usr/bin/cmake --install /home/lenck/RM/base_tasks/build/learning_interfence
[6.124s] Level 1:colcon.colcon_core.environment:checking '/home/lenck/RM/base_tasks/install/learning_interfence' for CMake module files
[6.124s] Level 1:colcon.colcon_core.environment:checking '/home/lenck/RM/base_tasks/install/learning_interfence' for CMake config files
[6.124s] Level 1:colcon.colcon_core.shell:create_environment_hook('learning_interfence', 'cmake_prefix_path')
[6.133s] INFO:colcon.colcon_core.shell:Creating environment descriptor '/home/lenck/RM/base_tasks/install/learning_interfence/share/learning_interfence/hook/cmake_prefix_path.dsv'
[6.139s] INFO:colcon.colcon_core.shell:Creating environment hook '/home/lenck/RM/base_tasks/install/learning_interfence/share/learning_interfence/hook/cmake_prefix_path.sh'
[6.140s] Level 1:colcon.colcon_core.environment:checking '/home/lenck/RM/base_tasks/install/learning_interfence/lib'
[6.140s] Level 1:colcon.colcon_core.shell:create_environment_hook('learning_interfence', 'ld_library_path_lib')
[6.151s] INFO:colcon.colcon_core.shell:Creating environment descriptor '/home/lenck/RM/base_tasks/install/learning_interfence/share/learning_interfence/hook/ld_library_path_lib.dsv'
[6.152s] INFO:colcon.colcon_core.shell:Creating environment hook '/home/lenck/RM/base_tasks/install/learning_interfence/share/learning_interfence/hook/ld_library_path_lib.sh'
[6.152s] Level 1:colcon.colcon_core.environment:checking '/home/lenck/RM/base_tasks/install/learning_interfence/bin'
[6.152s] Level 1:colcon.colcon_core.environment:checking '/home/lenck/RM/base_tasks/install/learning_interfence/lib/pkgconfig/learning_interfence.pc'
[6.153s] Level 1:colcon.colcon_core.environment:checking '/home/lenck/RM/base_tasks/install/learning_interfence/lib/python3.10/site-packages'
[6.153s] Level 1:colcon.colcon_core.environment:checking '/home/lenck/RM/base_tasks/install/learning_interfence/bin'
[6.168s] INFO:colcon.colcon_core.shell:Creating package descriptor '/home/lenck/RM/base_tasks/install/learning_interfence/share/learning_interfence/package.dsv'
[6.170s] INFO:colcon.colcon_core.shell:Creating package script '/home/lenck/RM/base_tasks/install/learning_interfence/share/learning_interfence/package.sh'
[6.171s] Level 1:colcon.colcon_core.environment:create_file_with_runtime_dependencies(/home/lenck/RM/base_tasks/install/learning_interfence/share/colcon-core/packages/learning_interfence)
[6.246s] Level 1:colcon.colcon_core.environment:create_environment_scripts_only(learning_interfence)
[6.258s] Level 1:colcon.colcon_core.environment:checking '/home/lenck/RM/base_tasks/install/learning_interfence' for CMake module files
[6.259s] Level 1:colcon.colcon_core.environment:checking '/home/lenck/RM/base_tasks/install/learning_interfence' for CMake config files
[6.261s] Level 1:colcon.colcon_core.shell:create_environment_hook('learning_interfence', 'cmake_prefix_path')
[6.269s] INFO:colcon.colcon_core.shell:Creating environment descriptor '/home/lenck/RM/base_tasks/install/learning_interfence/share/learning_interfence/hook/cmake_prefix_path.dsv'
[6.270s] INFO:colcon.colcon_core.shell:Creating environment hook '/home/lenck/RM/base_tasks/install/learning_interfence/share/learning_interfence/hook/cmake_prefix_path.sh'
[6.270s] Level 1:colcon.colcon_core.environment:checking '/home/lenck/RM/base_tasks/install/learning_interfence/lib'
[6.270s] Level 1:colcon.colcon_core.shell:create_environment_hook('learning_interfence', 'ld_library_path_lib')
[6.280s] INFO:colcon.colcon_core.shell:Creating environment descriptor '/home/lenck/RM/base_tasks/install/learning_interfence/share/learning_interfence/hook/ld_library_path_lib.dsv'
[6.282s] INFO:colcon.colcon_core.shell:Creating environment hook '/home/lenck/RM/base_tasks/install/learning_interfence/share/learning_interfence/hook/ld_library_path_lib.sh'
[6.282s] Level 1:colcon.colcon_core.environment:checking '/home/lenck/RM/base_tasks/install/learning_interfence/bin'
[6.282s] Level 1:colcon.colcon_core.environment:checking '/home/lenck/RM/base_tasks/install/learning_interfence/lib/pkgconfig/learning_interfence.pc'
[6.283s] Level 1:colcon.colcon_core.environment:checking '/home/lenck/RM/base_tasks/install/learning_interfence/lib/python3.10/site-packages'
[6.283s] Level 1:colcon.colcon_core.environment:checking '/home/lenck/RM/base_tasks/install/learning_interfence/bin'
[6.292s] INFO:colcon.colcon_core.shell:Creating package descriptor '/home/lenck/RM/base_tasks/install/learning_interfence/share/learning_interfence/package.dsv'
[6.293s] INFO:colcon.colcon_core.shell:Creating package script '/home/lenck/RM/base_tasks/install/learning_interfence/share/learning_interfence/package.sh'
[6.296s] Level 1:colcon.colcon_core.environment:create_file_with_runtime_dependencies(/home/lenck/RM/base_tasks/install/learning_interfence/share/colcon-core/packages/learning_interfence)
[6.298s] DEBUG:colcon.colcon_core.executor.sequential:run_until_complete 'learning_interfence' finished with '0'
[6.298s] DEBUG:colcon.colcon_core.executor.sequential:run_until_complete 'learning_py'
[6.298s] INFO:colcon.colcon_ros.task.ament_python.build:Building ROS package in '/home/lenck/RM/base_tasks/src/learning_py' with build type 'ament_python'
[6.299s] Level 1:colcon.colcon_core.shell:create_environment_hook('learning_py', 'ament_prefix_path')
[6.313s] INFO:colcon.colcon_core.shell:Creating environment descriptor '/home/lenck/RM/base_tasks/install/learning_py/share/learning_py/hook/ament_prefix_path.dsv'
[6.314s] INFO:colcon.colcon_core.shell:Creating environment hook '/home/lenck/RM/base_tasks/install/learning_py/share/learning_py/hook/ament_prefix_path.sh'
[6.335s] DEBUG:colcon.colcon_core.shell:Skip shell extension 'dsv' for command environment
[6.563s] INFO:colcon.colcon_core.task.python.build:Building Python package in '/home/lenck/RM/base_tasks/src/learning_py'
[6.571s] DEBUG:colcon.colcon_core.shell:Skip shell extension 'dsv' for command environment
[6.953s] DEBUG:colcon.colcon_core.event_handler.log_command:Invoking command in '/home/lenck/RM/base_tasks/src/learning_py': PYTHONPATH=/home/lenck/RM/base_tasks/build/learning_py/prefix_override:/home/lenck/RM/base_tasks/install/learning_py/lib/python3.10/site-packages:${PYTHONPATH} /usr/bin/python3 setup.py egg_info --egg-base ../../build/learning_py build --build-base /home/lenck/RM/base_tasks/build/learning_py/build install --record /home/lenck/RM/base_tasks/build/learning_py/install.log --single-version-externally-managed
[7.204s] DEBUG:colcon.colcon_core.event_handler.log_command:Invoked command in '/home/lenck/RM/base_tasks/src/learning_py' returned '0': PYTHONPATH=/home/lenck/RM/base_tasks/build/learning_py/prefix_override:/home/lenck/RM/base_tasks/install/learning_py/lib/python3.10/site-packages:${PYTHONPATH} /usr/bin/python3 setup.py egg_info --egg-base ../../build/learning_py build --build-base /home/lenck/RM/base_tasks/build/learning_py/build install --record /home/lenck/RM/base_tasks/build/learning_py/install.log --single-version-externally-managed
[7.205s] Level 1:colcon.colcon_core.environment:checking '/home/lenck/RM/base_tasks/install/learning_py' for CMake module files
[7.205s] Level 1:colcon.colcon_core.environment:checking '/home/lenck/RM/base_tasks/install/learning_py' for CMake config files
[7.206s] Level 1:colcon.colcon_core.environment:checking '/home/lenck/RM/base_tasks/install/learning_py/lib'
[7.206s] Level 1:colcon.colcon_core.environment:checking '/home/lenck/RM/base_tasks/install/learning_py/bin'
[7.206s] Level 1:colcon.colcon_core.environment:checking '/home/lenck/RM/base_tasks/install/learning_py/lib/pkgconfig/learning_py.pc'
[7.206s] Level 1:colcon.colcon_core.environment:checking '/home/lenck/RM/base_tasks/install/learning_py/lib/python3.10/site-packages'
[7.206s] Level 1:colcon.colcon_core.shell:create_environment_hook('learning_py', 'pythonpath')
[7.215s] INFO:colcon.colcon_core.shell:Creating environment descriptor '/home/lenck/RM/base_tasks/install/learning_py/share/learning_py/hook/pythonpath.dsv'
[7.216s] INFO:colcon.colcon_core.shell:Creating environment hook '/home/lenck/RM/base_tasks/install/learning_py/share/learning_py/hook/pythonpath.sh'
[7.216s] Level 1:colcon.colcon_core.environment:checking '/home/lenck/RM/base_tasks/install/learning_py/bin'
[7.216s] Level 1:colcon.colcon_core.environment:create_environment_scripts_only(learning_py)
[7.225s] INFO:colcon.colcon_core.shell:Creating package descriptor '/home/lenck/RM/base_tasks/install/learning_py/share/learning_py/package.dsv'
[7.226s] INFO:colcon.colcon_core.shell:Creating package script '/home/lenck/RM/base_tasks/install/learning_py/share/learning_py/package.sh'
[7.226s] Level 1:colcon.colcon_core.environment:create_file_with_runtime_dependencies(/home/lenck/RM/base_tasks/install/learning_py/share/colcon-core/packages/learning_py)
[7.227s] DEBUG:colcon.colcon_core.executor.sequential:run_until_complete 'learning_py' finished with '0'
[7.227s] DEBUG:colcon.colcon_core.executor.sequential:run_until_complete 'learning_topic'
[7.227s] INFO:colcon.colcon_ros.task.ament_python.build:Building ROS package in '/home/lenck/RM/base_tasks/src/learning_topic' with build type 'ament_python'
[7.227s] Level 1:colcon.colcon_core.shell:create_environment_hook('learning_topic', 'ament_prefix_path')
[7.240s] INFO:colcon.colcon_core.shell:Creating environment descriptor '/home/lenck/RM/base_tasks/install/learning_topic/share/learning_topic/hook/ament_prefix_path.dsv'
[7.243s] INFO:colcon.colcon_core.shell:Creating environment hook '/home/lenck/RM/base_tasks/install/learning_topic/share/learning_topic/hook/ament_prefix_path.sh'
[7.258s] DEBUG:colcon.colcon_core.shell:Skip shell extension 'dsv' for command environment
[7.487s] INFO:colcon.colcon_core.task.python.build:Building Python package in '/home/lenck/RM/base_tasks/src/learning_topic'
[7.496s] DEBUG:colcon.colcon_core.shell:Skip shell extension 'dsv' for command environment
[7.816s] DEBUG:colcon.colcon_core.event_handler.log_command:Invoking command in '/home/lenck/RM/base_tasks/src/learning_topic': PYTHONPATH=/home/lenck/RM/base_tasks/build/learning_topic/prefix_override:/home/lenck/RM/base_tasks/install/learning_topic/lib/python3.10/site-packages:${PYTHONPATH} /usr/bin/python3 setup.py egg_info --egg-base ../../build/learning_topic build --build-base /home/lenck/RM/base_tasks/build/learning_topic/build install --record /home/lenck/RM/base_tasks/build/learning_topic/install.log --single-version-externally-managed
[8.075s] Level 1:colcon.colcon_core.environment:checking '/home/lenck/RM/base_tasks/install/learning_topic' for CMake module files
[8.075s] DEBUG:colcon.colcon_core.event_handler.log_command:Invoked command in '/home/lenck/RM/base_tasks/src/learning_topic' returned '0': PYTHONPATH=/home/lenck/RM/base_tasks/build/learning_topic/prefix_override:/home/lenck/RM/base_tasks/install/learning_topic/lib/python3.10/site-packages:${PYTHONPATH} /usr/bin/python3 setup.py egg_info --egg-base ../../build/learning_topic build --build-base /home/lenck/RM/base_tasks/build/learning_topic/build install --record /home/lenck/RM/base_tasks/build/learning_topic/install.log --single-version-externally-managed
[8.076s] Level 1:colcon.colcon_core.environment:checking '/home/lenck/RM/base_tasks/install/learning_topic' for CMake config files
[8.076s] Level 1:colcon.colcon_core.environment:checking '/home/lenck/RM/base_tasks/install/learning_topic/lib'
[8.076s] Level 1:colcon.colcon_core.environment:checking '/home/lenck/RM/base_tasks/install/learning_topic/bin'
[8.076s] Level 1:colcon.colcon_core.environment:checking '/home/lenck/RM/base_tasks/install/learning_topic/lib/pkgconfig/learning_topic.pc'
[8.076s] Level 1:colcon.colcon_core.environment:checking '/home/lenck/RM/base_tasks/install/learning_topic/lib/python3.10/site-packages'
[8.076s] Level 1:colcon.colcon_core.shell:create_environment_hook('learning_topic', 'pythonpath')
[8.084s] INFO:colcon.colcon_core.shell:Creating environment descriptor '/home/lenck/RM/base_tasks/install/learning_topic/share/learning_topic/hook/pythonpath.dsv'
[8.085s] INFO:colcon.colcon_core.shell:Creating environment hook '/home/lenck/RM/base_tasks/install/learning_topic/share/learning_topic/hook/pythonpath.sh'
[8.086s] Level 1:colcon.colcon_core.environment:checking '/home/lenck/RM/base_tasks/install/learning_topic/bin'
[8.086s] Level 1:colcon.colcon_core.environment:create_environment_scripts_only(learning_topic)
[8.102s] INFO:colcon.colcon_core.shell:Creating package descriptor '/home/lenck/RM/base_tasks/install/learning_topic/share/learning_topic/package.dsv'
[8.103s] INFO:colcon.colcon_core.shell:Creating package script '/home/lenck/RM/base_tasks/install/learning_topic/share/learning_topic/package.sh'
[8.104s] Level 1:colcon.colcon_core.environment:create_file_with_runtime_dependencies(/home/lenck/RM/base_tasks/install/learning_topic/share/colcon-core/packages/learning_topic)
[8.104s] DEBUG:colcon.colcon_core.executor.sequential:run_until_complete 'learning_topic' finished with '0'
[8.104s] DEBUG:colcon.colcon_core.executor.sequential:closing loop
[8.105s] DEBUG:colcon.colcon_core.executor.sequential:loop closed
[8.105s] DEBUG:colcon.colcon_core.event_reactor:joining thread
[8.105s] DEBUG:colcon.colcon_core.event_reactor:joined thread
[8.113s] INFO:colcon.colcon_core.shell:Creating prefix script '/home/lenck/RM/base_tasks/install/local_setup.sh'
[8.120s] INFO:colcon.colcon_core.shell:Creating prefix util module '/home/lenck/RM/base_tasks/install/_local_setup_util_sh.py'
[8.121s] INFO:colcon.colcon_core.shell:Creating prefix chain script '/home/lenck/RM/base_tasks/install/setup.sh'
