[0.179s] DEBUG:colcon:Command line arguments: ['/usr/bin/colcon', 'build']
[0.179s] DEBUG:colcon:Parsed command line arguments: Namespace(log_base=None, log_level=None, verb_name='build', build_base='build', install_base='install', merge_install=False, symlink_install=False, test_result_base=None, continue_on_error=False, executor='sequential', event_handlers=None, base_paths=['.'], paths=None, cmake_args=None, cmake_target=None, cmake_target_skip_unavailable=False, cmake_clean_cache=False, cmake_clean_first=False, cmake_force_configure=False, ament_cmake_args=None, catkin_cmake_args=None, catkin_skip_building_tests=False, verb_parser=CustomArgumentParser(prog='colcon build', usage=None, description='Build a set of packages.', formatter_class=<class 'colcon_core.command.CustomFormatter'>, conflict_handler='error', add_help=True), verb_extension=<colcon_core.verb.build.BuildVerb object at 0x7f449efe34c0>, main=<bound method BuildVerb.main of <colcon_core.verb.build.BuildVerb object at 0x7f449efe34c0>>)
[0.370s] Level 1:colcon.colcon_core.package_discovery:discover_packages(recursive) check parameters
[0.370s] Level 1:colcon.colcon_core.package_discovery:discover_packages(path) check parameters
[0.370s] Level 1:colcon.colcon_core.package_discovery:discover_packages(recursive) discover
[0.370s] INFO:colcon.colcon_core.package_discovery:Crawling recursively for packages in '/home/lenck/RM/base_tasks/work4'
[0.370s] Level 1:colcon.colcon_core.package_identification:_identify(.) by extensions ['ignore', 'ignore_ament_install']
[0.370s] Level 1:colcon.colcon_core.package_identification:_identify(.) by extension 'ignore'
[0.371s] Level 1:colcon.colcon_core.package_identification:_identify(.) by extension 'ignore_ament_install'
[0.371s] Level 1:colcon.colcon_core.package_identification:_identify(.) by extensions ['ros']
[0.371s] Level 1:colcon.colcon_core.package_identification:_identify(.) by extension 'ros'
[0.380s] Level 1:colcon.colcon_core.package_identification:_identify(.) by extensions ['cmake', 'python']
[0.380s] Level 1:colcon.colcon_core.package_identification:_identify(.) by extension 'cmake'
[0.380s] Level 1:colcon.colcon_core.package_identification:_identify(.) by extension 'python'
[0.380s] Level 1:colcon.colcon_core.package_identification:_identify(.) by extensions ['python_setup_py']
[0.380s] Level 1:colcon.colcon_core.package_identification:_identify(.) by extension 'python_setup_py'
[0.380s] Level 1:colcon.colcon_core.package_identification:_identify(build) by extensions ['ignore', 'ignore_ament_install']
[0.380s] Level 1:colcon.colcon_core.package_identification:_identify(build) by extension 'ignore'
[0.380s] Level 1:colcon.colcon_core.package_identification:_identify(build) ignored
[0.380s] Level 1:colcon.colcon_core.package_identification:_identify(install) by extensions ['ignore', 'ignore_ament_install']
[0.381s] Level 1:colcon.colcon_core.package_identification:_identify(install) by extension 'ignore'
[0.381s] Level 1:colcon.colcon_core.package_identification:_identify(install) ignored
[0.381s] Level 1:colcon.colcon_core.package_identification:_identify(log) by extensions ['ignore', 'ignore_ament_install']
[0.381s] Level 1:colcon.colcon_core.package_identification:_identify(log) by extension 'ignore'
[0.381s] Level 1:colcon.colcon_core.package_identification:_identify(log) ignored
[0.381s] Level 1:colcon.colcon_core.package_identification:_identify(src) by extensions ['ignore', 'ignore_ament_install']
[0.381s] Level 1:colcon.colcon_core.package_identification:_identify(src) by extension 'ignore'
[0.381s] Level 1:colcon.colcon_core.package_identification:_identify(src) by extension 'ignore_ament_install'
[0.381s] Level 1:colcon.colcon_core.package_identification:_identify(src) by extensions ['ros']
[0.381s] Level 1:colcon.colcon_core.package_identification:_identify(src) by extension 'ros'
[0.381s] Level 1:colcon.colcon_core.package_identification:_identify(src) by extensions ['cmake', 'python']
[0.381s] Level 1:colcon.colcon_core.package_identification:_identify(src) by extension 'cmake'
[0.381s] Level 1:colcon.colcon_core.package_identification:_identify(src) by extension 'python'
[0.381s] Level 1:colcon.colcon_core.package_identification:_identify(src) by extensions ['python_setup_py']
[0.381s] Level 1:colcon.colcon_core.package_identification:_identify(src) by extension 'python_setup_py'
[0.381s] Level 1:colcon.colcon_core.package_identification:_identify(src/relative_interface) by extensions ['ignore', 'ignore_ament_install']
[0.381s] Level 1:colcon.colcon_core.package_identification:_identify(src/relative_interface) by extension 'ignore'
[0.381s] Level 1:colcon.colcon_core.package_identification:_identify(src/relative_interface) by extension 'ignore_ament_install'
[0.381s] Level 1:colcon.colcon_core.package_identification:_identify(src/relative_interface) by extensions ['ros']
[0.381s] Level 1:colcon.colcon_core.package_identification:_identify(src/relative_interface) by extension 'ros'
[0.383s] DEBUG:colcon.colcon_core.package_identification:Package 'src/relative_interface' with type 'ros.ament_cmake' and name 'relative_interface'
[0.383s] Level 1:colcon.colcon_core.package_identification:_identify(src/transfer_coordinate) by extensions ['ignore', 'ignore_ament_install']
[0.383s] Level 1:colcon.colcon_core.package_identification:_identify(src/transfer_coordinate) by extension 'ignore'
[0.383s] Level 1:colcon.colcon_core.package_identification:_identify(src/transfer_coordinate) by extension 'ignore_ament_install'
[0.383s] Level 1:colcon.colcon_core.package_identification:_identify(src/transfer_coordinate) by extensions ['ros']
[0.383s] Level 1:colcon.colcon_core.package_identification:_identify(src/transfer_coordinate) by extension 'ros'
[0.384s] DEBUG:colcon.colcon_core.package_identification:Package 'src/transfer_coordinate' with type 'ros.ament_cmake' and name 'transfer_coordinate'
[0.384s] Level 1:colcon.colcon_core.package_discovery:discover_packages(recursive) using defaults
[0.384s] Level 1:colcon.colcon_core.package_discovery:discover_packages(path) discover
[0.384s] Level 1:colcon.colcon_core.package_discovery:discover_packages(path) using defaults
[0.451s] Level 5:colcon.colcon_core.verb:set package 'relative_interface' build argument 'cmake_args' from command line to 'None'
[0.451s] Level 5:colcon.colcon_core.verb:set package 'relative_interface' build argument 'cmake_target' from command line to 'None'
[0.451s] Level 5:colcon.colcon_core.verb:set package 'relative_interface' build argument 'cmake_target_skip_unavailable' from command line to 'False'
[0.451s] Level 5:colcon.colcon_core.verb:set package 'relative_interface' build argument 'cmake_clean_cache' from command line to 'False'
[0.451s] Level 5:colcon.colcon_core.verb:set package 'relative_interface' build argument 'cmake_clean_first' from command line to 'False'
[0.452s] Level 5:colcon.colcon_core.verb:set package 'relative_interface' build argument 'cmake_force_configure' from command line to 'False'
[0.452s] Level 5:colcon.colcon_core.verb:set package 'relative_interface' build argument 'ament_cmake_args' from command line to 'None'
[0.452s] Level 5:colcon.colcon_core.verb:set package 'relative_interface' build argument 'catkin_cmake_args' from command line to 'None'
[0.452s] Level 5:colcon.colcon_core.verb:set package 'relative_interface' build argument 'catkin_skip_building_tests' from command line to 'False'
[0.452s] DEBUG:colcon.colcon_core.verb:Building package 'relative_interface' with the following arguments: {'ament_cmake_args': None, 'build_base': '/home/lenck/RM/base_tasks/work4/build/relative_interface', 'catkin_cmake_args': None, 'catkin_skip_building_tests': False, 'cmake_args': None, 'cmake_clean_cache': False, 'cmake_clean_first': False, 'cmake_force_configure': False, 'cmake_target': None, 'cmake_target_skip_unavailable': False, 'install_base': '/home/lenck/RM/base_tasks/work4/install/relative_interface', 'merge_install': False, 'path': '/home/lenck/RM/base_tasks/work4/src/relative_interface', 'symlink_install': False, 'test_result_base': None}
[0.461s] Level 5:colcon.colcon_core.verb:set package 'transfer_coordinate' build argument 'cmake_args' from command line to 'None'
[0.461s] Level 5:colcon.colcon_core.verb:set package 'transfer_coordinate' build argument 'cmake_target' from command line to 'None'
[0.461s] Level 5:colcon.colcon_core.verb:set package 'transfer_coordinate' build argument 'cmake_target_skip_unavailable' from command line to 'False'
[0.461s] Level 5:colcon.colcon_core.verb:set package 'transfer_coordinate' build argument 'cmake_clean_cache' from command line to 'False'
[0.461s] Level 5:colcon.colcon_core.verb:set package 'transfer_coordinate' build argument 'cmake_clean_first' from command line to 'False'
[0.461s] Level 5:colcon.colcon_core.verb:set package 'transfer_coordinate' build argument 'cmake_force_configure' from command line to 'False'
[0.461s] Level 5:colcon.colcon_core.verb:set package 'transfer_coordinate' build argument 'ament_cmake_args' from command line to 'None'
[0.461s] Level 5:colcon.colcon_core.verb:set package 'transfer_coordinate' build argument 'catkin_cmake_args' from command line to 'None'
[0.461s] Level 5:colcon.colcon_core.verb:set package 'transfer_coordinate' build argument 'catkin_skip_building_tests' from command line to 'False'
[0.461s] DEBUG:colcon.colcon_core.verb:Building package 'transfer_coordinate' with the following arguments: {'ament_cmake_args': None, 'build_base': '/home/lenck/RM/base_tasks/work4/build/transfer_coordinate', 'catkin_cmake_args': None, 'catkin_skip_building_tests': False, 'cmake_args': None, 'cmake_clean_cache': False, 'cmake_clean_first': False, 'cmake_force_configure': False, 'cmake_target': None, 'cmake_target_skip_unavailable': False, 'install_base': '/home/lenck/RM/base_tasks/work4/install/transfer_coordinate', 'merge_install': False, 'path': '/home/lenck/RM/base_tasks/work4/src/transfer_coordinate', 'symlink_install': False, 'test_result_base': None}
[0.471s] INFO:colcon.colcon_core.executor:Executing jobs using 'sequential' executor
[0.479s] DEBUG:colcon.colcon_core.executor.sequential:run_until_complete 'relative_interface'
[0.479s] INFO:colcon.colcon_ros.task.ament_cmake.build:Building ROS package in '/home/lenck/RM/base_tasks/work4/src/relative_interface' with build type 'ament_cmake'
[0.479s] INFO:colcon.colcon_cmake.task.cmake.build:Building CMake package in '/home/lenck/RM/base_tasks/work4/src/relative_interface'
[0.489s] INFO:colcon.colcon_core.plugin_system:Skipping extension 'colcon_core.shell.bat': Not used on non-Windows systems
[0.489s] DEBUG:colcon.colcon_core.shell:Skip shell extension 'dsv' for command environment
[0.535s] DEBUG:colcon.colcon_core.event_handler.log_command:Invoking command in '/home/lenck/RM/base_tasks/work4/build/relative_interface': CMAKE_PREFIX_PATH=${CMAKE_PREFIX_PATH}:/opt/ros/humble /usr/bin/cmake --build /home/lenck/RM/base_tasks/work4/build/relative_interface -- -j4 -l4
[1.025s] DEBUG:colcon.colcon_core.event_handler.log_command:Invoked command in '/home/lenck/RM/base_tasks/work4/build/relative_interface' returned '0': CMAKE_PREFIX_PATH=${CMAKE_PREFIX_PATH}:/opt/ros/humble /usr/bin/cmake --build /home/lenck/RM/base_tasks/work4/build/relative_interface -- -j4 -l4
[1.130s] DEBUG:colcon.colcon_core.event_handler.log_command:Invoking command in '/home/lenck/RM/base_tasks/work4/build/relative_interface': CMAKE_PREFIX_PATH=${CMAKE_PREFIX_PATH}:/opt/ros/humble /usr/bin/cmake --install /home/lenck/RM/base_tasks/work4/build/relative_interface
[1.222s] Level 1:colcon.colcon_core.environment:create_environment_scripts_only(relative_interface)
[1.223s] DEBUG:colcon.colcon_core.event_handler.log_command:Invoked command in '/home/lenck/RM/base_tasks/work4/build/relative_interface' returned '0': CMAKE_PREFIX_PATH=${CMAKE_PREFIX_PATH}:/opt/ros/humble /usr/bin/cmake --install /home/lenck/RM/base_tasks/work4/build/relative_interface
[1.244s] Level 1:colcon.colcon_core.environment:checking '/home/lenck/RM/base_tasks/work4/install/relative_interface' for CMake module files
[1.245s] Level 1:colcon.colcon_core.environment:checking '/home/lenck/RM/base_tasks/work4/install/relative_interface' for CMake config files
[1.245s] Level 1:colcon.colcon_core.shell:create_environment_hook('relative_interface', 'cmake_prefix_path')
[1.259s] INFO:colcon.colcon_core.shell:Creating environment descriptor '/home/lenck/RM/base_tasks/work4/install/relative_interface/share/relative_interface/hook/cmake_prefix_path.dsv'
[1.260s] INFO:colcon.colcon_core.shell:Creating environment hook '/home/lenck/RM/base_tasks/work4/install/relative_interface/share/relative_interface/hook/cmake_prefix_path.sh'
[1.261s] Level 1:colcon.colcon_core.environment:checking '/home/lenck/RM/base_tasks/work4/install/relative_interface/lib'
[1.261s] Level 1:colcon.colcon_core.shell:create_environment_hook('relative_interface', 'ld_library_path_lib')
[1.276s] INFO:colcon.colcon_core.shell:Creating environment descriptor '/home/lenck/RM/base_tasks/work4/install/relative_interface/share/relative_interface/hook/ld_library_path_lib.dsv'
[1.277s] INFO:colcon.colcon_core.shell:Creating environment hook '/home/lenck/RM/base_tasks/work4/install/relative_interface/share/relative_interface/hook/ld_library_path_lib.sh'
[1.278s] Level 1:colcon.colcon_core.environment:checking '/home/lenck/RM/base_tasks/work4/install/relative_interface/bin'
[1.278s] Level 1:colcon.colcon_core.environment:checking '/home/lenck/RM/base_tasks/work4/install/relative_interface/lib/pkgconfig/relative_interface.pc'
[1.279s] Level 1:colcon.colcon_core.environment:checking '/home/lenck/RM/base_tasks/work4/install/relative_interface/lib/python3.10/site-packages'
[1.279s] Level 1:colcon.colcon_core.environment:checking '/home/lenck/RM/base_tasks/work4/install/relative_interface/bin'
[1.295s] INFO:colcon.colcon_core.shell:Creating package descriptor '/home/lenck/RM/base_tasks/work4/install/relative_interface/share/relative_interface/package.dsv'
[1.296s] INFO:colcon.colcon_core.shell:Creating package script '/home/lenck/RM/base_tasks/work4/install/relative_interface/share/relative_interface/package.sh'
[1.297s] Level 1:colcon.colcon_core.environment:create_file_with_runtime_dependencies(/home/lenck/RM/base_tasks/work4/install/relative_interface/share/colcon-core/packages/relative_interface)
[1.380s] Level 1:colcon.colcon_core.environment:create_environment_scripts_only(relative_interface)
[1.391s] Level 1:colcon.colcon_core.environment:checking '/home/lenck/RM/base_tasks/work4/install/relative_interface' for CMake module files
[1.392s] Level 1:colcon.colcon_core.environment:checking '/home/lenck/RM/base_tasks/work4/install/relative_interface' for CMake config files
[1.392s] Level 1:colcon.colcon_core.shell:create_environment_hook('relative_interface', 'cmake_prefix_path')
[1.400s] INFO:colcon.colcon_core.shell:Creating environment descriptor '/home/lenck/RM/base_tasks/work4/install/relative_interface/share/relative_interface/hook/cmake_prefix_path.dsv'
[1.401s] INFO:colcon.colcon_core.shell:Creating environment hook '/home/lenck/RM/base_tasks/work4/install/relative_interface/share/relative_interface/hook/cmake_prefix_path.sh'
[1.403s] Level 1:colcon.colcon_core.environment:checking '/home/lenck/RM/base_tasks/work4/install/relative_interface/lib'
[1.403s] Level 1:colcon.colcon_core.shell:create_environment_hook('relative_interface', 'ld_library_path_lib')
[1.411s] INFO:colcon.colcon_core.shell:Creating environment descriptor '/home/lenck/RM/base_tasks/work4/install/relative_interface/share/relative_interface/hook/ld_library_path_lib.dsv'
[1.412s] INFO:colcon.colcon_core.shell:Creating environment hook '/home/lenck/RM/base_tasks/work4/install/relative_interface/share/relative_interface/hook/ld_library_path_lib.sh'
[1.413s] Level 1:colcon.colcon_core.environment:checking '/home/lenck/RM/base_tasks/work4/install/relative_interface/bin'
[1.413s] Level 1:colcon.colcon_core.environment:checking '/home/lenck/RM/base_tasks/work4/install/relative_interface/lib/pkgconfig/relative_interface.pc'
[1.413s] Level 1:colcon.colcon_core.environment:checking '/home/lenck/RM/base_tasks/work4/install/relative_interface/lib/python3.10/site-packages'
[1.413s] Level 1:colcon.colcon_core.environment:checking '/home/lenck/RM/base_tasks/work4/install/relative_interface/bin'
[1.423s] INFO:colcon.colcon_core.shell:Creating package descriptor '/home/lenck/RM/base_tasks/work4/install/relative_interface/share/relative_interface/package.dsv'
[1.426s] INFO:colcon.colcon_core.shell:Creating package script '/home/lenck/RM/base_tasks/work4/install/relative_interface/share/relative_interface/package.sh'
[1.427s] Level 1:colcon.colcon_core.environment:create_file_with_runtime_dependencies(/home/lenck/RM/base_tasks/work4/install/relative_interface/share/colcon-core/packages/relative_interface)
[1.428s] DEBUG:colcon.colcon_core.executor.sequential:run_until_complete 'relative_interface' finished with '0'
[1.428s] DEBUG:colcon.colcon_core.executor.sequential:run_until_complete 'transfer_coordinate'
[1.428s] INFO:colcon.colcon_ros.task.ament_cmake.build:Building ROS package in '/home/lenck/RM/base_tasks/work4/src/transfer_coordinate' with build type 'ament_cmake'
[1.428s] INFO:colcon.colcon_cmake.task.cmake.build:Building CMake package in '/home/lenck/RM/base_tasks/work4/src/transfer_coordinate'
[1.443s] DEBUG:colcon.colcon_core.shell:Skip shell extension 'dsv' for command environment
[1.498s] DEBUG:colcon.colcon_core.event_handler.log_command:Invoking command in '/home/lenck/RM/base_tasks/work4/build/transfer_coordinate': CMAKE_PREFIX_PATH=/home/lenck/RM/base_tasks/work4/install/relative_interface:/home/lenck/RM/base_tasks/work4/install/transfer_coordinate:/opt/ros/humble /usr/bin/cmake --build /home/lenck/RM/base_tasks/work4/build/transfer_coordinate -- -j4 -l4
[5.818s] DEBUG:colcon.colcon_core.event_handler.log_command:Invoked command in '/home/lenck/RM/base_tasks/work4/build/transfer_coordinate' returned '0': CMAKE_PREFIX_PATH=/home/lenck/RM/base_tasks/work4/install/relative_interface:/home/lenck/RM/base_tasks/work4/install/transfer_coordinate:/opt/ros/humble /usr/bin/cmake --build /home/lenck/RM/base_tasks/work4/build/transfer_coordinate -- -j4 -l4
[5.858s] DEBUG:colcon.colcon_core.event_handler.log_command:Invoking command in '/home/lenck/RM/base_tasks/work4/build/transfer_coordinate': CMAKE_PREFIX_PATH=/home/lenck/RM/base_tasks/work4/install/relative_interface:/home/lenck/RM/base_tasks/work4/install/transfer_coordinate:/opt/ros/humble /usr/bin/cmake --install /home/lenck/RM/base_tasks/work4/build/transfer_coordinate
[5.870s] Level 1:colcon.colcon_core.environment:create_environment_scripts_only(transfer_coordinate)
[5.870s] DEBUG:colcon.colcon_core.event_handler.log_command:Invoked command in '/home/lenck/RM/base_tasks/work4/build/transfer_coordinate' returned '0': CMAKE_PREFIX_PATH=/home/lenck/RM/base_tasks/work4/install/relative_interface:/home/lenck/RM/base_tasks/work4/install/transfer_coordinate:/opt/ros/humble /usr/bin/cmake --install /home/lenck/RM/base_tasks/work4/build/transfer_coordinate
[5.878s] Level 1:colcon.colcon_core.environment:checking '/home/lenck/RM/base_tasks/work4/install/transfer_coordinate' for CMake module files
[5.879s] Level 1:colcon.colcon_core.environment:checking '/home/lenck/RM/base_tasks/work4/install/transfer_coordinate' for CMake config files
[5.879s] Level 1:colcon.colcon_core.shell:create_environment_hook('transfer_coordinate', 'cmake_prefix_path')
[5.888s] INFO:colcon.colcon_core.shell:Creating environment descriptor '/home/lenck/RM/base_tasks/work4/install/transfer_coordinate/share/transfer_coordinate/hook/cmake_prefix_path.dsv'
[5.888s] INFO:colcon.colcon_core.shell:Creating environment hook '/home/lenck/RM/base_tasks/work4/install/transfer_coordinate/share/transfer_coordinate/hook/cmake_prefix_path.sh'
[5.889s] Level 1:colcon.colcon_core.environment:checking '/home/lenck/RM/base_tasks/work4/install/transfer_coordinate/lib'
[5.890s] Level 1:colcon.colcon_core.environment:checking '/home/lenck/RM/base_tasks/work4/install/transfer_coordinate/bin'
[5.890s] Level 1:colcon.colcon_core.environment:checking '/home/lenck/RM/base_tasks/work4/install/transfer_coordinate/lib/pkgconfig/transfer_coordinate.pc'
[5.890s] Level 1:colcon.colcon_core.environment:checking '/home/lenck/RM/base_tasks/work4/install/transfer_coordinate/lib/python3.10/site-packages'
[5.891s] Level 1:colcon.colcon_core.environment:checking '/home/lenck/RM/base_tasks/work4/install/transfer_coordinate/bin'
[5.903s] INFO:colcon.colcon_core.shell:Creating package descriptor '/home/lenck/RM/base_tasks/work4/install/transfer_coordinate/share/transfer_coordinate/package.dsv'
[5.904s] INFO:colcon.colcon_core.shell:Creating package script '/home/lenck/RM/base_tasks/work4/install/transfer_coordinate/share/transfer_coordinate/package.sh'
[5.905s] Level 1:colcon.colcon_core.environment:create_file_with_runtime_dependencies(/home/lenck/RM/base_tasks/work4/install/transfer_coordinate/share/colcon-core/packages/transfer_coordinate)
[5.949s] Level 1:colcon.colcon_core.environment:create_environment_scripts_only(transfer_coordinate)
[5.958s] Level 1:colcon.colcon_core.environment:checking '/home/lenck/RM/base_tasks/work4/install/transfer_coordinate' for CMake module files
[5.958s] Level 1:colcon.colcon_core.environment:checking '/home/lenck/RM/base_tasks/work4/install/transfer_coordinate' for CMake config files
[5.958s] Level 1:colcon.colcon_core.shell:create_environment_hook('transfer_coordinate', 'cmake_prefix_path')
[5.967s] INFO:colcon.colcon_core.shell:Creating environment descriptor '/home/lenck/RM/base_tasks/work4/install/transfer_coordinate/share/transfer_coordinate/hook/cmake_prefix_path.dsv'
[5.968s] INFO:colcon.colcon_core.shell:Creating environment hook '/home/lenck/RM/base_tasks/work4/install/transfer_coordinate/share/transfer_coordinate/hook/cmake_prefix_path.sh'
[5.969s] Level 1:colcon.colcon_core.environment:checking '/home/lenck/RM/base_tasks/work4/install/transfer_coordinate/lib'
[5.969s] Level 1:colcon.colcon_core.environment:checking '/home/lenck/RM/base_tasks/work4/install/transfer_coordinate/bin'
[5.969s] Level 1:colcon.colcon_core.environment:checking '/home/lenck/RM/base_tasks/work4/install/transfer_coordinate/lib/pkgconfig/transfer_coordinate.pc'
[5.969s] Level 1:colcon.colcon_core.environment:checking '/home/lenck/RM/base_tasks/work4/install/transfer_coordinate/lib/python3.10/site-packages'
[5.970s] Level 1:colcon.colcon_core.environment:checking '/home/lenck/RM/base_tasks/work4/install/transfer_coordinate/bin'
[5.982s] INFO:colcon.colcon_core.shell:Creating package descriptor '/home/lenck/RM/base_tasks/work4/install/transfer_coordinate/share/transfer_coordinate/package.dsv'
[5.983s] INFO:colcon.colcon_core.shell:Creating package script '/home/lenck/RM/base_tasks/work4/install/transfer_coordinate/share/transfer_coordinate/package.sh'
[5.983s] Level 1:colcon.colcon_core.environment:create_file_with_runtime_dependencies(/home/lenck/RM/base_tasks/work4/install/transfer_coordinate/share/colcon-core/packages/transfer_coordinate)
[5.984s] DEBUG:colcon.colcon_core.executor.sequential:run_until_complete 'transfer_coordinate' finished with '0'
[5.984s] DEBUG:colcon.colcon_core.executor.sequential:closing loop
[5.984s] DEBUG:colcon.colcon_core.executor.sequential:loop closed
[5.984s] DEBUG:colcon.colcon_core.event_reactor:joining thread
[5.985s] DEBUG:colcon.colcon_core.event_reactor:joined thread
[5.998s] INFO:colcon.colcon_core.shell:Creating prefix script '/home/lenck/RM/base_tasks/work4/install/local_setup.sh'
[5.999s] INFO:colcon.colcon_core.shell:Creating prefix util module '/home/lenck/RM/base_tasks/work4/install/_local_setup_util_sh.py'
[6.000s] INFO:colcon.colcon_core.shell:Creating prefix chain script '/home/lenck/RM/base_tasks/work4/install/setup.sh'
