[0.213s] DEBUG:colcon:Command line arguments: ['/usr/bin/colcon', 'build']
[0.213s] DEBUG:colcon:Parsed command line arguments: Namespace(log_base=None, log_level=None, verb_name='build', build_base='build', install_base='install', merge_install=False, symlink_install=False, test_result_base=None, continue_on_error=False, executor='sequential', event_handlers=None, base_paths=['.'], paths=None, cmake_args=None, cmake_target=None, cmake_target_skip_unavailable=False, cmake_clean_cache=False, cmake_clean_first=False, cmake_force_configure=False, ament_cmake_args=None, catkin_cmake_args=None, catkin_skip_building_tests=False, verb_parser=CustomArgumentParser(prog='colcon build', usage=None, description='Build a set of packages.', formatter_class=<class 'colcon_core.command.CustomFormatter'>, conflict_handler='error', add_help=True), verb_extension=<colcon_core.verb.build.BuildVerb object at 0x7faa1a5f3cd0>, main=<bound method BuildVerb.main of <colcon_core.verb.build.BuildVerb object at 0x7faa1a5f3cd0>>)
[0.445s] Level 1:colcon.colcon_core.package_discovery:discover_packages(recursive) check parameters
[0.445s] Level 1:colcon.colcon_core.package_discovery:discover_packages(path) check parameters
[0.445s] Level 1:colcon.colcon_core.package_discovery:discover_packages(recursive) discover
[0.445s] INFO:colcon.colcon_core.package_discovery:Crawling recursively for packages in '/home/lenck/RM/moudles/Interface_Service_Topic'
[0.445s] Level 1:colcon.colcon_core.package_identification:_identify(.) by extensions ['ignore', 'ignore_ament_install']
[0.445s] Level 1:colcon.colcon_core.package_identification:_identify(.) by extension 'ignore'
[0.445s] Level 1:colcon.colcon_core.package_identification:_identify(.) by extension 'ignore_ament_install'
[0.445s] Level 1:colcon.colcon_core.package_identification:_identify(.) by extensions ['ros']
[0.445s] Level 1:colcon.colcon_core.package_identification:_identify(.) by extension 'ros'
[0.458s] Level 1:colcon.colcon_core.package_identification:_identify(.) by extensions ['cmake', 'python']
[0.458s] Level 1:colcon.colcon_core.package_identification:_identify(.) by extension 'cmake'
[0.458s] Level 1:colcon.colcon_core.package_identification:_identify(.) by extension 'python'
[0.458s] Level 1:colcon.colcon_core.package_identification:_identify(.) by extensions ['python_setup_py']
[0.458s] Level 1:colcon.colcon_core.package_identification:_identify(.) by extension 'python_setup_py'
[0.458s] Level 1:colcon.colcon_core.package_identification:_identify(build) by extensions ['ignore', 'ignore_ament_install']
[0.459s] Level 1:colcon.colcon_core.package_identification:_identify(build) by extension 'ignore'
[0.459s] Level 1:colcon.colcon_core.package_identification:_identify(build) ignored
[0.459s] Level 1:colcon.colcon_core.package_identification:_identify(install) by extensions ['ignore', 'ignore_ament_install']
[0.459s] Level 1:colcon.colcon_core.package_identification:_identify(install) by extension 'ignore'
[0.459s] Level 1:colcon.colcon_core.package_identification:_identify(install) ignored
[0.459s] Level 1:colcon.colcon_core.package_identification:_identify(log) by extensions ['ignore', 'ignore_ament_install']
[0.459s] Level 1:colcon.colcon_core.package_identification:_identify(log) by extension 'ignore'
[0.459s] Level 1:colcon.colcon_core.package_identification:_identify(log) ignored
[0.459s] Level 1:colcon.colcon_core.package_identification:_identify(src) by extensions ['ignore', 'ignore_ament_install']
[0.459s] Level 1:colcon.colcon_core.package_identification:_identify(src) by extension 'ignore'
[0.459s] Level 1:colcon.colcon_core.package_identification:_identify(src) by extension 'ignore_ament_install'
[0.459s] Level 1:colcon.colcon_core.package_identification:_identify(src) by extensions ['ros']
[0.459s] Level 1:colcon.colcon_core.package_identification:_identify(src) by extension 'ros'
[0.459s] Level 1:colcon.colcon_core.package_identification:_identify(src) by extensions ['cmake', 'python']
[0.459s] Level 1:colcon.colcon_core.package_identification:_identify(src) by extension 'cmake'
[0.459s] Level 1:colcon.colcon_core.package_identification:_identify(src) by extension 'python'
[0.459s] Level 1:colcon.colcon_core.package_identification:_identify(src) by extensions ['python_setup_py']
[0.459s] Level 1:colcon.colcon_core.package_identification:_identify(src) by extension 'python_setup_py'
[0.459s] Level 1:colcon.colcon_core.package_identification:_identify(src/example_interfaces_rclcpp) by extensions ['ignore', 'ignore_ament_install']
[0.459s] Level 1:colcon.colcon_core.package_identification:_identify(src/example_interfaces_rclcpp) by extension 'ignore'
[0.459s] Level 1:colcon.colcon_core.package_identification:_identify(src/example_interfaces_rclcpp) by extension 'ignore_ament_install'
[0.459s] Level 1:colcon.colcon_core.package_identification:_identify(src/example_interfaces_rclcpp) by extensions ['ros']
[0.459s] Level 1:colcon.colcon_core.package_identification:_identify(src/example_interfaces_rclcpp) by extension 'ros'
[0.464s] DEBUG:colcon.colcon_core.package_identification:Package 'src/example_interfaces_rclcpp' with type 'ros.ament_cmake' and name 'example_interfaces_rclcpp'
[0.464s] Level 1:colcon.colcon_core.package_identification:_identify(src/example_ros2_interfaces) by extensions ['ignore', 'ignore_ament_install']
[0.464s] Level 1:colcon.colcon_core.package_identification:_identify(src/example_ros2_interfaces) by extension 'ignore'
[0.464s] Level 1:colcon.colcon_core.package_identification:_identify(src/example_ros2_interfaces) by extension 'ignore_ament_install'
[0.464s] Level 1:colcon.colcon_core.package_identification:_identify(src/example_ros2_interfaces) by extensions ['ros']
[0.464s] Level 1:colcon.colcon_core.package_identification:_identify(src/example_ros2_interfaces) by extension 'ros'
[0.465s] DEBUG:colcon.colcon_core.package_identification:Package 'src/example_ros2_interfaces' with type 'ros.ament_cmake' and name 'example_ros2_interfaces'
[0.465s] Level 1:colcon.colcon_core.package_discovery:discover_packages(recursive) using defaults
[0.465s] Level 1:colcon.colcon_core.package_discovery:discover_packages(path) discover
[0.465s] Level 1:colcon.colcon_core.package_discovery:discover_packages(path) using defaults
[0.539s] Level 5:colcon.colcon_core.verb:set package 'example_ros2_interfaces' build argument 'cmake_args' from command line to 'None'
[0.539s] Level 5:colcon.colcon_core.verb:set package 'example_ros2_interfaces' build argument 'cmake_target' from command line to 'None'
[0.539s] Level 5:colcon.colcon_core.verb:set package 'example_ros2_interfaces' build argument 'cmake_target_skip_unavailable' from command line to 'False'
[0.540s] Level 5:colcon.colcon_core.verb:set package 'example_ros2_interfaces' build argument 'cmake_clean_cache' from command line to 'False'
[0.540s] Level 5:colcon.colcon_core.verb:set package 'example_ros2_interfaces' build argument 'cmake_clean_first' from command line to 'False'
[0.540s] Level 5:colcon.colcon_core.verb:set package 'example_ros2_interfaces' build argument 'cmake_force_configure' from command line to 'False'
[0.540s] Level 5:colcon.colcon_core.verb:set package 'example_ros2_interfaces' build argument 'ament_cmake_args' from command line to 'None'
[0.540s] Level 5:colcon.colcon_core.verb:set package 'example_ros2_interfaces' build argument 'catkin_cmake_args' from command line to 'None'
[0.540s] Level 5:colcon.colcon_core.verb:set package 'example_ros2_interfaces' build argument 'catkin_skip_building_tests' from command line to 'False'
[0.540s] DEBUG:colcon.colcon_core.verb:Building package 'example_ros2_interfaces' with the following arguments: {'ament_cmake_args': None, 'build_base': '/home/lenck/RM/moudles/Interface_Service_Topic/build/example_ros2_interfaces', 'catkin_cmake_args': None, 'catkin_skip_building_tests': False, 'cmake_args': None, 'cmake_clean_cache': False, 'cmake_clean_first': False, 'cmake_force_configure': False, 'cmake_target': None, 'cmake_target_skip_unavailable': False, 'install_base': '/home/lenck/RM/moudles/Interface_Service_Topic/install/example_ros2_interfaces', 'merge_install': False, 'path': '/home/lenck/RM/moudles/Interface_Service_Topic/src/example_ros2_interfaces', 'symlink_install': False, 'test_result_base': None}
[0.547s] Level 5:colcon.colcon_core.verb:set package 'example_interfaces_rclcpp' build argument 'cmake_args' from command line to 'None'
[0.547s] Level 5:colcon.colcon_core.verb:set package 'example_interfaces_rclcpp' build argument 'cmake_target' from command line to 'None'
[0.547s] Level 5:colcon.colcon_core.verb:set package 'example_interfaces_rclcpp' build argument 'cmake_target_skip_unavailable' from command line to 'False'
[0.547s] Level 5:colcon.colcon_core.verb:set package 'example_interfaces_rclcpp' build argument 'cmake_clean_cache' from command line to 'False'
[0.547s] Level 5:colcon.colcon_core.verb:set package 'example_interfaces_rclcpp' build argument 'cmake_clean_first' from command line to 'False'
[0.547s] Level 5:colcon.colcon_core.verb:set package 'example_interfaces_rclcpp' build argument 'cmake_force_configure' from command line to 'False'
[0.547s] Level 5:colcon.colcon_core.verb:set package 'example_interfaces_rclcpp' build argument 'ament_cmake_args' from command line to 'None'
[0.547s] Level 5:colcon.colcon_core.verb:set package 'example_interfaces_rclcpp' build argument 'catkin_cmake_args' from command line to 'None'
[0.547s] Level 5:colcon.colcon_core.verb:set package 'example_interfaces_rclcpp' build argument 'catkin_skip_building_tests' from command line to 'False'
[0.547s] DEBUG:colcon.colcon_core.verb:Building package 'example_interfaces_rclcpp' with the following arguments: {'ament_cmake_args': None, 'build_base': '/home/lenck/RM/moudles/Interface_Service_Topic/build/example_interfaces_rclcpp', 'catkin_cmake_args': None, 'catkin_skip_building_tests': False, 'cmake_args': None, 'cmake_clean_cache': False, 'cmake_clean_first': False, 'cmake_force_configure': False, 'cmake_target': None, 'cmake_target_skip_unavailable': False, 'install_base': '/home/lenck/RM/moudles/Interface_Service_Topic/install/example_interfaces_rclcpp', 'merge_install': False, 'path': '/home/lenck/RM/moudles/Interface_Service_Topic/src/example_interfaces_rclcpp', 'symlink_install': False, 'test_result_base': None}
[0.555s] INFO:colcon.colcon_core.executor:Executing jobs using 'sequential' executor
[0.563s] DEBUG:colcon.colcon_core.executor.sequential:run_until_complete 'example_ros2_interfaces'
[0.563s] INFO:colcon.colcon_ros.task.ament_cmake.build:Building ROS package in '/home/lenck/RM/moudles/Interface_Service_Topic/src/example_ros2_interfaces' with build type 'ament_cmake'
[0.564s] INFO:colcon.colcon_cmake.task.cmake.build:Building CMake package in '/home/lenck/RM/moudles/Interface_Service_Topic/src/example_ros2_interfaces'
[0.574s] INFO:colcon.colcon_core.plugin_system:Skipping extension 'colcon_core.shell.bat': Not used on non-Windows systems
[0.574s] DEBUG:colcon.colcon_core.shell:Skip shell extension 'dsv' for command environment
[0.609s] DEBUG:colcon.colcon_core.event_handler.log_command:Invoking command in '/home/lenck/RM/moudles/Interface_Service_Topic/build/example_ros2_interfaces': CMAKE_PREFIX_PATH=/opt/ros/humble /usr/bin/cmake --build /home/lenck/RM/moudles/Interface_Service_Topic/build/example_ros2_interfaces -- -j4 -l4
[1.101s] DEBUG:colcon.colcon_core.event_handler.log_command:Invoked command in '/home/lenck/RM/moudles/Interface_Service_Topic/build/example_ros2_interfaces' returned '0': CMAKE_PREFIX_PATH=/opt/ros/humble /usr/bin/cmake --build /home/lenck/RM/moudles/Interface_Service_Topic/build/example_ros2_interfaces -- -j4 -l4
[1.254s] DEBUG:colcon.colcon_core.event_handler.log_command:Invoking command in '/home/lenck/RM/moudles/Interface_Service_Topic/build/example_ros2_interfaces': CMAKE_PREFIX_PATH=/opt/ros/humble /usr/bin/cmake --install /home/lenck/RM/moudles/Interface_Service_Topic/build/example_ros2_interfaces
[1.366s] Level 1:colcon.colcon_core.environment:create_environment_scripts_only(example_ros2_interfaces)
[1.370s] DEBUG:colcon.colcon_core.event_handler.log_command:Invoked command in '/home/lenck/RM/moudles/Interface_Service_Topic/build/example_ros2_interfaces' returned '0': CMAKE_PREFIX_PATH=/opt/ros/humble /usr/bin/cmake --install /home/lenck/RM/moudles/Interface_Service_Topic/build/example_ros2_interfaces
[1.391s] Level 1:colcon.colcon_core.environment:checking '/home/lenck/RM/moudles/Interface_Service_Topic/install/example_ros2_interfaces' for CMake module files
[1.392s] Level 1:colcon.colcon_core.environment:checking '/home/lenck/RM/moudles/Interface_Service_Topic/install/example_ros2_interfaces' for CMake config files
[1.392s] Level 1:colcon.colcon_core.shell:create_environment_hook('example_ros2_interfaces', 'cmake_prefix_path')
[1.402s] INFO:colcon.colcon_core.shell:Creating environment descriptor '/home/lenck/RM/moudles/Interface_Service_Topic/install/example_ros2_interfaces/share/example_ros2_interfaces/hook/cmake_prefix_path.dsv'
[1.403s] INFO:colcon.colcon_core.shell:Creating environment hook '/home/lenck/RM/moudles/Interface_Service_Topic/install/example_ros2_interfaces/share/example_ros2_interfaces/hook/cmake_prefix_path.sh'
[1.404s] Level 1:colcon.colcon_core.environment:checking '/home/lenck/RM/moudles/Interface_Service_Topic/install/example_ros2_interfaces/lib'
[1.404s] Level 1:colcon.colcon_core.shell:create_environment_hook('example_ros2_interfaces', 'ld_library_path_lib')
[1.419s] INFO:colcon.colcon_core.shell:Creating environment descriptor '/home/lenck/RM/moudles/Interface_Service_Topic/install/example_ros2_interfaces/share/example_ros2_interfaces/hook/ld_library_path_lib.dsv'
[1.420s] INFO:colcon.colcon_core.shell:Creating environment hook '/home/lenck/RM/moudles/Interface_Service_Topic/install/example_ros2_interfaces/share/example_ros2_interfaces/hook/ld_library_path_lib.sh'
[1.421s] Level 1:colcon.colcon_core.environment:checking '/home/lenck/RM/moudles/Interface_Service_Topic/install/example_ros2_interfaces/bin'
[1.421s] Level 1:colcon.colcon_core.environment:checking '/home/lenck/RM/moudles/Interface_Service_Topic/install/example_ros2_interfaces/lib/pkgconfig/example_ros2_interfaces.pc'
[1.422s] Level 1:colcon.colcon_core.environment:checking '/home/lenck/RM/moudles/Interface_Service_Topic/install/example_ros2_interfaces/lib/python3.10/site-packages'
[1.423s] Level 1:colcon.colcon_core.environment:checking '/home/lenck/RM/moudles/Interface_Service_Topic/install/example_ros2_interfaces/bin'
[1.434s] INFO:colcon.colcon_core.shell:Creating package descriptor '/home/lenck/RM/moudles/Interface_Service_Topic/install/example_ros2_interfaces/share/example_ros2_interfaces/package.dsv'
[1.435s] INFO:colcon.colcon_core.shell:Creating package script '/home/lenck/RM/moudles/Interface_Service_Topic/install/example_ros2_interfaces/share/example_ros2_interfaces/package.sh'
[1.438s] Level 1:colcon.colcon_core.environment:create_file_with_runtime_dependencies(/home/lenck/RM/moudles/Interface_Service_Topic/install/example_ros2_interfaces/share/colcon-core/packages/example_ros2_interfaces)
[1.571s] Level 1:colcon.colcon_core.environment:create_environment_scripts_only(example_ros2_interfaces)
[1.581s] Level 1:colcon.colcon_core.environment:checking '/home/lenck/RM/moudles/Interface_Service_Topic/install/example_ros2_interfaces' for CMake module files
[1.581s] Level 1:colcon.colcon_core.environment:checking '/home/lenck/RM/moudles/Interface_Service_Topic/install/example_ros2_interfaces' for CMake config files
[1.581s] Level 1:colcon.colcon_core.shell:create_environment_hook('example_ros2_interfaces', 'cmake_prefix_path')
[1.593s] INFO:colcon.colcon_core.shell:Creating environment descriptor '/home/lenck/RM/moudles/Interface_Service_Topic/install/example_ros2_interfaces/share/example_ros2_interfaces/hook/cmake_prefix_path.dsv'
[1.593s] INFO:colcon.colcon_core.shell:Creating environment hook '/home/lenck/RM/moudles/Interface_Service_Topic/install/example_ros2_interfaces/share/example_ros2_interfaces/hook/cmake_prefix_path.sh'
[1.594s] Level 1:colcon.colcon_core.environment:checking '/home/lenck/RM/moudles/Interface_Service_Topic/install/example_ros2_interfaces/lib'
[1.594s] Level 1:colcon.colcon_core.shell:create_environment_hook('example_ros2_interfaces', 'ld_library_path_lib')
[1.604s] INFO:colcon.colcon_core.shell:Creating environment descriptor '/home/lenck/RM/moudles/Interface_Service_Topic/install/example_ros2_interfaces/share/example_ros2_interfaces/hook/ld_library_path_lib.dsv'
[1.604s] INFO:colcon.colcon_core.shell:Creating environment hook '/home/lenck/RM/moudles/Interface_Service_Topic/install/example_ros2_interfaces/share/example_ros2_interfaces/hook/ld_library_path_lib.sh'
[1.605s] Level 1:colcon.colcon_core.environment:checking '/home/lenck/RM/moudles/Interface_Service_Topic/install/example_ros2_interfaces/bin'
[1.605s] Level 1:colcon.colcon_core.environment:checking '/home/lenck/RM/moudles/Interface_Service_Topic/install/example_ros2_interfaces/lib/pkgconfig/example_ros2_interfaces.pc'
[1.605s] Level 1:colcon.colcon_core.environment:checking '/home/lenck/RM/moudles/Interface_Service_Topic/install/example_ros2_interfaces/lib/python3.10/site-packages'
[1.606s] Level 1:colcon.colcon_core.environment:checking '/home/lenck/RM/moudles/Interface_Service_Topic/install/example_ros2_interfaces/bin'
[1.615s] INFO:colcon.colcon_core.shell:Creating package descriptor '/home/lenck/RM/moudles/Interface_Service_Topic/install/example_ros2_interfaces/share/example_ros2_interfaces/package.dsv'
[1.616s] INFO:colcon.colcon_core.shell:Creating package script '/home/lenck/RM/moudles/Interface_Service_Topic/install/example_ros2_interfaces/share/example_ros2_interfaces/package.sh'
[1.619s] Level 1:colcon.colcon_core.environment:create_file_with_runtime_dependencies(/home/lenck/RM/moudles/Interface_Service_Topic/install/example_ros2_interfaces/share/colcon-core/packages/example_ros2_interfaces)
[1.620s] DEBUG:colcon.colcon_core.executor.sequential:run_until_complete 'example_ros2_interfaces' finished with '0'
[1.620s] DEBUG:colcon.colcon_core.executor.sequential:run_until_complete 'example_interfaces_rclcpp'
[1.620s] INFO:colcon.colcon_ros.task.ament_cmake.build:Building ROS package in '/home/lenck/RM/moudles/Interface_Service_Topic/src/example_interfaces_rclcpp' with build type 'ament_cmake'
[1.620s] INFO:colcon.colcon_cmake.task.cmake.build:Building CMake package in '/home/lenck/RM/moudles/Interface_Service_Topic/src/example_interfaces_rclcpp'
[1.631s] DEBUG:colcon.colcon_core.shell:Skip shell extension 'dsv' for command environment
[1.671s] DEBUG:colcon.colcon_core.event_handler.log_command:Invoking command in '/home/lenck/RM/moudles/Interface_Service_Topic/build/example_interfaces_rclcpp': AMENT_PREFIX_PATH=/home/lenck/RM/moudles/Interface_Service_Topic/install/example_ros2_interfaces:${AMENT_PREFIX_PATH} CMAKE_PREFIX_PATH=/home/lenck/RM/moudles/Interface_Service_Topic/install/example_ros2_interfaces:/opt/ros/humble LD_LIBRARY_PATH=/home/lenck/RM/moudles/Interface_Service_Topic/install/example_ros2_interfaces/lib:${LD_LIBRARY_PATH} PYTHONPATH=/home/lenck/RM/moudles/Interface_Service_Topic/install/example_ros2_interfaces/local/lib/python3.10/dist-packages:${PYTHONPATH} /usr/bin/cmake --build /home/lenck/RM/moudles/Interface_Service_Topic/build/example_interfaces_rclcpp -- -j4 -l4
[12.860s] DEBUG:colcon.colcon_core.event_handler.log_command:Invoked command in '/home/lenck/RM/moudles/Interface_Service_Topic/build/example_interfaces_rclcpp' returned '0': AMENT_PREFIX_PATH=/home/lenck/RM/moudles/Interface_Service_Topic/install/example_ros2_interfaces:${AMENT_PREFIX_PATH} CMAKE_PREFIX_PATH=/home/lenck/RM/moudles/Interface_Service_Topic/install/example_ros2_interfaces:/opt/ros/humble LD_LIBRARY_PATH=/home/lenck/RM/moudles/Interface_Service_Topic/install/example_ros2_interfaces/lib:${LD_LIBRARY_PATH} PYTHONPATH=/home/lenck/RM/moudles/Interface_Service_Topic/install/example_ros2_interfaces/local/lib/python3.10/dist-packages:${PYTHONPATH} /usr/bin/cmake --build /home/lenck/RM/moudles/Interface_Service_Topic/build/example_interfaces_rclcpp -- -j4 -l4
[12.908s] DEBUG:colcon.colcon_core.event_handler.log_command:Invoking command in '/home/lenck/RM/moudles/Interface_Service_Topic/build/example_interfaces_rclcpp': AMENT_PREFIX_PATH=/home/lenck/RM/moudles/Interface_Service_Topic/install/example_ros2_interfaces:${AMENT_PREFIX_PATH} CMAKE_PREFIX_PATH=/home/lenck/RM/moudles/Interface_Service_Topic/install/example_ros2_interfaces:/opt/ros/humble LD_LIBRARY_PATH=/home/lenck/RM/moudles/Interface_Service_Topic/install/example_ros2_interfaces/lib:${LD_LIBRARY_PATH} PYTHONPATH=/home/lenck/RM/moudles/Interface_Service_Topic/install/example_ros2_interfaces/local/lib/python3.10/dist-packages:${PYTHONPATH} /usr/bin/cmake --install /home/lenck/RM/moudles/Interface_Service_Topic/build/example_interfaces_rclcpp
[12.939s] Level 1:colcon.colcon_core.environment:create_environment_scripts_only(example_interfaces_rclcpp)
[12.940s] DEBUG:colcon.colcon_core.event_handler.log_command:Invoked command in '/home/lenck/RM/moudles/Interface_Service_Topic/build/example_interfaces_rclcpp' returned '0': AMENT_PREFIX_PATH=/home/lenck/RM/moudles/Interface_Service_Topic/install/example_ros2_interfaces:${AMENT_PREFIX_PATH} CMAKE_PREFIX_PATH=/home/lenck/RM/moudles/Interface_Service_Topic/install/example_ros2_interfaces:/opt/ros/humble LD_LIBRARY_PATH=/home/lenck/RM/moudles/Interface_Service_Topic/install/example_ros2_interfaces/lib:${LD_LIBRARY_PATH} PYTHONPATH=/home/lenck/RM/moudles/Interface_Service_Topic/install/example_ros2_interfaces/local/lib/python3.10/dist-packages:${PYTHONPATH} /usr/bin/cmake --install /home/lenck/RM/moudles/Interface_Service_Topic/build/example_interfaces_rclcpp
[13.015s] Level 1:colcon.colcon_core.environment:checking '/home/lenck/RM/moudles/Interface_Service_Topic/install/example_interfaces_rclcpp' for CMake module files
[13.016s] Level 1:colcon.colcon_core.environment:checking '/home/lenck/RM/moudles/Interface_Service_Topic/install/example_interfaces_rclcpp' for CMake config files
[13.017s] Level 1:colcon.colcon_core.shell:create_environment_hook('example_interfaces_rclcpp', 'cmake_prefix_path')
[13.026s] INFO:colcon.colcon_core.shell:Creating environment descriptor '/home/lenck/RM/moudles/Interface_Service_Topic/install/example_interfaces_rclcpp/share/example_interfaces_rclcpp/hook/cmake_prefix_path.dsv'
[13.028s] INFO:colcon.colcon_core.shell:Creating environment hook '/home/lenck/RM/moudles/Interface_Service_Topic/install/example_interfaces_rclcpp/share/example_interfaces_rclcpp/hook/cmake_prefix_path.sh'
[13.030s] Level 1:colcon.colcon_core.environment:checking '/home/lenck/RM/moudles/Interface_Service_Topic/install/example_interfaces_rclcpp/lib'
[13.030s] Level 1:colcon.colcon_core.environment:checking '/home/lenck/RM/moudles/Interface_Service_Topic/install/example_interfaces_rclcpp/bin'
[13.030s] Level 1:colcon.colcon_core.environment:checking '/home/lenck/RM/moudles/Interface_Service_Topic/install/example_interfaces_rclcpp/lib/pkgconfig/example_interfaces_rclcpp.pc'
[13.030s] Level 1:colcon.colcon_core.environment:checking '/home/lenck/RM/moudles/Interface_Service_Topic/install/example_interfaces_rclcpp/lib/python3.10/site-packages'
[13.030s] Level 1:colcon.colcon_core.environment:checking '/home/lenck/RM/moudles/Interface_Service_Topic/install/example_interfaces_rclcpp/bin'
[13.040s] INFO:colcon.colcon_core.shell:Creating package descriptor '/home/lenck/RM/moudles/Interface_Service_Topic/install/example_interfaces_rclcpp/share/example_interfaces_rclcpp/package.dsv'
[13.041s] INFO:colcon.colcon_core.shell:Creating package script '/home/lenck/RM/moudles/Interface_Service_Topic/install/example_interfaces_rclcpp/share/example_interfaces_rclcpp/package.sh'
[13.042s] Level 1:colcon.colcon_core.environment:create_file_with_runtime_dependencies(/home/lenck/RM/moudles/Interface_Service_Topic/install/example_interfaces_rclcpp/share/colcon-core/packages/example_interfaces_rclcpp)
[13.086s] Level 1:colcon.colcon_core.environment:create_environment_scripts_only(example_interfaces_rclcpp)
[13.094s] Level 1:colcon.colcon_core.environment:checking '/home/lenck/RM/moudles/Interface_Service_Topic/install/example_interfaces_rclcpp' for CMake module files
[13.095s] Level 1:colcon.colcon_core.environment:checking '/home/lenck/RM/moudles/Interface_Service_Topic/install/example_interfaces_rclcpp' for CMake config files
[13.095s] Level 1:colcon.colcon_core.shell:create_environment_hook('example_interfaces_rclcpp', 'cmake_prefix_path')
[13.105s] INFO:colcon.colcon_core.shell:Creating environment descriptor '/home/lenck/RM/moudles/Interface_Service_Topic/install/example_interfaces_rclcpp/share/example_interfaces_rclcpp/hook/cmake_prefix_path.dsv'
[13.105s] INFO:colcon.colcon_core.shell:Creating environment hook '/home/lenck/RM/moudles/Interface_Service_Topic/install/example_interfaces_rclcpp/share/example_interfaces_rclcpp/hook/cmake_prefix_path.sh'
[13.106s] Level 1:colcon.colcon_core.environment:checking '/home/lenck/RM/moudles/Interface_Service_Topic/install/example_interfaces_rclcpp/lib'
[13.106s] Level 1:colcon.colcon_core.environment:checking '/home/lenck/RM/moudles/Interface_Service_Topic/install/example_interfaces_rclcpp/bin'
[13.106s] Level 1:colcon.colcon_core.environment:checking '/home/lenck/RM/moudles/Interface_Service_Topic/install/example_interfaces_rclcpp/lib/pkgconfig/example_interfaces_rclcpp.pc'
[13.106s] Level 1:colcon.colcon_core.environment:checking '/home/lenck/RM/moudles/Interface_Service_Topic/install/example_interfaces_rclcpp/lib/python3.10/site-packages'
[13.106s] Level 1:colcon.colcon_core.environment:checking '/home/lenck/RM/moudles/Interface_Service_Topic/install/example_interfaces_rclcpp/bin'
[13.115s] INFO:colcon.colcon_core.shell:Creating package descriptor '/home/lenck/RM/moudles/Interface_Service_Topic/install/example_interfaces_rclcpp/share/example_interfaces_rclcpp/package.dsv'
[13.117s] INFO:colcon.colcon_core.shell:Creating package script '/home/lenck/RM/moudles/Interface_Service_Topic/install/example_interfaces_rclcpp/share/example_interfaces_rclcpp/package.sh'
[13.118s] Level 1:colcon.colcon_core.environment:create_file_with_runtime_dependencies(/home/lenck/RM/moudles/Interface_Service_Topic/install/example_interfaces_rclcpp/share/colcon-core/packages/example_interfaces_rclcpp)
[13.119s] DEBUG:colcon.colcon_core.executor.sequential:run_until_complete 'example_interfaces_rclcpp' finished with '0'
[13.119s] DEBUG:colcon.colcon_core.executor.sequential:closing loop
[13.121s] DEBUG:colcon.colcon_core.executor.sequential:loop closed
[13.121s] DEBUG:colcon.colcon_core.event_reactor:joining thread
[13.121s] DEBUG:colcon.colcon_core.event_reactor:joined thread
[13.130s] INFO:colcon.colcon_core.shell:Creating prefix script '/home/lenck/RM/moudles/Interface_Service_Topic/install/local_setup.sh'
[13.133s] INFO:colcon.colcon_core.shell:Creating prefix util module '/home/lenck/RM/moudles/Interface_Service_Topic/install/_local_setup_util_sh.py'
[13.137s] INFO:colcon.colcon_core.shell:Creating prefix chain script '/home/lenck/RM/moudles/Interface_Service_Topic/install/setup.sh'
