[0.193s] DEBUG:colcon:Command line arguments: ['/usr/bin/colcon', 'build']
[0.193s] DEBUG:colcon:Parsed command line arguments: Namespace(log_base=None, log_level=None, verb_name='build', build_base='build', install_base='install', merge_install=False, symlink_install=False, test_result_base=None, continue_on_error=False, executor='sequential', event_handlers=None, base_paths=['.'], paths=None, cmake_args=None, cmake_target=None, cmake_target_skip_unavailable=False, cmake_clean_cache=False, cmake_clean_first=False, cmake_force_configure=False, ament_cmake_args=None, catkin_cmake_args=None, catkin_skip_building_tests=False, verb_parser=CustomArgumentParser(prog='colcon build', usage=None, description='Build a set of packages.', formatter_class=<class 'colcon_core.command.CustomFormatter'>, conflict_handler='error', add_help=True), verb_extension=<colcon_core.verb.build.BuildVerb object at 0x7fda007f3c10>, main=<bound method BuildVerb.main of <colcon_core.verb.build.BuildVerb object at 0x7fda007f3c10>>)
[0.388s] Level 1:colcon.colcon_core.package_discovery:discover_packages(recursive) check parameters
[0.388s] Level 1:colcon.colcon_core.package_discovery:discover_packages(path) check parameters
[0.388s] Level 1:colcon.colcon_core.package_discovery:discover_packages(recursive) discover
[0.388s] INFO:colcon.colcon_core.package_discovery:Crawling recursively for packages in '/home/lenck/RM/moudles/Topic'
[0.388s] Level 1:colcon.colcon_core.package_identification:_identify(.) by extensions ['ignore', 'ignore_ament_install']
[0.388s] Level 1:colcon.colcon_core.package_identification:_identify(.) by extension 'ignore'
[0.388s] Level 1:colcon.colcon_core.package_identification:_identify(.) by extension 'ignore_ament_install'
[0.388s] Level 1:colcon.colcon_core.package_identification:_identify(.) by extensions ['ros']
[0.388s] Level 1:colcon.colcon_core.package_identification:_identify(.) by extension 'ros'
[0.402s] Level 1:colcon.colcon_core.package_identification:_identify(.) by extensions ['cmake', 'python']
[0.402s] Level 1:colcon.colcon_core.package_identification:_identify(.) by extension 'cmake'
[0.402s] Level 1:colcon.colcon_core.package_identification:_identify(.) by extension 'python'
[0.402s] Level 1:colcon.colcon_core.package_identification:_identify(.) by extensions ['python_setup_py']
[0.402s] Level 1:colcon.colcon_core.package_identification:_identify(.) by extension 'python_setup_py'
[0.402s] Level 1:colcon.colcon_core.package_identification:_identify(build) by extensions ['ignore', 'ignore_ament_install']
[0.402s] Level 1:colcon.colcon_core.package_identification:_identify(build) by extension 'ignore'
[0.402s] Level 1:colcon.colcon_core.package_identification:_identify(build) ignored
[0.402s] Level 1:colcon.colcon_core.package_identification:_identify(install) by extensions ['ignore', 'ignore_ament_install']
[0.402s] Level 1:colcon.colcon_core.package_identification:_identify(install) by extension 'ignore'
[0.402s] Level 1:colcon.colcon_core.package_identification:_identify(install) ignored
[0.402s] Level 1:colcon.colcon_core.package_identification:_identify(log) by extensions ['ignore', 'ignore_ament_install']
[0.402s] Level 1:colcon.colcon_core.package_identification:_identify(log) by extension 'ignore'
[0.402s] Level 1:colcon.colcon_core.package_identification:_identify(log) ignored
[0.403s] Level 1:colcon.colcon_core.package_identification:_identify(src) by extensions ['ignore', 'ignore_ament_install']
[0.403s] Level 1:colcon.colcon_core.package_identification:_identify(src) by extension 'ignore'
[0.403s] Level 1:colcon.colcon_core.package_identification:_identify(src) by extension 'ignore_ament_install'
[0.403s] Level 1:colcon.colcon_core.package_identification:_identify(src) by extensions ['ros']
[0.403s] Level 1:colcon.colcon_core.package_identification:_identify(src) by extension 'ros'
[0.403s] Level 1:colcon.colcon_core.package_identification:_identify(src) by extensions ['cmake', 'python']
[0.403s] Level 1:colcon.colcon_core.package_identification:_identify(src) by extension 'cmake'
[0.403s] Level 1:colcon.colcon_core.package_identification:_identify(src) by extension 'python'
[0.403s] Level 1:colcon.colcon_core.package_identification:_identify(src) by extensions ['python_setup_py']
[0.403s] Level 1:colcon.colcon_core.package_identification:_identify(src) by extension 'python_setup_py'
[0.403s] Level 1:colcon.colcon_core.package_identification:_identify(src/example_topic) by extensions ['ignore', 'ignore_ament_install']
[0.403s] Level 1:colcon.colcon_core.package_identification:_identify(src/example_topic) by extension 'ignore'
[0.403s] Level 1:colcon.colcon_core.package_identification:_identify(src/example_topic) by extension 'ignore_ament_install'
[0.403s] Level 1:colcon.colcon_core.package_identification:_identify(src/example_topic) by extensions ['ros']
[0.403s] Level 1:colcon.colcon_core.package_identification:_identify(src/example_topic) by extension 'ros'
[0.407s] DEBUG:colcon.colcon_core.package_identification:Package 'src/example_topic' with type 'ros.ament_cmake' and name 'example_topic'
[0.407s] Level 1:colcon.colcon_core.package_discovery:discover_packages(recursive) using defaults
[0.407s] Level 1:colcon.colcon_core.package_discovery:discover_packages(path) discover
[0.407s] Level 1:colcon.colcon_core.package_discovery:discover_packages(path) using defaults
[0.477s] Level 5:colcon.colcon_core.verb:set package 'example_topic' build argument 'cmake_args' from command line to 'None'
[0.477s] Level 5:colcon.colcon_core.verb:set package 'example_topic' build argument 'cmake_target' from command line to 'None'
[0.477s] Level 5:colcon.colcon_core.verb:set package 'example_topic' build argument 'cmake_target_skip_unavailable' from command line to 'False'
[0.477s] Level 5:colcon.colcon_core.verb:set package 'example_topic' build argument 'cmake_clean_cache' from command line to 'False'
[0.477s] Level 5:colcon.colcon_core.verb:set package 'example_topic' build argument 'cmake_clean_first' from command line to 'False'
[0.477s] Level 5:colcon.colcon_core.verb:set package 'example_topic' build argument 'cmake_force_configure' from command line to 'False'
[0.477s] Level 5:colcon.colcon_core.verb:set package 'example_topic' build argument 'ament_cmake_args' from command line to 'None'
[0.477s] Level 5:colcon.colcon_core.verb:set package 'example_topic' build argument 'catkin_cmake_args' from command line to 'None'
[0.477s] Level 5:colcon.colcon_core.verb:set package 'example_topic' build argument 'catkin_skip_building_tests' from command line to 'False'
[0.477s] DEBUG:colcon.colcon_core.verb:Building package 'example_topic' with the following arguments: {'ament_cmake_args': None, 'build_base': '/home/lenck/RM/moudles/Topic/build/example_topic', 'catkin_cmake_args': None, 'catkin_skip_building_tests': False, 'cmake_args': None, 'cmake_clean_cache': False, 'cmake_clean_first': False, 'cmake_force_configure': False, 'cmake_target': None, 'cmake_target_skip_unavailable': False, 'install_base': '/home/lenck/RM/moudles/Topic/install/example_topic', 'merge_install': False, 'path': '/home/lenck/RM/moudles/Topic/src/example_topic', 'symlink_install': False, 'test_result_base': None}
[0.486s] INFO:colcon.colcon_core.executor:Executing jobs using 'sequential' executor
[0.495s] DEBUG:colcon.colcon_core.executor.sequential:run_until_complete 'example_topic'
[0.495s] INFO:colcon.colcon_ros.task.ament_cmake.build:Building ROS package in '/home/lenck/RM/moudles/Topic/src/example_topic' with build type 'ament_cmake'
[0.495s] INFO:colcon.colcon_cmake.task.cmake.build:Building CMake package in '/home/lenck/RM/moudles/Topic/src/example_topic'
[0.505s] INFO:colcon.colcon_core.plugin_system:Skipping extension 'colcon_core.shell.bat': Not used on non-Windows systems
[0.505s] DEBUG:colcon.colcon_core.shell:Skip shell extension 'dsv' for command environment
[0.543s] DEBUG:colcon.colcon_core.event_handler.log_command:Invoking command in '/home/lenck/RM/moudles/Topic/build/example_topic': CMAKE_PREFIX_PATH=/opt/ros/humble /usr/bin/cmake /home/lenck/RM/moudles/Topic/src/example_topic -DCMAKE_INSTALL_PREFIX=/home/lenck/RM/moudles/Topic/install/example_topic
[2.240s] DEBUG:colcon.colcon_core.event_handler.log_command:Invoked command in '/home/lenck/RM/moudles/Topic/build/example_topic' returned '0': CMAKE_PREFIX_PATH=/opt/ros/humble /usr/bin/cmake /home/lenck/RM/moudles/Topic/src/example_topic -DCMAKE_INSTALL_PREFIX=/home/lenck/RM/moudles/Topic/install/example_topic
[2.241s] DEBUG:colcon.colcon_core.event_handler.log_command:Invoking command in '/home/lenck/RM/moudles/Topic/build/example_topic': CMAKE_PREFIX_PATH=/opt/ros/humble /usr/bin/cmake --build /home/lenck/RM/moudles/Topic/build/example_topic -- -j4 -l4
[12.175s] DEBUG:colcon.colcon_core.event_handler.log_command:Invoked command in '/home/lenck/RM/moudles/Topic/build/example_topic' returned '0': CMAKE_PREFIX_PATH=/opt/ros/humble /usr/bin/cmake --build /home/lenck/RM/moudles/Topic/build/example_topic -- -j4 -l4
[12.240s] DEBUG:colcon.colcon_core.event_handler.log_command:Invoking command in '/home/lenck/RM/moudles/Topic/build/example_topic': CMAKE_PREFIX_PATH=/opt/ros/humble /usr/bin/cmake --install /home/lenck/RM/moudles/Topic/build/example_topic
[12.266s] Level 1:colcon.colcon_core.environment:create_environment_scripts_only(example_topic)
[12.267s] DEBUG:colcon.colcon_core.event_handler.log_command:Invoked command in '/home/lenck/RM/moudles/Topic/build/example_topic' returned '0': CMAKE_PREFIX_PATH=/opt/ros/humble /usr/bin/cmake --install /home/lenck/RM/moudles/Topic/build/example_topic
[12.381s] Level 1:colcon.colcon_core.environment:checking '/home/lenck/RM/moudles/Topic/install/example_topic' for CMake module files
[12.382s] Level 1:colcon.colcon_core.environment:checking '/home/lenck/RM/moudles/Topic/install/example_topic' for CMake config files
[12.382s] Level 1:colcon.colcon_core.shell:create_environment_hook('example_topic', 'cmake_prefix_path')
[12.390s] INFO:colcon.colcon_core.shell:Creating environment descriptor '/home/lenck/RM/moudles/Topic/install/example_topic/share/example_topic/hook/cmake_prefix_path.dsv'
[12.393s] INFO:colcon.colcon_core.shell:Creating environment hook '/home/lenck/RM/moudles/Topic/install/example_topic/share/example_topic/hook/cmake_prefix_path.sh'
[12.397s] Level 1:colcon.colcon_core.environment:checking '/home/lenck/RM/moudles/Topic/install/example_topic/lib'
[12.398s] Level 1:colcon.colcon_core.environment:checking '/home/lenck/RM/moudles/Topic/install/example_topic/bin'
[12.399s] Level 1:colcon.colcon_core.environment:checking '/home/lenck/RM/moudles/Topic/install/example_topic/lib/pkgconfig/example_topic.pc'
[12.402s] Level 1:colcon.colcon_core.environment:checking '/home/lenck/RM/moudles/Topic/install/example_topic/lib/python3.10/site-packages'
[12.403s] Level 1:colcon.colcon_core.environment:checking '/home/lenck/RM/moudles/Topic/install/example_topic/bin'
[12.411s] INFO:colcon.colcon_core.shell:Creating package descriptor '/home/lenck/RM/moudles/Topic/install/example_topic/share/example_topic/package.dsv'
[12.412s] INFO:colcon.colcon_core.shell:Creating package script '/home/lenck/RM/moudles/Topic/install/example_topic/share/example_topic/package.sh'
[12.413s] Level 1:colcon.colcon_core.environment:create_file_with_runtime_dependencies(/home/lenck/RM/moudles/Topic/install/example_topic/share/colcon-core/packages/example_topic)
[12.452s] Level 1:colcon.colcon_core.environment:create_environment_scripts_only(example_topic)
[12.461s] Level 1:colcon.colcon_core.environment:checking '/home/lenck/RM/moudles/Topic/install/example_topic' for CMake module files
[12.461s] Level 1:colcon.colcon_core.environment:checking '/home/lenck/RM/moudles/Topic/install/example_topic' for CMake config files
[12.461s] Level 1:colcon.colcon_core.shell:create_environment_hook('example_topic', 'cmake_prefix_path')
[12.469s] INFO:colcon.colcon_core.shell:Creating environment descriptor '/home/lenck/RM/moudles/Topic/install/example_topic/share/example_topic/hook/cmake_prefix_path.dsv'
[12.469s] INFO:colcon.colcon_core.shell:Creating environment hook '/home/lenck/RM/moudles/Topic/install/example_topic/share/example_topic/hook/cmake_prefix_path.sh'
[12.470s] Level 1:colcon.colcon_core.environment:checking '/home/lenck/RM/moudles/Topic/install/example_topic/lib'
[12.470s] Level 1:colcon.colcon_core.environment:checking '/home/lenck/RM/moudles/Topic/install/example_topic/bin'
[12.470s] Level 1:colcon.colcon_core.environment:checking '/home/lenck/RM/moudles/Topic/install/example_topic/lib/pkgconfig/example_topic.pc'
[12.470s] Level 1:colcon.colcon_core.environment:checking '/home/lenck/RM/moudles/Topic/install/example_topic/lib/python3.10/site-packages'
[12.471s] Level 1:colcon.colcon_core.environment:checking '/home/lenck/RM/moudles/Topic/install/example_topic/bin'
[12.480s] INFO:colcon.colcon_core.shell:Creating package descriptor '/home/lenck/RM/moudles/Topic/install/example_topic/share/example_topic/package.dsv'
[12.481s] INFO:colcon.colcon_core.shell:Creating package script '/home/lenck/RM/moudles/Topic/install/example_topic/share/example_topic/package.sh'
[12.481s] Level 1:colcon.colcon_core.environment:create_file_with_runtime_dependencies(/home/lenck/RM/moudles/Topic/install/example_topic/share/colcon-core/packages/example_topic)
[12.482s] DEBUG:colcon.colcon_core.executor.sequential:run_until_complete 'example_topic' finished with '0'
[12.482s] DEBUG:colcon.colcon_core.executor.sequential:closing loop
[12.482s] DEBUG:colcon.colcon_core.executor.sequential:loop closed
[12.482s] DEBUG:colcon.colcon_core.event_reactor:joining thread
[12.483s] DEBUG:colcon.colcon_core.event_reactor:joined thread
[12.494s] INFO:colcon.colcon_core.shell:Creating prefix script '/home/lenck/RM/moudles/Topic/install/local_setup.sh'
[12.496s] INFO:colcon.colcon_core.shell:Creating prefix util module '/home/lenck/RM/moudles/Topic/install/_local_setup_util_sh.py'
[12.498s] INFO:colcon.colcon_core.shell:Creating prefix chain script '/home/lenck/RM/moudles/Topic/install/setup.sh'
