[0.111s] DEBUG:colcon:Command line arguments: ['/usr/bin/colcon', 'build']
[0.111s] DEBUG:colcon:Parsed command line arguments: Namespace(log_base=None, log_level=None, verb_name='build', build_base='build', install_base='install', merge_install=False, symlink_install=False, test_result_base=None, continue_on_error=False, executor='sequential', event_handlers=None, base_paths=['.'], paths=None, cmake_args=None, cmake_target=None, cmake_target_skip_unavailable=False, cmake_clean_cache=False, cmake_clean_first=False, cmake_force_configure=False, ament_cmake_args=None, catkin_cmake_args=None, catkin_skip_building_tests=False, verb_parser=CustomArgumentParser(prog='colcon build', usage=None, description='Build a set of packages.', formatter_class=<class 'colcon_core.command.CustomFormatter'>, conflict_handler='error', add_help=True), verb_extension=<colcon_core.verb.build.BuildVerb object at 0x7f5cba74baf0>, main=<bound method BuildVerb.main of <colcon_core.verb.build.BuildVerb object at 0x7f5cba74baf0>>)
[0.337s] Level 1:colcon.colcon_core.package_discovery:discover_packages(recursive) check parameters
[0.337s] Level 1:colcon.colcon_core.package_discovery:discover_packages(path) check parameters
[0.337s] Level 1:colcon.colcon_core.package_discovery:discover_packages(recursive) discover
[0.337s] INFO:colcon.colcon_core.package_discovery:Crawling recursively for packages in '/home/lenck/RM/base_tasks'
[0.337s] Level 1:colcon.colcon_core.package_identification:_identify(.) by extensions ['ignore', 'ignore_ament_install']
[0.337s] Level 1:colcon.colcon_core.package_identification:_identify(.) by extension 'ignore'
[0.337s] Level 1:colcon.colcon_core.package_identification:_identify(.) by extension 'ignore_ament_install'
[0.337s] Level 1:colcon.colcon_core.package_identification:_identify(.) by extensions ['ros']
[0.337s] Level 1:colcon.colcon_core.package_identification:_identify(.) by extension 'ros'
[0.349s] Level 1:colcon.colcon_core.package_identification:_identify(.) by extensions ['cmake', 'python']
[0.349s] Level 1:colcon.colcon_core.package_identification:_identify(.) by extension 'cmake'
[0.349s] Level 1:colcon.colcon_core.package_identification:_identify(.) by extension 'python'
[0.349s] Level 1:colcon.colcon_core.package_identification:_identify(.) by extensions ['python_setup_py']
[0.349s] Level 1:colcon.colcon_core.package_identification:_identify(.) by extension 'python_setup_py'
[0.349s] Level 1:colcon.colcon_core.package_identification:_identify(build) by extensions ['ignore', 'ignore_ament_install']
[0.349s] Level 1:colcon.colcon_core.package_identification:_identify(build) by extension 'ignore'
[0.349s] Level 1:colcon.colcon_core.package_identification:_identify(build) ignored
[0.349s] Level 1:colcon.colcon_core.package_identification:_identify(install) by extensions ['ignore', 'ignore_ament_install']
[0.349s] Level 1:colcon.colcon_core.package_identification:_identify(install) by extension 'ignore'
[0.350s] Level 1:colcon.colcon_core.package_identification:_identify(install) ignored
[0.350s] Level 1:colcon.colcon_core.package_identification:_identify(log) by extensions ['ignore', 'ignore_ament_install']
[0.350s] Level 1:colcon.colcon_core.package_identification:_identify(log) by extension 'ignore'
[0.350s] Level 1:colcon.colcon_core.package_identification:_identify(log) ignored
[0.350s] Level 1:colcon.colcon_core.package_identification:_identify(src) by extensions ['ignore', 'ignore_ament_install']
[0.350s] Level 1:colcon.colcon_core.package_identification:_identify(src) by extension 'ignore'
[0.350s] Level 1:colcon.colcon_core.package_identification:_identify(src) by extension 'ignore_ament_install'
[0.350s] Level 1:colcon.colcon_core.package_identification:_identify(src) by extensions ['ros']
[0.350s] Level 1:colcon.colcon_core.package_identification:_identify(src) by extension 'ros'
[0.350s] Level 1:colcon.colcon_core.package_identification:_identify(src) by extensions ['cmake', 'python']
[0.350s] Level 1:colcon.colcon_core.package_identification:_identify(src) by extension 'cmake'
[0.350s] Level 1:colcon.colcon_core.package_identification:_identify(src) by extension 'python'
[0.350s] Level 1:colcon.colcon_core.package_identification:_identify(src) by extensions ['python_setup_py']
[0.350s] Level 1:colcon.colcon_core.package_identification:_identify(src) by extension 'python_setup_py'
[0.350s] Level 1:colcon.colcon_core.package_identification:_identify(src/learning_interface) by extensions ['ignore', 'ignore_ament_install']
[0.351s] Level 1:colcon.colcon_core.package_identification:_identify(src/learning_interface) by extension 'ignore'
[0.351s] Level 1:colcon.colcon_core.package_identification:_identify(src/learning_interface) by extension 'ignore_ament_install'
[0.351s] Level 1:colcon.colcon_core.package_identification:_identify(src/learning_interface) by extensions ['ros']
[0.351s] Level 1:colcon.colcon_core.package_identification:_identify(src/learning_interface) by extension 'ros'
[0.353s] DEBUG:colcon.colcon_core.package_identification:Package 'src/learning_interface' with type 'ros.ament_cmake' and name 'learning_interface'
[0.353s] Level 1:colcon.colcon_core.package_identification:_identify(src/learning_py) by extensions ['ignore', 'ignore_ament_install']
[0.353s] Level 1:colcon.colcon_core.package_identification:_identify(src/learning_py) by extension 'ignore'
[0.353s] Level 1:colcon.colcon_core.package_identification:_identify(src/learning_py) by extension 'ignore_ament_install'
[0.353s] Level 1:colcon.colcon_core.package_identification:_identify(src/learning_py) by extensions ['ros']
[0.353s] Level 1:colcon.colcon_core.package_identification:_identify(src/learning_py) by extension 'ros'
[0.354s] DEBUG:colcon.colcon_core.package_identification:Package 'src/learning_py' with type 'ros.ament_python' and name 'learning_py'
[0.354s] Level 1:colcon.colcon_core.package_identification:_identify(src/learning_service) by extensions ['ignore', 'ignore_ament_install']
[0.354s] Level 1:colcon.colcon_core.package_identification:_identify(src/learning_service) by extension 'ignore'
[0.354s] Level 1:colcon.colcon_core.package_identification:_identify(src/learning_service) by extension 'ignore_ament_install'
[0.354s] Level 1:colcon.colcon_core.package_identification:_identify(src/learning_service) by extensions ['ros']
[0.355s] Level 1:colcon.colcon_core.package_identification:_identify(src/learning_service) by extension 'ros'
[0.355s] DEBUG:colcon.colcon_core.package_identification:Package 'src/learning_service' with type 'ros.ament_python' and name 'learning_service'
[0.355s] Level 1:colcon.colcon_core.package_identification:_identify(src/learning_topic) by extensions ['ignore', 'ignore_ament_install']
[0.355s] Level 1:colcon.colcon_core.package_identification:_identify(src/learning_topic) by extension 'ignore'
[0.355s] Level 1:colcon.colcon_core.package_identification:_identify(src/learning_topic) by extension 'ignore_ament_install'
[0.355s] Level 1:colcon.colcon_core.package_identification:_identify(src/learning_topic) by extensions ['ros']
[0.355s] Level 1:colcon.colcon_core.package_identification:_identify(src/learning_topic) by extension 'ros'
[0.356s] DEBUG:colcon.colcon_core.package_identification:Package 'src/learning_topic' with type 'ros.ament_python' and name 'learning_topic'
[0.356s] Level 1:colcon.colcon_core.package_discovery:discover_packages(recursive) using defaults
[0.356s] Level 1:colcon.colcon_core.package_discovery:discover_packages(path) discover
[0.356s] Level 1:colcon.colcon_core.package_discovery:discover_packages(path) using defaults
[0.422s] Level 5:colcon.colcon_core.verb:set package 'learning_interface' build argument 'cmake_args' from command line to 'None'
[0.422s] Level 5:colcon.colcon_core.verb:set package 'learning_interface' build argument 'cmake_target' from command line to 'None'
[0.422s] Level 5:colcon.colcon_core.verb:set package 'learning_interface' build argument 'cmake_target_skip_unavailable' from command line to 'False'
[0.422s] Level 5:colcon.colcon_core.verb:set package 'learning_interface' build argument 'cmake_clean_cache' from command line to 'False'
[0.422s] Level 5:colcon.colcon_core.verb:set package 'learning_interface' build argument 'cmake_clean_first' from command line to 'False'
[0.422s] Level 5:colcon.colcon_core.verb:set package 'learning_interface' build argument 'cmake_force_configure' from command line to 'False'
[0.422s] Level 5:colcon.colcon_core.verb:set package 'learning_interface' build argument 'ament_cmake_args' from command line to 'None'
[0.422s] Level 5:colcon.colcon_core.verb:set package 'learning_interface' build argument 'catkin_cmake_args' from command line to 'None'
[0.422s] Level 5:colcon.colcon_core.verb:set package 'learning_interface' build argument 'catkin_skip_building_tests' from command line to 'False'
[0.422s] DEBUG:colcon.colcon_core.verb:Building package 'learning_interface' with the following arguments: {'ament_cmake_args': None, 'build_base': '/home/lenck/RM/base_tasks/build/learning_interface', 'catkin_cmake_args': None, 'catkin_skip_building_tests': False, 'cmake_args': None, 'cmake_clean_cache': False, 'cmake_clean_first': False, 'cmake_force_configure': False, 'cmake_target': None, 'cmake_target_skip_unavailable': False, 'install_base': '/home/lenck/RM/base_tasks/install/learning_interface', 'merge_install': False, 'path': '/home/lenck/RM/base_tasks/src/learning_interface', 'symlink_install': False, 'test_result_base': None}
[0.430s] Level 5:colcon.colcon_core.verb:set package 'learning_py' build argument 'cmake_args' from command line to 'None'
[0.430s] Level 5:colcon.colcon_core.verb:set package 'learning_py' build argument 'cmake_target' from command line to 'None'
[0.430s] Level 5:colcon.colcon_core.verb:set package 'learning_py' build argument 'cmake_target_skip_unavailable' from command line to 'False'
[0.431s] Level 5:colcon.colcon_core.verb:set package 'learning_py' build argument 'cmake_clean_cache' from command line to 'False'
[0.431s] Level 5:colcon.colcon_core.verb:set package 'learning_py' build argument 'cmake_clean_first' from command line to 'False'
[0.431s] Level 5:colcon.colcon_core.verb:set package 'learning_py' build argument 'cmake_force_configure' from command line to 'False'
[0.431s] Level 5:colcon.colcon_core.verb:set package 'learning_py' build argument 'ament_cmake_args' from command line to 'None'
[0.431s] Level 5:colcon.colcon_core.verb:set package 'learning_py' build argument 'catkin_cmake_args' from command line to 'None'
[0.431s] Level 5:colcon.colcon_core.verb:set package 'learning_py' build argument 'catkin_skip_building_tests' from command line to 'False'
[0.431s] DEBUG:colcon.colcon_core.verb:Building package 'learning_py' with the following arguments: {'ament_cmake_args': None, 'build_base': '/home/lenck/RM/base_tasks/build/learning_py', 'catkin_cmake_args': None, 'catkin_skip_building_tests': False, 'cmake_args': None, 'cmake_clean_cache': False, 'cmake_clean_first': False, 'cmake_force_configure': False, 'cmake_target': None, 'cmake_target_skip_unavailable': False, 'install_base': '/home/lenck/RM/base_tasks/install/learning_py', 'merge_install': False, 'path': '/home/lenck/RM/base_tasks/src/learning_py', 'symlink_install': False, 'test_result_base': None}
[0.443s] Level 5:colcon.colcon_core.verb:set package 'learning_service' build argument 'cmake_args' from command line to 'None'
[0.444s] Level 5:colcon.colcon_core.verb:set package 'learning_service' build argument 'cmake_target' from command line to 'None'
[0.444s] Level 5:colcon.colcon_core.verb:set package 'learning_service' build argument 'cmake_target_skip_unavailable' from command line to 'False'
[0.444s] Level 5:colcon.colcon_core.verb:set package 'learning_service' build argument 'cmake_clean_cache' from command line to 'False'
[0.444s] Level 5:colcon.colcon_core.verb:set package 'learning_service' build argument 'cmake_clean_first' from command line to 'False'
[0.444s] Level 5:colcon.colcon_core.verb:set package 'learning_service' build argument 'cmake_force_configure' from command line to 'False'
[0.444s] Level 5:colcon.colcon_core.verb:set package 'learning_service' build argument 'ament_cmake_args' from command line to 'None'
[0.444s] Level 5:colcon.colcon_core.verb:set package 'learning_service' build argument 'catkin_cmake_args' from command line to 'None'
[0.444s] Level 5:colcon.colcon_core.verb:set package 'learning_service' build argument 'catkin_skip_building_tests' from command line to 'False'
[0.444s] DEBUG:colcon.colcon_core.verb:Building package 'learning_service' with the following arguments: {'ament_cmake_args': None, 'build_base': '/home/lenck/RM/base_tasks/build/learning_service', 'catkin_cmake_args': None, 'catkin_skip_building_tests': False, 'cmake_args': None, 'cmake_clean_cache': False, 'cmake_clean_first': False, 'cmake_force_configure': False, 'cmake_target': None, 'cmake_target_skip_unavailable': False, 'install_base': '/home/lenck/RM/base_tasks/install/learning_service', 'merge_install': False, 'path': '/home/lenck/RM/base_tasks/src/learning_service', 'symlink_install': False, 'test_result_base': None}
[0.452s] Level 5:colcon.colcon_core.verb:set package 'learning_topic' build argument 'cmake_args' from command line to 'None'
[0.453s] Level 5:colcon.colcon_core.verb:set package 'learning_topic' build argument 'cmake_target' from command line to 'None'
[0.453s] Level 5:colcon.colcon_core.verb:set package 'learning_topic' build argument 'cmake_target_skip_unavailable' from command line to 'False'
[0.453s] Level 5:colcon.colcon_core.verb:set package 'learning_topic' build argument 'cmake_clean_cache' from command line to 'False'
[0.453s] Level 5:colcon.colcon_core.verb:set package 'learning_topic' build argument 'cmake_clean_first' from command line to 'False'
[0.453s] Level 5:colcon.colcon_core.verb:set package 'learning_topic' build argument 'cmake_force_configure' from command line to 'False'
[0.453s] Level 5:colcon.colcon_core.verb:set package 'learning_topic' build argument 'ament_cmake_args' from command line to 'None'
[0.453s] Level 5:colcon.colcon_core.verb:set package 'learning_topic' build argument 'catkin_cmake_args' from command line to 'None'
[0.453s] Level 5:colcon.colcon_core.verb:set package 'learning_topic' build argument 'catkin_skip_building_tests' from command line to 'False'
[0.453s] DEBUG:colcon.colcon_core.verb:Building package 'learning_topic' with the following arguments: {'ament_cmake_args': None, 'build_base': '/home/lenck/RM/base_tasks/build/learning_topic', 'catkin_cmake_args': None, 'catkin_skip_building_tests': False, 'cmake_args': None, 'cmake_clean_cache': False, 'cmake_clean_first': False, 'cmake_force_configure': False, 'cmake_target': None, 'cmake_target_skip_unavailable': False, 'install_base': '/home/lenck/RM/base_tasks/install/learning_topic', 'merge_install': False, 'path': '/home/lenck/RM/base_tasks/src/learning_topic', 'symlink_install': False, 'test_result_base': None}
[0.461s] INFO:colcon.colcon_core.executor:Executing jobs using 'sequential' executor
[0.470s] DEBUG:colcon.colcon_core.executor.sequential:run_until_complete 'learning_interface'
[0.470s] INFO:colcon.colcon_ros.task.ament_cmake.build:Building ROS package in '/home/lenck/RM/base_tasks/src/learning_interface' with build type 'ament_cmake'
[0.470s] INFO:colcon.colcon_cmake.task.cmake.build:Building CMake package in '/home/lenck/RM/base_tasks/src/learning_interface'
[0.479s] INFO:colcon.colcon_core.plugin_system:Skipping extension 'colcon_core.shell.bat': Not used on non-Windows systems
[0.479s] DEBUG:colcon.colcon_core.shell:Skip shell extension 'dsv' for command environment
[0.514s] DEBUG:colcon.colcon_core.event_handler.log_command:Invoking command in '/home/lenck/RM/base_tasks/build/learning_interface': CMAKE_PREFIX_PATH=${CMAKE_PREFIX_PATH}:/home/lenck/RM/base_tasks/install/learning_topic:/home/lenck/RM/base_tasks/install/learning_service:/home/lenck/RM/base_tasks/install/learning_py:/opt/ros/humble /usr/bin/cmake /home/lenck/RM/base_tasks/src/learning_interface -DCMAKE_INSTALL_PREFIX=/home/lenck/RM/base_tasks/install/learning_interface
[1.927s] DEBUG:colcon.colcon_core.event_handler.log_command:Invoked command in '/home/lenck/RM/base_tasks/build/learning_interface' returned '0': CMAKE_PREFIX_PATH=${CMAKE_PREFIX_PATH}:/home/lenck/RM/base_tasks/install/learning_topic:/home/lenck/RM/base_tasks/install/learning_service:/home/lenck/RM/base_tasks/install/learning_py:/opt/ros/humble /usr/bin/cmake /home/lenck/RM/base_tasks/src/learning_interface -DCMAKE_INSTALL_PREFIX=/home/lenck/RM/base_tasks/install/learning_interface
[1.928s] DEBUG:colcon.colcon_core.event_handler.log_command:Invoking command in '/home/lenck/RM/base_tasks/build/learning_interface': CMAKE_PREFIX_PATH=${CMAKE_PREFIX_PATH}:/home/lenck/RM/base_tasks/install/learning_topic:/home/lenck/RM/base_tasks/install/learning_service:/home/lenck/RM/base_tasks/install/learning_py:/opt/ros/humble /usr/bin/cmake --build /home/lenck/RM/base_tasks/build/learning_interface -- -j2 -l2
[5.268s] DEBUG:colcon.colcon_core.event_handler.log_command:Invoked command in '/home/lenck/RM/base_tasks/build/learning_interface' returned '0': CMAKE_PREFIX_PATH=${CMAKE_PREFIX_PATH}:/home/lenck/RM/base_tasks/install/learning_topic:/home/lenck/RM/base_tasks/install/learning_service:/home/lenck/RM/base_tasks/install/learning_py:/opt/ros/humble /usr/bin/cmake --build /home/lenck/RM/base_tasks/build/learning_interface -- -j2 -l2
[5.329s] DEBUG:colcon.colcon_core.event_handler.log_command:Invoking command in '/home/lenck/RM/base_tasks/build/learning_interface': CMAKE_PREFIX_PATH=${CMAKE_PREFIX_PATH}:/home/lenck/RM/base_tasks/install/learning_topic:/home/lenck/RM/base_tasks/install/learning_service:/home/lenck/RM/base_tasks/install/learning_py:/opt/ros/humble /usr/bin/cmake --install /home/lenck/RM/base_tasks/build/learning_interface
[5.413s] Level 1:colcon.colcon_core.environment:create_environment_scripts_only(learning_interface)
[5.423s] DEBUG:colcon.colcon_core.event_handler.log_command:Invoked command in '/home/lenck/RM/base_tasks/build/learning_interface' returned '0': CMAKE_PREFIX_PATH=${CMAKE_PREFIX_PATH}:/home/lenck/RM/base_tasks/install/learning_topic:/home/lenck/RM/base_tasks/install/learning_service:/home/lenck/RM/base_tasks/install/learning_py:/opt/ros/humble /usr/bin/cmake --install /home/lenck/RM/base_tasks/build/learning_interface
[5.428s] Level 1:colcon.colcon_core.environment:checking '/home/lenck/RM/base_tasks/install/learning_interface' for CMake module files
[5.429s] Level 1:colcon.colcon_core.environment:checking '/home/lenck/RM/base_tasks/install/learning_interface' for CMake config files
[5.429s] Level 1:colcon.colcon_core.shell:create_environment_hook('learning_interface', 'cmake_prefix_path')
[5.439s] INFO:colcon.colcon_core.shell:Creating environment descriptor '/home/lenck/RM/base_tasks/install/learning_interface/share/learning_interface/hook/cmake_prefix_path.dsv'
[5.439s] INFO:colcon.colcon_core.shell:Creating environment hook '/home/lenck/RM/base_tasks/install/learning_interface/share/learning_interface/hook/cmake_prefix_path.sh'
[5.440s] Level 1:colcon.colcon_core.environment:checking '/home/lenck/RM/base_tasks/install/learning_interface/lib'
[5.440s] Level 1:colcon.colcon_core.shell:create_environment_hook('learning_interface', 'ld_library_path_lib')
[5.448s] INFO:colcon.colcon_core.shell:Creating environment descriptor '/home/lenck/RM/base_tasks/install/learning_interface/share/learning_interface/hook/ld_library_path_lib.dsv'
[5.448s] INFO:colcon.colcon_core.shell:Creating environment hook '/home/lenck/RM/base_tasks/install/learning_interface/share/learning_interface/hook/ld_library_path_lib.sh'
[5.448s] Level 1:colcon.colcon_core.environment:checking '/home/lenck/RM/base_tasks/install/learning_interface/bin'
[5.449s] Level 1:colcon.colcon_core.environment:checking '/home/lenck/RM/base_tasks/install/learning_interface/lib/pkgconfig/learning_interface.pc'
[5.449s] Level 1:colcon.colcon_core.environment:checking '/home/lenck/RM/base_tasks/install/learning_interface/lib/python3.10/site-packages'
[5.449s] Level 1:colcon.colcon_core.environment:checking '/home/lenck/RM/base_tasks/install/learning_interface/bin'
[5.457s] INFO:colcon.colcon_core.shell:Creating package descriptor '/home/lenck/RM/base_tasks/install/learning_interface/share/learning_interface/package.dsv'
[5.458s] INFO:colcon.colcon_core.shell:Creating package script '/home/lenck/RM/base_tasks/install/learning_interface/share/learning_interface/package.sh'
[5.459s] Level 1:colcon.colcon_core.environment:create_file_with_runtime_dependencies(/home/lenck/RM/base_tasks/install/learning_interface/share/colcon-core/packages/learning_interface)
[5.524s] Level 1:colcon.colcon_core.environment:create_environment_scripts_only(learning_interface)
[5.531s] Level 1:colcon.colcon_core.environment:checking '/home/lenck/RM/base_tasks/install/learning_interface' for CMake module files
[5.532s] Level 1:colcon.colcon_core.environment:checking '/home/lenck/RM/base_tasks/install/learning_interface' for CMake config files
[5.532s] Level 1:colcon.colcon_core.shell:create_environment_hook('learning_interface', 'cmake_prefix_path')
[5.539s] INFO:colcon.colcon_core.shell:Creating environment descriptor '/home/lenck/RM/base_tasks/install/learning_interface/share/learning_interface/hook/cmake_prefix_path.dsv'
[5.540s] INFO:colcon.colcon_core.shell:Creating environment hook '/home/lenck/RM/base_tasks/install/learning_interface/share/learning_interface/hook/cmake_prefix_path.sh'
[5.541s] Level 1:colcon.colcon_core.environment:checking '/home/lenck/RM/base_tasks/install/learning_interface/lib'
[5.541s] Level 1:colcon.colcon_core.shell:create_environment_hook('learning_interface', 'ld_library_path_lib')
[5.548s] INFO:colcon.colcon_core.shell:Creating environment descriptor '/home/lenck/RM/base_tasks/install/learning_interface/share/learning_interface/hook/ld_library_path_lib.dsv'
[5.548s] INFO:colcon.colcon_core.shell:Creating environment hook '/home/lenck/RM/base_tasks/install/learning_interface/share/learning_interface/hook/ld_library_path_lib.sh'
[5.549s] Level 1:colcon.colcon_core.environment:checking '/home/lenck/RM/base_tasks/install/learning_interface/bin'
[5.549s] Level 1:colcon.colcon_core.environment:checking '/home/lenck/RM/base_tasks/install/learning_interface/lib/pkgconfig/learning_interface.pc'
[5.549s] Level 1:colcon.colcon_core.environment:checking '/home/lenck/RM/base_tasks/install/learning_interface/lib/python3.10/site-packages'
[5.549s] Level 1:colcon.colcon_core.environment:checking '/home/lenck/RM/base_tasks/install/learning_interface/bin'
[5.557s] INFO:colcon.colcon_core.shell:Creating package descriptor '/home/lenck/RM/base_tasks/install/learning_interface/share/learning_interface/package.dsv'
[5.557s] INFO:colcon.colcon_core.shell:Creating package script '/home/lenck/RM/base_tasks/install/learning_interface/share/learning_interface/package.sh'
[5.558s] Level 1:colcon.colcon_core.environment:create_file_with_runtime_dependencies(/home/lenck/RM/base_tasks/install/learning_interface/share/colcon-core/packages/learning_interface)
[5.558s] DEBUG:colcon.colcon_core.executor.sequential:run_until_complete 'learning_interface' finished with '0'
[5.558s] DEBUG:colcon.colcon_core.executor.sequential:run_until_complete 'learning_py'
[5.558s] INFO:colcon.colcon_ros.task.ament_python.build:Building ROS package in '/home/lenck/RM/base_tasks/src/learning_py' with build type 'ament_python'
[5.558s] Level 1:colcon.colcon_core.shell:create_environment_hook('learning_py', 'ament_prefix_path')
[5.566s] INFO:colcon.colcon_core.shell:Creating environment descriptor '/home/lenck/RM/base_tasks/install/learning_py/share/learning_py/hook/ament_prefix_path.dsv'
[5.566s] INFO:colcon.colcon_core.shell:Creating environment hook '/home/lenck/RM/base_tasks/install/learning_py/share/learning_py/hook/ament_prefix_path.sh'
[5.575s] DEBUG:colcon.colcon_core.shell:Skip shell extension 'dsv' for command environment
[5.782s] INFO:colcon.colcon_core.task.python.build:Building Python package in '/home/lenck/RM/base_tasks/src/learning_py'
[5.790s] DEBUG:colcon.colcon_core.shell:Skip shell extension 'dsv' for command environment
[6.058s] DEBUG:colcon.colcon_core.event_handler.log_command:Invoking command in '/home/lenck/RM/base_tasks/src/learning_py': PYTHONPATH=/home/lenck/RM/base_tasks/build/learning_py/prefix_override:/home/lenck/RM/base_tasks/install/learning_py/lib/python3.10/site-packages:${PYTHONPATH} /usr/bin/python3 setup.py egg_info --egg-base ../../build/learning_py build --build-base /home/lenck/RM/base_tasks/build/learning_py/build install --record /home/lenck/RM/base_tasks/build/learning_py/install.log --single-version-externally-managed
[6.321s] DEBUG:colcon.colcon_core.event_handler.log_command:Invoked command in '/home/lenck/RM/base_tasks/src/learning_py' returned '0': PYTHONPATH=/home/lenck/RM/base_tasks/build/learning_py/prefix_override:/home/lenck/RM/base_tasks/install/learning_py/lib/python3.10/site-packages:${PYTHONPATH} /usr/bin/python3 setup.py egg_info --egg-base ../../build/learning_py build --build-base /home/lenck/RM/base_tasks/build/learning_py/build install --record /home/lenck/RM/base_tasks/build/learning_py/install.log --single-version-externally-managed
[6.329s] Level 1:colcon.colcon_core.environment:checking '/home/lenck/RM/base_tasks/install/learning_py' for CMake module files
[6.329s] Level 1:colcon.colcon_core.environment:checking '/home/lenck/RM/base_tasks/install/learning_py' for CMake config files
[6.330s] Level 1:colcon.colcon_core.environment:checking '/home/lenck/RM/base_tasks/install/learning_py/lib'
[6.330s] Level 1:colcon.colcon_core.environment:checking '/home/lenck/RM/base_tasks/install/learning_py/bin'
[6.330s] Level 1:colcon.colcon_core.environment:checking '/home/lenck/RM/base_tasks/install/learning_py/lib/pkgconfig/learning_py.pc'
[6.330s] Level 1:colcon.colcon_core.environment:checking '/home/lenck/RM/base_tasks/install/learning_py/lib/python3.10/site-packages'
[6.330s] Level 1:colcon.colcon_core.shell:create_environment_hook('learning_py', 'pythonpath')
[6.339s] INFO:colcon.colcon_core.shell:Creating environment descriptor '/home/lenck/RM/base_tasks/install/learning_py/share/learning_py/hook/pythonpath.dsv'
[6.339s] INFO:colcon.colcon_core.shell:Creating environment hook '/home/lenck/RM/base_tasks/install/learning_py/share/learning_py/hook/pythonpath.sh'
[6.340s] Level 1:colcon.colcon_core.environment:checking '/home/lenck/RM/base_tasks/install/learning_py/bin'
[6.340s] Level 1:colcon.colcon_core.environment:create_environment_scripts_only(learning_py)
[6.347s] INFO:colcon.colcon_core.shell:Creating package descriptor '/home/lenck/RM/base_tasks/install/learning_py/share/learning_py/package.dsv'
[6.348s] INFO:colcon.colcon_core.shell:Creating package script '/home/lenck/RM/base_tasks/install/learning_py/share/learning_py/package.sh'
[6.348s] Level 1:colcon.colcon_core.environment:create_file_with_runtime_dependencies(/home/lenck/RM/base_tasks/install/learning_py/share/colcon-core/packages/learning_py)
[6.349s] DEBUG:colcon.colcon_core.executor.sequential:run_until_complete 'learning_py' finished with '0'
[6.349s] DEBUG:colcon.colcon_core.executor.sequential:run_until_complete 'learning_service'
[6.349s] INFO:colcon.colcon_ros.task.ament_python.build:Building ROS package in '/home/lenck/RM/base_tasks/src/learning_service' with build type 'ament_python'
[6.349s] Level 1:colcon.colcon_core.shell:create_environment_hook('learning_service', 'ament_prefix_path')
[6.357s] INFO:colcon.colcon_core.shell:Creating environment descriptor '/home/lenck/RM/base_tasks/install/learning_service/share/learning_service/hook/ament_prefix_path.dsv'
[6.358s] INFO:colcon.colcon_core.shell:Creating environment hook '/home/lenck/RM/base_tasks/install/learning_service/share/learning_service/hook/ament_prefix_path.sh'
[6.365s] DEBUG:colcon.colcon_core.shell:Skip shell extension 'dsv' for command environment
[6.604s] INFO:colcon.colcon_core.task.python.build:Building Python package in '/home/lenck/RM/base_tasks/src/learning_service'
[6.612s] DEBUG:colcon.colcon_core.shell:Skip shell extension 'dsv' for command environment
[6.872s] DEBUG:colcon.colcon_core.event_handler.log_command:Invoking command in '/home/lenck/RM/base_tasks/src/learning_service': PYTHONPATH=/home/lenck/RM/base_tasks/build/learning_service/prefix_override:/home/lenck/RM/base_tasks/install/learning_service/lib/python3.10/site-packages:${PYTHONPATH} /usr/bin/python3 setup.py egg_info --egg-base ../../build/learning_service build --build-base /home/lenck/RM/base_tasks/build/learning_service/build install --record /home/lenck/RM/base_tasks/build/learning_service/install.log --single-version-externally-managed
[7.100s] DEBUG:colcon.colcon_core.event_handler.log_command:Invoked command in '/home/lenck/RM/base_tasks/src/learning_service' returned '0': PYTHONPATH=/home/lenck/RM/base_tasks/build/learning_service/prefix_override:/home/lenck/RM/base_tasks/install/learning_service/lib/python3.10/site-packages:${PYTHONPATH} /usr/bin/python3 setup.py egg_info --egg-base ../../build/learning_service build --build-base /home/lenck/RM/base_tasks/build/learning_service/build install --record /home/lenck/RM/base_tasks/build/learning_service/install.log --single-version-externally-managed
[7.108s] Level 1:colcon.colcon_core.environment:checking '/home/lenck/RM/base_tasks/install/learning_service' for CMake module files
[7.109s] Level 1:colcon.colcon_core.environment:checking '/home/lenck/RM/base_tasks/install/learning_service' for CMake config files
[7.109s] Level 1:colcon.colcon_core.environment:checking '/home/lenck/RM/base_tasks/install/learning_service/lib'
[7.109s] Level 1:colcon.colcon_core.environment:checking '/home/lenck/RM/base_tasks/install/learning_service/bin'
[7.109s] Level 1:colcon.colcon_core.environment:checking '/home/lenck/RM/base_tasks/install/learning_service/lib/pkgconfig/learning_service.pc'
[7.110s] Level 1:colcon.colcon_core.environment:checking '/home/lenck/RM/base_tasks/install/learning_service/lib/python3.10/site-packages'
[7.110s] Level 1:colcon.colcon_core.shell:create_environment_hook('learning_service', 'pythonpath')
[7.117s] INFO:colcon.colcon_core.shell:Creating environment descriptor '/home/lenck/RM/base_tasks/install/learning_service/share/learning_service/hook/pythonpath.dsv'
[7.119s] INFO:colcon.colcon_core.shell:Creating environment hook '/home/lenck/RM/base_tasks/install/learning_service/share/learning_service/hook/pythonpath.sh'
[7.120s] Level 1:colcon.colcon_core.environment:checking '/home/lenck/RM/base_tasks/install/learning_service/bin'
[7.121s] Level 1:colcon.colcon_core.environment:create_environment_scripts_only(learning_service)
[7.129s] INFO:colcon.colcon_core.shell:Creating package descriptor '/home/lenck/RM/base_tasks/install/learning_service/share/learning_service/package.dsv'
[7.130s] INFO:colcon.colcon_core.shell:Creating package script '/home/lenck/RM/base_tasks/install/learning_service/share/learning_service/package.sh'
[7.131s] Level 1:colcon.colcon_core.environment:create_file_with_runtime_dependencies(/home/lenck/RM/base_tasks/install/learning_service/share/colcon-core/packages/learning_service)
[7.131s] DEBUG:colcon.colcon_core.executor.sequential:run_until_complete 'learning_service' finished with '0'
[7.131s] DEBUG:colcon.colcon_core.executor.sequential:run_until_complete 'learning_topic'
[7.131s] INFO:colcon.colcon_ros.task.ament_python.build:Building ROS package in '/home/lenck/RM/base_tasks/src/learning_topic' with build type 'ament_python'
[7.132s] Level 1:colcon.colcon_core.shell:create_environment_hook('learning_topic', 'ament_prefix_path')
[7.140s] INFO:colcon.colcon_core.shell:Creating environment descriptor '/home/lenck/RM/base_tasks/install/learning_topic/share/learning_topic/hook/ament_prefix_path.dsv'
[7.142s] INFO:colcon.colcon_core.shell:Creating environment hook '/home/lenck/RM/base_tasks/install/learning_topic/share/learning_topic/hook/ament_prefix_path.sh'
[7.152s] DEBUG:colcon.colcon_core.shell:Skip shell extension 'dsv' for command environment
[7.345s] INFO:colcon.colcon_core.task.python.build:Building Python package in '/home/lenck/RM/base_tasks/src/learning_topic'
[7.354s] DEBUG:colcon.colcon_core.shell:Skip shell extension 'dsv' for command environment
[7.604s] DEBUG:colcon.colcon_core.event_handler.log_command:Invoking command in '/home/lenck/RM/base_tasks/src/learning_topic': PYTHONPATH=/home/lenck/RM/base_tasks/build/learning_topic/prefix_override:/home/lenck/RM/base_tasks/install/learning_topic/lib/python3.10/site-packages:${PYTHONPATH} /usr/bin/python3 setup.py egg_info --egg-base ../../build/learning_topic build --build-base /home/lenck/RM/base_tasks/build/learning_topic/build install --record /home/lenck/RM/base_tasks/build/learning_topic/install.log --single-version-externally-managed
[7.829s] Level 1:colcon.colcon_core.environment:checking '/home/lenck/RM/base_tasks/install/learning_topic' for CMake module files
[7.829s] DEBUG:colcon.colcon_core.event_handler.log_command:Invoked command in '/home/lenck/RM/base_tasks/src/learning_topic' returned '0': PYTHONPATH=/home/lenck/RM/base_tasks/build/learning_topic/prefix_override:/home/lenck/RM/base_tasks/install/learning_topic/lib/python3.10/site-packages:${PYTHONPATH} /usr/bin/python3 setup.py egg_info --egg-base ../../build/learning_topic build --build-base /home/lenck/RM/base_tasks/build/learning_topic/build install --record /home/lenck/RM/base_tasks/build/learning_topic/install.log --single-version-externally-managed
[7.830s] Level 1:colcon.colcon_core.environment:checking '/home/lenck/RM/base_tasks/install/learning_topic' for CMake config files
[7.830s] Level 1:colcon.colcon_core.environment:checking '/home/lenck/RM/base_tasks/install/learning_topic/lib'
[7.830s] Level 1:colcon.colcon_core.environment:checking '/home/lenck/RM/base_tasks/install/learning_topic/bin'
[7.830s] Level 1:colcon.colcon_core.environment:checking '/home/lenck/RM/base_tasks/install/learning_topic/lib/pkgconfig/learning_topic.pc'
[7.830s] Level 1:colcon.colcon_core.environment:checking '/home/lenck/RM/base_tasks/install/learning_topic/lib/python3.10/site-packages'
[7.831s] Level 1:colcon.colcon_core.shell:create_environment_hook('learning_topic', 'pythonpath')
[7.838s] INFO:colcon.colcon_core.shell:Creating environment descriptor '/home/lenck/RM/base_tasks/install/learning_topic/share/learning_topic/hook/pythonpath.dsv'
[7.838s] INFO:colcon.colcon_core.shell:Creating environment hook '/home/lenck/RM/base_tasks/install/learning_topic/share/learning_topic/hook/pythonpath.sh'
[7.839s] Level 1:colcon.colcon_core.environment:checking '/home/lenck/RM/base_tasks/install/learning_topic/bin'
[7.839s] Level 1:colcon.colcon_core.environment:create_environment_scripts_only(learning_topic)
[7.848s] INFO:colcon.colcon_core.shell:Creating package descriptor '/home/lenck/RM/base_tasks/install/learning_topic/share/learning_topic/package.dsv'
[7.849s] INFO:colcon.colcon_core.shell:Creating package script '/home/lenck/RM/base_tasks/install/learning_topic/share/learning_topic/package.sh'
[7.849s] Level 1:colcon.colcon_core.environment:create_file_with_runtime_dependencies(/home/lenck/RM/base_tasks/install/learning_topic/share/colcon-core/packages/learning_topic)
[7.850s] DEBUG:colcon.colcon_core.executor.sequential:run_until_complete 'learning_topic' finished with '0'
[7.850s] DEBUG:colcon.colcon_core.executor.sequential:closing loop
[7.850s] DEBUG:colcon.colcon_core.executor.sequential:loop closed
[7.850s] DEBUG:colcon.colcon_core.event_reactor:joining thread
[7.850s] DEBUG:colcon.colcon_core.event_reactor:joined thread
[7.858s] INFO:colcon.colcon_core.shell:Creating prefix script '/home/lenck/RM/base_tasks/install/local_setup.sh'
[7.859s] INFO:colcon.colcon_core.shell:Creating prefix util module '/home/lenck/RM/base_tasks/install/_local_setup_util_sh.py'
[7.861s] INFO:colcon.colcon_core.shell:Creating prefix chain script '/home/lenck/RM/base_tasks/install/setup.sh'
