[0.137s] DEBUG:colcon:Command line arguments: ['/usr/bin/colcon', 'build']
[0.137s] DEBUG:colcon:Parsed command line arguments: Namespace(log_base=None, log_level=None, verb_name='build', build_base='build', install_base='install', merge_install=False, symlink_install=False, test_result_base=None, continue_on_error=False, executor='sequential', event_handlers=None, base_paths=['.'], paths=None, cmake_args=None, cmake_target=None, cmake_target_skip_unavailable=False, cmake_clean_cache=False, cmake_clean_first=False, cmake_force_configure=False, ament_cmake_args=None, catkin_cmake_args=None, catkin_skip_building_tests=False, verb_parser=CustomArgumentParser(prog='colcon build', usage=None, description='Build a set of packages.', formatter_class=<class 'colcon_core.command.CustomFormatter'>, conflict_handler='error', add_help=True), verb_extension=<colcon_core.verb.build.BuildVerb object at 0x7f2b63d6f9a0>, main=<bound method BuildVerb.main of <colcon_core.verb.build.BuildVerb object at 0x7f2b63d6f9a0>>)
[0.361s] Level 1:colcon.colcon_core.package_discovery:discover_packages(recursive) check parameters
[0.361s] Level 1:colcon.colcon_core.package_discovery:discover_packages(path) check parameters
[0.361s] Level 1:colcon.colcon_core.package_discovery:discover_packages(recursive) discover
[0.361s] INFO:colcon.colcon_core.package_discovery:Crawling recursively for packages in '/home/lenck/RM/base_tasks/work4'
[0.361s] Level 1:colcon.colcon_core.package_identification:_identify(.) by extensions ['ignore', 'ignore_ament_install']
[0.362s] Level 1:colcon.colcon_core.package_identification:_identify(.) by extension 'ignore'
[0.362s] Level 1:colcon.colcon_core.package_identification:_identify(.) by extension 'ignore_ament_install'
[0.362s] Level 1:colcon.colcon_core.package_identification:_identify(.) by extensions ['ros']
[0.362s] Level 1:colcon.colcon_core.package_identification:_identify(.) by extension 'ros'
[0.370s] Level 1:colcon.colcon_core.package_identification:_identify(.) by extensions ['cmake', 'python']
[0.370s] Level 1:colcon.colcon_core.package_identification:_identify(.) by extension 'cmake'
[0.370s] Level 1:colcon.colcon_core.package_identification:_identify(.) by extension 'python'
[0.370s] Level 1:colcon.colcon_core.package_identification:_identify(.) by extensions ['python_setup_py']
[0.370s] Level 1:colcon.colcon_core.package_identification:_identify(.) by extension 'python_setup_py'
[0.370s] Level 1:colcon.colcon_core.package_identification:_identify(build) by extensions ['ignore', 'ignore_ament_install']
[0.370s] Level 1:colcon.colcon_core.package_identification:_identify(build) by extension 'ignore'
[0.370s] Level 1:colcon.colcon_core.package_identification:_identify(build) ignored
[0.370s] Level 1:colcon.colcon_core.package_identification:_identify(install) by extensions ['ignore', 'ignore_ament_install']
[0.370s] Level 1:colcon.colcon_core.package_identification:_identify(install) by extension 'ignore'
[0.370s] Level 1:colcon.colcon_core.package_identification:_identify(install) ignored
[0.371s] Level 1:colcon.colcon_core.package_identification:_identify(log) by extensions ['ignore', 'ignore_ament_install']
[0.371s] Level 1:colcon.colcon_core.package_identification:_identify(log) by extension 'ignore'
[0.371s] Level 1:colcon.colcon_core.package_identification:_identify(log) ignored
[0.371s] Level 1:colcon.colcon_core.package_identification:_identify(src) by extensions ['ignore', 'ignore_ament_install']
[0.371s] Level 1:colcon.colcon_core.package_identification:_identify(src) by extension 'ignore'
[0.371s] Level 1:colcon.colcon_core.package_identification:_identify(src) by extension 'ignore_ament_install'
[0.371s] Level 1:colcon.colcon_core.package_identification:_identify(src) by extensions ['ros']
[0.371s] Level 1:colcon.colcon_core.package_identification:_identify(src) by extension 'ros'
[0.371s] Level 1:colcon.colcon_core.package_identification:_identify(src) by extensions ['cmake', 'python']
[0.371s] Level 1:colcon.colcon_core.package_identification:_identify(src) by extension 'cmake'
[0.371s] Level 1:colcon.colcon_core.package_identification:_identify(src) by extension 'python'
[0.371s] Level 1:colcon.colcon_core.package_identification:_identify(src) by extensions ['python_setup_py']
[0.371s] Level 1:colcon.colcon_core.package_identification:_identify(src) by extension 'python_setup_py'
[0.371s] Level 1:colcon.colcon_core.package_identification:_identify(src/coordinate) by extensions ['ignore', 'ignore_ament_install']
[0.371s] Level 1:colcon.colcon_core.package_identification:_identify(src/coordinate) by extension 'ignore'
[0.371s] Level 1:colcon.colcon_core.package_identification:_identify(src/coordinate) by extension 'ignore_ament_install'
[0.371s] Level 1:colcon.colcon_core.package_identification:_identify(src/coordinate) by extensions ['ros']
[0.371s] Level 1:colcon.colcon_core.package_identification:_identify(src/coordinate) by extension 'ros'
[0.374s] DEBUG:colcon.colcon_core.package_identification:Package 'src/coordinate' with type 'ros.ament_cmake' and name 'coordinate'
[0.374s] Level 1:colcon.colcon_core.package_identification:_identify(src/relative_interface) by extensions ['ignore', 'ignore_ament_install']
[0.374s] Level 1:colcon.colcon_core.package_identification:_identify(src/relative_interface) by extension 'ignore'
[0.374s] Level 1:colcon.colcon_core.package_identification:_identify(src/relative_interface) by extension 'ignore_ament_install'
[0.374s] Level 1:colcon.colcon_core.package_identification:_identify(src/relative_interface) by extensions ['ros']
[0.374s] Level 1:colcon.colcon_core.package_identification:_identify(src/relative_interface) by extension 'ros'
[0.375s] DEBUG:colcon.colcon_core.package_identification:Package 'src/relative_interface' with type 'ros.ament_cmake' and name 'relative_interface'
[0.375s] Level 1:colcon.colcon_core.package_discovery:discover_packages(recursive) using defaults
[0.375s] Level 1:colcon.colcon_core.package_discovery:discover_packages(path) discover
[0.375s] Level 1:colcon.colcon_core.package_discovery:discover_packages(path) using defaults
[0.441s] Level 5:colcon.colcon_core.verb:set package 'relative_interface' build argument 'cmake_args' from command line to 'None'
[0.441s] Level 5:colcon.colcon_core.verb:set package 'relative_interface' build argument 'cmake_target' from command line to 'None'
[0.441s] Level 5:colcon.colcon_core.verb:set package 'relative_interface' build argument 'cmake_target_skip_unavailable' from command line to 'False'
[0.441s] Level 5:colcon.colcon_core.verb:set package 'relative_interface' build argument 'cmake_clean_cache' from command line to 'False'
[0.441s] Level 5:colcon.colcon_core.verb:set package 'relative_interface' build argument 'cmake_clean_first' from command line to 'False'
[0.441s] Level 5:colcon.colcon_core.verb:set package 'relative_interface' build argument 'cmake_force_configure' from command line to 'False'
[0.441s] Level 5:colcon.colcon_core.verb:set package 'relative_interface' build argument 'ament_cmake_args' from command line to 'None'
[0.441s] Level 5:colcon.colcon_core.verb:set package 'relative_interface' build argument 'catkin_cmake_args' from command line to 'None'
[0.441s] Level 5:colcon.colcon_core.verb:set package 'relative_interface' build argument 'catkin_skip_building_tests' from command line to 'False'
[0.441s] DEBUG:colcon.colcon_core.verb:Building package 'relative_interface' with the following arguments: {'ament_cmake_args': None, 'build_base': '/home/lenck/RM/base_tasks/work4/build/relative_interface', 'catkin_cmake_args': None, 'catkin_skip_building_tests': False, 'cmake_args': None, 'cmake_clean_cache': False, 'cmake_clean_first': False, 'cmake_force_configure': False, 'cmake_target': None, 'cmake_target_skip_unavailable': False, 'install_base': '/home/lenck/RM/base_tasks/work4/install/relative_interface', 'merge_install': False, 'path': '/home/lenck/RM/base_tasks/work4/src/relative_interface', 'symlink_install': False, 'test_result_base': None}
[0.449s] Level 5:colcon.colcon_core.verb:set package 'coordinate' build argument 'cmake_args' from command line to 'None'
[0.449s] Level 5:colcon.colcon_core.verb:set package 'coordinate' build argument 'cmake_target' from command line to 'None'
[0.449s] Level 5:colcon.colcon_core.verb:set package 'coordinate' build argument 'cmake_target_skip_unavailable' from command line to 'False'
[0.449s] Level 5:colcon.colcon_core.verb:set package 'coordinate' build argument 'cmake_clean_cache' from command line to 'False'
[0.449s] Level 5:colcon.colcon_core.verb:set package 'coordinate' build argument 'cmake_clean_first' from command line to 'False'
[0.449s] Level 5:colcon.colcon_core.verb:set package 'coordinate' build argument 'cmake_force_configure' from command line to 'False'
[0.449s] Level 5:colcon.colcon_core.verb:set package 'coordinate' build argument 'ament_cmake_args' from command line to 'None'
[0.449s] Level 5:colcon.colcon_core.verb:set package 'coordinate' build argument 'catkin_cmake_args' from command line to 'None'
[0.449s] Level 5:colcon.colcon_core.verb:set package 'coordinate' build argument 'catkin_skip_building_tests' from command line to 'False'
[0.449s] DEBUG:colcon.colcon_core.verb:Building package 'coordinate' with the following arguments: {'ament_cmake_args': None, 'build_base': '/home/lenck/RM/base_tasks/work4/build/coordinate', 'catkin_cmake_args': None, 'catkin_skip_building_tests': False, 'cmake_args': None, 'cmake_clean_cache': False, 'cmake_clean_first': False, 'cmake_force_configure': False, 'cmake_target': None, 'cmake_target_skip_unavailable': False, 'install_base': '/home/lenck/RM/base_tasks/work4/install/coordinate', 'merge_install': False, 'path': '/home/lenck/RM/base_tasks/work4/src/coordinate', 'symlink_install': False, 'test_result_base': None}
[0.457s] INFO:colcon.colcon_core.executor:Executing jobs using 'sequential' executor
[0.465s] DEBUG:colcon.colcon_core.executor.sequential:run_until_complete 'relative_interface'
[0.465s] INFO:colcon.colcon_ros.task.ament_cmake.build:Building ROS package in '/home/lenck/RM/base_tasks/work4/src/relative_interface' with build type 'ament_cmake'
[0.465s] INFO:colcon.colcon_cmake.task.cmake.build:Building CMake package in '/home/lenck/RM/base_tasks/work4/src/relative_interface'
[0.475s] INFO:colcon.colcon_core.plugin_system:Skipping extension 'colcon_core.shell.bat': Not used on non-Windows systems
[0.475s] DEBUG:colcon.colcon_core.shell:Skip shell extension 'dsv' for command environment
[0.511s] DEBUG:colcon.colcon_core.event_handler.log_command:Invoking command in '/home/lenck/RM/base_tasks/work4/build/relative_interface': CMAKE_PREFIX_PATH=/opt/ros/humble /usr/bin/cmake /home/lenck/RM/base_tasks/work4/src/relative_interface -DCMAKE_INSTALL_PREFIX=/home/lenck/RM/base_tasks/work4/install/relative_interface
[1.818s] DEBUG:colcon.colcon_core.event_handler.log_command:Invoked command in '/home/lenck/RM/base_tasks/work4/build/relative_interface' returned '0': CMAKE_PREFIX_PATH=/opt/ros/humble /usr/bin/cmake /home/lenck/RM/base_tasks/work4/src/relative_interface -DCMAKE_INSTALL_PREFIX=/home/lenck/RM/base_tasks/work4/install/relative_interface
[1.819s] DEBUG:colcon.colcon_core.event_handler.log_command:Invoking command in '/home/lenck/RM/base_tasks/work4/build/relative_interface': CMAKE_PREFIX_PATH=/opt/ros/humble /usr/bin/cmake --build /home/lenck/RM/base_tasks/work4/build/relative_interface -- -j4 -l4
[1.852s] DEBUG:colcon.colcon_core.event_handler.log_command:Invoked command in '/home/lenck/RM/base_tasks/work4/build/relative_interface' returned '0': CMAKE_PREFIX_PATH=/opt/ros/humble /usr/bin/cmake --build /home/lenck/RM/base_tasks/work4/build/relative_interface -- -j4 -l4
[1.879s] DEBUG:colcon.colcon_core.event_handler.log_command:Invoking command in '/home/lenck/RM/base_tasks/work4/build/relative_interface': CMAKE_PREFIX_PATH=/opt/ros/humble /usr/bin/cmake --install /home/lenck/RM/base_tasks/work4/build/relative_interface
[1.887s] Level 1:colcon.colcon_core.environment:create_environment_scripts_only(relative_interface)
[1.888s] DEBUG:colcon.colcon_core.event_handler.log_command:Invoked command in '/home/lenck/RM/base_tasks/work4/build/relative_interface' returned '0': CMAKE_PREFIX_PATH=/opt/ros/humble /usr/bin/cmake --install /home/lenck/RM/base_tasks/work4/build/relative_interface
[1.904s] Level 1:colcon.colcon_core.environment:checking '/home/lenck/RM/base_tasks/work4/install/relative_interface' for CMake module files
[1.904s] Level 1:colcon.colcon_core.environment:checking '/home/lenck/RM/base_tasks/work4/install/relative_interface' for CMake config files
[1.904s] Level 1:colcon.colcon_core.shell:create_environment_hook('relative_interface', 'cmake_prefix_path')
[1.915s] INFO:colcon.colcon_core.shell:Creating environment descriptor '/home/lenck/RM/base_tasks/work4/install/relative_interface/share/relative_interface/hook/cmake_prefix_path.dsv'
[1.916s] INFO:colcon.colcon_core.shell:Creating environment hook '/home/lenck/RM/base_tasks/work4/install/relative_interface/share/relative_interface/hook/cmake_prefix_path.sh'
[1.917s] Level 1:colcon.colcon_core.environment:checking '/home/lenck/RM/base_tasks/work4/install/relative_interface/bin'
[1.918s] Level 1:colcon.colcon_core.environment:checking '/home/lenck/RM/base_tasks/work4/install/relative_interface/lib/pkgconfig/relative_interface.pc'
[1.918s] Level 1:colcon.colcon_core.environment:checking '/home/lenck/RM/base_tasks/work4/install/relative_interface/lib/python3.10/site-packages'
[1.918s] Level 1:colcon.colcon_core.environment:checking '/home/lenck/RM/base_tasks/work4/install/relative_interface/bin'
[1.927s] INFO:colcon.colcon_core.shell:Creating package descriptor '/home/lenck/RM/base_tasks/work4/install/relative_interface/share/relative_interface/package.dsv'
[1.929s] INFO:colcon.colcon_core.shell:Creating package script '/home/lenck/RM/base_tasks/work4/install/relative_interface/share/relative_interface/package.sh'
[1.932s] Level 1:colcon.colcon_core.environment:create_file_with_runtime_dependencies(/home/lenck/RM/base_tasks/work4/install/relative_interface/share/colcon-core/packages/relative_interface)
[1.960s] Level 1:colcon.colcon_core.environment:create_environment_scripts_only(relative_interface)
[1.967s] Level 1:colcon.colcon_core.environment:checking '/home/lenck/RM/base_tasks/work4/install/relative_interface' for CMake module files
[1.968s] Level 1:colcon.colcon_core.environment:checking '/home/lenck/RM/base_tasks/work4/install/relative_interface' for CMake config files
[1.968s] Level 1:colcon.colcon_core.shell:create_environment_hook('relative_interface', 'cmake_prefix_path')
[1.975s] INFO:colcon.colcon_core.shell:Creating environment descriptor '/home/lenck/RM/base_tasks/work4/install/relative_interface/share/relative_interface/hook/cmake_prefix_path.dsv'
[1.976s] INFO:colcon.colcon_core.shell:Creating environment hook '/home/lenck/RM/base_tasks/work4/install/relative_interface/share/relative_interface/hook/cmake_prefix_path.sh'
[1.977s] Level 1:colcon.colcon_core.environment:checking '/home/lenck/RM/base_tasks/work4/install/relative_interface/bin'
[1.977s] Level 1:colcon.colcon_core.environment:checking '/home/lenck/RM/base_tasks/work4/install/relative_interface/lib/pkgconfig/relative_interface.pc'
[1.977s] Level 1:colcon.colcon_core.environment:checking '/home/lenck/RM/base_tasks/work4/install/relative_interface/lib/python3.10/site-packages'
[1.977s] Level 1:colcon.colcon_core.environment:checking '/home/lenck/RM/base_tasks/work4/install/relative_interface/bin'
[1.985s] INFO:colcon.colcon_core.shell:Creating package descriptor '/home/lenck/RM/base_tasks/work4/install/relative_interface/share/relative_interface/package.dsv'
[1.985s] INFO:colcon.colcon_core.shell:Creating package script '/home/lenck/RM/base_tasks/work4/install/relative_interface/share/relative_interface/package.sh'
[1.986s] Level 1:colcon.colcon_core.environment:create_file_with_runtime_dependencies(/home/lenck/RM/base_tasks/work4/install/relative_interface/share/colcon-core/packages/relative_interface)
[1.986s] DEBUG:colcon.colcon_core.executor.sequential:run_until_complete 'relative_interface' finished with '0'
[1.986s] DEBUG:colcon.colcon_core.executor.sequential:run_until_complete 'coordinate'
[1.986s] INFO:colcon.colcon_ros.task.ament_cmake.build:Building ROS package in '/home/lenck/RM/base_tasks/work4/src/coordinate' with build type 'ament_cmake'
[1.986s] INFO:colcon.colcon_cmake.task.cmake.build:Building CMake package in '/home/lenck/RM/base_tasks/work4/src/coordinate'
[1.994s] DEBUG:colcon.colcon_core.shell:Skip shell extension 'dsv' for command environment
[2.019s] DEBUG:colcon.colcon_core.event_handler.log_command:Invoking command in '/home/lenck/RM/base_tasks/work4/build/coordinate': AMENT_PREFIX_PATH=/home/lenck/RM/base_tasks/work4/install/relative_interface:${AMENT_PREFIX_PATH} CMAKE_PREFIX_PATH=/home/lenck/RM/base_tasks/work4/install/relative_interface:/opt/ros/humble /usr/bin/cmake /home/lenck/RM/base_tasks/work4/src/coordinate -DCMAKE_INSTALL_PREFIX=/home/lenck/RM/base_tasks/work4/install/coordinate
[3.008s] DEBUG:colcon.colcon_core.event_handler.log_command:Invoked command in '/home/lenck/RM/base_tasks/work4/build/coordinate' returned '0': AMENT_PREFIX_PATH=/home/lenck/RM/base_tasks/work4/install/relative_interface:${AMENT_PREFIX_PATH} CMAKE_PREFIX_PATH=/home/lenck/RM/base_tasks/work4/install/relative_interface:/opt/ros/humble /usr/bin/cmake /home/lenck/RM/base_tasks/work4/src/coordinate -DCMAKE_INSTALL_PREFIX=/home/lenck/RM/base_tasks/work4/install/coordinate
[3.008s] DEBUG:colcon.colcon_core.event_handler.log_command:Invoking command in '/home/lenck/RM/base_tasks/work4/build/coordinate': AMENT_PREFIX_PATH=/home/lenck/RM/base_tasks/work4/install/relative_interface:${AMENT_PREFIX_PATH} CMAKE_PREFIX_PATH=/home/lenck/RM/base_tasks/work4/install/relative_interface:/opt/ros/humble /usr/bin/cmake --build /home/lenck/RM/base_tasks/work4/build/coordinate -- -j4 -l4
[3.042s] DEBUG:colcon.colcon_core.event_handler.log_command:Invoked command in '/home/lenck/RM/base_tasks/work4/build/coordinate' returned '0': AMENT_PREFIX_PATH=/home/lenck/RM/base_tasks/work4/install/relative_interface:${AMENT_PREFIX_PATH} CMAKE_PREFIX_PATH=/home/lenck/RM/base_tasks/work4/install/relative_interface:/opt/ros/humble /usr/bin/cmake --build /home/lenck/RM/base_tasks/work4/build/coordinate -- -j4 -l4
[3.062s] DEBUG:colcon.colcon_core.event_handler.log_command:Invoking command in '/home/lenck/RM/base_tasks/work4/build/coordinate': AMENT_PREFIX_PATH=/home/lenck/RM/base_tasks/work4/install/relative_interface:${AMENT_PREFIX_PATH} CMAKE_PREFIX_PATH=/home/lenck/RM/base_tasks/work4/install/relative_interface:/opt/ros/humble /usr/bin/cmake --install /home/lenck/RM/base_tasks/work4/build/coordinate
[3.072s] Level 1:colcon.colcon_core.environment:create_environment_scripts_only(coordinate)
[3.072s] DEBUG:colcon.colcon_core.event_handler.log_command:Invoked command in '/home/lenck/RM/base_tasks/work4/build/coordinate' returned '0': AMENT_PREFIX_PATH=/home/lenck/RM/base_tasks/work4/install/relative_interface:${AMENT_PREFIX_PATH} CMAKE_PREFIX_PATH=/home/lenck/RM/base_tasks/work4/install/relative_interface:/opt/ros/humble /usr/bin/cmake --install /home/lenck/RM/base_tasks/work4/build/coordinate
[3.081s] Level 1:colcon.colcon_core.environment:checking '/home/lenck/RM/base_tasks/work4/install/coordinate' for CMake module files
[3.081s] Level 1:colcon.colcon_core.environment:checking '/home/lenck/RM/base_tasks/work4/install/coordinate' for CMake config files
[3.082s] Level 1:colcon.colcon_core.shell:create_environment_hook('coordinate', 'cmake_prefix_path')
[3.091s] INFO:colcon.colcon_core.shell:Creating environment descriptor '/home/lenck/RM/base_tasks/work4/install/coordinate/share/coordinate/hook/cmake_prefix_path.dsv'
[3.091s] INFO:colcon.colcon_core.shell:Creating environment hook '/home/lenck/RM/base_tasks/work4/install/coordinate/share/coordinate/hook/cmake_prefix_path.sh'
[3.092s] Level 1:colcon.colcon_core.environment:checking '/home/lenck/RM/base_tasks/work4/install/coordinate/bin'
[3.092s] Level 1:colcon.colcon_core.environment:checking '/home/lenck/RM/base_tasks/work4/install/coordinate/lib/pkgconfig/coordinate.pc'
[3.092s] Level 1:colcon.colcon_core.environment:checking '/home/lenck/RM/base_tasks/work4/install/coordinate/lib/python3.10/site-packages'
[3.092s] Level 1:colcon.colcon_core.environment:checking '/home/lenck/RM/base_tasks/work4/install/coordinate/bin'
[3.100s] INFO:colcon.colcon_core.shell:Creating package descriptor '/home/lenck/RM/base_tasks/work4/install/coordinate/share/coordinate/package.dsv'
[3.100s] INFO:colcon.colcon_core.shell:Creating package script '/home/lenck/RM/base_tasks/work4/install/coordinate/share/coordinate/package.sh'
[3.101s] Level 1:colcon.colcon_core.environment:create_file_with_runtime_dependencies(/home/lenck/RM/base_tasks/work4/install/coordinate/share/colcon-core/packages/coordinate)
[3.131s] Level 1:colcon.colcon_core.environment:create_environment_scripts_only(coordinate)
[3.139s] Level 1:colcon.colcon_core.environment:checking '/home/lenck/RM/base_tasks/work4/install/coordinate' for CMake module files
[3.139s] Level 1:colcon.colcon_core.environment:checking '/home/lenck/RM/base_tasks/work4/install/coordinate' for CMake config files
[3.140s] Level 1:colcon.colcon_core.shell:create_environment_hook('coordinate', 'cmake_prefix_path')
[3.147s] INFO:colcon.colcon_core.shell:Creating environment descriptor '/home/lenck/RM/base_tasks/work4/install/coordinate/share/coordinate/hook/cmake_prefix_path.dsv'
[3.147s] INFO:colcon.colcon_core.shell:Creating environment hook '/home/lenck/RM/base_tasks/work4/install/coordinate/share/coordinate/hook/cmake_prefix_path.sh'
[3.148s] Level 1:colcon.colcon_core.environment:checking '/home/lenck/RM/base_tasks/work4/install/coordinate/bin'
[3.148s] Level 1:colcon.colcon_core.environment:checking '/home/lenck/RM/base_tasks/work4/install/coordinate/lib/pkgconfig/coordinate.pc'
[3.149s] Level 1:colcon.colcon_core.environment:checking '/home/lenck/RM/base_tasks/work4/install/coordinate/lib/python3.10/site-packages'
[3.149s] Level 1:colcon.colcon_core.environment:checking '/home/lenck/RM/base_tasks/work4/install/coordinate/bin'
[3.156s] INFO:colcon.colcon_core.shell:Creating package descriptor '/home/lenck/RM/base_tasks/work4/install/coordinate/share/coordinate/package.dsv'
[3.157s] INFO:colcon.colcon_core.shell:Creating package script '/home/lenck/RM/base_tasks/work4/install/coordinate/share/coordinate/package.sh'
[3.157s] Level 1:colcon.colcon_core.environment:create_file_with_runtime_dependencies(/home/lenck/RM/base_tasks/work4/install/coordinate/share/colcon-core/packages/coordinate)
[3.158s] DEBUG:colcon.colcon_core.executor.sequential:run_until_complete 'coordinate' finished with '0'
[3.158s] DEBUG:colcon.colcon_core.executor.sequential:closing loop
[3.158s] DEBUG:colcon.colcon_core.executor.sequential:loop closed
[3.158s] DEBUG:colcon.colcon_core.event_reactor:joining thread
[3.159s] DEBUG:colcon.colcon_core.event_reactor:joined thread
[3.167s] INFO:colcon.colcon_core.shell:Creating prefix script '/home/lenck/RM/base_tasks/work4/install/local_setup.sh'
[3.168s] INFO:colcon.colcon_core.shell:Creating prefix util module '/home/lenck/RM/base_tasks/work4/install/_local_setup_util_sh.py'
[3.170s] INFO:colcon.colcon_core.shell:Creating prefix chain script '/home/lenck/RM/base_tasks/work4/install/setup.sh'
