[0.121s] DEBUG:colcon:Command line arguments: ['/usr/bin/colcon', 'build']
[0.121s] DEBUG:colcon:Parsed command line arguments: Namespace(log_base=None, log_level=None, verb_name='build', build_base='build', install_base='install', merge_install=False, symlink_install=False, test_result_base=None, continue_on_error=False, executor='sequential', event_handlers=None, base_paths=['.'], paths=None, cmake_args=None, cmake_target=None, cmake_target_skip_unavailable=False, cmake_clean_cache=False, cmake_clean_first=False, cmake_force_configure=False, ament_cmake_args=None, catkin_cmake_args=None, catkin_skip_building_tests=False, verb_parser=CustomArgumentParser(prog='colcon build', usage=None, description='Build a set of packages.', formatter_class=<class 'colcon_core.command.CustomFormatter'>, conflict_handler='error', add_help=True), verb_extension=<colcon_core.verb.build.BuildVerb object at 0x7f277fd6b970>, main=<bound method BuildVerb.main of <colcon_core.verb.build.BuildVerb object at 0x7f277fd6b970>>)
[0.288s] Level 1:colcon.colcon_core.package_discovery:discover_packages(recursive) check parameters
[0.288s] Level 1:colcon.colcon_core.package_discovery:discover_packages(path) check parameters
[0.288s] Level 1:colcon.colcon_core.package_discovery:discover_packages(recursive) discover
[0.288s] INFO:colcon.colcon_core.package_discovery:Crawling recursively for packages in '/home/lenck/RM/moudles/Service_AddTwoInts'
[0.288s] Level 1:colcon.colcon_core.package_identification:_identify(.) by extensions ['ignore', 'ignore_ament_install']
[0.288s] Level 1:colcon.colcon_core.package_identification:_identify(.) by extension 'ignore'
[0.288s] Level 1:colcon.colcon_core.package_identification:_identify(.) by extension 'ignore_ament_install'
[0.288s] Level 1:colcon.colcon_core.package_identification:_identify(.) by extensions ['ros']
[0.288s] Level 1:colcon.colcon_core.package_identification:_identify(.) by extension 'ros'
[0.296s] Level 1:colcon.colcon_core.package_identification:_identify(.) by extensions ['cmake', 'python']
[0.296s] Level 1:colcon.colcon_core.package_identification:_identify(.) by extension 'cmake'
[0.296s] Level 1:colcon.colcon_core.package_identification:_identify(.) by extension 'python'
[0.296s] Level 1:colcon.colcon_core.package_identification:_identify(.) by extensions ['python_setup_py']
[0.296s] Level 1:colcon.colcon_core.package_identification:_identify(.) by extension 'python_setup_py'
[0.296s] Level 1:colcon.colcon_core.package_identification:_identify(build) by extensions ['ignore', 'ignore_ament_install']
[0.296s] Level 1:colcon.colcon_core.package_identification:_identify(build) by extension 'ignore'
[0.296s] Level 1:colcon.colcon_core.package_identification:_identify(build) ignored
[0.296s] Level 1:colcon.colcon_core.package_identification:_identify(install) by extensions ['ignore', 'ignore_ament_install']
[0.296s] Level 1:colcon.colcon_core.package_identification:_identify(install) by extension 'ignore'
[0.296s] Level 1:colcon.colcon_core.package_identification:_identify(install) ignored
[0.296s] Level 1:colcon.colcon_core.package_identification:_identify(log) by extensions ['ignore', 'ignore_ament_install']
[0.296s] Level 1:colcon.colcon_core.package_identification:_identify(log) by extension 'ignore'
[0.296s] Level 1:colcon.colcon_core.package_identification:_identify(log) ignored
[0.296s] Level 1:colcon.colcon_core.package_identification:_identify(src) by extensions ['ignore', 'ignore_ament_install']
[0.296s] Level 1:colcon.colcon_core.package_identification:_identify(src) by extension 'ignore'
[0.297s] Level 1:colcon.colcon_core.package_identification:_identify(src) by extension 'ignore_ament_install'
[0.297s] Level 1:colcon.colcon_core.package_identification:_identify(src) by extensions ['ros']
[0.297s] Level 1:colcon.colcon_core.package_identification:_identify(src) by extension 'ros'
[0.297s] Level 1:colcon.colcon_core.package_identification:_identify(src) by extensions ['cmake', 'python']
[0.297s] Level 1:colcon.colcon_core.package_identification:_identify(src) by extension 'cmake'
[0.297s] Level 1:colcon.colcon_core.package_identification:_identify(src) by extension 'python'
[0.297s] Level 1:colcon.colcon_core.package_identification:_identify(src) by extensions ['python_setup_py']
[0.297s] Level 1:colcon.colcon_core.package_identification:_identify(src) by extension 'python_setup_py'
[0.297s] Level 1:colcon.colcon_core.package_identification:_identify(src/cpp_srvcli) by extensions ['ignore', 'ignore_ament_install']
[0.297s] Level 1:colcon.colcon_core.package_identification:_identify(src/cpp_srvcli) by extension 'ignore'
[0.297s] Level 1:colcon.colcon_core.package_identification:_identify(src/cpp_srvcli) by extension 'ignore_ament_install'
[0.297s] Level 1:colcon.colcon_core.package_identification:_identify(src/cpp_srvcli) by extensions ['ros']
[0.297s] Level 1:colcon.colcon_core.package_identification:_identify(src/cpp_srvcli) by extension 'ros'
[0.298s] DEBUG:colcon.colcon_core.package_identification:Package 'src/cpp_srvcli' with type 'ros.ament_cmake' and name 'cpp_srvcli'
[0.299s] Level 1:colcon.colcon_core.package_identification:_identify(src/example_interfaces) by extensions ['ignore', 'ignore_ament_install']
[0.299s] Level 1:colcon.colcon_core.package_identification:_identify(src/example_interfaces) by extension 'ignore'
[0.299s] Level 1:colcon.colcon_core.package_identification:_identify(src/example_interfaces) by extension 'ignore_ament_install'
[0.299s] Level 1:colcon.colcon_core.package_identification:_identify(src/example_interfaces) by extensions ['ros']
[0.299s] Level 1:colcon.colcon_core.package_identification:_identify(src/example_interfaces) by extension 'ros'
[0.299s] DEBUG:colcon.colcon_core.package_identification:Package 'src/example_interfaces' with type 'ros.ament_cmake' and name 'example_interfaces'
[0.299s] Level 1:colcon.colcon_core.package_discovery:discover_packages(recursive) using defaults
[0.299s] Level 1:colcon.colcon_core.package_discovery:discover_packages(path) discover
[0.299s] Level 1:colcon.colcon_core.package_discovery:discover_packages(path) using defaults
[0.356s] Level 5:colcon.colcon_core.verb:set package 'example_interfaces' build argument 'cmake_args' from command line to 'None'
[0.356s] Level 5:colcon.colcon_core.verb:set package 'example_interfaces' build argument 'cmake_target' from command line to 'None'
[0.356s] Level 5:colcon.colcon_core.verb:set package 'example_interfaces' build argument 'cmake_target_skip_unavailable' from command line to 'False'
[0.356s] Level 5:colcon.colcon_core.verb:set package 'example_interfaces' build argument 'cmake_clean_cache' from command line to 'False'
[0.356s] Level 5:colcon.colcon_core.verb:set package 'example_interfaces' build argument 'cmake_clean_first' from command line to 'False'
[0.356s] Level 5:colcon.colcon_core.verb:set package 'example_interfaces' build argument 'cmake_force_configure' from command line to 'False'
[0.356s] Level 5:colcon.colcon_core.verb:set package 'example_interfaces' build argument 'ament_cmake_args' from command line to 'None'
[0.356s] Level 5:colcon.colcon_core.verb:set package 'example_interfaces' build argument 'catkin_cmake_args' from command line to 'None'
[0.356s] Level 5:colcon.colcon_core.verb:set package 'example_interfaces' build argument 'catkin_skip_building_tests' from command line to 'False'
[0.356s] DEBUG:colcon.colcon_core.verb:Building package 'example_interfaces' with the following arguments: {'ament_cmake_args': None, 'build_base': '/home/lenck/RM/moudles/Service_AddTwoInts/build/example_interfaces', 'catkin_cmake_args': None, 'catkin_skip_building_tests': False, 'cmake_args': None, 'cmake_clean_cache': False, 'cmake_clean_first': False, 'cmake_force_configure': False, 'cmake_target': None, 'cmake_target_skip_unavailable': False, 'install_base': '/home/lenck/RM/moudles/Service_AddTwoInts/install/example_interfaces', 'merge_install': False, 'path': '/home/lenck/RM/moudles/Service_AddTwoInts/src/example_interfaces', 'symlink_install': False, 'test_result_base': None}
[0.364s] Level 5:colcon.colcon_core.verb:set package 'cpp_srvcli' build argument 'cmake_args' from command line to 'None'
[0.364s] Level 5:colcon.colcon_core.verb:set package 'cpp_srvcli' build argument 'cmake_target' from command line to 'None'
[0.364s] Level 5:colcon.colcon_core.verb:set package 'cpp_srvcli' build argument 'cmake_target_skip_unavailable' from command line to 'False'
[0.364s] Level 5:colcon.colcon_core.verb:set package 'cpp_srvcli' build argument 'cmake_clean_cache' from command line to 'False'
[0.364s] Level 5:colcon.colcon_core.verb:set package 'cpp_srvcli' build argument 'cmake_clean_first' from command line to 'False'
[0.364s] Level 5:colcon.colcon_core.verb:set package 'cpp_srvcli' build argument 'cmake_force_configure' from command line to 'False'
[0.364s] Level 5:colcon.colcon_core.verb:set package 'cpp_srvcli' build argument 'ament_cmake_args' from command line to 'None'
[0.364s] Level 5:colcon.colcon_core.verb:set package 'cpp_srvcli' build argument 'catkin_cmake_args' from command line to 'None'
[0.364s] Level 5:colcon.colcon_core.verb:set package 'cpp_srvcli' build argument 'catkin_skip_building_tests' from command line to 'False'
[0.364s] DEBUG:colcon.colcon_core.verb:Building package 'cpp_srvcli' with the following arguments: {'ament_cmake_args': None, 'build_base': '/home/lenck/RM/moudles/Service_AddTwoInts/build/cpp_srvcli', 'catkin_cmake_args': None, 'catkin_skip_building_tests': False, 'cmake_args': None, 'cmake_clean_cache': False, 'cmake_clean_first': False, 'cmake_force_configure': False, 'cmake_target': None, 'cmake_target_skip_unavailable': False, 'install_base': '/home/lenck/RM/moudles/Service_AddTwoInts/install/cpp_srvcli', 'merge_install': False, 'path': '/home/lenck/RM/moudles/Service_AddTwoInts/src/cpp_srvcli', 'symlink_install': False, 'test_result_base': None}
[0.372s] INFO:colcon.colcon_core.executor:Executing jobs using 'sequential' executor
[0.380s] DEBUG:colcon.colcon_core.executor.sequential:run_until_complete 'example_interfaces'
[0.380s] INFO:colcon.colcon_ros.task.ament_cmake.build:Building ROS package in '/home/lenck/RM/moudles/Service_AddTwoInts/src/example_interfaces' with build type 'ament_cmake'
[0.380s] INFO:colcon.colcon_cmake.task.cmake.build:Building CMake package in '/home/lenck/RM/moudles/Service_AddTwoInts/src/example_interfaces'
[0.388s] INFO:colcon.colcon_core.plugin_system:Skipping extension 'colcon_core.shell.bat': Not used on non-Windows systems
[0.388s] DEBUG:colcon.colcon_core.shell:Skip shell extension 'dsv' for command environment
[0.414s] DEBUG:colcon.colcon_core.event_handler.log_command:Invoking command in '/home/lenck/RM/moudles/Service_AddTwoInts/build/example_interfaces': CMAKE_PREFIX_PATH=/opt/ros/humble /usr/bin/cmake --build /home/lenck/RM/moudles/Service_AddTwoInts/build/example_interfaces -- -j4 -l4
[0.711s] DEBUG:colcon.colcon_core.event_handler.log_command:Invoked command in '/home/lenck/RM/moudles/Service_AddTwoInts/build/example_interfaces' returned '0': CMAKE_PREFIX_PATH=/opt/ros/humble /usr/bin/cmake --build /home/lenck/RM/moudles/Service_AddTwoInts/build/example_interfaces -- -j4 -l4
[0.774s] DEBUG:colcon.colcon_core.event_handler.log_command:Invoking command in '/home/lenck/RM/moudles/Service_AddTwoInts/build/example_interfaces': CMAKE_PREFIX_PATH=/opt/ros/humble /usr/bin/cmake --install /home/lenck/RM/moudles/Service_AddTwoInts/build/example_interfaces
[0.816s] Level 1:colcon.colcon_core.environment:create_environment_scripts_only(example_interfaces)
[0.816s] DEBUG:colcon.colcon_core.event_handler.log_command:Invoked command in '/home/lenck/RM/moudles/Service_AddTwoInts/build/example_interfaces' returned '0': CMAKE_PREFIX_PATH=/opt/ros/humble /usr/bin/cmake --install /home/lenck/RM/moudles/Service_AddTwoInts/build/example_interfaces
[0.828s] Level 1:colcon.colcon_core.environment:checking '/home/lenck/RM/moudles/Service_AddTwoInts/install/example_interfaces' for CMake module files
[0.828s] Level 1:colcon.colcon_core.environment:checking '/home/lenck/RM/moudles/Service_AddTwoInts/install/example_interfaces' for CMake config files
[0.828s] Level 1:colcon.colcon_core.shell:create_environment_hook('example_interfaces', 'cmake_prefix_path')
[0.836s] INFO:colcon.colcon_core.shell:Creating environment descriptor '/home/lenck/RM/moudles/Service_AddTwoInts/install/example_interfaces/share/example_interfaces/hook/cmake_prefix_path.dsv'
[0.836s] INFO:colcon.colcon_core.shell:Creating environment hook '/home/lenck/RM/moudles/Service_AddTwoInts/install/example_interfaces/share/example_interfaces/hook/cmake_prefix_path.sh'
[0.837s] Level 1:colcon.colcon_core.environment:checking '/home/lenck/RM/moudles/Service_AddTwoInts/install/example_interfaces/lib'
[0.837s] Level 1:colcon.colcon_core.shell:create_environment_hook('example_interfaces', 'ld_library_path_lib')
[0.847s] INFO:colcon.colcon_core.shell:Creating environment descriptor '/home/lenck/RM/moudles/Service_AddTwoInts/install/example_interfaces/share/example_interfaces/hook/ld_library_path_lib.dsv'
[0.848s] INFO:colcon.colcon_core.shell:Creating environment hook '/home/lenck/RM/moudles/Service_AddTwoInts/install/example_interfaces/share/example_interfaces/hook/ld_library_path_lib.sh'
[0.848s] Level 1:colcon.colcon_core.environment:checking '/home/lenck/RM/moudles/Service_AddTwoInts/install/example_interfaces/bin'
[0.848s] Level 1:colcon.colcon_core.environment:checking '/home/lenck/RM/moudles/Service_AddTwoInts/install/example_interfaces/lib/pkgconfig/example_interfaces.pc'
[0.849s] Level 1:colcon.colcon_core.environment:checking '/home/lenck/RM/moudles/Service_AddTwoInts/install/example_interfaces/lib/python3.10/site-packages'
[0.849s] Level 1:colcon.colcon_core.environment:checking '/home/lenck/RM/moudles/Service_AddTwoInts/install/example_interfaces/bin'
[0.857s] INFO:colcon.colcon_core.shell:Creating package descriptor '/home/lenck/RM/moudles/Service_AddTwoInts/install/example_interfaces/share/example_interfaces/package.dsv'
[0.858s] INFO:colcon.colcon_core.shell:Creating package script '/home/lenck/RM/moudles/Service_AddTwoInts/install/example_interfaces/share/example_interfaces/package.sh'
[0.858s] Level 1:colcon.colcon_core.environment:create_file_with_runtime_dependencies(/home/lenck/RM/moudles/Service_AddTwoInts/install/example_interfaces/share/colcon-core/packages/example_interfaces)
[0.920s] Level 1:colcon.colcon_core.environment:create_environment_scripts_only(example_interfaces)
[0.928s] Level 1:colcon.colcon_core.environment:checking '/home/lenck/RM/moudles/Service_AddTwoInts/install/example_interfaces' for CMake module files
[0.929s] Level 1:colcon.colcon_core.environment:checking '/home/lenck/RM/moudles/Service_AddTwoInts/install/example_interfaces' for CMake config files
[0.929s] Level 1:colcon.colcon_core.shell:create_environment_hook('example_interfaces', 'cmake_prefix_path')
[0.937s] INFO:colcon.colcon_core.shell:Creating environment descriptor '/home/lenck/RM/moudles/Service_AddTwoInts/install/example_interfaces/share/example_interfaces/hook/cmake_prefix_path.dsv'
[0.937s] INFO:colcon.colcon_core.shell:Creating environment hook '/home/lenck/RM/moudles/Service_AddTwoInts/install/example_interfaces/share/example_interfaces/hook/cmake_prefix_path.sh'
[0.938s] Level 1:colcon.colcon_core.environment:checking '/home/lenck/RM/moudles/Service_AddTwoInts/install/example_interfaces/lib'
[0.938s] Level 1:colcon.colcon_core.shell:create_environment_hook('example_interfaces', 'ld_library_path_lib')
[0.945s] INFO:colcon.colcon_core.shell:Creating environment descriptor '/home/lenck/RM/moudles/Service_AddTwoInts/install/example_interfaces/share/example_interfaces/hook/ld_library_path_lib.dsv'
[0.946s] INFO:colcon.colcon_core.shell:Creating environment hook '/home/lenck/RM/moudles/Service_AddTwoInts/install/example_interfaces/share/example_interfaces/hook/ld_library_path_lib.sh'
[0.946s] Level 1:colcon.colcon_core.environment:checking '/home/lenck/RM/moudles/Service_AddTwoInts/install/example_interfaces/bin'
[0.946s] Level 1:colcon.colcon_core.environment:checking '/home/lenck/RM/moudles/Service_AddTwoInts/install/example_interfaces/lib/pkgconfig/example_interfaces.pc'
[0.947s] Level 1:colcon.colcon_core.environment:checking '/home/lenck/RM/moudles/Service_AddTwoInts/install/example_interfaces/lib/python3.10/site-packages'
[0.947s] Level 1:colcon.colcon_core.environment:checking '/home/lenck/RM/moudles/Service_AddTwoInts/install/example_interfaces/bin'
[0.955s] INFO:colcon.colcon_core.shell:Creating package descriptor '/home/lenck/RM/moudles/Service_AddTwoInts/install/example_interfaces/share/example_interfaces/package.dsv'
[0.955s] INFO:colcon.colcon_core.shell:Creating package script '/home/lenck/RM/moudles/Service_AddTwoInts/install/example_interfaces/share/example_interfaces/package.sh'
[0.956s] Level 1:colcon.colcon_core.environment:create_file_with_runtime_dependencies(/home/lenck/RM/moudles/Service_AddTwoInts/install/example_interfaces/share/colcon-core/packages/example_interfaces)
[0.956s] DEBUG:colcon.colcon_core.executor.sequential:run_until_complete 'example_interfaces' finished with '0'
[0.956s] DEBUG:colcon.colcon_core.executor.sequential:run_until_complete 'cpp_srvcli'
[0.956s] INFO:colcon.colcon_ros.task.ament_cmake.build:Building ROS package in '/home/lenck/RM/moudles/Service_AddTwoInts/src/cpp_srvcli' with build type 'ament_cmake'
[0.956s] INFO:colcon.colcon_cmake.task.cmake.build:Building CMake package in '/home/lenck/RM/moudles/Service_AddTwoInts/src/cpp_srvcli'
[0.964s] DEBUG:colcon.colcon_core.shell:Skip shell extension 'dsv' for command environment
[0.990s] DEBUG:colcon.colcon_core.event_handler.log_command:Invoking command in '/home/lenck/RM/moudles/Service_AddTwoInts/build/cpp_srvcli': AMENT_PREFIX_PATH=/home/lenck/RM/base_tasks/work5/install/example_interfaces:${AMENT_PREFIX_PATH} CMAKE_PREFIX_PATH=/home/lenck/RM/moudles/Service_AddTwoInts/install/example_interfaces:/opt/ros/humble LD_LIBRARY_PATH=/home/lenck/RM/base_tasks/work5/install/example_interfaces/lib:/home/lenck/RM/moudles/Service_AddTwoInts/install/example_interfaces/lib:${LD_LIBRARY_PATH} PYTHONPATH=/home/lenck/RM/base_tasks/work5/install/example_interfaces/local/lib/python3.10/dist-packages:${PYTHONPATH} /usr/bin/cmake --build /home/lenck/RM/moudles/Service_AddTwoInts/build/cpp_srvcli -- -j4 -l4
[4.258s] DEBUG:colcon.colcon_core.event_handler.log_command:Invoked command in '/home/lenck/RM/moudles/Service_AddTwoInts/build/cpp_srvcli' returned '0': AMENT_PREFIX_PATH=/home/lenck/RM/base_tasks/work5/install/example_interfaces:${AMENT_PREFIX_PATH} CMAKE_PREFIX_PATH=/home/lenck/RM/moudles/Service_AddTwoInts/install/example_interfaces:/opt/ros/humble LD_LIBRARY_PATH=/home/lenck/RM/base_tasks/work5/install/example_interfaces/lib:/home/lenck/RM/moudles/Service_AddTwoInts/install/example_interfaces/lib:${LD_LIBRARY_PATH} PYTHONPATH=/home/lenck/RM/base_tasks/work5/install/example_interfaces/local/lib/python3.10/dist-packages:${PYTHONPATH} /usr/bin/cmake --build /home/lenck/RM/moudles/Service_AddTwoInts/build/cpp_srvcli -- -j4 -l4
[4.289s] DEBUG:colcon.colcon_core.event_handler.log_command:Invoking command in '/home/lenck/RM/moudles/Service_AddTwoInts/build/cpp_srvcli': AMENT_PREFIX_PATH=/home/lenck/RM/base_tasks/work5/install/example_interfaces:${AMENT_PREFIX_PATH} CMAKE_PREFIX_PATH=/home/lenck/RM/moudles/Service_AddTwoInts/install/example_interfaces:/opt/ros/humble LD_LIBRARY_PATH=/home/lenck/RM/base_tasks/work5/install/example_interfaces/lib:/home/lenck/RM/moudles/Service_AddTwoInts/install/example_interfaces/lib:${LD_LIBRARY_PATH} PYTHONPATH=/home/lenck/RM/base_tasks/work5/install/example_interfaces/local/lib/python3.10/dist-packages:${PYTHONPATH} /usr/bin/cmake --install /home/lenck/RM/moudles/Service_AddTwoInts/build/cpp_srvcli
[4.302s] Level 1:colcon.colcon_core.environment:create_environment_scripts_only(cpp_srvcli)
[4.302s] DEBUG:colcon.colcon_core.event_handler.log_command:Invoked command in '/home/lenck/RM/moudles/Service_AddTwoInts/build/cpp_srvcli' returned '0': AMENT_PREFIX_PATH=/home/lenck/RM/base_tasks/work5/install/example_interfaces:${AMENT_PREFIX_PATH} CMAKE_PREFIX_PATH=/home/lenck/RM/moudles/Service_AddTwoInts/install/example_interfaces:/opt/ros/humble LD_LIBRARY_PATH=/home/lenck/RM/base_tasks/work5/install/example_interfaces/lib:/home/lenck/RM/moudles/Service_AddTwoInts/install/example_interfaces/lib:${LD_LIBRARY_PATH} PYTHONPATH=/home/lenck/RM/base_tasks/work5/install/example_interfaces/local/lib/python3.10/dist-packages:${PYTHONPATH} /usr/bin/cmake --install /home/lenck/RM/moudles/Service_AddTwoInts/build/cpp_srvcli
[4.313s] Level 1:colcon.colcon_core.environment:checking '/home/lenck/RM/moudles/Service_AddTwoInts/install/cpp_srvcli' for CMake module files
[4.314s] Level 1:colcon.colcon_core.environment:checking '/home/lenck/RM/moudles/Service_AddTwoInts/install/cpp_srvcli' for CMake config files
[4.314s] Level 1:colcon.colcon_core.shell:create_environment_hook('cpp_srvcli', 'cmake_prefix_path')
[4.322s] INFO:colcon.colcon_core.shell:Creating environment descriptor '/home/lenck/RM/moudles/Service_AddTwoInts/install/cpp_srvcli/share/cpp_srvcli/hook/cmake_prefix_path.dsv'
[4.323s] INFO:colcon.colcon_core.shell:Creating environment hook '/home/lenck/RM/moudles/Service_AddTwoInts/install/cpp_srvcli/share/cpp_srvcli/hook/cmake_prefix_path.sh'
[4.324s] Level 1:colcon.colcon_core.environment:checking '/home/lenck/RM/moudles/Service_AddTwoInts/install/cpp_srvcli/lib'
[4.324s] Level 1:colcon.colcon_core.environment:checking '/home/lenck/RM/moudles/Service_AddTwoInts/install/cpp_srvcli/bin'
[4.324s] Level 1:colcon.colcon_core.environment:checking '/home/lenck/RM/moudles/Service_AddTwoInts/install/cpp_srvcli/lib/pkgconfig/cpp_srvcli.pc'
[4.324s] Level 1:colcon.colcon_core.environment:checking '/home/lenck/RM/moudles/Service_AddTwoInts/install/cpp_srvcli/lib/python3.10/site-packages'
[4.324s] Level 1:colcon.colcon_core.environment:checking '/home/lenck/RM/moudles/Service_AddTwoInts/install/cpp_srvcli/bin'
[4.332s] INFO:colcon.colcon_core.shell:Creating package descriptor '/home/lenck/RM/moudles/Service_AddTwoInts/install/cpp_srvcli/share/cpp_srvcli/package.dsv'
[4.332s] INFO:colcon.colcon_core.shell:Creating package script '/home/lenck/RM/moudles/Service_AddTwoInts/install/cpp_srvcli/share/cpp_srvcli/package.sh'
[4.333s] Level 1:colcon.colcon_core.environment:create_file_with_runtime_dependencies(/home/lenck/RM/moudles/Service_AddTwoInts/install/cpp_srvcli/share/colcon-core/packages/cpp_srvcli)
[4.365s] Level 1:colcon.colcon_core.environment:create_environment_scripts_only(cpp_srvcli)
[4.373s] Level 1:colcon.colcon_core.environment:checking '/home/lenck/RM/moudles/Service_AddTwoInts/install/cpp_srvcli' for CMake module files
[4.373s] Level 1:colcon.colcon_core.environment:checking '/home/lenck/RM/moudles/Service_AddTwoInts/install/cpp_srvcli' for CMake config files
[4.373s] Level 1:colcon.colcon_core.shell:create_environment_hook('cpp_srvcli', 'cmake_prefix_path')
[4.381s] INFO:colcon.colcon_core.shell:Creating environment descriptor '/home/lenck/RM/moudles/Service_AddTwoInts/install/cpp_srvcli/share/cpp_srvcli/hook/cmake_prefix_path.dsv'
[4.381s] INFO:colcon.colcon_core.shell:Creating environment hook '/home/lenck/RM/moudles/Service_AddTwoInts/install/cpp_srvcli/share/cpp_srvcli/hook/cmake_prefix_path.sh'
[4.382s] Level 1:colcon.colcon_core.environment:checking '/home/lenck/RM/moudles/Service_AddTwoInts/install/cpp_srvcli/lib'
[4.382s] Level 1:colcon.colcon_core.environment:checking '/home/lenck/RM/moudles/Service_AddTwoInts/install/cpp_srvcli/bin'
[4.382s] Level 1:colcon.colcon_core.environment:checking '/home/lenck/RM/moudles/Service_AddTwoInts/install/cpp_srvcli/lib/pkgconfig/cpp_srvcli.pc'
[4.382s] Level 1:colcon.colcon_core.environment:checking '/home/lenck/RM/moudles/Service_AddTwoInts/install/cpp_srvcli/lib/python3.10/site-packages'
[4.382s] Level 1:colcon.colcon_core.environment:checking '/home/lenck/RM/moudles/Service_AddTwoInts/install/cpp_srvcli/bin'
[4.389s] INFO:colcon.colcon_core.shell:Creating package descriptor '/home/lenck/RM/moudles/Service_AddTwoInts/install/cpp_srvcli/share/cpp_srvcli/package.dsv'
[4.390s] INFO:colcon.colcon_core.shell:Creating package script '/home/lenck/RM/moudles/Service_AddTwoInts/install/cpp_srvcli/share/cpp_srvcli/package.sh'
[4.390s] Level 1:colcon.colcon_core.environment:create_file_with_runtime_dependencies(/home/lenck/RM/moudles/Service_AddTwoInts/install/cpp_srvcli/share/colcon-core/packages/cpp_srvcli)
[4.391s] DEBUG:colcon.colcon_core.executor.sequential:run_until_complete 'cpp_srvcli' finished with '0'
[4.391s] DEBUG:colcon.colcon_core.executor.sequential:closing loop
[4.391s] DEBUG:colcon.colcon_core.executor.sequential:loop closed
[4.391s] DEBUG:colcon.colcon_core.event_reactor:joining thread
[4.391s] DEBUG:colcon.colcon_core.event_reactor:joined thread
[4.399s] INFO:colcon.colcon_core.shell:Creating prefix script '/home/lenck/RM/moudles/Service_AddTwoInts/install/local_setup.sh'
[4.399s] INFO:colcon.colcon_core.shell:Creating prefix util module '/home/lenck/RM/moudles/Service_AddTwoInts/install/_local_setup_util_sh.py'
[4.400s] INFO:colcon.colcon_core.shell:Creating prefix chain script '/home/lenck/RM/moudles/Service_AddTwoInts/install/setup.sh'
