[0.135s] DEBUG:colcon:Command line arguments: ['/usr/bin/colcon', 'build']
[0.136s] DEBUG:colcon:Parsed command line arguments: Namespace(log_base=None, log_level=None, verb_name='build', build_base='build', install_base='install', merge_install=False, symlink_install=False, test_result_base=None, continue_on_error=False, executor='sequential', event_handlers=None, base_paths=['.'], paths=None, cmake_args=None, cmake_target=None, cmake_target_skip_unavailable=False, cmake_clean_cache=False, cmake_clean_first=False, cmake_force_configure=False, ament_cmake_args=None, catkin_cmake_args=None, catkin_skip_building_tests=False, verb_parser=CustomArgumentParser(prog='colcon build', usage=None, description='Build a set of packages.', formatter_class=<class 'colcon_core.command.CustomFormatter'>, conflict_handler='error', add_help=True), verb_extension=<colcon_core.verb.build.BuildVerb object at 0x7f1b8bde7d30>, main=<bound method BuildVerb.main of <colcon_core.verb.build.BuildVerb object at 0x7f1b8bde7d30>>)
[0.349s] Level 1:colcon.colcon_core.package_discovery:discover_packages(recursive) check parameters
[0.350s] Level 1:colcon.colcon_core.package_discovery:discover_packages(path) check parameters
[0.350s] Level 1:colcon.colcon_core.package_discovery:discover_packages(recursive) discover
[0.350s] INFO:colcon.colcon_core.package_discovery:Crawling recursively for packages in '/home/lenck/RM/base_tasks'
[0.350s] Level 1:colcon.colcon_core.package_identification:_identify(.) by extensions ['ignore', 'ignore_ament_install']
[0.350s] Level 1:colcon.colcon_core.package_identification:_identify(.) by extension 'ignore'
[0.350s] Level 1:colcon.colcon_core.package_identification:_identify(.) by extension 'ignore_ament_install'
[0.350s] Level 1:colcon.colcon_core.package_identification:_identify(.) by extensions ['ros']
[0.350s] Level 1:colcon.colcon_core.package_identification:_identify(.) by extension 'ros'
[0.358s] Level 1:colcon.colcon_core.package_identification:_identify(.) by extensions ['cmake', 'python']
[0.359s] Level 1:colcon.colcon_core.package_identification:_identify(.) by extension 'cmake'
[0.359s] Level 1:colcon.colcon_core.package_identification:_identify(.) by extension 'python'
[0.359s] Level 1:colcon.colcon_core.package_identification:_identify(.) by extensions ['python_setup_py']
[0.359s] Level 1:colcon.colcon_core.package_identification:_identify(.) by extension 'python_setup_py'
[0.359s] Level 1:colcon.colcon_core.package_identification:_identify(build) by extensions ['ignore', 'ignore_ament_install']
[0.359s] Level 1:colcon.colcon_core.package_identification:_identify(build) by extension 'ignore'
[0.359s] Level 1:colcon.colcon_core.package_identification:_identify(build) ignored
[0.359s] Level 1:colcon.colcon_core.package_identification:_identify(install) by extensions ['ignore', 'ignore_ament_install']
[0.360s] Level 1:colcon.colcon_core.package_identification:_identify(install) by extension 'ignore'
[0.360s] Level 1:colcon.colcon_core.package_identification:_identify(install) ignored
[0.360s] Level 1:colcon.colcon_core.package_identification:_identify(log) by extensions ['ignore', 'ignore_ament_install']
[0.360s] Level 1:colcon.colcon_core.package_identification:_identify(log) by extension 'ignore'
[0.360s] Level 1:colcon.colcon_core.package_identification:_identify(log) ignored
[0.360s] Level 1:colcon.colcon_core.package_identification:_identify(src) by extensions ['ignore', 'ignore_ament_install']
[0.360s] Level 1:colcon.colcon_core.package_identification:_identify(src) by extension 'ignore'
[0.360s] Level 1:colcon.colcon_core.package_identification:_identify(src) by extension 'ignore_ament_install'
[0.361s] Level 1:colcon.colcon_core.package_identification:_identify(src) by extensions ['ros']
[0.361s] Level 1:colcon.colcon_core.package_identification:_identify(src) by extension 'ros'
[0.361s] Level 1:colcon.colcon_core.package_identification:_identify(src) by extensions ['cmake', 'python']
[0.361s] Level 1:colcon.colcon_core.package_identification:_identify(src) by extension 'cmake'
[0.361s] Level 1:colcon.colcon_core.package_identification:_identify(src) by extension 'python'
[0.361s] Level 1:colcon.colcon_core.package_identification:_identify(src) by extensions ['python_setup_py']
[0.361s] Level 1:colcon.colcon_core.package_identification:_identify(src) by extension 'python_setup_py'
[0.361s] Level 1:colcon.colcon_core.package_identification:_identify(src/learning_py) by extensions ['ignore', 'ignore_ament_install']
[0.361s] Level 1:colcon.colcon_core.package_identification:_identify(src/learning_py) by extension 'ignore'
[0.362s] Level 1:colcon.colcon_core.package_identification:_identify(src/learning_py) by extension 'ignore_ament_install'
[0.362s] Level 1:colcon.colcon_core.package_identification:_identify(src/learning_py) by extensions ['ros']
[0.362s] Level 1:colcon.colcon_core.package_identification:_identify(src/learning_py) by extension 'ros'
[0.363s] DEBUG:colcon.colcon_core.package_identification:Package 'src/learning_py' with type 'ros.ament_python' and name 'learning_py'
[0.364s] Level 1:colcon.colcon_core.package_identification:_identify(src/learning_topic) by extensions ['ignore', 'ignore_ament_install']
[0.364s] Level 1:colcon.colcon_core.package_identification:_identify(src/learning_topic) by extension 'ignore'
[0.364s] Level 1:colcon.colcon_core.package_identification:_identify(src/learning_topic) by extension 'ignore_ament_install'
[0.364s] Level 1:colcon.colcon_core.package_identification:_identify(src/learning_topic) by extensions ['ros']
[0.364s] Level 1:colcon.colcon_core.package_identification:_identify(src/learning_topic) by extension 'ros'
[0.365s] DEBUG:colcon.colcon_core.package_identification:Package 'src/learning_topic' with type 'ros.ament_python' and name 'learning_topic'
[0.365s] Level 1:colcon.colcon_core.package_discovery:discover_packages(recursive) using defaults
[0.365s] Level 1:colcon.colcon_core.package_discovery:discover_packages(path) discover
[0.365s] Level 1:colcon.colcon_core.package_discovery:discover_packages(path) using defaults
[0.428s] Level 5:colcon.colcon_core.verb:set package 'learning_py' build argument 'cmake_args' from command line to 'None'
[0.428s] Level 5:colcon.colcon_core.verb:set package 'learning_py' build argument 'cmake_target' from command line to 'None'
[0.428s] Level 5:colcon.colcon_core.verb:set package 'learning_py' build argument 'cmake_target_skip_unavailable' from command line to 'False'
[0.428s] Level 5:colcon.colcon_core.verb:set package 'learning_py' build argument 'cmake_clean_cache' from command line to 'False'
[0.428s] Level 5:colcon.colcon_core.verb:set package 'learning_py' build argument 'cmake_clean_first' from command line to 'False'
[0.428s] Level 5:colcon.colcon_core.verb:set package 'learning_py' build argument 'cmake_force_configure' from command line to 'False'
[0.428s] Level 5:colcon.colcon_core.verb:set package 'learning_py' build argument 'ament_cmake_args' from command line to 'None'
[0.428s] Level 5:colcon.colcon_core.verb:set package 'learning_py' build argument 'catkin_cmake_args' from command line to 'None'
[0.429s] Level 5:colcon.colcon_core.verb:set package 'learning_py' build argument 'catkin_skip_building_tests' from command line to 'False'
[0.429s] DEBUG:colcon.colcon_core.verb:Building package 'learning_py' with the following arguments: {'ament_cmake_args': None, 'build_base': '/home/lenck/RM/base_tasks/build/learning_py', 'catkin_cmake_args': None, 'catkin_skip_building_tests': False, 'cmake_args': None, 'cmake_clean_cache': False, 'cmake_clean_first': False, 'cmake_force_configure': False, 'cmake_target': None, 'cmake_target_skip_unavailable': False, 'install_base': '/home/lenck/RM/base_tasks/install/learning_py', 'merge_install': False, 'path': '/home/lenck/RM/base_tasks/src/learning_py', 'symlink_install': False, 'test_result_base': None}
[0.436s] Level 5:colcon.colcon_core.verb:set package 'learning_topic' build argument 'cmake_args' from command line to 'None'
[0.436s] Level 5:colcon.colcon_core.verb:set package 'learning_topic' build argument 'cmake_target' from command line to 'None'
[0.436s] Level 5:colcon.colcon_core.verb:set package 'learning_topic' build argument 'cmake_target_skip_unavailable' from command line to 'False'
[0.436s] Level 5:colcon.colcon_core.verb:set package 'learning_topic' build argument 'cmake_clean_cache' from command line to 'False'
[0.437s] Level 5:colcon.colcon_core.verb:set package 'learning_topic' build argument 'cmake_clean_first' from command line to 'False'
[0.437s] Level 5:colcon.colcon_core.verb:set package 'learning_topic' build argument 'cmake_force_configure' from command line to 'False'
[0.437s] Level 5:colcon.colcon_core.verb:set package 'learning_topic' build argument 'ament_cmake_args' from command line to 'None'
[0.437s] Level 5:colcon.colcon_core.verb:set package 'learning_topic' build argument 'catkin_cmake_args' from command line to 'None'
[0.437s] Level 5:colcon.colcon_core.verb:set package 'learning_topic' build argument 'catkin_skip_building_tests' from command line to 'False'
[0.437s] DEBUG:colcon.colcon_core.verb:Building package 'learning_topic' with the following arguments: {'ament_cmake_args': None, 'build_base': '/home/lenck/RM/base_tasks/build/learning_topic', 'catkin_cmake_args': None, 'catkin_skip_building_tests': False, 'cmake_args': None, 'cmake_clean_cache': False, 'cmake_clean_first': False, 'cmake_force_configure': False, 'cmake_target': None, 'cmake_target_skip_unavailable': False, 'install_base': '/home/lenck/RM/base_tasks/install/learning_topic', 'merge_install': False, 'path': '/home/lenck/RM/base_tasks/src/learning_topic', 'symlink_install': False, 'test_result_base': None}
[0.446s] INFO:colcon.colcon_core.executor:Executing jobs using 'sequential' executor
[0.455s] DEBUG:colcon.colcon_core.executor.sequential:run_until_complete 'learning_py'
[0.455s] INFO:colcon.colcon_ros.task.ament_python.build:Building ROS package in '/home/lenck/RM/base_tasks/src/learning_py' with build type 'ament_python'
[0.455s] Level 1:colcon.colcon_core.shell:create_environment_hook('learning_py', 'ament_prefix_path')
[0.465s] INFO:colcon.colcon_core.plugin_system:Skipping extension 'colcon_core.shell.bat': Not used on non-Windows systems
[0.465s] INFO:colcon.colcon_core.shell:Creating environment descriptor '/home/lenck/RM/base_tasks/install/learning_py/share/learning_py/hook/ament_prefix_path.dsv'
[0.467s] INFO:colcon.colcon_core.shell:Creating environment hook '/home/lenck/RM/base_tasks/install/learning_py/share/learning_py/hook/ament_prefix_path.sh'
[0.481s] DEBUG:colcon.colcon_core.shell:Skip shell extension 'dsv' for command environment
[0.692s] INFO:colcon.colcon_core.task.python.build:Building Python package in '/home/lenck/RM/base_tasks/src/learning_py'
[0.701s] DEBUG:colcon.colcon_core.shell:Skip shell extension 'dsv' for command environment
[0.973s] DEBUG:colcon.colcon_core.event_handler.log_command:Invoking command in '/home/lenck/RM/base_tasks/src/learning_py': PYTHONPATH=/home/lenck/RM/base_tasks/build/learning_py/prefix_override:/home/lenck/RM/base_tasks/install/learning_py/lib/python3.10/site-packages:${PYTHONPATH} /usr/bin/python3 setup.py egg_info --egg-base ../../build/learning_py build --build-base /home/lenck/RM/base_tasks/build/learning_py/build install --record /home/lenck/RM/base_tasks/build/learning_py/install.log --single-version-externally-managed
[1.183s] DEBUG:colcon.colcon_core.event_handler.log_command:Invoked command in '/home/lenck/RM/base_tasks/src/learning_py' returned '0': PYTHONPATH=/home/lenck/RM/base_tasks/build/learning_py/prefix_override:/home/lenck/RM/base_tasks/install/learning_py/lib/python3.10/site-packages:${PYTHONPATH} /usr/bin/python3 setup.py egg_info --egg-base ../../build/learning_py build --build-base /home/lenck/RM/base_tasks/build/learning_py/build install --record /home/lenck/RM/base_tasks/build/learning_py/install.log --single-version-externally-managed
[1.198s] Level 1:colcon.colcon_core.environment:checking '/home/lenck/RM/base_tasks/install/learning_py' for CMake module files
[1.198s] Level 1:colcon.colcon_core.environment:checking '/home/lenck/RM/base_tasks/install/learning_py' for CMake config files
[1.199s] Level 1:colcon.colcon_core.environment:checking '/home/lenck/RM/base_tasks/install/learning_py/lib'
[1.199s] Level 1:colcon.colcon_core.environment:checking '/home/lenck/RM/base_tasks/install/learning_py/bin'
[1.199s] Level 1:colcon.colcon_core.environment:checking '/home/lenck/RM/base_tasks/install/learning_py/lib/pkgconfig/learning_py.pc'
[1.200s] Level 1:colcon.colcon_core.environment:checking '/home/lenck/RM/base_tasks/install/learning_py/lib/python3.10/site-packages'
[1.200s] Level 1:colcon.colcon_core.shell:create_environment_hook('learning_py', 'pythonpath')
[1.208s] INFO:colcon.colcon_core.shell:Creating environment descriptor '/home/lenck/RM/base_tasks/install/learning_py/share/learning_py/hook/pythonpath.dsv'
[1.209s] INFO:colcon.colcon_core.shell:Creating environment hook '/home/lenck/RM/base_tasks/install/learning_py/share/learning_py/hook/pythonpath.sh'
[1.209s] Level 1:colcon.colcon_core.environment:checking '/home/lenck/RM/base_tasks/install/learning_py/bin'
[1.210s] Level 1:colcon.colcon_core.environment:create_environment_scripts_only(learning_py)
[1.220s] INFO:colcon.colcon_core.shell:Creating package descriptor '/home/lenck/RM/base_tasks/install/learning_py/share/learning_py/package.dsv'
[1.221s] INFO:colcon.colcon_core.shell:Creating package script '/home/lenck/RM/base_tasks/install/learning_py/share/learning_py/package.sh'
[1.222s] Level 1:colcon.colcon_core.environment:create_file_with_runtime_dependencies(/home/lenck/RM/base_tasks/install/learning_py/share/colcon-core/packages/learning_py)
[1.222s] DEBUG:colcon.colcon_core.executor.sequential:run_until_complete 'learning_py' finished with '0'
[1.223s] DEBUG:colcon.colcon_core.executor.sequential:run_until_complete 'learning_topic'
[1.223s] INFO:colcon.colcon_ros.task.ament_python.build:Building ROS package in '/home/lenck/RM/base_tasks/src/learning_topic' with build type 'ament_python'
[1.223s] Level 1:colcon.colcon_core.shell:create_environment_hook('learning_topic', 'ament_prefix_path')
[1.232s] INFO:colcon.colcon_core.shell:Creating environment descriptor '/home/lenck/RM/base_tasks/install/learning_topic/share/learning_topic/hook/ament_prefix_path.dsv'
[1.233s] INFO:colcon.colcon_core.shell:Creating environment hook '/home/lenck/RM/base_tasks/install/learning_topic/share/learning_topic/hook/ament_prefix_path.sh'
[1.243s] DEBUG:colcon.colcon_core.shell:Skip shell extension 'dsv' for command environment
[1.457s] INFO:colcon.colcon_core.task.python.build:Building Python package in '/home/lenck/RM/base_tasks/src/learning_topic'
[1.464s] DEBUG:colcon.colcon_core.shell:Skip shell extension 'dsv' for command environment
[1.702s] DEBUG:colcon.colcon_core.event_handler.log_command:Invoking command in '/home/lenck/RM/base_tasks/src/learning_topic': PYTHONPATH=/home/lenck/RM/base_tasks/build/learning_topic/prefix_override:/home/lenck/RM/base_tasks/install/learning_topic/lib/python3.10/site-packages:${PYTHONPATH} /usr/bin/python3 setup.py egg_info --egg-base ../../build/learning_topic build --build-base /home/lenck/RM/base_tasks/build/learning_topic/build install --record /home/lenck/RM/base_tasks/build/learning_topic/install.log --single-version-externally-managed
[1.921s] DEBUG:colcon.colcon_core.event_handler.log_command:Invoked command in '/home/lenck/RM/base_tasks/src/learning_topic' returned '0': PYTHONPATH=/home/lenck/RM/base_tasks/build/learning_topic/prefix_override:/home/lenck/RM/base_tasks/install/learning_topic/lib/python3.10/site-packages:${PYTHONPATH} /usr/bin/python3 setup.py egg_info --egg-base ../../build/learning_topic build --build-base /home/lenck/RM/base_tasks/build/learning_topic/build install --record /home/lenck/RM/base_tasks/build/learning_topic/install.log --single-version-externally-managed
[1.926s] Level 1:colcon.colcon_core.environment:checking '/home/lenck/RM/base_tasks/install/learning_topic' for CMake module files
[1.926s] Level 1:colcon.colcon_core.environment:checking '/home/lenck/RM/base_tasks/install/learning_topic' for CMake config files
[1.927s] Level 1:colcon.colcon_core.environment:checking '/home/lenck/RM/base_tasks/install/learning_topic/lib'
[1.927s] Level 1:colcon.colcon_core.environment:checking '/home/lenck/RM/base_tasks/install/learning_topic/bin'
[1.927s] Level 1:colcon.colcon_core.environment:checking '/home/lenck/RM/base_tasks/install/learning_topic/lib/pkgconfig/learning_topic.pc'
[1.927s] Level 1:colcon.colcon_core.environment:checking '/home/lenck/RM/base_tasks/install/learning_topic/lib/python3.10/site-packages'
[1.927s] Level 1:colcon.colcon_core.shell:create_environment_hook('learning_topic', 'pythonpath')
[1.938s] INFO:colcon.colcon_core.shell:Creating environment descriptor '/home/lenck/RM/base_tasks/install/learning_topic/share/learning_topic/hook/pythonpath.dsv'
[1.938s] INFO:colcon.colcon_core.shell:Creating environment hook '/home/lenck/RM/base_tasks/install/learning_topic/share/learning_topic/hook/pythonpath.sh'
[1.939s] Level 1:colcon.colcon_core.environment:checking '/home/lenck/RM/base_tasks/install/learning_topic/bin'
[1.939s] Level 1:colcon.colcon_core.environment:create_environment_scripts_only(learning_topic)
[1.946s] INFO:colcon.colcon_core.shell:Creating package descriptor '/home/lenck/RM/base_tasks/install/learning_topic/share/learning_topic/package.dsv'
[1.947s] INFO:colcon.colcon_core.shell:Creating package script '/home/lenck/RM/base_tasks/install/learning_topic/share/learning_topic/package.sh'
[1.947s] Level 1:colcon.colcon_core.environment:create_file_with_runtime_dependencies(/home/lenck/RM/base_tasks/install/learning_topic/share/colcon-core/packages/learning_topic)
[1.948s] DEBUG:colcon.colcon_core.executor.sequential:run_until_complete 'learning_topic' finished with '0'
[1.949s] DEBUG:colcon.colcon_core.executor.sequential:closing loop
[1.949s] DEBUG:colcon.colcon_core.executor.sequential:loop closed
[1.949s] DEBUG:colcon.colcon_core.event_reactor:joining thread
[1.949s] DEBUG:colcon.colcon_core.event_reactor:joined thread
[1.959s] INFO:colcon.colcon_core.shell:Creating prefix script '/home/lenck/RM/base_tasks/install/local_setup.sh'
[1.960s] INFO:colcon.colcon_core.shell:Creating prefix util module '/home/lenck/RM/base_tasks/install/_local_setup_util_sh.py'
[1.961s] INFO:colcon.colcon_core.shell:Creating prefix chain script '/home/lenck/RM/base_tasks/install/setup.sh'
