[0.119s] DEBUG:colcon:Command line arguments: ['/usr/bin/colcon', 'build', '--symlink-install']
[0.119s] DEBUG:colcon:Parsed command line arguments: Namespace(log_base=None, log_level=None, verb_name='build', build_base='build', install_base='install', merge_install=False, symlink_install=True, test_result_base=None, continue_on_error=False, executor='sequential', event_handlers=None, base_paths=['.'], paths=None, cmake_args=None, cmake_target=None, cmake_target_skip_unavailable=False, cmake_clean_cache=False, cmake_clean_first=False, cmake_force_configure=False, ament_cmake_args=None, catkin_cmake_args=None, catkin_skip_building_tests=False, verb_parser=CustomArgumentParser(prog='colcon build', usage=None, description='Build a set of packages.', formatter_class=<class 'colcon_core.command.CustomFormatter'>, conflict_handler='error', add_help=True), verb_extension=<colcon_core.verb.build.BuildVerb object at 0x7f05ee33b9a0>, main=<bound method BuildVerb.main of <colcon_core.verb.build.BuildVerb object at 0x7f05ee33b9a0>>)
[0.290s] Level 1:colcon.colcon_core.package_discovery:discover_packages(recursive) check parameters
[0.290s] Level 1:colcon.colcon_core.package_discovery:discover_packages(path) check parameters
[0.290s] Level 1:colcon.colcon_core.package_discovery:discover_packages(recursive) discover
[0.290s] INFO:colcon.colcon_core.package_discovery:Crawling recursively for packages in '/home/lenck/RM/base_tasks/work3'
[0.291s] Level 1:colcon.colcon_core.package_identification:_identify(.) by extensions ['ignore', 'ignore_ament_install']
[0.291s] Level 1:colcon.colcon_core.package_identification:_identify(.) by extension 'ignore'
[0.291s] Level 1:colcon.colcon_core.package_identification:_identify(.) by extension 'ignore_ament_install'
[0.291s] Level 1:colcon.colcon_core.package_identification:_identify(.) by extensions ['ros']
[0.291s] Level 1:colcon.colcon_core.package_identification:_identify(.) by extension 'ros'
[0.306s] Level 1:colcon.colcon_core.package_identification:_identify(.) by extensions ['cmake', 'python']
[0.307s] Level 1:colcon.colcon_core.package_identification:_identify(.) by extension 'cmake'
[0.307s] Level 1:colcon.colcon_core.package_identification:_identify(.) by extension 'python'
[0.307s] Level 1:colcon.colcon_core.package_identification:_identify(.) by extensions ['python_setup_py']
[0.307s] Level 1:colcon.colcon_core.package_identification:_identify(.) by extension 'python_setup_py'
[0.307s] Level 1:colcon.colcon_core.package_identification:_identify(build) by extensions ['ignore', 'ignore_ament_install']
[0.308s] Level 1:colcon.colcon_core.package_identification:_identify(build) by extension 'ignore'
[0.308s] Level 1:colcon.colcon_core.package_identification:_identify(build) ignored
[0.308s] Level 1:colcon.colcon_core.package_identification:_identify(install) by extensions ['ignore', 'ignore_ament_install']
[0.308s] Level 1:colcon.colcon_core.package_identification:_identify(install) by extension 'ignore'
[0.308s] Level 1:colcon.colcon_core.package_identification:_identify(install) ignored
[0.308s] Level 1:colcon.colcon_core.package_identification:_identify(log) by extensions ['ignore', 'ignore_ament_install']
[0.308s] Level 1:colcon.colcon_core.package_identification:_identify(log) by extension 'ignore'
[0.308s] Level 1:colcon.colcon_core.package_identification:_identify(log) ignored
[0.308s] Level 1:colcon.colcon_core.package_identification:_identify(src) by extensions ['ignore', 'ignore_ament_install']
[0.309s] Level 1:colcon.colcon_core.package_identification:_identify(src) by extension 'ignore'
[0.309s] Level 1:colcon.colcon_core.package_identification:_identify(src) by extension 'ignore_ament_install'
[0.309s] Level 1:colcon.colcon_core.package_identification:_identify(src) by extensions ['ros']
[0.309s] Level 1:colcon.colcon_core.package_identification:_identify(src) by extension 'ros'
[0.309s] Level 1:colcon.colcon_core.package_identification:_identify(src) by extensions ['cmake', 'python']
[0.309s] Level 1:colcon.colcon_core.package_identification:_identify(src) by extension 'cmake'
[0.309s] Level 1:colcon.colcon_core.package_identification:_identify(src) by extension 'python'
[0.309s] Level 1:colcon.colcon_core.package_identification:_identify(src) by extensions ['python_setup_py']
[0.309s] Level 1:colcon.colcon_core.package_identification:_identify(src) by extension 'python_setup_py'
[0.309s] Level 1:colcon.colcon_core.package_identification:_identify(src/time_work) by extensions ['ignore', 'ignore_ament_install']
[0.310s] Level 1:colcon.colcon_core.package_identification:_identify(src/time_work) by extension 'ignore'
[0.310s] Level 1:colcon.colcon_core.package_identification:_identify(src/time_work) by extension 'ignore_ament_install'
[0.310s] Level 1:colcon.colcon_core.package_identification:_identify(src/time_work) by extensions ['ros']
[0.310s] Level 1:colcon.colcon_core.package_identification:_identify(src/time_work) by extension 'ros'
[0.313s] DEBUG:colcon.colcon_core.package_identification:Package 'src/time_work' with type 'ros.ament_cmake' and name 'time_work'
[0.313s] Level 1:colcon.colcon_core.package_discovery:discover_packages(recursive) using defaults
[0.314s] Level 1:colcon.colcon_core.package_discovery:discover_packages(path) discover
[0.314s] Level 1:colcon.colcon_core.package_discovery:discover_packages(path) using defaults
[0.374s] Level 5:colcon.colcon_core.verb:set package 'time_work' build argument 'cmake_args' from command line to 'None'
[0.375s] Level 5:colcon.colcon_core.verb:set package 'time_work' build argument 'cmake_target' from command line to 'None'
[0.375s] Level 5:colcon.colcon_core.verb:set package 'time_work' build argument 'cmake_target_skip_unavailable' from command line to 'False'
[0.375s] Level 5:colcon.colcon_core.verb:set package 'time_work' build argument 'cmake_clean_cache' from command line to 'False'
[0.375s] Level 5:colcon.colcon_core.verb:set package 'time_work' build argument 'cmake_clean_first' from command line to 'False'
[0.375s] Level 5:colcon.colcon_core.verb:set package 'time_work' build argument 'cmake_force_configure' from command line to 'False'
[0.375s] Level 5:colcon.colcon_core.verb:set package 'time_work' build argument 'ament_cmake_args' from command line to 'None'
[0.375s] Level 5:colcon.colcon_core.verb:set package 'time_work' build argument 'catkin_cmake_args' from command line to 'None'
[0.375s] Level 5:colcon.colcon_core.verb:set package 'time_work' build argument 'catkin_skip_building_tests' from command line to 'False'
[0.375s] DEBUG:colcon.colcon_core.verb:Building package 'time_work' with the following arguments: {'ament_cmake_args': None, 'build_base': '/home/lenck/RM/base_tasks/work3/build/time_work', 'catkin_cmake_args': None, 'catkin_skip_building_tests': False, 'cmake_args': None, 'cmake_clean_cache': False, 'cmake_clean_first': False, 'cmake_force_configure': False, 'cmake_target': None, 'cmake_target_skip_unavailable': False, 'install_base': '/home/lenck/RM/base_tasks/work3/install/time_work', 'merge_install': False, 'path': '/home/lenck/RM/base_tasks/work3/src/time_work', 'symlink_install': True, 'test_result_base': None}
[0.383s] INFO:colcon.colcon_core.executor:Executing jobs using 'sequential' executor
[0.392s] DEBUG:colcon.colcon_core.executor.sequential:run_until_complete 'time_work'
[0.392s] INFO:colcon.colcon_ros.task.ament_cmake.build:Building ROS package in '/home/lenck/RM/base_tasks/work3/src/time_work' with build type 'ament_cmake'
[0.392s] INFO:colcon.colcon_cmake.task.cmake.build:Building CMake package in '/home/lenck/RM/base_tasks/work3/src/time_work'
[0.401s] INFO:colcon.colcon_core.plugin_system:Skipping extension 'colcon_core.shell.bat': Not used on non-Windows systems
[0.402s] DEBUG:colcon.colcon_core.shell:Skip shell extension 'dsv' for command environment
[0.430s] DEBUG:colcon.colcon_core.event_handler.log_command:Invoking command in '/home/lenck/RM/base_tasks/work3/build/time_work': CMAKE_PREFIX_PATH=/opt/ros/humble /usr/bin/cmake /home/lenck/RM/base_tasks/work3/src/time_work -DAMENT_CMAKE_SYMLINK_INSTALL=1 -DCMAKE_INSTALL_PREFIX=/home/lenck/RM/base_tasks/work3/install/time_work
[1.828s] DEBUG:colcon.colcon_core.event_handler.log_command:Invoked command in '/home/lenck/RM/base_tasks/work3/build/time_work' returned '0': CMAKE_PREFIX_PATH=/opt/ros/humble /usr/bin/cmake /home/lenck/RM/base_tasks/work3/src/time_work -DAMENT_CMAKE_SYMLINK_INSTALL=1 -DCMAKE_INSTALL_PREFIX=/home/lenck/RM/base_tasks/work3/install/time_work
[1.829s] DEBUG:colcon.colcon_core.event_handler.log_command:Invoking command in '/home/lenck/RM/base_tasks/work3/build/time_work': CMAKE_PREFIX_PATH=/opt/ros/humble /usr/bin/cmake --build /home/lenck/RM/base_tasks/work3/build/time_work -- -j2 -l2
[1.865s] DEBUG:colcon.colcon_core.event_handler.log_command:Invoked command in '/home/lenck/RM/base_tasks/work3/build/time_work' returned '0': CMAKE_PREFIX_PATH=/opt/ros/humble /usr/bin/cmake --build /home/lenck/RM/base_tasks/work3/build/time_work -- -j2 -l2
[1.891s] DEBUG:colcon.colcon_core.event_handler.log_command:Invoking command in '/home/lenck/RM/base_tasks/work3/build/time_work': CMAKE_PREFIX_PATH=/opt/ros/humble /usr/bin/cmake --install /home/lenck/RM/base_tasks/work3/build/time_work
[2.030s] Level 1:colcon.colcon_core.environment:create_environment_scripts_only(time_work)
[2.030s] DEBUG:colcon.colcon_core.event_handler.log_command:Invoked command in '/home/lenck/RM/base_tasks/work3/build/time_work' returned '0': CMAKE_PREFIX_PATH=/opt/ros/humble /usr/bin/cmake --install /home/lenck/RM/base_tasks/work3/build/time_work
[2.044s] Level 1:colcon.colcon_core.environment:checking '/home/lenck/RM/base_tasks/work3/install/time_work' for CMake module files
[2.044s] Level 1:colcon.colcon_core.environment:checking '/home/lenck/RM/base_tasks/work3/install/time_work' for CMake config files
[2.045s] Level 1:colcon.colcon_core.shell:create_environment_hook('time_work', 'cmake_prefix_path')
[2.053s] INFO:colcon.colcon_core.shell:Creating environment descriptor '/home/lenck/RM/base_tasks/work3/install/time_work/share/time_work/hook/cmake_prefix_path.dsv'
[2.054s] INFO:colcon.colcon_core.shell:Creating environment hook '/home/lenck/RM/base_tasks/work3/install/time_work/share/time_work/hook/cmake_prefix_path.sh'
[2.055s] Level 1:colcon.colcon_core.environment:checking '/home/lenck/RM/base_tasks/work3/install/time_work/bin'
[2.055s] Level 1:colcon.colcon_core.environment:checking '/home/lenck/RM/base_tasks/work3/install/time_work/lib/pkgconfig/time_work.pc'
[2.056s] Level 1:colcon.colcon_core.environment:checking '/home/lenck/RM/base_tasks/work3/install/time_work/lib/python3.10/site-packages'
[2.056s] Level 1:colcon.colcon_core.environment:checking '/home/lenck/RM/base_tasks/work3/install/time_work/bin'
[2.064s] INFO:colcon.colcon_core.shell:Creating package descriptor '/home/lenck/RM/base_tasks/work3/install/time_work/share/time_work/package.dsv'
[2.065s] INFO:colcon.colcon_core.shell:Creating package script '/home/lenck/RM/base_tasks/work3/install/time_work/share/time_work/package.sh'
[2.066s] Level 1:colcon.colcon_core.environment:create_file_with_runtime_dependencies(/home/lenck/RM/base_tasks/work3/install/time_work/share/colcon-core/packages/time_work)
[2.105s] Level 1:colcon.colcon_core.environment:create_environment_scripts_only(time_work)
[2.112s] Level 1:colcon.colcon_core.environment:checking '/home/lenck/RM/base_tasks/work3/install/time_work' for CMake module files
[2.113s] Level 1:colcon.colcon_core.environment:checking '/home/lenck/RM/base_tasks/work3/install/time_work' for CMake config files
[2.113s] Level 1:colcon.colcon_core.shell:create_environment_hook('time_work', 'cmake_prefix_path')
[2.120s] INFO:colcon.colcon_core.shell:Creating environment descriptor '/home/lenck/RM/base_tasks/work3/install/time_work/share/time_work/hook/cmake_prefix_path.dsv'
[2.121s] INFO:colcon.colcon_core.shell:Creating environment hook '/home/lenck/RM/base_tasks/work3/install/time_work/share/time_work/hook/cmake_prefix_path.sh'
[2.122s] Level 1:colcon.colcon_core.environment:checking '/home/lenck/RM/base_tasks/work3/install/time_work/bin'
[2.122s] Level 1:colcon.colcon_core.environment:checking '/home/lenck/RM/base_tasks/work3/install/time_work/lib/pkgconfig/time_work.pc'
[2.122s] Level 1:colcon.colcon_core.environment:checking '/home/lenck/RM/base_tasks/work3/install/time_work/lib/python3.10/site-packages'
[2.122s] Level 1:colcon.colcon_core.environment:checking '/home/lenck/RM/base_tasks/work3/install/time_work/bin'
[2.130s] INFO:colcon.colcon_core.shell:Creating package descriptor '/home/lenck/RM/base_tasks/work3/install/time_work/share/time_work/package.dsv'
[2.130s] INFO:colcon.colcon_core.shell:Creating package script '/home/lenck/RM/base_tasks/work3/install/time_work/share/time_work/package.sh'
[2.131s] Level 1:colcon.colcon_core.environment:create_file_with_runtime_dependencies(/home/lenck/RM/base_tasks/work3/install/time_work/share/colcon-core/packages/time_work)
[2.131s] DEBUG:colcon.colcon_core.executor.sequential:run_until_complete 'time_work' finished with '0'
[2.131s] DEBUG:colcon.colcon_core.executor.sequential:closing loop
[2.131s] DEBUG:colcon.colcon_core.executor.sequential:loop closed
[2.131s] DEBUG:colcon.colcon_core.event_reactor:joining thread
[2.132s] DEBUG:colcon.colcon_core.event_reactor:joined thread
[2.139s] INFO:colcon.colcon_core.shell:Creating prefix script '/home/lenck/RM/base_tasks/work3/install/local_setup.sh'
[2.140s] INFO:colcon.colcon_core.shell:Creating prefix util module '/home/lenck/RM/base_tasks/work3/install/_local_setup_util_sh.py'
[2.141s] INFO:colcon.colcon_core.shell:Creating prefix chain script '/home/lenck/RM/base_tasks/work3/install/setup.sh'
