[0.189s] DEBUG:colcon:Command line arguments: ['/usr/bin/colcon', 'build']
[0.189s] DEBUG:colcon:Parsed command line arguments: Namespace(log_base=None, log_level=None, verb_name='build', build_base='build', install_base='install', merge_install=False, symlink_install=False, test_result_base=None, continue_on_error=False, executor='sequential', event_handlers=None, base_paths=['.'], paths=None, cmake_args=None, cmake_target=None, cmake_target_skip_unavailable=False, cmake_clean_cache=False, cmake_clean_first=False, cmake_force_configure=False, ament_cmake_args=None, catkin_cmake_args=None, catkin_skip_building_tests=False, verb_parser=CustomArgumentParser(prog='colcon build', usage=None, description='Build a set of packages.', formatter_class=<class 'colcon_core.command.CustomFormatter'>, conflict_handler='error', add_help=True), verb_extension=<colcon_core.verb.build.BuildVerb object at 0x7fdae656b970>, main=<bound method BuildVerb.main of <colcon_core.verb.build.BuildVerb object at 0x7fdae656b970>>)
[0.475s] Level 1:colcon.colcon_core.package_discovery:discover_packages(recursive) check parameters
[0.475s] Level 1:colcon.colcon_core.package_discovery:discover_packages(path) check parameters
[0.475s] Level 1:colcon.colcon_core.package_discovery:discover_packages(recursive) discover
[0.475s] INFO:colcon.colcon_core.package_discovery:Crawling recursively for packages in '/home/lenck/RM/base_tasks/work3'
[0.476s] Level 1:colcon.colcon_core.package_identification:_identify(.) by extensions ['ignore', 'ignore_ament_install']
[0.476s] Level 1:colcon.colcon_core.package_identification:_identify(.) by extension 'ignore'
[0.476s] Level 1:colcon.colcon_core.package_identification:_identify(.) by extension 'ignore_ament_install'
[0.476s] Level 1:colcon.colcon_core.package_identification:_identify(.) by extensions ['ros']
[0.476s] Level 1:colcon.colcon_core.package_identification:_identify(.) by extension 'ros'
[0.487s] Level 1:colcon.colcon_core.package_identification:_identify(.) by extensions ['cmake', 'python']
[0.487s] Level 1:colcon.colcon_core.package_identification:_identify(.) by extension 'cmake'
[0.487s] Level 1:colcon.colcon_core.package_identification:_identify(.) by extension 'python'
[0.487s] Level 1:colcon.colcon_core.package_identification:_identify(.) by extensions ['python_setup_py']
[0.488s] Level 1:colcon.colcon_core.package_identification:_identify(.) by extension 'python_setup_py'
[0.488s] Level 1:colcon.colcon_core.package_identification:_identify(build) by extensions ['ignore', 'ignore_ament_install']
[0.488s] Level 1:colcon.colcon_core.package_identification:_identify(build) by extension 'ignore'
[0.488s] Level 1:colcon.colcon_core.package_identification:_identify(build) ignored
[0.488s] Level 1:colcon.colcon_core.package_identification:_identify(install) by extensions ['ignore', 'ignore_ament_install']
[0.488s] Level 1:colcon.colcon_core.package_identification:_identify(install) by extension 'ignore'
[0.488s] Level 1:colcon.colcon_core.package_identification:_identify(install) ignored
[0.488s] Level 1:colcon.colcon_core.package_identification:_identify(log) by extensions ['ignore', 'ignore_ament_install']
[0.488s] Level 1:colcon.colcon_core.package_identification:_identify(log) by extension 'ignore'
[0.488s] Level 1:colcon.colcon_core.package_identification:_identify(log) ignored
[0.488s] Level 1:colcon.colcon_core.package_discovery:discover_packages(recursive) using defaults
[0.488s] Level 1:colcon.colcon_core.package_discovery:discover_packages(path) discover
[0.488s] Level 1:colcon.colcon_core.package_discovery:discover_packages(path) using defaults
[0.565s] INFO:colcon.colcon_core.executor:Executing jobs using 'sequential' executor
[0.573s] DEBUG:colcon.colcon_core.executor.sequential:closing loop
[0.573s] DEBUG:colcon.colcon_core.executor.sequential:loop closed
[0.573s] DEBUG:colcon.colcon_core.event_reactor:joining thread
[0.574s] DEBUG:colcon.colcon_core.event_reactor:joined thread
[0.585s] INFO:colcon.colcon_core.plugin_system:Skipping extension 'colcon_core.shell.bat': Not used on non-Windows systems
[0.585s] INFO:colcon.colcon_core.shell:Creating prefix script '/home/lenck/RM/base_tasks/work3/install/local_setup.sh'
[0.586s] INFO:colcon.colcon_core.shell:Creating prefix util module '/home/lenck/RM/base_tasks/work3/install/_local_setup_util_sh.py'
[0.587s] INFO:colcon.colcon_core.shell:Creating prefix chain script '/home/lenck/RM/base_tasks/work3/install/setup.sh'
