[0.096s] DEBUG:colcon:Command line arguments: ['/usr/bin/colcon', 'build']
[0.096s] DEBUG:colcon:Parsed command line arguments: Namespace(log_base=None, log_level=None, verb_name='build', build_base='build', install_base='install', merge_install=False, symlink_install=False, test_result_base=None, continue_on_error=False, executor='sequential', event_handlers=None, base_paths=['.'], paths=None, cmake_args=None, cmake_target=None, cmake_target_skip_unavailable=False, cmake_clean_cache=False, cmake_clean_first=False, cmake_force_configure=False, ament_cmake_args=None, catkin_cmake_args=None, catkin_skip_building_tests=False, verb_parser=CustomArgumentParser(prog='colcon build', usage=None, description='Build a set of packages.', formatter_class=<class 'colcon_core.command.CustomFormatter'>, conflict_handler='error', add_help=True), verb_extension=<colcon_core.verb.build.BuildVerb object at 0x7fbf14337c10>, main=<bound method BuildVerb.main of <colcon_core.verb.build.BuildVerb object at 0x7fbf14337c10>>)
[0.212s] Level 1:colcon.colcon_core.package_discovery:discover_packages(recursive) check parameters
[0.212s] Level 1:colcon.colcon_core.package_discovery:discover_packages(path) check parameters
[0.212s] Level 1:colcon.colcon_core.package_discovery:discover_packages(recursive) discover
[0.212s] INFO:colcon.colcon_core.package_discovery:Crawling recursively for packages in '/home/lenck/RM/moudles/RVIZ2_URDF_py'
[0.212s] Level 1:colcon.colcon_core.package_identification:_identify(.) by extensions ['ignore', 'ignore_ament_install']
[0.212s] Level 1:colcon.colcon_core.package_identification:_identify(.) by extension 'ignore'
[0.212s] Level 1:colcon.colcon_core.package_identification:_identify(.) by extension 'ignore_ament_install'
[0.212s] Level 1:colcon.colcon_core.package_identification:_identify(.) by extensions ['ros']
[0.212s] Level 1:colcon.colcon_core.package_identification:_identify(.) by extension 'ros'
[0.221s] Level 1:colcon.colcon_core.package_identification:_identify(.) by extensions ['cmake', 'python']
[0.221s] Level 1:colcon.colcon_core.package_identification:_identify(.) by extension 'cmake'
[0.221s] Level 1:colcon.colcon_core.package_identification:_identify(.) by extension 'python'
[0.221s] Level 1:colcon.colcon_core.package_identification:_identify(.) by extensions ['python_setup_py']
[0.221s] Level 1:colcon.colcon_core.package_identification:_identify(.) by extension 'python_setup_py'
[0.221s] Level 1:colcon.colcon_core.package_identification:_identify(build) by extensions ['ignore', 'ignore_ament_install']
[0.221s] Level 1:colcon.colcon_core.package_identification:_identify(build) by extension 'ignore'
[0.221s] Level 1:colcon.colcon_core.package_identification:_identify(build) ignored
[0.221s] Level 1:colcon.colcon_core.package_identification:_identify(fishbot_description) by extensions ['ignore', 'ignore_ament_install']
[0.221s] Level 1:colcon.colcon_core.package_identification:_identify(fishbot_description) by extension 'ignore'
[0.221s] Level 1:colcon.colcon_core.package_identification:_identify(fishbot_description) by extension 'ignore_ament_install'
[0.221s] Level 1:colcon.colcon_core.package_identification:_identify(fishbot_description) by extensions ['ros']
[0.221s] Level 1:colcon.colcon_core.package_identification:_identify(fishbot_description) by extension 'ros'
[0.223s] DEBUG:colcon.colcon_core.package_identification:Package 'fishbot_description' with type 'ros.ament_python' and name 'fishbot_description'
[0.223s] Level 1:colcon.colcon_core.package_identification:_identify(install) by extensions ['ignore', 'ignore_ament_install']
[0.223s] Level 1:colcon.colcon_core.package_identification:_identify(install) by extension 'ignore'
[0.223s] Level 1:colcon.colcon_core.package_identification:_identify(install) ignored
[0.223s] Level 1:colcon.colcon_core.package_identification:_identify(log) by extensions ['ignore', 'ignore_ament_install']
[0.223s] Level 1:colcon.colcon_core.package_identification:_identify(log) by extension 'ignore'
[0.223s] Level 1:colcon.colcon_core.package_identification:_identify(log) ignored
[0.223s] Level 1:colcon.colcon_core.package_discovery:discover_packages(recursive) using defaults
[0.223s] Level 1:colcon.colcon_core.package_discovery:discover_packages(path) discover
[0.223s] Level 1:colcon.colcon_core.package_discovery:discover_packages(path) using defaults
[0.277s] Level 5:colcon.colcon_core.verb:set package 'fishbot_description' build argument 'cmake_args' from command line to 'None'
[0.277s] Level 5:colcon.colcon_core.verb:set package 'fishbot_description' build argument 'cmake_target' from command line to 'None'
[0.277s] Level 5:colcon.colcon_core.verb:set package 'fishbot_description' build argument 'cmake_target_skip_unavailable' from command line to 'False'
[0.277s] Level 5:colcon.colcon_core.verb:set package 'fishbot_description' build argument 'cmake_clean_cache' from command line to 'False'
[0.277s] Level 5:colcon.colcon_core.verb:set package 'fishbot_description' build argument 'cmake_clean_first' from command line to 'False'
[0.277s] Level 5:colcon.colcon_core.verb:set package 'fishbot_description' build argument 'cmake_force_configure' from command line to 'False'
[0.277s] Level 5:colcon.colcon_core.verb:set package 'fishbot_description' build argument 'ament_cmake_args' from command line to 'None'
[0.277s] Level 5:colcon.colcon_core.verb:set package 'fishbot_description' build argument 'catkin_cmake_args' from command line to 'None'
[0.277s] Level 5:colcon.colcon_core.verb:set package 'fishbot_description' build argument 'catkin_skip_building_tests' from command line to 'False'
[0.277s] DEBUG:colcon.colcon_core.verb:Building package 'fishbot_description' with the following arguments: {'ament_cmake_args': None, 'build_base': '/home/lenck/RM/moudles/RVIZ2_URDF_py/build/fishbot_description', 'catkin_cmake_args': None, 'catkin_skip_building_tests': False, 'cmake_args': None, 'cmake_clean_cache': False, 'cmake_clean_first': False, 'cmake_force_configure': False, 'cmake_target': None, 'cmake_target_skip_unavailable': False, 'install_base': '/home/lenck/RM/moudles/RVIZ2_URDF_py/install/fishbot_description', 'merge_install': False, 'path': '/home/lenck/RM/moudles/RVIZ2_URDF_py/fishbot_description', 'symlink_install': False, 'test_result_base': None}
[0.285s] INFO:colcon.colcon_core.executor:Executing jobs using 'sequential' executor
[0.293s] DEBUG:colcon.colcon_core.executor.sequential:run_until_complete 'fishbot_description'
[0.293s] INFO:colcon.colcon_ros.task.ament_python.build:Building ROS package in '/home/lenck/RM/moudles/RVIZ2_URDF_py/fishbot_description' with build type 'ament_python'
[0.293s] Level 1:colcon.colcon_core.shell:create_environment_hook('fishbot_description', 'ament_prefix_path')
[0.301s] INFO:colcon.colcon_core.plugin_system:Skipping extension 'colcon_core.shell.bat': Not used on non-Windows systems
[0.302s] INFO:colcon.colcon_core.shell:Creating environment descriptor '/home/lenck/RM/moudles/RVIZ2_URDF_py/install/fishbot_description/share/fishbot_description/hook/ament_prefix_path.dsv'
[0.302s] INFO:colcon.colcon_core.shell:Creating environment hook '/home/lenck/RM/moudles/RVIZ2_URDF_py/install/fishbot_description/share/fishbot_description/hook/ament_prefix_path.sh'
[0.310s] DEBUG:colcon.colcon_core.shell:Skip shell extension 'dsv' for command environment
[0.491s] INFO:colcon.colcon_core.task.python.build:Building Python package in '/home/lenck/RM/moudles/RVIZ2_URDF_py/fishbot_description'
[0.498s] DEBUG:colcon.colcon_core.shell:Skip shell extension 'dsv' for command environment
[0.725s] DEBUG:colcon.colcon_core.event_handler.log_command:Invoking command in '/home/lenck/RM/moudles/RVIZ2_URDF_py/fishbot_description': PYTHONPATH=/home/lenck/RM/moudles/RVIZ2_URDF_py/build/fishbot_description/prefix_override:/home/lenck/RM/moudles/RVIZ2_URDF_py/install/fishbot_description/lib/python3.10/site-packages:${PYTHONPATH} /usr/bin/python3 setup.py egg_info --egg-base ../build/fishbot_description build --build-base /home/lenck/RM/moudles/RVIZ2_URDF_py/build/fishbot_description/build install --record /home/lenck/RM/moudles/RVIZ2_URDF_py/build/fishbot_description/install.log --single-version-externally-managed
[0.902s] DEBUG:colcon.colcon_core.event_handler.log_command:Invoked command in '/home/lenck/RM/moudles/RVIZ2_URDF_py/fishbot_description' returned '0': PYTHONPATH=/home/lenck/RM/moudles/RVIZ2_URDF_py/build/fishbot_description/prefix_override:/home/lenck/RM/moudles/RVIZ2_URDF_py/install/fishbot_description/lib/python3.10/site-packages:${PYTHONPATH} /usr/bin/python3 setup.py egg_info --egg-base ../build/fishbot_description build --build-base /home/lenck/RM/moudles/RVIZ2_URDF_py/build/fishbot_description/build install --record /home/lenck/RM/moudles/RVIZ2_URDF_py/build/fishbot_description/install.log --single-version-externally-managed
[0.913s] Level 1:colcon.colcon_core.environment:checking '/home/lenck/RM/moudles/RVIZ2_URDF_py/install/fishbot_description' for CMake module files
[0.913s] Level 1:colcon.colcon_core.environment:checking '/home/lenck/RM/moudles/RVIZ2_URDF_py/install/fishbot_description' for CMake config files
[0.913s] Level 1:colcon.colcon_core.environment:checking '/home/lenck/RM/moudles/RVIZ2_URDF_py/install/fishbot_description/lib'
[0.914s] Level 1:colcon.colcon_core.environment:checking '/home/lenck/RM/moudles/RVIZ2_URDF_py/install/fishbot_description/bin'
[0.914s] Level 1:colcon.colcon_core.environment:checking '/home/lenck/RM/moudles/RVIZ2_URDF_py/install/fishbot_description/lib/pkgconfig/fishbot_description.pc'
[0.914s] Level 1:colcon.colcon_core.environment:checking '/home/lenck/RM/moudles/RVIZ2_URDF_py/install/fishbot_description/lib/python3.10/site-packages'
[0.914s] Level 1:colcon.colcon_core.shell:create_environment_hook('fishbot_description', 'pythonpath')
[0.922s] INFO:colcon.colcon_core.shell:Creating environment descriptor '/home/lenck/RM/moudles/RVIZ2_URDF_py/install/fishbot_description/share/fishbot_description/hook/pythonpath.dsv'
[0.923s] INFO:colcon.colcon_core.shell:Creating environment hook '/home/lenck/RM/moudles/RVIZ2_URDF_py/install/fishbot_description/share/fishbot_description/hook/pythonpath.sh'
[0.924s] Level 1:colcon.colcon_core.environment:checking '/home/lenck/RM/moudles/RVIZ2_URDF_py/install/fishbot_description/bin'
[0.924s] Level 1:colcon.colcon_core.environment:create_environment_scripts_only(fishbot_description)
[0.931s] INFO:colcon.colcon_core.shell:Creating package descriptor '/home/lenck/RM/moudles/RVIZ2_URDF_py/install/fishbot_description/share/fishbot_description/package.dsv'
[0.932s] INFO:colcon.colcon_core.shell:Creating package script '/home/lenck/RM/moudles/RVIZ2_URDF_py/install/fishbot_description/share/fishbot_description/package.sh'
[0.933s] Level 1:colcon.colcon_core.environment:create_file_with_runtime_dependencies(/home/lenck/RM/moudles/RVIZ2_URDF_py/install/fishbot_description/share/colcon-core/packages/fishbot_description)
[0.933s] DEBUG:colcon.colcon_core.executor.sequential:run_until_complete 'fishbot_description' finished with '0'
[0.933s] DEBUG:colcon.colcon_core.executor.sequential:closing loop
[0.933s] DEBUG:colcon.colcon_core.executor.sequential:loop closed
[0.933s] DEBUG:colcon.colcon_core.event_reactor:joining thread
[0.933s] DEBUG:colcon.colcon_core.event_reactor:joined thread
[0.941s] INFO:colcon.colcon_core.shell:Creating prefix script '/home/lenck/RM/moudles/RVIZ2_URDF_py/install/local_setup.sh'
[0.942s] INFO:colcon.colcon_core.shell:Creating prefix util module '/home/lenck/RM/moudles/RVIZ2_URDF_py/install/_local_setup_util_sh.py'
[0.943s] INFO:colcon.colcon_core.shell:Creating prefix chain script '/home/lenck/RM/moudles/RVIZ2_URDF_py/install/setup.sh'
