[0.100s] DEBUG:colcon:Command line arguments: ['/usr/bin/colcon', 'build']
[0.100s] DEBUG:colcon:Parsed command line arguments: Namespace(log_base=None, log_level=None, verb_name='build', build_base='build', install_base='install', merge_install=False, symlink_install=False, test_result_base=None, continue_on_error=False, executor='sequential', event_handlers=None, base_paths=['.'], paths=None, cmake_args=None, cmake_target=None, cmake_target_skip_unavailable=False, cmake_clean_cache=False, cmake_clean_first=False, cmake_force_configure=False, ament_cmake_args=None, catkin_cmake_args=None, catkin_skip_building_tests=False, verb_parser=CustomArgumentParser(prog='colcon build', usage=None, description='Build a set of packages.', formatter_class=<class 'colcon_core.command.CustomFormatter'>, conflict_handler='error', add_help=True), verb_extension=<colcon_core.verb.build.BuildVerb object at 0x7fa6d03dbd30>, main=<bound method BuildVerb.main of <colcon_core.verb.build.BuildVerb object at 0x7fa6d03dbd30>>)
[0.225s] Level 1:colcon.colcon_core.package_discovery:discover_packages(recursive) check parameters
[0.225s] Level 1:colcon.colcon_core.package_discovery:discover_packages(path) check parameters
[0.225s] Level 1:colcon.colcon_core.package_discovery:discover_packages(recursive) discover
[0.225s] INFO:colcon.colcon_core.package_discovery:Crawling recursively for packages in '/home/lenck/RM/base_tasks/work3'
[0.225s] Level 1:colcon.colcon_core.package_identification:_identify(.) by extensions ['ignore', 'ignore_ament_install']
[0.225s] Level 1:colcon.colcon_core.package_identification:_identify(.) by extension 'ignore'
[0.225s] Level 1:colcon.colcon_core.package_identification:_identify(.) by extension 'ignore_ament_install'
[0.226s] Level 1:colcon.colcon_core.package_identification:_identify(.) by extensions ['ros']
[0.226s] Level 1:colcon.colcon_core.package_identification:_identify(.) by extension 'ros'
[0.234s] Level 1:colcon.colcon_core.package_identification:_identify(.) by extensions ['cmake', 'python']
[0.234s] Level 1:colcon.colcon_core.package_identification:_identify(.) by extension 'cmake'
[0.234s] Level 1:colcon.colcon_core.package_identification:_identify(.) by extension 'python'
[0.234s] Level 1:colcon.colcon_core.package_identification:_identify(.) by extensions ['python_setup_py']
[0.234s] Level 1:colcon.colcon_core.package_identification:_identify(.) by extension 'python_setup_py'
[0.234s] Level 1:colcon.colcon_core.package_identification:_identify(build) by extensions ['ignore', 'ignore_ament_install']
[0.234s] Level 1:colcon.colcon_core.package_identification:_identify(build) by extension 'ignore'
[0.234s] Level 1:colcon.colcon_core.package_identification:_identify(build) ignored
[0.234s] Level 1:colcon.colcon_core.package_identification:_identify(install) by extensions ['ignore', 'ignore_ament_install']
[0.234s] Level 1:colcon.colcon_core.package_identification:_identify(install) by extension 'ignore'
[0.234s] Level 1:colcon.colcon_core.package_identification:_identify(install) ignored
[0.234s] Level 1:colcon.colcon_core.package_identification:_identify(log) by extensions ['ignore', 'ignore_ament_install']
[0.235s] Level 1:colcon.colcon_core.package_identification:_identify(log) by extension 'ignore'
[0.235s] Level 1:colcon.colcon_core.package_identification:_identify(log) ignored
[0.235s] Level 1:colcon.colcon_core.package_identification:_identify(src) by extensions ['ignore', 'ignore_ament_install']
[0.235s] Level 1:colcon.colcon_core.package_identification:_identify(src) by extension 'ignore'
[0.235s] Level 1:colcon.colcon_core.package_identification:_identify(src) by extension 'ignore_ament_install'
[0.235s] Level 1:colcon.colcon_core.package_identification:_identify(src) by extensions ['ros']
[0.235s] Level 1:colcon.colcon_core.package_identification:_identify(src) by extension 'ros'
[0.235s] Level 1:colcon.colcon_core.package_identification:_identify(src) by extensions ['cmake', 'python']
[0.235s] Level 1:colcon.colcon_core.package_identification:_identify(src) by extension 'cmake'
[0.235s] Level 1:colcon.colcon_core.package_identification:_identify(src) by extension 'python'
[0.235s] Level 1:colcon.colcon_core.package_identification:_identify(src) by extensions ['python_setup_py']
[0.235s] Level 1:colcon.colcon_core.package_identification:_identify(src) by extension 'python_setup_py'
[0.235s] Level 1:colcon.colcon_core.package_identification:_identify(src/example_cpp) by extensions ['ignore', 'ignore_ament_install']
[0.235s] Level 1:colcon.colcon_core.package_identification:_identify(src/example_cpp) by extension 'ignore'
[0.235s] Level 1:colcon.colcon_core.package_identification:_identify(src/example_cpp) by extension 'ignore_ament_install'
[0.235s] Level 1:colcon.colcon_core.package_identification:_identify(src/example_cpp) by extensions ['ros']
[0.235s] Level 1:colcon.colcon_core.package_identification:_identify(src/example_cpp) by extension 'ros'
[0.237s] DEBUG:colcon.colcon_core.package_identification:Package 'src/example_cpp' with type 'ros.ament_cmake' and name 'example_cpp'
[0.237s] Level 1:colcon.colcon_core.package_identification:_identify(src/my_work) by extensions ['ignore', 'ignore_ament_install']
[0.237s] Level 1:colcon.colcon_core.package_identification:_identify(src/my_work) by extension 'ignore'
[0.237s] Level 1:colcon.colcon_core.package_identification:_identify(src/my_work) by extension 'ignore_ament_install'
[0.237s] Level 1:colcon.colcon_core.package_identification:_identify(src/my_work) by extensions ['ros']
[0.237s] Level 1:colcon.colcon_core.package_identification:_identify(src/my_work) by extension 'ros'
[0.238s] DEBUG:colcon.colcon_core.package_identification:Package 'src/my_work' with type 'ros.ament_cmake' and name 'my_work'
[0.238s] Level 1:colcon.colcon_core.package_discovery:discover_packages(recursive) using defaults
[0.238s] Level 1:colcon.colcon_core.package_discovery:discover_packages(path) discover
[0.238s] Level 1:colcon.colcon_core.package_discovery:discover_packages(path) using defaults
[0.295s] Level 5:colcon.colcon_core.verb:set package 'example_cpp' build argument 'cmake_args' from command line to 'None'
[0.295s] Level 5:colcon.colcon_core.verb:set package 'example_cpp' build argument 'cmake_target' from command line to 'None'
[0.295s] Level 5:colcon.colcon_core.verb:set package 'example_cpp' build argument 'cmake_target_skip_unavailable' from command line to 'False'
[0.295s] Level 5:colcon.colcon_core.verb:set package 'example_cpp' build argument 'cmake_clean_cache' from command line to 'False'
[0.295s] Level 5:colcon.colcon_core.verb:set package 'example_cpp' build argument 'cmake_clean_first' from command line to 'False'
[0.295s] Level 5:colcon.colcon_core.verb:set package 'example_cpp' build argument 'cmake_force_configure' from command line to 'False'
[0.295s] Level 5:colcon.colcon_core.verb:set package 'example_cpp' build argument 'ament_cmake_args' from command line to 'None'
[0.295s] Level 5:colcon.colcon_core.verb:set package 'example_cpp' build argument 'catkin_cmake_args' from command line to 'None'
[0.295s] Level 5:colcon.colcon_core.verb:set package 'example_cpp' build argument 'catkin_skip_building_tests' from command line to 'False'
[0.295s] DEBUG:colcon.colcon_core.verb:Building package 'example_cpp' with the following arguments: {'ament_cmake_args': None, 'build_base': '/home/lenck/RM/base_tasks/work3/build/example_cpp', 'catkin_cmake_args': None, 'catkin_skip_building_tests': False, 'cmake_args': None, 'cmake_clean_cache': False, 'cmake_clean_first': False, 'cmake_force_configure': False, 'cmake_target': None, 'cmake_target_skip_unavailable': False, 'install_base': '/home/lenck/RM/base_tasks/work3/install/example_cpp', 'merge_install': False, 'path': '/home/lenck/RM/base_tasks/work3/src/example_cpp', 'symlink_install': False, 'test_result_base': None}
[0.304s] Level 5:colcon.colcon_core.verb:set package 'my_work' build argument 'cmake_args' from command line to 'None'
[0.304s] Level 5:colcon.colcon_core.verb:set package 'my_work' build argument 'cmake_target' from command line to 'None'
[0.304s] Level 5:colcon.colcon_core.verb:set package 'my_work' build argument 'cmake_target_skip_unavailable' from command line to 'False'
[0.304s] Level 5:colcon.colcon_core.verb:set package 'my_work' build argument 'cmake_clean_cache' from command line to 'False'
[0.304s] Level 5:colcon.colcon_core.verb:set package 'my_work' build argument 'cmake_clean_first' from command line to 'False'
[0.304s] Level 5:colcon.colcon_core.verb:set package 'my_work' build argument 'cmake_force_configure' from command line to 'False'
[0.304s] Level 5:colcon.colcon_core.verb:set package 'my_work' build argument 'ament_cmake_args' from command line to 'None'
[0.304s] Level 5:colcon.colcon_core.verb:set package 'my_work' build argument 'catkin_cmake_args' from command line to 'None'
[0.304s] Level 5:colcon.colcon_core.verb:set package 'my_work' build argument 'catkin_skip_building_tests' from command line to 'False'
[0.304s] DEBUG:colcon.colcon_core.verb:Building package 'my_work' with the following arguments: {'ament_cmake_args': None, 'build_base': '/home/lenck/RM/base_tasks/work3/build/my_work', 'catkin_cmake_args': None, 'catkin_skip_building_tests': False, 'cmake_args': None, 'cmake_clean_cache': False, 'cmake_clean_first': False, 'cmake_force_configure': False, 'cmake_target': None, 'cmake_target_skip_unavailable': False, 'install_base': '/home/lenck/RM/base_tasks/work3/install/my_work', 'merge_install': False, 'path': '/home/lenck/RM/base_tasks/work3/src/my_work', 'symlink_install': False, 'test_result_base': None}
[0.312s] INFO:colcon.colcon_core.executor:Executing jobs using 'sequential' executor
[0.321s] DEBUG:colcon.colcon_core.executor.sequential:run_until_complete 'example_cpp'
[0.321s] INFO:colcon.colcon_ros.task.ament_cmake.build:Building ROS package in '/home/lenck/RM/base_tasks/work3/src/example_cpp' with build type 'ament_cmake'
[0.321s] INFO:colcon.colcon_cmake.task.cmake.build:Building CMake package in '/home/lenck/RM/base_tasks/work3/src/example_cpp'
[0.330s] INFO:colcon.colcon_core.plugin_system:Skipping extension 'colcon_core.shell.bat': Not used on non-Windows systems
[0.330s] DEBUG:colcon.colcon_core.shell:Skip shell extension 'dsv' for command environment
[0.355s] DEBUG:colcon.colcon_core.event_handler.log_command:Invoking command in '/home/lenck/RM/base_tasks/work3/build/example_cpp': CMAKE_PREFIX_PATH=/opt/ros/humble /usr/bin/cmake --build /home/lenck/RM/base_tasks/work3/build/example_cpp -- -j4 -l4
[7.772s] DEBUG:colcon.colcon_core.event_handler.log_command:Invoked command in '/home/lenck/RM/base_tasks/work3/build/example_cpp' returned '0': CMAKE_PREFIX_PATH=/opt/ros/humble /usr/bin/cmake --build /home/lenck/RM/base_tasks/work3/build/example_cpp -- -j4 -l4
[7.820s] DEBUG:colcon.colcon_core.event_handler.log_command:Invoking command in '/home/lenck/RM/base_tasks/work3/build/example_cpp': CMAKE_PREFIX_PATH=/opt/ros/humble /usr/bin/cmake --install /home/lenck/RM/base_tasks/work3/build/example_cpp
[7.840s] Level 1:colcon.colcon_core.environment:create_environment_scripts_only(example_cpp)
[7.843s] DEBUG:colcon.colcon_core.event_handler.log_command:Invoked command in '/home/lenck/RM/base_tasks/work3/build/example_cpp' returned '0': CMAKE_PREFIX_PATH=/opt/ros/humble /usr/bin/cmake --install /home/lenck/RM/base_tasks/work3/build/example_cpp
[7.853s] Level 1:colcon.colcon_core.environment:checking '/home/lenck/RM/base_tasks/work3/install/example_cpp' for CMake module files
[7.853s] Level 1:colcon.colcon_core.environment:checking '/home/lenck/RM/base_tasks/work3/install/example_cpp' for CMake config files
[7.853s] Level 1:colcon.colcon_core.shell:create_environment_hook('example_cpp', 'cmake_prefix_path')
[7.862s] INFO:colcon.colcon_core.shell:Creating environment descriptor '/home/lenck/RM/base_tasks/work3/install/example_cpp/share/example_cpp/hook/cmake_prefix_path.dsv'
[7.863s] INFO:colcon.colcon_core.shell:Creating environment hook '/home/lenck/RM/base_tasks/work3/install/example_cpp/share/example_cpp/hook/cmake_prefix_path.sh'
[7.864s] Level 1:colcon.colcon_core.environment:checking '/home/lenck/RM/base_tasks/work3/install/example_cpp/lib'
[7.864s] Level 1:colcon.colcon_core.environment:checking '/home/lenck/RM/base_tasks/work3/install/example_cpp/bin'
[7.864s] Level 1:colcon.colcon_core.environment:checking '/home/lenck/RM/base_tasks/work3/install/example_cpp/lib/pkgconfig/example_cpp.pc'
[7.865s] Level 1:colcon.colcon_core.environment:checking '/home/lenck/RM/base_tasks/work3/install/example_cpp/lib/python3.10/site-packages'
[7.865s] Level 1:colcon.colcon_core.environment:checking '/home/lenck/RM/base_tasks/work3/install/example_cpp/bin'
[7.874s] INFO:colcon.colcon_core.shell:Creating package descriptor '/home/lenck/RM/base_tasks/work3/install/example_cpp/share/example_cpp/package.dsv'
[7.875s] INFO:colcon.colcon_core.shell:Creating package script '/home/lenck/RM/base_tasks/work3/install/example_cpp/share/example_cpp/package.sh'
[7.876s] Level 1:colcon.colcon_core.environment:create_file_with_runtime_dependencies(/home/lenck/RM/base_tasks/work3/install/example_cpp/share/colcon-core/packages/example_cpp)
[7.917s] Level 1:colcon.colcon_core.environment:create_environment_scripts_only(example_cpp)
[7.927s] Level 1:colcon.colcon_core.environment:checking '/home/lenck/RM/base_tasks/work3/install/example_cpp' for CMake module files
[7.928s] Level 1:colcon.colcon_core.environment:checking '/home/lenck/RM/base_tasks/work3/install/example_cpp' for CMake config files
[7.928s] Level 1:colcon.colcon_core.shell:create_environment_hook('example_cpp', 'cmake_prefix_path')
[7.939s] INFO:colcon.colcon_core.shell:Creating environment descriptor '/home/lenck/RM/base_tasks/work3/install/example_cpp/share/example_cpp/hook/cmake_prefix_path.dsv'
[7.940s] INFO:colcon.colcon_core.shell:Creating environment hook '/home/lenck/RM/base_tasks/work3/install/example_cpp/share/example_cpp/hook/cmake_prefix_path.sh'
[7.941s] Level 1:colcon.colcon_core.environment:checking '/home/lenck/RM/base_tasks/work3/install/example_cpp/lib'
[7.941s] Level 1:colcon.colcon_core.environment:checking '/home/lenck/RM/base_tasks/work3/install/example_cpp/bin'
[7.941s] Level 1:colcon.colcon_core.environment:checking '/home/lenck/RM/base_tasks/work3/install/example_cpp/lib/pkgconfig/example_cpp.pc'
[7.941s] Level 1:colcon.colcon_core.environment:checking '/home/lenck/RM/base_tasks/work3/install/example_cpp/lib/python3.10/site-packages'
[7.941s] Level 1:colcon.colcon_core.environment:checking '/home/lenck/RM/base_tasks/work3/install/example_cpp/bin'
[7.951s] INFO:colcon.colcon_core.shell:Creating package descriptor '/home/lenck/RM/base_tasks/work3/install/example_cpp/share/example_cpp/package.dsv'
[7.952s] INFO:colcon.colcon_core.shell:Creating package script '/home/lenck/RM/base_tasks/work3/install/example_cpp/share/example_cpp/package.sh'
[7.953s] Level 1:colcon.colcon_core.environment:create_file_with_runtime_dependencies(/home/lenck/RM/base_tasks/work3/install/example_cpp/share/colcon-core/packages/example_cpp)
[7.954s] DEBUG:colcon.colcon_core.executor.sequential:run_until_complete 'example_cpp' finished with '0'
[7.954s] DEBUG:colcon.colcon_core.executor.sequential:run_until_complete 'my_work'
[7.954s] INFO:colcon.colcon_ros.task.ament_cmake.build:Building ROS package in '/home/lenck/RM/base_tasks/work3/src/my_work' with build type 'ament_cmake'
[7.954s] INFO:colcon.colcon_cmake.task.cmake.build:Building CMake package in '/home/lenck/RM/base_tasks/work3/src/my_work'
[7.962s] DEBUG:colcon.colcon_core.shell:Skip shell extension 'dsv' for command environment
[7.990s] DEBUG:colcon.colcon_core.event_handler.log_command:Invoking command in '/home/lenck/RM/base_tasks/work3/build/my_work': CMAKE_PREFIX_PATH=/opt/ros/humble /usr/bin/cmake /home/lenck/RM/base_tasks/work3/src/my_work -DCMAKE_INSTALL_PREFIX=/home/lenck/RM/base_tasks/work3/install/my_work
[9.168s] DEBUG:colcon.colcon_core.event_handler.log_command:Invoked command in '/home/lenck/RM/base_tasks/work3/build/my_work' returned '1': CMAKE_PREFIX_PATH=/opt/ros/humble /usr/bin/cmake /home/lenck/RM/base_tasks/work3/src/my_work -DCMAKE_INSTALL_PREFIX=/home/lenck/RM/base_tasks/work3/install/my_work
[9.181s] Level 1:colcon.colcon_core.environment:create_environment_scripts_only(my_work)
[9.190s] Level 1:colcon.colcon_core.environment:checking '/home/lenck/RM/base_tasks/work3/install/my_work' for CMake module files
[9.190s] Level 1:colcon.colcon_core.environment:checking '/home/lenck/RM/base_tasks/work3/install/my_work' for CMake config files
[9.191s] Level 1:colcon.colcon_core.environment:checking '/home/lenck/RM/base_tasks/work3/install/my_work/bin'
[9.191s] Level 1:colcon.colcon_core.environment:checking '/home/lenck/RM/base_tasks/work3/install/my_work/lib/pkgconfig/my_work.pc'
[9.191s] Level 1:colcon.colcon_core.environment:checking '/home/lenck/RM/base_tasks/work3/install/my_work/lib/python3.10/site-packages'
[9.191s] Level 1:colcon.colcon_core.environment:checking '/home/lenck/RM/base_tasks/work3/install/my_work/bin'
[9.200s] INFO:colcon.colcon_core.shell:Creating package descriptor '/home/lenck/RM/base_tasks/work3/install/my_work/share/my_work/package.dsv'
[9.200s] INFO:colcon.colcon_core.shell:Creating package script '/home/lenck/RM/base_tasks/work3/install/my_work/share/my_work/package.sh'
[9.201s] Level 1:colcon.colcon_core.environment:create_file_with_runtime_dependencies(/home/lenck/RM/base_tasks/work3/install/my_work/share/colcon-core/packages/my_work)
[9.201s] DEBUG:colcon.colcon_core.executor.sequential:run_until_complete 'my_work' finished with '1'
[9.201s] DEBUG:colcon.colcon_core.executor.sequential:closing loop
[9.202s] DEBUG:colcon.colcon_core.executor.sequential:loop closed
[9.202s] DEBUG:colcon.colcon_core.event_reactor:joining thread
[9.202s] DEBUG:colcon.colcon_core.event_reactor:joined thread
[9.212s] INFO:colcon.colcon_core.shell:Creating prefix script '/home/lenck/RM/base_tasks/work3/install/local_setup.sh'
[9.213s] INFO:colcon.colcon_core.shell:Creating prefix util module '/home/lenck/RM/base_tasks/work3/install/_local_setup_util_sh.py'
[9.215s] INFO:colcon.colcon_core.shell:Creating prefix chain script '/home/lenck/RM/base_tasks/work3/install/setup.sh'
